[ 2017-12-21T20:53:17+08:00 ] 127.0.0.1 /index.php/Home/User/printcard2.html
INFO: [ app_init ] --START--
INFO: Run Behavior\BuildLiteBehavior [ RunTime:0.000000s ]
INFO: [ app_init ] --END-- [ RunTime:0.000000s ]
INFO: [ app_begin ] --START--
INFO: Run Behavior\ReadHtmlCacheBehavior [ RunTime:0.000000s ]
INFO: [ app_begin ] --END-- [ RunTime:0.015600s ]
SQL: SHOW COLUMNS FROM `user` [ RunTime:0.0000s ]
SQL: SHOW COLUMNS FROM `exam` [ RunTime:0.0000s ]
SQL: SELECT max(id) FROM `user` WHERE `account` = 'qweqwe'  [ RunTime:0.0000s ]
SQL: SELECT * FROM `user` WHERE `id` = 46  [ RunTime:0.0000s ]
NOTIC: [8] Use of undefined constant flag - assumed 'flag' C:\phpmystudy\WWW\Application\Home\Controller\UserController.class.php 第 375 行.
SQL: SELECT * FROM `user` WHERE `id` = 46  [ RunTime:0.0000s ]
NOTIC: [8] Use of undefined constant pass - assumed 'pass' C:\phpmystudy\WWW\Application\Home\Controller\UserController.class.php 第 376 行.
SQL: SELECT * FROM `user` WHERE `id` = 46  [ RunTime:0.0000s ]
NOTIC: [8] Use of undefined constant date - assumed 'date' C:\phpmystudy\WWW\Application\Home\Controller\UserController.class.php 第 379 行.
SQL: SELECT * FROM `user` WHERE `id` = 46  [ RunTime:0.0000s ]
NOTIC: [8] Use of undefined constant sex - assumed 'sex' C:\phpmystudy\WWW\Application\Home\Controller\UserController.class.php 第 380 行.
SQL: SELECT * FROM `user` WHERE `id` = 46  [ RunTime:0.0000s ]
NOTIC: [8] Use of undefined constant id_card - assumed 'id_card' C:\phpmystudy\WWW\Application\Home\Controller\UserController.class.php 第 381 行.
SQL: SELECT * FROM `user` WHERE `id` = 46  [ RunTime:0.0000s ]
NOTIC: [8] Use of undefined constant group - assumed 'group' C:\phpmystudy\WWW\Application\Home\Controller\UserController.class.php 第 382 行.
SQL: SELECT * FROM `user` WHERE `id` = 46  [ RunTime:0.0000s ]
NOTIC: [8] Use of undefined constant seat_num - assumed 'seat_num' C:\phpmystudy\WWW\Application\Home\Controller\UserController.class.php 第 383 行.
SQL: SELECT * FROM `user` WHERE `id` = 46  [ RunTime:0.0000s ]
NOTIC: [8] Use of undefined constant work_address - assumed 'work_address' C:\phpmystudy\WWW\Application\Home\Controller\UserController.class.php 第 384 行.
SQL: SELECT * FROM `exam` WHERE `time` LIKE '201601%'  [ RunTime:0.0000s ]
SQL: SELECT * FROM `exam` WHERE `time` LIKE '201601%'  [ RunTime:0.0000s ]
SQL: SELECT * FROM `exam` WHERE `time` LIKE '201601%'  [ RunTime:0.0000s ]
INFO: [ view_parse ] --START--
INFO: [ template_filter ] --START--
INFO: Run Behavior\ContentReplaceBehavior [ RunTime:0.000000s ]
INFO: [ template_filter ] --END-- [ RunTime:0.000000s ]
INFO: Run Behavior\ParseTemplateBehavior [ RunTime:0.000000s ]
INFO: [ view_parse ] --END-- [ RunTime:0.000000s ]
INFO: [ view_filter ] --START--
INFO: Run Behavior\WriteHtmlCacheBehavior [ RunTime:0.000000s ]
INFO: [ view_filter ] --END-- [ RunTime:0.000000s ]
INFO: [ app_end ] --START--
INFO: Run Behavior\ShowPageTraceBehavior [ RunTime:0.000000s ]
INFO: [ app_end ] --END-- [ RunTime:0.000000s ]

[ 2017-12-21T20:54:12+08:00 ] 127.0.0.1 /index.php/Home/User/baoming.html
INFO: [ app_init ] --START--
INFO: Run Behavior\BuildLiteBehavior [ RunTime:0.000000s ]
INFO: [ app_init ] --END-- [ RunTime:0.000000s ]
INFO: [ app_begin ] --START--
INFO: Run Behavior\ReadHtmlCacheBehavior [ RunTime:0.000000s ]
INFO: [ app_begin ] --END-- [ RunTime:0.000000s ]
SQL: SHOW COLUMNS FROM `notice` [ RunTime:0.0468s ]
SQL: SELECT max(id) FROM `notice`  [ RunTime:0.0000s ]
SQL: SELECT * FROM `notice` WHERE `id` = 13  [ RunTime:0.0000s ]
SQL: SHOW COLUMNS FROM `user` [ RunTime:0.0000s ]
SQL: SELECT MAX(id) AS tp_max FROM `user` WHERE `account` = 'qweqwe' LIMIT 1   [ RunTime:0.0000s ]
SQL: SELECT * FROM `user` WHERE `id` = 46 AND `account` = 'qweqwe'  [ RunTime:0.0000s ]
NOTIC: [8] Use of undefined constant date - assumed 'date' C:\phpmystudy\WWW\Application\Home\Controller\UserController.class.php 第 50 行.
NOTIC: [8] Use of undefined constant date - assumed 'date' C:\phpmystudy\WWW\Application\Home\Controller\UserController.class.php 第 59 行.
NOTIC: [8] Use of undefined constant date - assumed 'date' C:\phpmystudy\WWW\Application\Home\Controller\UserController.class.php 第 59 行.
NOTIC: [8] Use of undefined constant date - assumed 'date' C:\phpmystudy\WWW\Application\Home\Controller\UserController.class.php 第 62 行.
NOTIC: [8] Use of undefined constant subject - assumed 'subject' C:\phpmystudy\WWW\Application\Home\Controller\UserController.class.php 第 63 行.
NOTIC: [8] Use of undefined constant subject - assumed 'subject' C:\phpmystudy\WWW\Application\Home\Controller\UserController.class.php 第 84 行.
NOTIC: [8] Use of undefined constant flag - assumed 'flag' C:\phpmystudy\WWW\Application\Home\Controller\UserController.class.php 第 86 行.
NOTIC: [8] Use of undefined constant date - assumed 'date' C:\phpmystudy\WWW\Application\Home\Controller\UserController.class.php 第 88 行.
NOTIC: [8] Use of undefined constant date - assumed 'date' C:\phpmystudy\WWW\Application\Home\Controller\UserController.class.php 第 89 行.
INFO: [ view_parse ] --START--
INFO: [ template_filter ] --START--
INFO: Run Behavior\ContentReplaceBehavior [ RunTime:0.000000s ]
INFO: [ template_filter ] --END-- [ RunTime:0.000000s ]
NOTIC: [8] Undefined variable: examtell C:\phpmystudy\WWW\Runtime\Cache\Home\85c15a4bfa0cca2d317beed460ec1545.php 第 306 行.
NOTIC: [8] Undefined variable: examtell C:\phpmystudy\WWW\Runtime\Cache\Home\85c15a4bfa0cca2d317beed460ec1545.php 第 307 行.
NOTIC: [8] Undefined variable: userinfo C:\phpmystudy\WWW\Runtime\Cache\Home\85c15a4bfa0cca2d317beed460ec1545.php 第 394 行.
NOTIC: [8] Undefined variable: userinfo C:\phpmystudy\WWW\Runtime\Cache\Home\85c15a4bfa0cca2d317beed460ec1545.php 第 401 行.
NOTIC: [8] Undefined variable: userinfo C:\phpmystudy\WWW\Runtime\Cache\Home\85c15a4bfa0cca2d317beed460ec1545.php 第 408 行.
NOTIC: [8] Undefined variable: userinfo C:\phpmystudy\WWW\Runtime\Cache\Home\85c15a4bfa0cca2d317beed460ec1545.php 第 415 行.
NOTIC: [8] Undefined variable: userinfo C:\phpmystudy\WWW\Runtime\Cache\Home\85c15a4bfa0cca2d317beed460ec1545.php 第 422 行.
NOTIC: [8] Undefined variable: userinfo C:\phpmystudy\WWW\Runtime\Cache\Home\85c15a4bfa0cca2d317beed460ec1545.php 第 453 行.
NOTIC: [8] Undefined variable: userinfo C:\phpmystudy\WWW\Runtime\Cache\Home\85c15a4bfa0cca2d317beed460ec1545.php 第 490 行.
NOTIC: [8] Undefined variable: userinfo C:\phpmystudy\WWW\Runtime\Cache\Home\85c15a4bfa0cca2d317beed460ec1545.php 第 497 行.
NOTIC: [8] Undefined variable: userinfo C:\phpmystudy\WWW\Runtime\Cache\Home\85c15a4bfa0cca2d317beed460ec1545.php 第 504 行.
NOTIC: [8] Undefined variable: userinfo C:\phpmystudy\WWW\Runtime\Cache\Home\85c15a4bfa0cca2d317beed460ec1545.php 第 511 行.
NOTIC: [8] Undefined variable: userinfo C:\phpmystudy\WWW\Runtime\Cache\Home\85c15a4bfa0cca2d317beed460ec1545.php 第 518 行.
INFO: Run Behavior\ParseTemplateBehavior [ RunTime:0.015600s ]
INFO: [ view_parse ] --END-- [ RunTime:0.015600s ]
INFO: [ view_filter ] --START--
INFO: Run Behavior\WriteHtmlCacheBehavior [ RunTime:0.000000s ]
INFO: [ view_filter ] --END-- [ RunTime:0.000000s ]
INFO: [ app_end ] --START--
INFO: Run Behavior\ShowPageTraceBehavior [ RunTime:0.000000s ]
INFO: [ app_end ] --END-- [ RunTime:0.000000s ]

[ 2017-12-21T20:54:23+08:00 ] 127.0.0.1 /index.php/Home/User/baoming.html
INFO: [ app_init ] --START--
INFO: Run Behavior\BuildLiteBehavior [ RunTime:0.000000s ]
INFO: [ app_init ] --END-- [ RunTime:0.000000s ]
INFO: [ app_begin ] --START--
INFO: Run Behavior\ReadHtmlCacheBehavior [ RunTime:0.000000s ]
INFO: [ app_begin ] --END-- [ RunTime:0.000000s ]
SQL: SHOW COLUMNS FROM `notice` [ RunTime:0.0000s ]
SQL: SELECT max(id) FROM `notice`  [ RunTime:0.0000s ]
SQL: SELECT * FROM `notice` WHERE `id` = 13  [ RunTime:0.0000s ]
SQL: SHOW COLUMNS FROM `user` [ RunTime:0.0000s ]
SQL: SELECT MAX(id) AS tp_max FROM `user` WHERE `account` = 'qweqwe' LIMIT 1   [ RunTime:0.0000s ]
SQL: SELECT * FROM `user` WHERE `id` = 46 AND `account` = 'qweqwe'  [ RunTime:0.0000s ]
NOTIC: [8] Use of undefined constant date - assumed 'date' C:\phpmystudy\WWW\Application\Home\Controller\UserController.class.php 第 50 行.
NOTIC: [8] Use of undefined constant date - assumed 'date' C:\phpmystudy\WWW\Application\Home\Controller\UserController.class.php 第 59 行.
NOTIC: [8] Use of undefined constant date - assumed 'date' C:\phpmystudy\WWW\Application\Home\Controller\UserController.class.php 第 59 行.
NOTIC: [8] Use of undefined constant date - assumed 'date' C:\phpmystudy\WWW\Application\Home\Controller\UserController.class.php 第 62 行.
NOTIC: [8] Use of undefined constant subject - assumed 'subject' C:\phpmystudy\WWW\Application\Home\Controller\UserController.class.php 第 63 行.
NOTIC: [8] Use of undefined constant subject - assumed 'subject' C:\phpmystudy\WWW\Application\Home\Controller\UserController.class.php 第 84 行.
NOTIC: [8] Use of undefined constant flag - assumed 'flag' C:\phpmystudy\WWW\Application\Home\Controller\UserController.class.php 第 86 行.
NOTIC: [8] Use of undefined constant date - assumed 'date' C:\phpmystudy\WWW\Application\Home\Controller\UserController.class.php 第 88 行.
NOTIC: [8] Use of undefined constant date - assumed 'date' C:\phpmystudy\WWW\Application\Home\Controller\UserController.class.php 第 89 行.
INFO: [ view_parse ] --START--
INFO: [ template_filter ] --START--
INFO: Run Behavior\ContentReplaceBehavior [ RunTime:0.000000s ]
INFO: [ template_filter ] --END-- [ RunTime:0.000000s ]
NOTIC: [8] Undefined variable: examtell C:\phpmystudy\WWW\Runtime\Cache\Home\85c15a4bfa0cca2d317beed460ec1545.php 第 306 行.
NOTIC: [8] Undefined variable: examtell C:\phpmystudy\WWW\Runtime\Cache\Home\85c15a4bfa0cca2d317beed460ec1545.php 第 307 行.
NOTIC: [8] Undefined variable: userinfo C:\phpmystudy\WWW\Runtime\Cache\Home\85c15a4bfa0cca2d317beed460ec1545.php 第 394 行.
NOTIC: [8] Undefined variable: userinfo C:\phpmystudy\WWW\Runtime\Cache\Home\85c15a4bfa0cca2d317beed460ec1545.php 第 401 行.
NOTIC: [8] Undefined variable: userinfo C:\phpmystudy\WWW\Runtime\Cache\Home\85c15a4bfa0cca2d317beed460ec1545.php 第 408 行.
NOTIC: [8] Undefined variable: userinfo C:\phpmystudy\WWW\Runtime\Cache\Home\85c15a4bfa0cca2d317beed460ec1545.php 第 415 行.
NOTIC: [8] Undefined variable: userinfo C:\phpmystudy\WWW\Runtime\Cache\Home\85c15a4bfa0cca2d317beed460ec1545.php 第 422 行.
NOTIC: [8] Undefined variable: userinfo C:\phpmystudy\WWW\Runtime\Cache\Home\85c15a4bfa0cca2d317beed460ec1545.php 第 453 行.
NOTIC: [8] Undefined variable: userinfo C:\phpmystudy\WWW\Runtime\Cache\Home\85c15a4bfa0cca2d317beed460ec1545.php 第 490 行.
NOTIC: [8] Undefined variable: userinfo C:\phpmystudy\WWW\Runtime\Cache\Home\85c15a4bfa0cca2d317beed460ec1545.php 第 497 行.
NOTIC: [8] Undefined variable: userinfo C:\phpmystudy\WWW\Runtime\Cache\Home\85c15a4bfa0cca2d317beed460ec1545.php 第 504 行.
NOTIC: [8] Undefined variable: userinfo C:\phpmystudy\WWW\Runtime\Cache\Home\85c15a4bfa0cca2d317beed460ec1545.php 第 511 行.
NOTIC: [8] Undefined variable: userinfo C:\phpmystudy\WWW\Runtime\Cache\Home\85c15a4bfa0cca2d317beed460ec1545.php 第 518 行.
INFO: Run Behavior\ParseTemplateBehavior [ RunTime:0.015600s ]
INFO: [ view_parse ] --END-- [ RunTime:0.015600s ]
INFO: [ view_filter ] --START--
INFO: Run Behavior\WriteHtmlCacheBehavior [ RunTime:0.000000s ]
INFO: [ view_filter ] --END-- [ RunTime:0.000000s ]
INFO: [ app_end ] --START--
INFO: Run Behavior\ShowPageTraceBehavior [ RunTime:0.000000s ]
INFO: [ app_end ] --END-- [ RunTime:0.000000s ]

[ 2017-12-21T20:54:24+08:00 ] 127.0.0.1 /index.php/Home/Load/load.html
INFO: [ app_init ] --START--
INFO: Run Behavior\BuildLiteBehavior [ RunTime:0.000000s ]
INFO: [ app_init ] --END-- [ RunTime:0.000000s ]
INFO: [ app_begin ] --START--
INFO: Run Behavior\ReadHtmlCacheBehavior [ RunTime:0.000000s ]
INFO: [ app_begin ] --END-- [ RunTime:0.000000s ]
INFO: [ view_parse ] --START--
INFO: [ template_filter ] --START--
INFO: Run Behavior\ContentReplaceBehavior [ RunTime:0.000000s ]
INFO: [ template_filter ] --END-- [ RunTime:0.000000s ]
INFO: Run Behavior\ParseTemplateBehavior [ RunTime:0.015600s ]
INFO: [ view_parse ] --END-- [ RunTime:0.015600s ]
INFO: [ view_filter ] --START--
INFO: Run Behavior\WriteHtmlCacheBehavior [ RunTime:0.000000s ]
INFO: [ view_filter ] --END-- [ RunTime:0.000000s ]
INFO: [ app_end ] --START--
INFO: Run Behavior\ShowPageTraceBehavior [ RunTime:0.000000s ]
INFO: [ app_end ] --END-- [ RunTime:0.000000s ]

[ 2017-12-21T20:55:24+08:00 ] 127.0.0.1 /index.php/Home/Load/load.html
INFO: [ app_init ] --START--
INFO: Run Behavior\BuildLiteBehavior [ RunTime:0.000000s ]
INFO: [ app_init ] --END-- [ RunTime:0.000000s ]
INFO: [ app_begin ] --START--
INFO: Run Behavior\ReadHtmlCacheBehavior [ RunTime:0.000000s ]
INFO: [ app_begin ] --END-- [ RunTime:0.000000s ]
SQL: SHOW COLUMNS FROM `user` [ RunTime:0.0000s ]
SQL: SELECT * FROM `user` WHERE `account` = 'admin2' AND `password` = 'e10adc3949ba59abbe56e057f20f883e' LIMIT 1   [ RunTime:0.0000s ]
INFO: [ view_parse ] --START--
INFO: [ template_filter ] --START--
INFO: Run Behavior\ContentReplaceBehavior [ RunTime:0.000000s ]
INFO: [ template_filter ] --END-- [ RunTime:0.000000s ]
INFO: Run Behavior\ParseTemplateBehavior [ RunTime:0.046800s ]
INFO: [ view_parse ] --END-- [ RunTime:0.046800s ]
INFO: [ view_filter ] --START--
INFO: Run Behavior\WriteHtmlCacheBehavior [ RunTime:0.000000s ]
INFO: [ view_filter ] --END-- [ RunTime:0.000000s ]

[ 2017-12-21T20:55:57+08:00 ] 127.0.0.1 /index.php/Home/Load/load.html
INFO: [ app_init ] --START--
INFO: Run Behavior\BuildLiteBehavior [ RunTime:0.000000s ]
INFO: [ app_init ] --END-- [ RunTime:0.000000s ]
INFO: [ app_begin ] --START--
INFO: Run Behavior\ReadHtmlCacheBehavior [ RunTime:0.000000s ]
INFO: [ app_begin ] --END-- [ RunTime:0.000000s ]
INFO: [ view_parse ] --START--
INFO: [ template_filter ] --START--
INFO: Run Behavior\ContentReplaceBehavior [ RunTime:0.000000s ]
INFO: [ template_filter ] --END-- [ RunTime:0.000000s ]
INFO: Run Behavior\ParseTemplateBehavior [ RunTime:0.015600s ]
INFO: [ view_parse ] --END-- [ RunTime:0.015600s ]
INFO: [ view_filter ] --START--
INFO: Run Behavior\WriteHtmlCacheBehavior [ RunTime:0.000000s ]
INFO: [ view_filter ] --END-- [ RunTime:0.000000s ]
INFO: [ app_end ] --START--
INFO: Run Behavior\ShowPageTraceBehavior [ RunTime:0.000000s ]
INFO: [ app_end ] --END-- [ RunTime:0.000000s ]

[ 2017-12-21T20:56:09+08:00 ] 127.0.0.1 /index.php/Home/Load/load.html
INFO: [ app_init ] --START--
INFO: Run Behavior\BuildLiteBehavior [ RunTime:0.000000s ]
INFO: [ app_init ] --END-- [ RunTime:0.000000s ]
INFO: [ app_begin ] --START--
INFO: Run Behavior\ReadHtmlCacheBehavior [ RunTime:0.000000s ]
INFO: [ app_begin ] --END-- [ RunTime:0.000000s ]
SQL: SHOW COLUMNS FROM `user` [ RunTime:0.0000s ]
SQL: SELECT * FROM `user` WHERE `account` = 'admin2' AND `password` = 'e10adc3949ba59abbe56e057f20f883e' LIMIT 1   [ RunTime:0.0000s ]
INFO: [ view_parse ] --START--
INFO: [ template_filter ] --START--
INFO: Run Behavior\ContentReplaceBehavior [ RunTime:0.000000s ]
INFO: [ template_filter ] --END-- [ RunTime:0.000000s ]
INFO: Run Behavior\ParseTemplateBehavior [ RunTime:0.000000s ]
INFO: [ view_parse ] --END-- [ RunTime:0.000000s ]
INFO: [ view_filter ] --START--
INFO: Run Behavior\WriteHtmlCacheBehavior [ RunTime:0.000000s ]
INFO: [ view_filter ] --END-- [ RunTime:0.000000s ]
INFO: [ app_end ] --START--
INFO: Run Behavior\ShowPageTraceBehavior [ RunTime:0.000000s ]
INFO: [ app_end ] --END-- [ RunTime:0.000000s ]

[ 2017-12-21T20:56:11+08:00 ] 127.0.0.1 /index.php/Home/User/tongzhi.html
INFO: [ app_init ] --START--
INFO: Run Behavior\BuildLiteBehavior [ RunTime:0.000000s ]
INFO: [ app_init ] --END-- [ RunTime:0.000000s ]
INFO: [ app_begin ] --START--
INFO: Run Behavior\ReadHtmlCacheBehavior [ RunTime:0.000000s ]
INFO: [ app_begin ] --END-- [ RunTime:0.000000s ]
SQL: SHOW COLUMNS FROM `zhuyi` [ RunTime:0.0000s ]
SQL: SELECT MAX(id) AS tp_max FROM `zhuyi` LIMIT 1   [ RunTime:0.0000s ]
SQL: SELECT * FROM `zhuyi` WHERE `id` = 15  [ RunTime:0.0312s ]
SQL: SELECT * FROM `zhuyi` WHERE `id` = 14  [ RunTime:0.0000s ]
SQL: SELECT * FROM `zhuyi` WHERE `id` = 13  [ RunTime:0.0000s ]
SQL: SELECT * FROM `zhuyi` WHERE `id` = 12  [ RunTime:0.0000s ]
NOTIC: [8] Undefined offset: 0 C:\phpmystudy\WWW\Application\Home\Controller\UserController.class.php 第 22 行.
SQL: SELECT * FROM `zhuyi` WHERE `id` = 11  [ RunTime:0.0000s ]
NOTIC: [8] Undefined offset: 0 C:\phpmystudy\WWW\Application\Home\Controller\UserController.class.php 第 22 行.
SQL: SELECT * FROM `zhuyi` WHERE `id` = 10  [ RunTime:0.0000s ]
NOTIC: [8] Undefined offset: 0 C:\phpmystudy\WWW\Application\Home\Controller\UserController.class.php 第 22 行.
INFO: [ view_parse ] --START--
INFO: [ template_filter ] --START--
INFO: Run Behavior\ContentReplaceBehavior [ RunTime:0.000000s ]
INFO: [ template_filter ] --END-- [ RunTime:0.000000s ]
NOTIC: [8] Undefined variable: examtell C:\phpmystudy\WWW\Runtime\Cache\Home\df7321714e8b029bc710c39f76763d26.php 第 306 行.
NOTIC: [8] Undefined variable: examtell C:\phpmystudy\WWW\Runtime\Cache\Home\df7321714e8b029bc710c39f76763d26.php 第 307 行.
NOTIC: [8] Undefined variable: userinfo C:\phpmystudy\WWW\Runtime\Cache\Home\df7321714e8b029bc710c39f76763d26.php 第 394 行.
NOTIC: [8] Undefined variable: userinfo C:\phpmystudy\WWW\Runtime\Cache\Home\df7321714e8b029bc710c39f76763d26.php 第 401 行.
NOTIC: [8] Undefined variable: userinfo C:\phpmystudy\WWW\Runtime\Cache\Home\df7321714e8b029bc710c39f76763d26.php 第 408 行.
NOTIC: [8] Undefined variable: userinfo C:\phpmystudy\WWW\Runtime\Cache\Home\df7321714e8b029bc710c39f76763d26.php 第 415 行.
NOTIC: [8] Undefined variable: userinfo C:\phpmystudy\WWW\Runtime\Cache\Home\df7321714e8b029bc710c39f76763d26.php 第 422 行.
NOTIC: [8] Undefined variable: userinfo C:\phpmystudy\WWW\Runtime\Cache\Home\df7321714e8b029bc710c39f76763d26.php 第 453 行.
NOTIC: [8] Undefined variable: userinfo C:\phpmystudy\WWW\Runtime\Cache\Home\df7321714e8b029bc710c39f76763d26.php 第 490 行.
NOTIC: [8] Undefined variable: userinfo C:\phpmystudy\WWW\Runtime\Cache\Home\df7321714e8b029bc710c39f76763d26.php 第 497 行.
NOTIC: [8] Undefined variable: userinfo C:\phpmystudy\WWW\Runtime\Cache\Home\df7321714e8b029bc710c39f76763d26.php 第 504 行.
NOTIC: [8] Undefined variable: userinfo C:\phpmystudy\WWW\Runtime\Cache\Home\df7321714e8b029bc710c39f76763d26.php 第 511 行.
NOTIC: [8] Undefined variable: userinfo C:\phpmystudy\WWW\Runtime\Cache\Home\df7321714e8b029bc710c39f76763d26.php 第 518 行.
INFO: Run Behavior\ParseTemplateBehavior [ RunTime:0.031200s ]
INFO: [ view_parse ] --END-- [ RunTime:0.031200s ]
INFO: [ view_filter ] --START--
INFO: Run Behavior\WriteHtmlCacheBehavior [ RunTime:0.000000s ]
INFO: [ view_filter ] --END-- [ RunTime:0.000000s ]
INFO: [ app_end ] --START--
INFO: Run Behavior\ShowPageTraceBehavior [ RunTime:0.000000s ]
INFO: [ app_end ] --END-- [ RunTime:0.000000s ]

[ 2017-12-21T20:56:15+08:00 ] 127.0.0.1 /index.php/Home/User/baoming.html
INFO: [ app_init ] --START--
INFO: Run Behavior\BuildLiteBehavior [ RunTime:0.000000s ]
INFO: [ app_init ] --END-- [ RunTime:0.000000s ]
INFO: [ app_begin ] --START--
INFO: Run Behavior\ReadHtmlCacheBehavior [ RunTime:0.000000s ]
INFO: [ app_begin ] --END-- [ RunTime:0.000000s ]
SQL: SHOW COLUMNS FROM `notice` [ RunTime:0.0000s ]
SQL: SELECT max(id) FROM `notice`  [ RunTime:0.0000s ]
SQL: SELECT * FROM `notice` WHERE `id` = 13  [ RunTime:0.0000s ]
SQL: SHOW COLUMNS FROM `user` [ RunTime:0.0000s ]
SQL: SELECT MAX(id) AS tp_max FROM `user` WHERE `account` = 'admin2' LIMIT 1   [ RunTime:0.0000s ]
SQL: SELECT * FROM `user` WHERE `id` = 42 AND `account` = 'admin2'  [ RunTime:0.0000s ]
NOTIC: [8] Use of undefined constant date - assumed 'date' C:\phpmystudy\WWW\Application\Home\Controller\UserController.class.php 第 50 行.
NOTIC: [8] Use of undefined constant date - assumed 'date' C:\phpmystudy\WWW\Application\Home\Controller\UserController.class.php 第 53 行.
NOTIC: [8] Use of undefined constant subject - assumed 'subject' C:\phpmystudy\WWW\Application\Home\Controller\UserController.class.php 第 54 行.
NOTIC: [8] Use of undefined constant flag - assumed 'flag' C:\phpmystudy\WWW\Application\Home\Controller\UserController.class.php 第 55 行.
NOTIC: [8] Use of undefined constant subject - assumed 'subject' C:\phpmystudy\WWW\Application\Home\Controller\UserController.class.php 第 84 行.
NOTIC: [8] Use of undefined constant flag - assumed 'flag' C:\phpmystudy\WWW\Application\Home\Controller\UserController.class.php 第 86 行.
NOTIC: [8] Use of undefined constant date - assumed 'date' C:\phpmystudy\WWW\Application\Home\Controller\UserController.class.php 第 88 行.
NOTIC: [8] Use of undefined constant date - assumed 'date' C:\phpmystudy\WWW\Application\Home\Controller\UserController.class.php 第 89 行.
INFO: [ view_parse ] --START--
INFO: [ template_filter ] --START--
INFO: Run Behavior\ContentReplaceBehavior [ RunTime:0.000000s ]
INFO: [ template_filter ] --END-- [ RunTime:0.000000s ]
NOTIC: [8] Undefined variable: examtell C:\phpmystudy\WWW\Runtime\Cache\Home\85c15a4bfa0cca2d317beed460ec1545.php 第 306 行.
NOTIC: [8] Undefined variable: examtell C:\phpmystudy\WWW\Runtime\Cache\Home\85c15a4bfa0cca2d317beed460ec1545.php 第 307 行.
NOTIC: [8] Undefined variable: userinfo C:\phpmystudy\WWW\Runtime\Cache\Home\85c15a4bfa0cca2d317beed460ec1545.php 第 394 行.
NOTIC: [8] Undefined variable: userinfo C:\phpmystudy\WWW\Runtime\Cache\Home\85c15a4bfa0cca2d317beed460ec1545.php 第 401 行.
NOTIC: [8] Undefined variable: userinfo C:\phpmystudy\WWW\Runtime\Cache\Home\85c15a4bfa0cca2d317beed460ec1545.php 第 408 行.
NOTIC: [8] Undefined variable: userinfo C:\phpmystudy\WWW\Runtime\Cache\Home\85c15a4bfa0cca2d317beed460ec1545.php 第 415 行.
NOTIC: [8] Undefined variable: userinfo C:\phpmystudy\WWW\Runtime\Cache\Home\85c15a4bfa0cca2d317beed460ec1545.php 第 422 行.
NOTIC: [8] Undefined variable: userinfo C:\phpmystudy\WWW\Runtime\Cache\Home\85c15a4bfa0cca2d317beed460ec1545.php 第 453 行.
NOTIC: [8] Undefined variable: userinfo C:\phpmystudy\WWW\Runtime\Cache\Home\85c15a4bfa0cca2d317beed460ec1545.php 第 490 行.
NOTIC: [8] Undefined variable: userinfo C:\phpmystudy\WWW\Runtime\Cache\Home\85c15a4bfa0cca2d317beed460ec1545.php 第 497 行.
NOTIC: [8] Undefined variable: userinfo C:\phpmystudy\WWW\Runtime\Cache\Home\85c15a4bfa0cca2d317beed460ec1545.php 第 504 行.
NOTIC: [8] Undefined variable: userinfo C:\phpmystudy\WWW\Runtime\Cache\Home\85c15a4bfa0cca2d317beed460ec1545.php 第 511 行.
NOTIC: [8] Undefined variable: userinfo C:\phpmystudy\WWW\Runtime\Cache\Home\85c15a4bfa0cca2d317beed460ec1545.php 第 518 行.
INFO: Run Behavior\ParseTemplateBehavior [ RunTime:0.015600s ]
INFO: [ view_parse ] --END-- [ RunTime:0.015600s ]
INFO: [ view_filter ] --START--
INFO: Run Behavior\WriteHtmlCacheBehavior [ RunTime:0.000000s ]
INFO: [ view_filter ] --END-- [ RunTime:0.000000s ]
INFO: [ app_end ] --START--
INFO: Run Behavior\ShowPageTraceBehavior [ RunTime:0.000000s ]
INFO: [ app_end ] --END-- [ RunTime:0.015600s ]

