[ 2017-12-04T10:19:19+08:00 ] ::1 /1/index.php/Home/Load/load
INFO: [ app_init ] --START--
INFO: Run Behavior\BuildLiteBehavior [ RunTime:0.000000s ]
INFO: [ app_init ] --END-- [ RunTime:0.012001s ]
INFO: [ app_begin ] --START--
INFO: Run Behavior\ReadHtmlCacheBehavior [ RunTime:0.001000s ]
INFO: [ app_begin ] --END-- [ RunTime:0.001000s ]
INFO: [ view_parse ] --START--
INFO: [ template_filter ] --START--
INFO: Run Behavior\ContentReplaceBehavior [ RunTime:0.000000s ]
INFO: [ template_filter ] --END-- [ RunTime:0.000000s ]
INFO: Run Behavior\ParseTemplateBehavior [ RunTime:0.046002s ]
INFO: [ view_parse ] --END-- [ RunTime:0.046002s ]
INFO: [ view_filter ] --START--
INFO: Run Behavior\WriteHtmlCacheBehavior [ RunTime:0.001000s ]
INFO: [ view_filter ] --END-- [ RunTime:0.001000s ]
INFO: [ app_end ] --START--
INFO: Run Behavior\ShowPageTraceBehavior [ RunTime:0.001000s ]
INFO: [ app_end ] --END-- [ RunTime:0.001000s ]

[ 2017-12-04T10:19:32+08:00 ] ::1 /1/index.php/Home/Load/load.html
INFO: [ app_init ] --START--
INFO: Run Behavior\BuildLiteBehavior [ RunTime:0.000000s ]
INFO: [ app_init ] --END-- [ RunTime:0.000000s ]
INFO: [ app_begin ] --START--
INFO: Run Behavior\ReadHtmlCacheBehavior [ RunTime:0.001000s ]
INFO: [ app_begin ] --END-- [ RunTime:0.001000s ]
SQL: SHOW COLUMNS FROM `user` [ RunTime:0.0260s ]
SQL: SELECT * FROM `user` WHERE `account` = 'zhouyi' AND `password` = '4297f44b13955235245b2497399d7a93' LIMIT 1   [ RunTime:0.0190s ]
INFO: [ view_parse ] --START--
INFO: [ template_filter ] --START--
INFO: Run Behavior\ContentReplaceBehavior [ RunTime:0.000000s ]
INFO: [ template_filter ] --END-- [ RunTime:0.000000s ]
INFO: Run Behavior\ParseTemplateBehavior [ RunTime:0.017001s ]
INFO: [ view_parse ] --END-- [ RunTime:0.017001s ]
INFO: [ view_filter ] --START--
INFO: Run Behavior\WriteHtmlCacheBehavior [ RunTime:0.000000s ]
INFO: [ view_filter ] --END-- [ RunTime:0.000000s ]
INFO: [ app_end ] --START--
INFO: Run Behavior\ShowPageTraceBehavior [ RunTime:0.001000s ]
INFO: [ app_end ] --END-- [ RunTime:0.001000s ]

[ 2017-12-04T10:19:33+08:00 ] ::1 /1/index.php/Home/User/tongzhi.html
INFO: [ app_init ] --START--
INFO: Run Behavior\BuildLiteBehavior [ RunTime:0.000000s ]
INFO: [ app_init ] --END-- [ RunTime:0.001000s ]
INFO: [ app_begin ] --START--
INFO: Run Behavior\ReadHtmlCacheBehavior [ RunTime:0.001000s ]
INFO: [ app_begin ] --END-- [ RunTime:0.001000s ]
SQL: SHOW COLUMNS FROM `zhuyi` [ RunTime:0.0290s ]
SQL: SELECT MAX(id) AS tp_max FROM `zhuyi` LIMIT 1   [ RunTime:0.0000s ]
SQL: SELECT * FROM `zhuyi` WHERE `id` = 25  [ RunTime:0.0100s ]
SQL: SELECT * FROM `zhuyi` WHERE `id` = 24  [ RunTime:0.0010s ]
SQL: SELECT * FROM `zhuyi` WHERE `id` = 23  [ RunTime:0.0000s ]
SQL: SELECT * FROM `zhuyi` WHERE `id` = 22  [ RunTime:0.0000s ]
SQL: SELECT * FROM `zhuyi` WHERE `id` = 21  [ RunTime:0.0000s ]
SQL: SELECT * FROM `zhuyi` WHERE `id` = 20  [ RunTime:0.0000s ]
INFO: [ view_parse ] --START--
INFO: [ template_filter ] --START--
INFO: Run Behavior\ContentReplaceBehavior [ RunTime:0.000000s ]
INFO: [ template_filter ] --END-- [ RunTime:0.000000s ]
NOTIC: [8] Undefined variable: examtell H:\phpStudy\WWW\1\Runtime\Cache\Home\df7321714e8b029bc710c39f76763d26.php 第 306 行.
NOTIC: [8] Undefined variable: examtell H:\phpStudy\WWW\1\Runtime\Cache\Home\df7321714e8b029bc710c39f76763d26.php 第 307 行.
NOTIC: [8] Undefined variable: userinfo H:\phpStudy\WWW\1\Runtime\Cache\Home\df7321714e8b029bc710c39f76763d26.php 第 394 行.
NOTIC: [8] Undefined variable: userinfo H:\phpStudy\WWW\1\Runtime\Cache\Home\df7321714e8b029bc710c39f76763d26.php 第 401 行.
NOTIC: [8] Undefined variable: userinfo H:\phpStudy\WWW\1\Runtime\Cache\Home\df7321714e8b029bc710c39f76763d26.php 第 408 行.
NOTIC: [8] Undefined variable: userinfo H:\phpStudy\WWW\1\Runtime\Cache\Home\df7321714e8b029bc710c39f76763d26.php 第 415 行.
NOTIC: [8] Undefined variable: userinfo H:\phpStudy\WWW\1\Runtime\Cache\Home\df7321714e8b029bc710c39f76763d26.php 第 422 行.
NOTIC: [8] Undefined variable: userinfo H:\phpStudy\WWW\1\Runtime\Cache\Home\df7321714e8b029bc710c39f76763d26.php 第 453 行.
NOTIC: [8] Undefined variable: userinfo H:\phpStudy\WWW\1\Runtime\Cache\Home\df7321714e8b029bc710c39f76763d26.php 第 490 行.
NOTIC: [8] Undefined variable: userinfo H:\phpStudy\WWW\1\Runtime\Cache\Home\df7321714e8b029bc710c39f76763d26.php 第 497 行.
NOTIC: [8] Undefined variable: userinfo H:\phpStudy\WWW\1\Runtime\Cache\Home\df7321714e8b029bc710c39f76763d26.php 第 504 行.
NOTIC: [8] Undefined variable: userinfo H:\phpStudy\WWW\1\Runtime\Cache\Home\df7321714e8b029bc710c39f76763d26.php 第 511 行.
NOTIC: [8] Undefined variable: userinfo H:\phpStudy\WWW\1\Runtime\Cache\Home\df7321714e8b029bc710c39f76763d26.php 第 518 行.
INFO: Run Behavior\ParseTemplateBehavior [ RunTime:0.044002s ]
INFO: [ view_parse ] --END-- [ RunTime:0.044002s ]
INFO: [ view_filter ] --START--
INFO: Run Behavior\WriteHtmlCacheBehavior [ RunTime:0.000000s ]
INFO: [ view_filter ] --END-- [ RunTime:0.000000s ]
INFO: [ app_end ] --START--
INFO: Run Behavior\ShowPageTraceBehavior [ RunTime:0.000000s ]
INFO: [ app_end ] --END-- [ RunTime:0.000000s ]

[ 2017-12-04T10:19:35+08:00 ] ::1 /1/index.php/Home/User/shenhe.html
INFO: [ app_init ] --START--
INFO: Run Behavior\BuildLiteBehavior [ RunTime:0.000000s ]
INFO: [ app_init ] --END-- [ RunTime:0.000000s ]
INFO: [ app_begin ] --START--
INFO: Run Behavior\ReadHtmlCacheBehavior [ RunTime:0.000000s ]
INFO: [ app_begin ] --END-- [ RunTime:0.000000s ]
SQL: SHOW COLUMNS FROM `user` [ RunTime:0.0030s ]
SQL: SHOW COLUMNS FROM `notice` [ RunTime:0.0610s ]
SQL: SELECT MAX(id) AS tp_max FROM `user` WHERE `account` = 'zhouyi' LIMIT 1   [ RunTime:0.0040s ]
SQL: SELECT MAX(id) AS tp_max FROM `notice` LIMIT 1   [ RunTime:0.0000s ]
SQL: SELECT `date` FROM `notice` WHERE `id` = 13  [ RunTime:0.0010s ]
NOTIC: [8] Use of undefined constant date - assumed 'date' H:\phpStudy\WWW\1\Application\Home\Controller\UserController.class.php 第 198 行.
SQL: SELECT `subject` FROM `notice` WHERE `id` = 13  [ RunTime:0.0000s ]
NOTIC: [8] Use of undefined constant subject - assumed 'subject' H:\phpStudy\WWW\1\Application\Home\Controller\UserController.class.php 第 199 行.
SQL: SELECT `pass` FROM `user` WHERE `id` = 811  [ RunTime:0.0120s ]
NOTIC: [8] Use of undefined constant pass - assumed 'pass' H:\phpStudy\WWW\1\Application\Home\Controller\UserController.class.php 第 200 行.
SQL: SELECT `reason` FROM `user` WHERE `id` = 811  [ RunTime:0.0000s ]
NOTIC: [8] Use of undefined constant reason - assumed 'reason' H:\phpStudy\WWW\1\Application\Home\Controller\UserController.class.php 第 201 行.
NOTIC: [8] Undefined index: upload1 H:\phpStudy\WWW\1\Application\Home\Controller\UserController.class.php 第 221 行.
NOTIC: [8] Undefined index: upload2 H:\phpStudy\WWW\1\Application\Home\Controller\UserController.class.php 第 225 行.
NOTIC: [8] Undefined index: upload3 H:\phpStudy\WWW\1\Application\Home\Controller\UserController.class.php 第 229 行.
NOTIC: [8] Undefined index: upload4 H:\phpStudy\WWW\1\Application\Home\Controller\UserController.class.php 第 233 行.
NOTIC: [8] Undefined index: upload5 H:\phpStudy\WWW\1\Application\Home\Controller\UserController.class.php 第 237 行.
NOTIC: [8] Undefined index: upload6 H:\phpStudy\WWW\1\Application\Home\Controller\UserController.class.php 第 241 行.
NOTIC: [8] Undefined variable: info H:\phpStudy\WWW\1\Application\Home\Controller\UserController.class.php 第 245 行.
NOTIC: [2] Invalid argument supplied for foreach() H:\phpStudy\WWW\1\Application\Home\Controller\UserController.class.php 第 245 行.
NOTIC: [8] Undefined variable: bigimg H:\phpStudy\WWW\1\Application\Home\Controller\UserController.class.php 第 250 行.
SQL: UPDATE `user` SET `path`=NULL WHERE `id` = 811 [ RunTime:0.0010s ]
INFO: [ view_parse ] --START--
INFO: [ template_filter ] --START--
INFO: Run Behavior\ContentReplaceBehavior [ RunTime:0.000000s ]
INFO: [ template_filter ] --END-- [ RunTime:0.000000s ]
NOTIC: [8] Undefined variable: examtell H:\phpStudy\WWW\1\Runtime\Cache\Home\3400d5118ed3d47597584e5642bf974e.php 第 306 行.
NOTIC: [8] Undefined variable: examtell H:\phpStudy\WWW\1\Runtime\Cache\Home\3400d5118ed3d47597584e5642bf974e.php 第 307 行.
NOTIC: [8] Undefined variable: userinfo H:\phpStudy\WWW\1\Runtime\Cache\Home\3400d5118ed3d47597584e5642bf974e.php 第 394 行.
NOTIC: [8] Undefined variable: userinfo H:\phpStudy\WWW\1\Runtime\Cache\Home\3400d5118ed3d47597584e5642bf974e.php 第 401 行.
NOTIC: [8] Undefined variable: userinfo H:\phpStudy\WWW\1\Runtime\Cache\Home\3400d5118ed3d47597584e5642bf974e.php 第 408 行.
NOTIC: [8] Undefined variable: userinfo H:\phpStudy\WWW\1\Runtime\Cache\Home\3400d5118ed3d47597584e5642bf974e.php 第 415 行.
NOTIC: [8] Undefined variable: userinfo H:\phpStudy\WWW\1\Runtime\Cache\Home\3400d5118ed3d47597584e5642bf974e.php 第 422 行.
NOTIC: [8] Undefined variable: userinfo H:\phpStudy\WWW\1\Runtime\Cache\Home\3400d5118ed3d47597584e5642bf974e.php 第 453 行.
NOTIC: [8] Undefined variable: userinfo H:\phpStudy\WWW\1\Runtime\Cache\Home\3400d5118ed3d47597584e5642bf974e.php 第 490 行.
NOTIC: [8] Undefined variable: userinfo H:\phpStudy\WWW\1\Runtime\Cache\Home\3400d5118ed3d47597584e5642bf974e.php 第 497 行.
NOTIC: [8] Undefined variable: userinfo H:\phpStudy\WWW\1\Runtime\Cache\Home\3400d5118ed3d47597584e5642bf974e.php 第 504 行.
NOTIC: [8] Undefined variable: userinfo H:\phpStudy\WWW\1\Runtime\Cache\Home\3400d5118ed3d47597584e5642bf974e.php 第 511 行.
NOTIC: [8] Undefined variable: userinfo H:\phpStudy\WWW\1\Runtime\Cache\Home\3400d5118ed3d47597584e5642bf974e.php 第 518 行.
INFO: Run Behavior\ParseTemplateBehavior [ RunTime:0.034002s ]
INFO: [ view_parse ] --END-- [ RunTime:0.034002s ]
INFO: [ view_filter ] --START--
INFO: Run Behavior\WriteHtmlCacheBehavior [ RunTime:0.000000s ]
INFO: [ view_filter ] --END-- [ RunTime:0.000000s ]
INFO: [ app_end ] --START--
INFO: Run Behavior\ShowPageTraceBehavior [ RunTime:0.001000s ]
INFO: [ app_end ] --END-- [ RunTime:0.001000s ]

[ 2017-12-04T10:19:37+08:00 ] ::1 /1/index.php/Home/User/hegezheng.html
INFO: [ app_init ] --START--
INFO: Run Behavior\BuildLiteBehavior [ RunTime:0.000000s ]
INFO: [ app_init ] --END-- [ RunTime:0.000000s ]
INFO: [ app_begin ] --START--
INFO: Run Behavior\ReadHtmlCacheBehavior [ RunTime:0.000000s ]
INFO: [ app_begin ] --END-- [ RunTime:0.000000s ]
INFO: [ view_parse ] --START--
INFO: [ template_filter ] --START--
INFO: Run Behavior\ContentReplaceBehavior [ RunTime:0.000000s ]
INFO: [ template_filter ] --END-- [ RunTime:0.000000s ]
NOTIC: [8] Undefined variable: examtell H:\phpStudy\WWW\1\Runtime\Cache\Home\114bc4a0da12ca107f75dc038974b2f8.php 第 306 行.
NOTIC: [8] Undefined variable: examtell H:\phpStudy\WWW\1\Runtime\Cache\Home\114bc4a0da12ca107f75dc038974b2f8.php 第 307 行.
NOTIC: [8] Undefined variable: userinfo H:\phpStudy\WWW\1\Runtime\Cache\Home\114bc4a0da12ca107f75dc038974b2f8.php 第 394 行.
NOTIC: [8] Undefined variable: userinfo H:\phpStudy\WWW\1\Runtime\Cache\Home\114bc4a0da12ca107f75dc038974b2f8.php 第 401 行.
NOTIC: [8] Undefined variable: userinfo H:\phpStudy\WWW\1\Runtime\Cache\Home\114bc4a0da12ca107f75dc038974b2f8.php 第 408 行.
NOTIC: [8] Undefined variable: userinfo H:\phpStudy\WWW\1\Runtime\Cache\Home\114bc4a0da12ca107f75dc038974b2f8.php 第 415 行.
NOTIC: [8] Undefined variable: userinfo H:\phpStudy\WWW\1\Runtime\Cache\Home\114bc4a0da12ca107f75dc038974b2f8.php 第 422 行.
NOTIC: [8] Undefined variable: userinfo H:\phpStudy\WWW\1\Runtime\Cache\Home\114bc4a0da12ca107f75dc038974b2f8.php 第 453 行.
NOTIC: [8] Undefined variable: userinfo H:\phpStudy\WWW\1\Runtime\Cache\Home\114bc4a0da12ca107f75dc038974b2f8.php 第 490 行.
NOTIC: [8] Undefined variable: userinfo H:\phpStudy\WWW\1\Runtime\Cache\Home\114bc4a0da12ca107f75dc038974b2f8.php 第 497 行.
NOTIC: [8] Undefined variable: userinfo H:\phpStudy\WWW\1\Runtime\Cache\Home\114bc4a0da12ca107f75dc038974b2f8.php 第 504 行.
NOTIC: [8] Undefined variable: userinfo H:\phpStudy\WWW\1\Runtime\Cache\Home\114bc4a0da12ca107f75dc038974b2f8.php 第 511 行.
NOTIC: [8] Undefined variable: userinfo H:\phpStudy\WWW\1\Runtime\Cache\Home\114bc4a0da12ca107f75dc038974b2f8.php 第 518 行.
INFO: Run Behavior\ParseTemplateBehavior [ RunTime:0.084005s ]
INFO: [ view_parse ] --END-- [ RunTime:0.084005s ]
INFO: [ view_filter ] --START--
INFO: Run Behavior\WriteHtmlCacheBehavior [ RunTime:0.001000s ]
INFO: [ view_filter ] --END-- [ RunTime:0.001000s ]
INFO: [ app_end ] --START--
INFO: Run Behavior\ShowPageTraceBehavior [ RunTime:0.000000s ]
INFO: [ app_end ] --END-- [ RunTime:0.000000s ]

[ 2017-12-04T10:19:55+08:00 ] ::1 /1/index.php/Home/User/printzs.html
INFO: [ app_init ] --START--
INFO: Run Behavior\BuildLiteBehavior [ RunTime:0.000000s ]
INFO: [ app_init ] --END-- [ RunTime:0.001000s ]
INFO: [ app_begin ] --START--
INFO: Run Behavior\ReadHtmlCacheBehavior [ RunTime:0.001000s ]
INFO: [ app_begin ] --END-- [ RunTime:0.001000s ]
SQL: SHOW COLUMNS FROM `user` [ RunTime:0.0070s ]
SQL: SHOW COLUMNS FROM `exam` [ RunTime:0.0400s ]
SQL: SHOW COLUMNS FROM `notice` [ RunTime:0.0040s ]
SQL: SELECT max(id) FROM `user` WHERE `account` = 'zhouyi'  [ RunTime:0.0020s ]
SQL: SELECT * FROM `user` WHERE `id` = 811  [ RunTime:0.0000s ]
NOTIC: [8] Use of undefined constant score - assumed 'score' H:\phpStudy\WWW\1\Application\Home\Controller\UserController.class.php 第 456 行.
SQL: SELECT * FROM `user` WHERE `id` = 811  [ RunTime:0.0000s ]
NOTIC: [8] Use of undefined constant date - assumed 'date' H:\phpStudy\WWW\1\Application\Home\Controller\UserController.class.php 第 457 行.
SQL: SELECT max(id) FROM `exam`  [ RunTime:0.0000s ]
SQL: SELECT max(id) FROM `notice`  [ RunTime:0.0000s ]
SQL: SELECT * FROM `user` WHERE `id` = 811  [ RunTime:0.0000s ]
SQL: SELECT * FROM `user` WHERE `id` = 811  [ RunTime:0.0000s ]
NOTIC: [8] Use of undefined constant date - assumed 'date' H:\phpStudy\WWW\1\Application\Home\Controller\UserController.class.php 第 461 行.
SQL: SELECT `subject` FROM `notice` WHERE `id` = 13  [ RunTime:0.0010s ]
SQL: SELECT * FROM `exam` WHERE `id` = 11  [ RunTime:0.0030s ]
NOTIC: [8] Use of undefined constant time - assumed 'time' H:\phpStudy\WWW\1\Application\Home\Controller\UserController.class.php 第 464 行.
SQL: SELECT `time` FROM `exam` WHERE `id` = 11  [ RunTime:0.0000s ]
NOTIC: [8] Use of undefined constant time - assumed 'time' H:\phpStudy\WWW\1\Application\Home\Controller\UserController.class.php 第 469 行.
SQL: SELECT MAX(id) AS tp_max FROM `user` WHERE `account` = 'zhouyi' LIMIT 1   [ RunTime:0.0020s ]
SQL: SELECT * FROM `user` WHERE `id` = 811  [ RunTime:0.0000s ]
SQL: SELECT * FROM `exam`  [ RunTime:0.0010s ]
NOTIC: [8] Undefined variable: other_exam H:\phpStudy\WWW\1\Application\Home\Controller\UserController.class.php 第 506 行.
INFO: [ view_parse ] --START--
INFO: [ template_filter ] --START--
INFO: Run Behavior\ContentReplaceBehavior [ RunTime:0.000000s ]
INFO: [ template_filter ] --END-- [ RunTime:0.000000s ]
INFO: Run Behavior\ParseTemplateBehavior [ RunTime:0.027001s ]
INFO: [ view_parse ] --END-- [ RunTime:0.027001s ]
INFO: [ view_filter ] --START--
INFO: Run Behavior\WriteHtmlCacheBehavior [ RunTime:0.000000s ]
INFO: [ view_filter ] --END-- [ RunTime:0.000000s ]
INFO: [ app_end ] --START--
INFO: Run Behavior\ShowPageTraceBehavior [ RunTime:0.000000s ]
INFO: [ app_end ] --END-- [ RunTime:0.001000s ]

[ 2017-12-04T10:20:09+08:00 ] ::1 /1/index.php/Home/User/tongzhi.html
INFO: [ app_init ] --START--
INFO: Run Behavior\BuildLiteBehavior [ RunTime:0.000000s ]
INFO: [ app_init ] --END-- [ RunTime:0.001000s ]
INFO: [ app_begin ] --START--
INFO: Run Behavior\ReadHtmlCacheBehavior [ RunTime:0.001000s ]
INFO: [ app_begin ] --END-- [ RunTime:0.001000s ]
SQL: SHOW COLUMNS FROM `zhuyi` [ RunTime:0.0040s ]
SQL: SELECT MAX(id) AS tp_max FROM `zhuyi` LIMIT 1   [ RunTime:0.0000s ]
SQL: SELECT * FROM `zhuyi` WHERE `id` = 25  [ RunTime:0.0010s ]
SQL: SELECT * FROM `zhuyi` WHERE `id` = 24  [ RunTime:0.0000s ]
SQL: SELECT * FROM `zhuyi` WHERE `id` = 23  [ RunTime:0.0000s ]
SQL: SELECT * FROM `zhuyi` WHERE `id` = 22  [ RunTime:0.0000s ]
SQL: SELECT * FROM `zhuyi` WHERE `id` = 21  [ RunTime:0.0000s ]
SQL: SELECT * FROM `zhuyi` WHERE `id` = 20  [ RunTime:0.0000s ]
INFO: [ view_parse ] --START--
INFO: [ template_filter ] --START--
INFO: Run Behavior\ContentReplaceBehavior [ RunTime:0.000000s ]
INFO: [ template_filter ] --END-- [ RunTime:0.000000s ]
NOTIC: [8] Undefined variable: examtell H:\phpStudy\WWW\1\Runtime\Cache\Home\df7321714e8b029bc710c39f76763d26.php 第 306 行.
NOTIC: [8] Undefined variable: examtell H:\phpStudy\WWW\1\Runtime\Cache\Home\df7321714e8b029bc710c39f76763d26.php 第 307 行.
NOTIC: [8] Undefined variable: userinfo H:\phpStudy\WWW\1\Runtime\Cache\Home\df7321714e8b029bc710c39f76763d26.php 第 394 行.
NOTIC: [8] Undefined variable: userinfo H:\phpStudy\WWW\1\Runtime\Cache\Home\df7321714e8b029bc710c39f76763d26.php 第 401 行.
NOTIC: [8] Undefined variable: userinfo H:\phpStudy\WWW\1\Runtime\Cache\Home\df7321714e8b029bc710c39f76763d26.php 第 408 行.
NOTIC: [8] Undefined variable: userinfo H:\phpStudy\WWW\1\Runtime\Cache\Home\df7321714e8b029bc710c39f76763d26.php 第 415 行.
NOTIC: [8] Undefined variable: userinfo H:\phpStudy\WWW\1\Runtime\Cache\Home\df7321714e8b029bc710c39f76763d26.php 第 422 行.
NOTIC: [8] Undefined variable: userinfo H:\phpStudy\WWW\1\Runtime\Cache\Home\df7321714e8b029bc710c39f76763d26.php 第 453 行.
NOTIC: [8] Undefined variable: userinfo H:\phpStudy\WWW\1\Runtime\Cache\Home\df7321714e8b029bc710c39f76763d26.php 第 490 行.
NOTIC: [8] Undefined variable: userinfo H:\phpStudy\WWW\1\Runtime\Cache\Home\df7321714e8b029bc710c39f76763d26.php 第 497 行.
NOTIC: [8] Undefined variable: userinfo H:\phpStudy\WWW\1\Runtime\Cache\Home\df7321714e8b029bc710c39f76763d26.php 第 504 行.
NOTIC: [8] Undefined variable: userinfo H:\phpStudy\WWW\1\Runtime\Cache\Home\df7321714e8b029bc710c39f76763d26.php 第 511 行.
NOTIC: [8] Undefined variable: userinfo H:\phpStudy\WWW\1\Runtime\Cache\Home\df7321714e8b029bc710c39f76763d26.php 第 518 行.
INFO: Run Behavior\ParseTemplateBehavior [ RunTime:0.023001s ]
INFO: [ view_parse ] --END-- [ RunTime:0.023001s ]
INFO: [ view_filter ] --START--
INFO: Run Behavior\WriteHtmlCacheBehavior [ RunTime:0.001000s ]
INFO: [ view_filter ] --END-- [ RunTime:0.001000s ]
INFO: [ app_end ] --START--
INFO: Run Behavior\ShowPageTraceBehavior [ RunTime:0.001000s ]
INFO: [ app_end ] --END-- [ RunTime:0.001000s ]

[ 2017-12-04T10:20:10+08:00 ] ::1 /1/index.php/Home/User/baoming.html
INFO: [ app_init ] --START--
INFO: Run Behavior\BuildLiteBehavior [ RunTime:0.000000s ]
INFO: [ app_init ] --END-- [ RunTime:0.001000s ]
INFO: [ app_begin ] --START--
INFO: Run Behavior\ReadHtmlCacheBehavior [ RunTime:0.001000s ]
INFO: [ app_begin ] --END-- [ RunTime:0.001000s ]
SQL: SHOW COLUMNS FROM `notice` [ RunTime:0.0040s ]
SQL: SELECT max(id) FROM `notice`  [ RunTime:0.0000s ]
SQL: SELECT * FROM `notice` WHERE `id` = 13  [ RunTime:0.0000s ]
SQL: SHOW COLUMNS FROM `user` [ RunTime:0.0040s ]
SQL: SELECT MAX(id) AS tp_max FROM `user` WHERE `account` = 'zhouyi' LIMIT 1   [ RunTime:0.0030s ]
SQL: SELECT * FROM `user` WHERE `id` = 811 AND `account` = 'zhouyi'  [ RunTime:0.0000s ]
NOTIC: [8] Use of undefined constant date - assumed 'date' H:\phpStudy\WWW\1\Application\Home\Controller\UserController.class.php 第 50 行.
NOTIC: [8] Use of undefined constant date - assumed 'date' H:\phpStudy\WWW\1\Application\Home\Controller\UserController.class.php 第 59 行.
NOTIC: [8] Use of undefined constant date - assumed 'date' H:\phpStudy\WWW\1\Application\Home\Controller\UserController.class.php 第 59 行.
NOTIC: [8] Use of undefined constant date - assumed 'date' H:\phpStudy\WWW\1\Application\Home\Controller\UserController.class.php 第 62 行.
NOTIC: [8] Use of undefined constant subject - assumed 'subject' H:\phpStudy\WWW\1\Application\Home\Controller\UserController.class.php 第 63 行.
NOTIC: [8] Use of undefined constant subject - assumed 'subject' H:\phpStudy\WWW\1\Application\Home\Controller\UserController.class.php 第 84 行.
NOTIC: [8] Use of undefined constant flag - assumed 'flag' H:\phpStudy\WWW\1\Application\Home\Controller\UserController.class.php 第 86 行.
NOTIC: [8] Use of undefined constant date - assumed 'date' H:\phpStudy\WWW\1\Application\Home\Controller\UserController.class.php 第 88 行.
NOTIC: [8] Use of undefined constant date - assumed 'date' H:\phpStudy\WWW\1\Application\Home\Controller\UserController.class.php 第 89 行.
INFO: [ view_parse ] --START--
INFO: [ template_filter ] --START--
INFO: Run Behavior\ContentReplaceBehavior [ RunTime:0.000000s ]
INFO: [ template_filter ] --END-- [ RunTime:0.000000s ]
NOTIC: [8] Undefined variable: examtell H:\phpStudy\WWW\1\Runtime\Cache\Home\85c15a4bfa0cca2d317beed460ec1545.php 第 306 行.
NOTIC: [8] Undefined variable: examtell H:\phpStudy\WWW\1\Runtime\Cache\Home\85c15a4bfa0cca2d317beed460ec1545.php 第 307 行.
NOTIC: [8] Undefined variable: userinfo H:\phpStudy\WWW\1\Runtime\Cache\Home\85c15a4bfa0cca2d317beed460ec1545.php 第 394 行.
NOTIC: [8] Undefined variable: userinfo H:\phpStudy\WWW\1\Runtime\Cache\Home\85c15a4bfa0cca2d317beed460ec1545.php 第 401 行.
NOTIC: [8] Undefined variable: userinfo H:\phpStudy\WWW\1\Runtime\Cache\Home\85c15a4bfa0cca2d317beed460ec1545.php 第 408 行.
NOTIC: [8] Undefined variable: userinfo H:\phpStudy\WWW\1\Runtime\Cache\Home\85c15a4bfa0cca2d317beed460ec1545.php 第 415 行.
NOTIC: [8] Undefined variable: userinfo H:\phpStudy\WWW\1\Runtime\Cache\Home\85c15a4bfa0cca2d317beed460ec1545.php 第 422 行.
NOTIC: [8] Undefined variable: userinfo H:\phpStudy\WWW\1\Runtime\Cache\Home\85c15a4bfa0cca2d317beed460ec1545.php 第 453 行.
NOTIC: [8] Undefined variable: userinfo H:\phpStudy\WWW\1\Runtime\Cache\Home\85c15a4bfa0cca2d317beed460ec1545.php 第 490 行.
NOTIC: [8] Undefined variable: userinfo H:\phpStudy\WWW\1\Runtime\Cache\Home\85c15a4bfa0cca2d317beed460ec1545.php 第 497 行.
NOTIC: [8] Undefined variable: userinfo H:\phpStudy\WWW\1\Runtime\Cache\Home\85c15a4bfa0cca2d317beed460ec1545.php 第 504 行.
NOTIC: [8] Undefined variable: userinfo H:\phpStudy\WWW\1\Runtime\Cache\Home\85c15a4bfa0cca2d317beed460ec1545.php 第 511 行.
NOTIC: [8] Undefined variable: userinfo H:\phpStudy\WWW\1\Runtime\Cache\Home\85c15a4bfa0cca2d317beed460ec1545.php 第 518 行.
INFO: Run Behavior\ParseTemplateBehavior [ RunTime:0.091006s ]
INFO: [ view_parse ] --END-- [ RunTime:0.091006s ]
INFO: [ view_filter ] --START--
INFO: Run Behavior\WriteHtmlCacheBehavior [ RunTime:0.000000s ]
INFO: [ view_filter ] --END-- [ RunTime:0.001000s ]
INFO: [ app_end ] --START--
INFO: Run Behavior\ShowPageTraceBehavior [ RunTime:0.001000s ]
INFO: [ app_end ] --END-- [ RunTime:0.001000s ]

[ 2017-12-04T10:20:13+08:00 ] ::1 /1/index.php/Home/User/shenhe.html
INFO: [ app_init ] --START--
INFO: Run Behavior\BuildLiteBehavior [ RunTime:0.000000s ]
INFO: [ app_init ] --END-- [ RunTime:0.001000s ]
INFO: [ app_begin ] --START--
INFO: Run Behavior\ReadHtmlCacheBehavior [ RunTime:0.001000s ]
INFO: [ app_begin ] --END-- [ RunTime:0.001000s ]
SQL: SHOW COLUMNS FROM `user` [ RunTime:0.0050s ]
SQL: SHOW COLUMNS FROM `notice` [ RunTime:0.0040s ]
SQL: SELECT MAX(id) AS tp_max FROM `user` WHERE `account` = 'zhouyi' LIMIT 1   [ RunTime:0.0030s ]
SQL: SELECT MAX(id) AS tp_max FROM `notice` LIMIT 1   [ RunTime:0.0000s ]
SQL: SELECT `date` FROM `notice` WHERE `id` = 13  [ RunTime:0.0010s ]
NOTIC: [8] Use of undefined constant date - assumed 'date' H:\phpStudy\WWW\1\Application\Home\Controller\UserController.class.php 第 198 行.
SQL: SELECT `subject` FROM `notice` WHERE `id` = 13  [ RunTime:0.0000s ]
NOTIC: [8] Use of undefined constant subject - assumed 'subject' H:\phpStudy\WWW\1\Application\Home\Controller\UserController.class.php 第 199 行.
SQL: SELECT `pass` FROM `user` WHERE `id` = 811  [ RunTime:0.0000s ]
NOTIC: [8] Use of undefined constant pass - assumed 'pass' H:\phpStudy\WWW\1\Application\Home\Controller\UserController.class.php 第 200 行.
SQL: SELECT `reason` FROM `user` WHERE `id` = 811  [ RunTime:0.0000s ]
NOTIC: [8] Use of undefined constant reason - assumed 'reason' H:\phpStudy\WWW\1\Application\Home\Controller\UserController.class.php 第 201 行.
NOTIC: [8] Undefined index: upload1 H:\phpStudy\WWW\1\Application\Home\Controller\UserController.class.php 第 221 行.
NOTIC: [8] Undefined index: upload2 H:\phpStudy\WWW\1\Application\Home\Controller\UserController.class.php 第 225 行.
NOTIC: [8] Undefined index: upload3 H:\phpStudy\WWW\1\Application\Home\Controller\UserController.class.php 第 229 行.
NOTIC: [8] Undefined index: upload4 H:\phpStudy\WWW\1\Application\Home\Controller\UserController.class.php 第 233 行.
NOTIC: [8] Undefined index: upload5 H:\phpStudy\WWW\1\Application\Home\Controller\UserController.class.php 第 237 行.
NOTIC: [8] Undefined index: upload6 H:\phpStudy\WWW\1\Application\Home\Controller\UserController.class.php 第 241 行.
NOTIC: [8] Undefined variable: info H:\phpStudy\WWW\1\Application\Home\Controller\UserController.class.php 第 245 行.
NOTIC: [2] Invalid argument supplied for foreach() H:\phpStudy\WWW\1\Application\Home\Controller\UserController.class.php 第 245 行.
NOTIC: [8] Undefined variable: bigimg H:\phpStudy\WWW\1\Application\Home\Controller\UserController.class.php 第 250 行.
SQL: UPDATE `user` SET `path`=NULL WHERE `id` = 811 [ RunTime:0.0010s ]
INFO: [ view_parse ] --START--
INFO: [ template_filter ] --START--
INFO: Run Behavior\ContentReplaceBehavior [ RunTime:0.000000s ]
INFO: [ template_filter ] --END-- [ RunTime:0.000000s ]
NOTIC: [8] Undefined variable: examtell H:\phpStudy\WWW\1\Runtime\Cache\Home\3400d5118ed3d47597584e5642bf974e.php 第 306 行.
NOTIC: [8] Undefined variable: examtell H:\phpStudy\WWW\1\Runtime\Cache\Home\3400d5118ed3d47597584e5642bf974e.php 第 307 行.
NOTIC: [8] Undefined variable: userinfo H:\phpStudy\WWW\1\Runtime\Cache\Home\3400d5118ed3d47597584e5642bf974e.php 第 394 行.
NOTIC: [8] Undefined variable: userinfo H:\phpStudy\WWW\1\Runtime\Cache\Home\3400d5118ed3d47597584e5642bf974e.php 第 401 行.
NOTIC: [8] Undefined variable: userinfo H:\phpStudy\WWW\1\Runtime\Cache\Home\3400d5118ed3d47597584e5642bf974e.php 第 408 行.
NOTIC: [8] Undefined variable: userinfo H:\phpStudy\WWW\1\Runtime\Cache\Home\3400d5118ed3d47597584e5642bf974e.php 第 415 行.
NOTIC: [8] Undefined variable: userinfo H:\phpStudy\WWW\1\Runtime\Cache\Home\3400d5118ed3d47597584e5642bf974e.php 第 422 行.
NOTIC: [8] Undefined variable: userinfo H:\phpStudy\WWW\1\Runtime\Cache\Home\3400d5118ed3d47597584e5642bf974e.php 第 453 行.
NOTIC: [8] Undefined variable: userinfo H:\phpStudy\WWW\1\Runtime\Cache\Home\3400d5118ed3d47597584e5642bf974e.php 第 490 行.
NOTIC: [8] Undefined variable: userinfo H:\phpStudy\WWW\1\Runtime\Cache\Home\3400d5118ed3d47597584e5642bf974e.php 第 497 行.
NOTIC: [8] Undefined variable: userinfo H:\phpStudy\WWW\1\Runtime\Cache\Home\3400d5118ed3d47597584e5642bf974e.php 第 504 行.
NOTIC: [8] Undefined variable: userinfo H:\phpStudy\WWW\1\Runtime\Cache\Home\3400d5118ed3d47597584e5642bf974e.php 第 511 行.
NOTIC: [8] Undefined variable: userinfo H:\phpStudy\WWW\1\Runtime\Cache\Home\3400d5118ed3d47597584e5642bf974e.php 第 518 行.
INFO: Run Behavior\ParseTemplateBehavior [ RunTime:0.037002s ]
INFO: [ view_parse ] --END-- [ RunTime:0.037002s ]
INFO: [ view_filter ] --START--
INFO: Run Behavior\WriteHtmlCacheBehavior [ RunTime:0.000000s ]
INFO: [ view_filter ] --END-- [ RunTime:0.000000s ]
INFO: [ app_end ] --START--
INFO: Run Behavior\ShowPageTraceBehavior [ RunTime:0.001000s ]
INFO: [ app_end ] --END-- [ RunTime:0.001000s ]

[ 2017-12-04T10:20:14+08:00 ] ::1 /1/index.php/Home/User/printcard.html
INFO: [ app_init ] --START--
INFO: Run Behavior\BuildLiteBehavior [ RunTime:0.000000s ]
INFO: [ app_init ] --END-- [ RunTime:0.001000s ]
INFO: [ app_begin ] --START--
INFO: Run Behavior\ReadHtmlCacheBehavior [ RunTime:0.001000s ]
INFO: [ app_begin ] --END-- [ RunTime:0.001000s ]
SQL: SHOW COLUMNS FROM `user` [ RunTime:0.0060s ]
SQL: SHOW COLUMNS FROM `exam` [ RunTime:0.0060s ]
SQL: SELECT max(id) FROM `user` WHERE `account` = 'zhouyi'  [ RunTime:0.0040s ]
SQL: SELECT * FROM `user` WHERE `id` = 811  [ RunTime:0.0010s ]
NOTIC: [8] Use of undefined constant date - assumed 'date' H:\phpStudy\WWW\1\Application\Home\Controller\UserController.class.php 第 346 行.
SQL: SELECT * FROM `user` WHERE `id` = 811  [ RunTime:0.0010s ]
NOTIC: [8] Use of undefined constant group - assumed 'group' H:\phpStudy\WWW\1\Application\Home\Controller\UserController.class.php 第 347 行.
SQL: SELECT * FROM `user` WHERE `id` = 811  [ RunTime:0.0010s ]
NOTIC: [8] Use of undefined constant seat_num - assumed 'seat_num' H:\phpStudy\WWW\1\Application\Home\Controller\UserController.class.php 第 348 行.
SQL: SELECT * FROM `exam` WHERE `time` LIKE '201712%'  [ RunTime:0.0010s ]
SQL: SELECT * FROM `exam` WHERE `time` LIKE '201712%'  [ RunTime:0.0010s ]
SQL: SELECT * FROM `exam` WHERE `time` LIKE '201712%'  [ RunTime:0.0010s ]
NOTIC: [8] Undefined variable: sex H:\phpStudy\WWW\1\Application\Home\Controller\UserController.class.php 第 355 行.
NOTIC: [8] Undefined variable: id_card H:\phpStudy\WWW\1\Application\Home\Controller\UserController.class.php 第 356 行.
NOTIC: [8] Undefined variable: work_address H:\phpStudy\WWW\1\Application\Home\Controller\UserController.class.php 第 359 行.
NOTIC: [8] Undefined variable: exam_card H:\phpStudy\WWW\1\Application\Home\Controller\UserController.class.php 第 360 行.
INFO: [ view_parse ] --START--
INFO: [ template_filter ] --START--
INFO: Run Behavior\ContentReplaceBehavior [ RunTime:0.000000s ]
INFO: [ template_filter ] --END-- [ RunTime:0.000000s ]
NOTIC: [8] Undefined variable: examtell H:\phpStudy\WWW\1\Runtime\Cache\Home\1131eaa5de72992ef604622b76f3878c.php 第 306 行.
NOTIC: [8] Undefined variable: examtell H:\phpStudy\WWW\1\Runtime\Cache\Home\1131eaa5de72992ef604622b76f3878c.php 第 307 行.
NOTIC: [8] Undefined variable: userinfo H:\phpStudy\WWW\1\Runtime\Cache\Home\1131eaa5de72992ef604622b76f3878c.php 第 394 行.
NOTIC: [8] Undefined variable: userinfo H:\phpStudy\WWW\1\Runtime\Cache\Home\1131eaa5de72992ef604622b76f3878c.php 第 401 行.
NOTIC: [8] Undefined variable: userinfo H:\phpStudy\WWW\1\Runtime\Cache\Home\1131eaa5de72992ef604622b76f3878c.php 第 408 行.
NOTIC: [8] Undefined variable: userinfo H:\phpStudy\WWW\1\Runtime\Cache\Home\1131eaa5de72992ef604622b76f3878c.php 第 415 行.
NOTIC: [8] Undefined variable: userinfo H:\phpStudy\WWW\1\Runtime\Cache\Home\1131eaa5de72992ef604622b76f3878c.php 第 422 行.
NOTIC: [8] Undefined variable: userinfo H:\phpStudy\WWW\1\Runtime\Cache\Home\1131eaa5de72992ef604622b76f3878c.php 第 453 行.
NOTIC: [8] Undefined variable: userinfo H:\phpStudy\WWW\1\Runtime\Cache\Home\1131eaa5de72992ef604622b76f3878c.php 第 490 行.
NOTIC: [8] Undefined variable: userinfo H:\phpStudy\WWW\1\Runtime\Cache\Home\1131eaa5de72992ef604622b76f3878c.php 第 497 行.
NOTIC: [8] Undefined variable: userinfo H:\phpStudy\WWW\1\Runtime\Cache\Home\1131eaa5de72992ef604622b76f3878c.php 第 504 行.
NOTIC: [8] Undefined variable: userinfo H:\phpStudy\WWW\1\Runtime\Cache\Home\1131eaa5de72992ef604622b76f3878c.php 第 511 行.
NOTIC: [8] Undefined variable: userinfo H:\phpStudy\WWW\1\Runtime\Cache\Home\1131eaa5de72992ef604622b76f3878c.php 第 518 行.
INFO: Run Behavior\ParseTemplateBehavior [ RunTime:0.061003s ]
INFO: [ view_parse ] --END-- [ RunTime:0.061003s ]
INFO: [ view_filter ] --START--
INFO: Run Behavior\WriteHtmlCacheBehavior [ RunTime:0.000000s ]
INFO: [ view_filter ] --END-- [ RunTime:0.000000s ]
INFO: [ app_end ] --START--
INFO: Run Behavior\ShowPageTraceBehavior [ RunTime:0.001000s ]
INFO: [ app_end ] --END-- [ RunTime:0.001000s ]

[ 2017-12-04T10:20:14+08:00 ] ::1 /1/index.php/Home/User/result.html
INFO: [ app_init ] --START--
INFO: Run Behavior\BuildLiteBehavior [ RunTime:0.000000s ]
INFO: [ app_init ] --END-- [ RunTime:0.001000s ]
INFO: [ app_begin ] --START--
INFO: Run Behavior\ReadHtmlCacheBehavior [ RunTime:0.001000s ]
INFO: [ app_begin ] --END-- [ RunTime:0.001000s ]
SQL: SHOW COLUMNS FROM `user` [ RunTime:0.0040s ]
SQL: SHOW COLUMNS FROM `exam` [ RunTime:0.0040s ]
SQL: SELECT * FROM `user` WHERE `account` = 'zhouyi' AND `pass` = 1 AND `flag` = 1  [ RunTime:0.0020s ]
SQL: SELECT * FROM `exam`  [ RunTime:0.0000s ]
INFO: [ view_parse ] --START--
INFO: [ template_filter ] --START--
INFO: Run Behavior\ContentReplaceBehavior [ RunTime:0.001000s ]
INFO: [ template_filter ] --END-- [ RunTime:0.001000s ]
NOTIC: [8] Undefined variable: examtell H:\phpStudy\WWW\1\Runtime\Cache\Home\18aba97669fd767de45ab4071dcbed12.php 第 306 行.
NOTIC: [8] Undefined variable: examtell H:\phpStudy\WWW\1\Runtime\Cache\Home\18aba97669fd767de45ab4071dcbed12.php 第 307 行.
NOTIC: [8] Undefined variable: userinfo H:\phpStudy\WWW\1\Runtime\Cache\Home\18aba97669fd767de45ab4071dcbed12.php 第 394 行.
NOTIC: [8] Undefined variable: userinfo H:\phpStudy\WWW\1\Runtime\Cache\Home\18aba97669fd767de45ab4071dcbed12.php 第 401 行.
NOTIC: [8] Undefined variable: userinfo H:\phpStudy\WWW\1\Runtime\Cache\Home\18aba97669fd767de45ab4071dcbed12.php 第 408 行.
NOTIC: [8] Undefined variable: userinfo H:\phpStudy\WWW\1\Runtime\Cache\Home\18aba97669fd767de45ab4071dcbed12.php 第 415 行.
NOTIC: [8] Undefined variable: userinfo H:\phpStudy\WWW\1\Runtime\Cache\Home\18aba97669fd767de45ab4071dcbed12.php 第 422 行.
NOTIC: [8] Undefined variable: userinfo H:\phpStudy\WWW\1\Runtime\Cache\Home\18aba97669fd767de45ab4071dcbed12.php 第 453 行.
NOTIC: [8] Undefined variable: userinfo H:\phpStudy\WWW\1\Runtime\Cache\Home\18aba97669fd767de45ab4071dcbed12.php 第 490 行.
NOTIC: [8] Undefined variable: userinfo H:\phpStudy\WWW\1\Runtime\Cache\Home\18aba97669fd767de45ab4071dcbed12.php 第 497 行.
NOTIC: [8] Undefined variable: userinfo H:\phpStudy\WWW\1\Runtime\Cache\Home\18aba97669fd767de45ab4071dcbed12.php 第 504 行.
NOTIC: [8] Undefined variable: userinfo H:\phpStudy\WWW\1\Runtime\Cache\Home\18aba97669fd767de45ab4071dcbed12.php 第 511 行.
NOTIC: [8] Undefined variable: userinfo H:\phpStudy\WWW\1\Runtime\Cache\Home\18aba97669fd767de45ab4071dcbed12.php 第 518 行.
INFO: Run Behavior\ParseTemplateBehavior [ RunTime:0.035002s ]
INFO: [ view_parse ] --END-- [ RunTime:0.035002s ]
INFO: [ view_filter ] --START--
INFO: Run Behavior\WriteHtmlCacheBehavior [ RunTime:0.001000s ]
INFO: [ view_filter ] --END-- [ RunTime:0.001000s ]
INFO: [ app_end ] --START--
INFO: Run Behavior\ShowPageTraceBehavior [ RunTime:0.001000s ]
INFO: [ app_end ] --END-- [ RunTime:0.001000s ]

[ 2017-12-04T10:20:16+08:00 ] ::1 /1/index.php/Home/User/printcard.html
INFO: [ app_init ] --START--
INFO: Run Behavior\BuildLiteBehavior [ RunTime:0.000000s ]
INFO: [ app_init ] --END-- [ RunTime:0.001000s ]
INFO: [ app_begin ] --START--
INFO: Run Behavior\ReadHtmlCacheBehavior [ RunTime:0.001000s ]
INFO: [ app_begin ] --END-- [ RunTime:0.001000s ]
SQL: SHOW COLUMNS FROM `user` [ RunTime:0.0070s ]
SQL: SHOW COLUMNS FROM `exam` [ RunTime:0.0060s ]
SQL: SELECT max(id) FROM `user` WHERE `account` = 'zhouyi'  [ RunTime:0.0040s ]
SQL: SELECT * FROM `user` WHERE `id` = 811  [ RunTime:0.0010s ]
NOTIC: [8] Use of undefined constant date - assumed 'date' H:\phpStudy\WWW\1\Application\Home\Controller\UserController.class.php 第 346 行.
SQL: SELECT * FROM `user` WHERE `id` = 811  [ RunTime:0.0010s ]
NOTIC: [8] Use of undefined constant group - assumed 'group' H:\phpStudy\WWW\1\Application\Home\Controller\UserController.class.php 第 347 行.
SQL: SELECT * FROM `user` WHERE `id` = 811  [ RunTime:0.0010s ]
NOTIC: [8] Use of undefined constant seat_num - assumed 'seat_num' H:\phpStudy\WWW\1\Application\Home\Controller\UserController.class.php 第 348 行.
SQL: SELECT * FROM `exam` WHERE `time` LIKE '201712%'  [ RunTime:0.0010s ]
SQL: SELECT * FROM `exam` WHERE `time` LIKE '201712%'  [ RunTime:0.0000s ]
SQL: SELECT * FROM `exam` WHERE `time` LIKE '201712%'  [ RunTime:0.0010s ]
NOTIC: [8] Undefined variable: sex H:\phpStudy\WWW\1\Application\Home\Controller\UserController.class.php 第 355 行.
NOTIC: [8] Undefined variable: id_card H:\phpStudy\WWW\1\Application\Home\Controller\UserController.class.php 第 356 行.
NOTIC: [8] Undefined variable: work_address H:\phpStudy\WWW\1\Application\Home\Controller\UserController.class.php 第 359 行.
NOTIC: [8] Undefined variable: exam_card H:\phpStudy\WWW\1\Application\Home\Controller\UserController.class.php 第 360 行.
INFO: [ view_parse ] --START--
INFO: [ template_filter ] --START--
INFO: Run Behavior\ContentReplaceBehavior [ RunTime:0.001000s ]
INFO: [ template_filter ] --END-- [ RunTime:0.001000s ]
NOTIC: [8] Undefined variable: examtell H:\phpStudy\WWW\1\Runtime\Cache\Home\1131eaa5de72992ef604622b76f3878c.php 第 306 行.
NOTIC: [8] Undefined variable: examtell H:\phpStudy\WWW\1\Runtime\Cache\Home\1131eaa5de72992ef604622b76f3878c.php 第 307 行.
NOTIC: [8] Undefined variable: userinfo H:\phpStudy\WWW\1\Runtime\Cache\Home\1131eaa5de72992ef604622b76f3878c.php 第 394 行.
NOTIC: [8] Undefined variable: userinfo H:\phpStudy\WWW\1\Runtime\Cache\Home\1131eaa5de72992ef604622b76f3878c.php 第 401 行.
NOTIC: [8] Undefined variable: userinfo H:\phpStudy\WWW\1\Runtime\Cache\Home\1131eaa5de72992ef604622b76f3878c.php 第 408 行.
NOTIC: [8] Undefined variable: userinfo H:\phpStudy\WWW\1\Runtime\Cache\Home\1131eaa5de72992ef604622b76f3878c.php 第 415 行.
NOTIC: [8] Undefined variable: userinfo H:\phpStudy\WWW\1\Runtime\Cache\Home\1131eaa5de72992ef604622b76f3878c.php 第 422 行.
NOTIC: [8] Undefined variable: userinfo H:\phpStudy\WWW\1\Runtime\Cache\Home\1131eaa5de72992ef604622b76f3878c.php 第 453 行.
NOTIC: [8] Undefined variable: userinfo H:\phpStudy\WWW\1\Runtime\Cache\Home\1131eaa5de72992ef604622b76f3878c.php 第 490 行.
NOTIC: [8] Undefined variable: userinfo H:\phpStudy\WWW\1\Runtime\Cache\Home\1131eaa5de72992ef604622b76f3878c.php 第 497 行.
NOTIC: [8] Undefined variable: userinfo H:\phpStudy\WWW\1\Runtime\Cache\Home\1131eaa5de72992ef604622b76f3878c.php 第 504 行.
NOTIC: [8] Undefined variable: userinfo H:\phpStudy\WWW\1\Runtime\Cache\Home\1131eaa5de72992ef604622b76f3878c.php 第 511 行.
NOTIC: [8] Undefined variable: userinfo H:\phpStudy\WWW\1\Runtime\Cache\Home\1131eaa5de72992ef604622b76f3878c.php 第 518 行.
INFO: Run Behavior\ParseTemplateBehavior [ RunTime:0.057004s ]
INFO: [ view_parse ] --END-- [ RunTime:0.058004s ]
INFO: [ view_filter ] --START--
INFO: Run Behavior\WriteHtmlCacheBehavior [ RunTime:0.001000s ]
INFO: [ view_filter ] --END-- [ RunTime:0.001000s ]
INFO: [ app_end ] --START--
INFO: Run Behavior\ShowPageTraceBehavior [ RunTime:0.001000s ]
INFO: [ app_end ] --END-- [ RunTime:0.001000s ]

[ 2017-12-04T10:20:20+08:00 ] ::1 /1/index.php/Home/User/baoming.html
INFO: [ app_init ] --START--
INFO: Run Behavior\BuildLiteBehavior [ RunTime:0.001000s ]
INFO: [ app_init ] --END-- [ RunTime:0.001000s ]
INFO: [ app_begin ] --START--
INFO: Run Behavior\ReadHtmlCacheBehavior [ RunTime:0.001000s ]
INFO: [ app_begin ] --END-- [ RunTime:0.001000s ]
SQL: SHOW COLUMNS FROM `notice` [ RunTime:0.0020s ]
SQL: SELECT max(id) FROM `notice`  [ RunTime:0.0000s ]
SQL: SELECT * FROM `notice` WHERE `id` = 13  [ RunTime:0.0000s ]
SQL: SHOW COLUMNS FROM `user` [ RunTime:0.0030s ]
SQL: SELECT MAX(id) AS tp_max FROM `user` WHERE `account` = 'zhouyi' LIMIT 1   [ RunTime:0.0020s ]
SQL: SELECT * FROM `user` WHERE `id` = 811 AND `account` = 'zhouyi'  [ RunTime:0.0000s ]
NOTIC: [8] Use of undefined constant date - assumed 'date' H:\phpStudy\WWW\1\Application\Home\Controller\UserController.class.php 第 50 行.
NOTIC: [8] Use of undefined constant date - assumed 'date' H:\phpStudy\WWW\1\Application\Home\Controller\UserController.class.php 第 59 行.
NOTIC: [8] Use of undefined constant date - assumed 'date' H:\phpStudy\WWW\1\Application\Home\Controller\UserController.class.php 第 59 行.
NOTIC: [8] Use of undefined constant date - assumed 'date' H:\phpStudy\WWW\1\Application\Home\Controller\UserController.class.php 第 62 行.
NOTIC: [8] Use of undefined constant subject - assumed 'subject' H:\phpStudy\WWW\1\Application\Home\Controller\UserController.class.php 第 63 行.
NOTIC: [8] Use of undefined constant subject - assumed 'subject' H:\phpStudy\WWW\1\Application\Home\Controller\UserController.class.php 第 84 行.
NOTIC: [8] Use of undefined constant flag - assumed 'flag' H:\phpStudy\WWW\1\Application\Home\Controller\UserController.class.php 第 86 行.
NOTIC: [8] Use of undefined constant date - assumed 'date' H:\phpStudy\WWW\1\Application\Home\Controller\UserController.class.php 第 88 行.
NOTIC: [8] Use of undefined constant date - assumed 'date' H:\phpStudy\WWW\1\Application\Home\Controller\UserController.class.php 第 89 行.
INFO: [ view_parse ] --START--
INFO: [ template_filter ] --START--
INFO: Run Behavior\ContentReplaceBehavior [ RunTime:0.000000s ]
INFO: [ template_filter ] --END-- [ RunTime:0.000000s ]
NOTIC: [8] Undefined variable: examtell H:\phpStudy\WWW\1\Runtime\Cache\Home\85c15a4bfa0cca2d317beed460ec1545.php 第 306 行.
NOTIC: [8] Undefined variable: examtell H:\phpStudy\WWW\1\Runtime\Cache\Home\85c15a4bfa0cca2d317beed460ec1545.php 第 307 行.
NOTIC: [8] Undefined variable: userinfo H:\phpStudy\WWW\1\Runtime\Cache\Home\85c15a4bfa0cca2d317beed460ec1545.php 第 394 行.
NOTIC: [8] Undefined variable: userinfo H:\phpStudy\WWW\1\Runtime\Cache\Home\85c15a4bfa0cca2d317beed460ec1545.php 第 401 行.
NOTIC: [8] Undefined variable: userinfo H:\phpStudy\WWW\1\Runtime\Cache\Home\85c15a4bfa0cca2d317beed460ec1545.php 第 408 行.
NOTIC: [8] Undefined variable: userinfo H:\phpStudy\WWW\1\Runtime\Cache\Home\85c15a4bfa0cca2d317beed460ec1545.php 第 415 行.
NOTIC: [8] Undefined variable: userinfo H:\phpStudy\WWW\1\Runtime\Cache\Home\85c15a4bfa0cca2d317beed460ec1545.php 第 422 行.
NOTIC: [8] Undefined variable: userinfo H:\phpStudy\WWW\1\Runtime\Cache\Home\85c15a4bfa0cca2d317beed460ec1545.php 第 453 行.
NOTIC: [8] Undefined variable: userinfo H:\phpStudy\WWW\1\Runtime\Cache\Home\85c15a4bfa0cca2d317beed460ec1545.php 第 490 行.
NOTIC: [8] Undefined variable: userinfo H:\phpStudy\WWW\1\Runtime\Cache\Home\85c15a4bfa0cca2d317beed460ec1545.php 第 497 行.
NOTIC: [8] Undefined variable: userinfo H:\phpStudy\WWW\1\Runtime\Cache\Home\85c15a4bfa0cca2d317beed460ec1545.php 第 504 行.
NOTIC: [8] Undefined variable: userinfo H:\phpStudy\WWW\1\Runtime\Cache\Home\85c15a4bfa0cca2d317beed460ec1545.php 第 511 行.
NOTIC: [8] Undefined variable: userinfo H:\phpStudy\WWW\1\Runtime\Cache\Home\85c15a4bfa0cca2d317beed460ec1545.php 第 518 行.
INFO: Run Behavior\ParseTemplateBehavior [ RunTime:0.022001s ]
INFO: [ view_parse ] --END-- [ RunTime:0.022001s ]
INFO: [ view_filter ] --START--
INFO: Run Behavior\WriteHtmlCacheBehavior [ RunTime:0.001001s ]
INFO: [ view_filter ] --END-- [ RunTime:0.001001s ]
INFO: [ app_end ] --START--
INFO: Run Behavior\ShowPageTraceBehavior [ RunTime:0.000000s ]
INFO: [ app_end ] --END-- [ RunTime:0.000000s ]

[ 2017-12-04T10:20:25+08:00 ] ::1 /1/index.php/Home/User/hegezheng.html
INFO: [ app_init ] --START--
INFO: Run Behavior\BuildLiteBehavior [ RunTime:0.000000s ]
INFO: [ app_init ] --END-- [ RunTime:0.001000s ]
INFO: [ app_begin ] --START--
INFO: Run Behavior\ReadHtmlCacheBehavior [ RunTime:0.002000s ]
INFO: [ app_begin ] --END-- [ RunTime:0.002000s ]
INFO: [ view_parse ] --START--
INFO: [ template_filter ] --START--
INFO: Run Behavior\ContentReplaceBehavior [ RunTime:0.000000s ]
INFO: [ template_filter ] --END-- [ RunTime:0.000000s ]
NOTIC: [8] Undefined variable: examtell H:\phpStudy\WWW\1\Runtime\Cache\Home\114bc4a0da12ca107f75dc038974b2f8.php 第 306 行.
NOTIC: [8] Undefined variable: examtell H:\phpStudy\WWW\1\Runtime\Cache\Home\114bc4a0da12ca107f75dc038974b2f8.php 第 307 行.
NOTIC: [8] Undefined variable: userinfo H:\phpStudy\WWW\1\Runtime\Cache\Home\114bc4a0da12ca107f75dc038974b2f8.php 第 394 行.
NOTIC: [8] Undefined variable: userinfo H:\phpStudy\WWW\1\Runtime\Cache\Home\114bc4a0da12ca107f75dc038974b2f8.php 第 401 行.
NOTIC: [8] Undefined variable: userinfo H:\phpStudy\WWW\1\Runtime\Cache\Home\114bc4a0da12ca107f75dc038974b2f8.php 第 408 行.
NOTIC: [8] Undefined variable: userinfo H:\phpStudy\WWW\1\Runtime\Cache\Home\114bc4a0da12ca107f75dc038974b2f8.php 第 415 行.
NOTIC: [8] Undefined variable: userinfo H:\phpStudy\WWW\1\Runtime\Cache\Home\114bc4a0da12ca107f75dc038974b2f8.php 第 422 行.
NOTIC: [8] Undefined variable: userinfo H:\phpStudy\WWW\1\Runtime\Cache\Home\114bc4a0da12ca107f75dc038974b2f8.php 第 453 行.
NOTIC: [8] Undefined variable: userinfo H:\phpStudy\WWW\1\Runtime\Cache\Home\114bc4a0da12ca107f75dc038974b2f8.php 第 490 行.
NOTIC: [8] Undefined variable: userinfo H:\phpStudy\WWW\1\Runtime\Cache\Home\114bc4a0da12ca107f75dc038974b2f8.php 第 497 行.
NOTIC: [8] Undefined variable: userinfo H:\phpStudy\WWW\1\Runtime\Cache\Home\114bc4a0da12ca107f75dc038974b2f8.php 第 504 行.
NOTIC: [8] Undefined variable: userinfo H:\phpStudy\WWW\1\Runtime\Cache\Home\114bc4a0da12ca107f75dc038974b2f8.php 第 511 行.
NOTIC: [8] Undefined variable: userinfo H:\phpStudy\WWW\1\Runtime\Cache\Home\114bc4a0da12ca107f75dc038974b2f8.php 第 518 行.
INFO: Run Behavior\ParseTemplateBehavior [ RunTime:0.045003s ]
INFO: [ view_parse ] --END-- [ RunTime:0.045003s ]
INFO: [ view_filter ] --START--
INFO: Run Behavior\WriteHtmlCacheBehavior [ RunTime:0.001000s ]
INFO: [ view_filter ] --END-- [ RunTime:0.001000s ]
INFO: [ app_end ] --START--
INFO: Run Behavior\ShowPageTraceBehavior [ RunTime:0.001000s ]
INFO: [ app_end ] --END-- [ RunTime:0.001000s ]

[ 2017-12-04T10:20:26+08:00 ] ::1 /1/index.php/Home/User/printzs.html
INFO: [ app_init ] --START--
INFO: Run Behavior\BuildLiteBehavior [ RunTime:0.000000s ]
INFO: [ app_init ] --END-- [ RunTime:0.001000s ]
INFO: [ app_begin ] --START--
INFO: Run Behavior\ReadHtmlCacheBehavior [ RunTime:0.001000s ]
INFO: [ app_begin ] --END-- [ RunTime:0.001000s ]
SQL: SHOW COLUMNS FROM `user` [ RunTime:0.0070s ]
SQL: SHOW COLUMNS FROM `exam` [ RunTime:0.0070s ]
SQL: SHOW COLUMNS FROM `notice` [ RunTime:0.0060s ]
SQL: SELECT max(id) FROM `user` WHERE `account` = 'zhouyi'  [ RunTime:0.0040s ]
SQL: SELECT * FROM `user` WHERE `id` = 811  [ RunTime:0.0000s ]
NOTIC: [8] Use of undefined constant score - assumed 'score' H:\phpStudy\WWW\1\Application\Home\Controller\UserController.class.php 第 456 行.
SQL: SELECT * FROM `user` WHERE `id` = 811  [ RunTime:0.0010s ]
NOTIC: [8] Use of undefined constant date - assumed 'date' H:\phpStudy\WWW\1\Application\Home\Controller\UserController.class.php 第 457 行.
SQL: SELECT max(id) FROM `exam`  [ RunTime:0.0010s ]
SQL: SELECT max(id) FROM `notice`  [ RunTime:0.0010s ]
SQL: SELECT * FROM `user` WHERE `id` = 811  [ RunTime:0.0010s ]
SQL: SELECT * FROM `user` WHERE `id` = 811  [ RunTime:0.0010s ]
NOTIC: [8] Use of undefined constant date - assumed 'date' H:\phpStudy\WWW\1\Application\Home\Controller\UserController.class.php 第 461 行.
SQL: SELECT `subject` FROM `notice` WHERE `id` = 13  [ RunTime:0.0010s ]
SQL: SELECT * FROM `exam` WHERE `id` = 11  [ RunTime:0.0010s ]
NOTIC: [8] Use of undefined constant time - assumed 'time' H:\phpStudy\WWW\1\Application\Home\Controller\UserController.class.php 第 464 行.
SQL: SELECT `time` FROM `exam` WHERE `id` = 11  [ RunTime:0.0000s ]
NOTIC: [8] Use of undefined constant time - assumed 'time' H:\phpStudy\WWW\1\Application\Home\Controller\UserController.class.php 第 469 行.
SQL: SELECT MAX(id) AS tp_max FROM `user` WHERE `account` = 'zhouyi' LIMIT 1   [ RunTime:0.0040s ]
SQL: SELECT * FROM `user` WHERE `id` = 811  [ RunTime:0.0010s ]
SQL: SELECT * FROM `exam`  [ RunTime:0.0010s ]
NOTIC: [8] Undefined variable: other_exam H:\phpStudy\WWW\1\Application\Home\Controller\UserController.class.php 第 506 行.
INFO: [ view_parse ] --START--
INFO: [ template_filter ] --START--
INFO: Run Behavior\ContentReplaceBehavior [ RunTime:0.000000s ]
INFO: [ template_filter ] --END-- [ RunTime:0.000000s ]
INFO: Run Behavior\ParseTemplateBehavior [ RunTime:0.016001s ]
INFO: [ view_parse ] --END-- [ RunTime:0.016001s ]
INFO: [ view_filter ] --START--
INFO: Run Behavior\WriteHtmlCacheBehavior [ RunTime:0.000000s ]
INFO: [ view_filter ] --END-- [ RunTime:0.000000s ]
INFO: [ app_end ] --START--
INFO: Run Behavior\ShowPageTraceBehavior [ RunTime:0.001000s ]
INFO: [ app_end ] --END-- [ RunTime:0.001000s ]

[ 2017-12-04T10:39:25+08:00 ] ::1 /1/index.php/Home/User/printzs.html
INFO: [ app_init ] --START--
INFO: Run Behavior\BuildLiteBehavior [ RunTime:0.000000s ]
INFO: [ app_init ] --END-- [ RunTime:0.001000s ]
INFO: [ app_begin ] --START--
INFO: Run Behavior\ReadHtmlCacheBehavior [ RunTime:0.001000s ]
INFO: [ app_begin ] --END-- [ RunTime:0.001000s ]
SQL: SHOW COLUMNS FROM `user` [ RunTime:0.0090s ]
SQL: SHOW COLUMNS FROM `exam` [ RunTime:0.0080s ]
SQL: SHOW COLUMNS FROM `notice` [ RunTime:0.0070s ]
SQL: SELECT max(id) FROM `user` WHERE `account` = 'zhouyi'  [ RunTime:0.0040s ]
SQL: SELECT * FROM `user` WHERE `id` = 811  [ RunTime:0.0010s ]
NOTIC: [8] Use of undefined constant score - assumed 'score' H:\phpStudy\WWW\1\Application\Home\Controller\UserController.class.php 第 456 行.
SQL: SELECT * FROM `user` WHERE `id` = 811  [ RunTime:0.0010s ]
NOTIC: [8] Use of undefined constant date - assumed 'date' H:\phpStudy\WWW\1\Application\Home\Controller\UserController.class.php 第 457 行.
SQL: SELECT max(id) FROM `exam`  [ RunTime:0.0010s ]
SQL: SELECT max(id) FROM `notice`  [ RunTime:0.0010s ]
SQL: SELECT * FROM `user` WHERE `id` = 811  [ RunTime:0.0010s ]
SQL: SELECT * FROM `user` WHERE `id` = 811  [ RunTime:0.0010s ]
NOTIC: [8] Use of undefined constant date - assumed 'date' H:\phpStudy\WWW\1\Application\Home\Controller\UserController.class.php 第 461 行.
SQL: SELECT `subject` FROM `notice` WHERE `id` = 13  [ RunTime:0.0000s ]
SQL: SELECT * FROM `exam` WHERE `id` = 11  [ RunTime:0.0000s ]
NOTIC: [8] Use of undefined constant time - assumed 'time' H:\phpStudy\WWW\1\Application\Home\Controller\UserController.class.php 第 464 行.
SQL: SELECT `time` FROM `exam` WHERE `id` = 11  [ RunTime:0.0000s ]
NOTIC: [8] Use of undefined constant time - assumed 'time' H:\phpStudy\WWW\1\Application\Home\Controller\UserController.class.php 第 469 行.
SQL: SELECT MAX(id) AS tp_max FROM `user` WHERE `account` = 'zhouyi' LIMIT 1   [ RunTime:0.0040s ]
SQL: SELECT * FROM `user` WHERE `id` = 811  [ RunTime:0.0010s ]
SQL: SELECT * FROM `exam`  [ RunTime:0.0010s ]
NOTIC: [8] Undefined variable: other_exam H:\phpStudy\WWW\1\Application\Home\Controller\UserController.class.php 第 506 行.
INFO: [ view_parse ] --START--
INFO: [ template_filter ] --START--
INFO: Run Behavior\ContentReplaceBehavior [ RunTime:0.000000s ]
INFO: [ template_filter ] --END-- [ RunTime:0.000000s ]
INFO: Run Behavior\ParseTemplateBehavior [ RunTime:0.018001s ]
INFO: [ view_parse ] --END-- [ RunTime:0.018001s ]
INFO: [ view_filter ] --START--
INFO: Run Behavior\WriteHtmlCacheBehavior [ RunTime:0.001000s ]
INFO: [ view_filter ] --END-- [ RunTime:0.001000s ]
INFO: [ app_end ] --START--
INFO: Run Behavior\ShowPageTraceBehavior [ RunTime:0.001000s ]
INFO: [ app_end ] --END-- [ RunTime:0.002000s ]

