[ 2017-12-12T19:52:01+08:00 ] 127.0.0.1 /index.php/Home/User/printcard2.html
INFO: [ app_init ] --START--
INFO: Run Behavior\BuildLiteBehavior [ RunTime:0.000000s ]
INFO: [ app_init ] --END-- [ RunTime:0.000000s ]
INFO: [ app_begin ] --START--
INFO: Run Behavior\ReadHtmlCacheBehavior [ RunTime:0.000000s ]
INFO: [ app_begin ] --END-- [ RunTime:0.000000s ]
SQL: SHOW COLUMNS FROM `user` [ RunTime:0.0000s ]
SQL: SHOW COLUMNS FROM `exam` [ RunTime:0.0000s ]
SQL: SELECT max(id) FROM `user` WHERE `account` = 'qweqwe'  [ RunTime:0.0000s ]
SQL: SELECT * FROM `user` WHERE `id` = 46  [ RunTime:0.0000s ]
NOTIC: [8] Use of undefined constant flag - assumed 'flag' C:\phpmystudy\WWW\Application\Home\Controller\UserController.class.php 第 375 行.
SQL: SELECT * FROM `user` WHERE `id` = 46  [ RunTime:0.0000s ]
NOTIC: [8] Use of undefined constant pass - assumed 'pass' C:\phpmystudy\WWW\Application\Home\Controller\UserController.class.php 第 376 行.
SQL: SELECT * FROM `user` WHERE `id` = 46  [ RunTime:0.0000s ]
NOTIC: [8] Use of undefined constant date - assumed 'date' C:\phpmystudy\WWW\Application\Home\Controller\UserController.class.php 第 379 行.
SQL: SELECT * FROM `user` WHERE `id` = 46  [ RunTime:0.0000s ]
NOTIC: [8] Use of undefined constant sex - assumed 'sex' C:\phpmystudy\WWW\Application\Home\Controller\UserController.class.php 第 380 行.
SQL: SELECT * FROM `user` WHERE `id` = 46  [ RunTime:0.0000s ]
NOTIC: [8] Use of undefined constant id_card - assumed 'id_card' C:\phpmystudy\WWW\Application\Home\Controller\UserController.class.php 第 381 行.
SQL: SELECT * FROM `user` WHERE `id` = 46  [ RunTime:0.0000s ]
NOTIC: [8] Use of undefined constant group - assumed 'group' C:\phpmystudy\WWW\Application\Home\Controller\UserController.class.php 第 382 行.
SQL: SELECT * FROM `user` WHERE `id` = 46  [ RunTime:0.0000s ]
NOTIC: [8] Use of undefined constant seat_num - assumed 'seat_num' C:\phpmystudy\WWW\Application\Home\Controller\UserController.class.php 第 383 行.
SQL: SELECT * FROM `user` WHERE `id` = 46  [ RunTime:0.0000s ]
NOTIC: [8] Use of undefined constant work_address - assumed 'work_address' C:\phpmystudy\WWW\Application\Home\Controller\UserController.class.php 第 384 行.
SQL: SELECT * FROM `exam` WHERE `time` LIKE '201601%'  [ RunTime:0.0000s ]
SQL: SELECT * FROM `exam` WHERE `time` LIKE '201601%'  [ RunTime:0.0000s ]
SQL: SELECT * FROM `exam` WHERE `time` LIKE '201601%'  [ RunTime:0.0000s ]
INFO: [ view_parse ] --START--
INFO: [ template_filter ] --START--
INFO: Run Behavior\ContentReplaceBehavior [ RunTime:0.000000s ]
INFO: [ template_filter ] --END-- [ RunTime:0.000000s ]
INFO: Run Behavior\ParseTemplateBehavior [ RunTime:0.015600s ]
INFO: [ view_parse ] --END-- [ RunTime:0.015600s ]
INFO: [ view_filter ] --START--
INFO: Run Behavior\WriteHtmlCacheBehavior [ RunTime:0.000000s ]
INFO: [ view_filter ] --END-- [ RunTime:0.000000s ]
INFO: [ app_end ] --START--
INFO: Run Behavior\ShowPageTraceBehavior [ RunTime:0.000000s ]
INFO: [ app_end ] --END-- [ RunTime:0.000000s ]

