[ 2017-12-28T21:35:03+08:00 ] 127.0.0.1 /index.php/Home/User/printcard.html
INFO: [ app_init ] --START--
INFO: Run Behavior\BuildLiteBehavior [ RunTime:0.000000s ]
INFO: [ app_init ] --END-- [ RunTime:0.000000s ]
INFO: [ app_begin ] --START--
INFO: Run Behavior\ReadHtmlCacheBehavior [ RunTime:0.000000s ]
INFO: [ app_begin ] --END-- [ RunTime:0.000000s ]
SQL: SHOW COLUMNS FROM `user` [ RunTime:0.0000s ]
SQL: SHOW COLUMNS FROM `exam` [ RunTime:0.0000s ]
SQL: SELECT max(id) FROM `user` WHERE `account` = 'qweqwe'  [ RunTime:0.0000s ]
SQL: SELECT * FROM `user` WHERE `id` = 46  [ RunTime:0.0000s ]
NOTIC: [8] Use of undefined constant date - assumed 'date' C:\phpmystudy\WWW\Application\Home\Controller\UserController.class.php 第 346 行.
SQL: SELECT * FROM `user` WHERE `id` = 46  [ RunTime:0.0000s ]
NOTIC: [8] Use of undefined constant group - assumed 'group' C:\phpmystudy\WWW\Application\Home\Controller\UserController.class.php 第 347 行.
SQL: SELECT * FROM `user` WHERE `id` = 46  [ RunTime:0.0000s ]
NOTIC: [8] Use of undefined constant seat_num - assumed 'seat_num' C:\phpmystudy\WWW\Application\Home\Controller\UserController.class.php 第 348 行.
SQL: SELECT * FROM `exam` WHERE `time` LIKE '201601%'  [ RunTime:0.0000s ]
SQL: SELECT * FROM `exam` WHERE `time` LIKE '201601%'  [ RunTime:0.0000s ]
SQL: SELECT * FROM `exam` WHERE `time` LIKE '201601%'  [ RunTime:0.0000s ]
NOTIC: [8] Undefined variable: sex C:\phpmystudy\WWW\Application\Home\Controller\UserController.class.php 第 355 行.
NOTIC: [8] Undefined variable: id_card C:\phpmystudy\WWW\Application\Home\Controller\UserController.class.php 第 356 行.
NOTIC: [8] Undefined variable: work_address C:\phpmystudy\WWW\Application\Home\Controller\UserController.class.php 第 359 行.
NOTIC: [8] Undefined variable: exam_card C:\phpmystudy\WWW\Application\Home\Controller\UserController.class.php 第 360 行.
INFO: [ view_parse ] --START--
INFO: [ template_filter ] --START--
INFO: Run Behavior\ContentReplaceBehavior [ RunTime:0.000000s ]
INFO: [ template_filter ] --END-- [ RunTime:0.000000s ]
NOTIC: [8] Undefined variable: examtell C:\phpmystudy\WWW\Runtime\Cache\Home\1131eaa5de72992ef604622b76f3878c.php 第 306 行.
NOTIC: [8] Undefined variable: examtell C:\phpmystudy\WWW\Runtime\Cache\Home\1131eaa5de72992ef604622b76f3878c.php 第 307 行.
NOTIC: [8] Undefined variable: userinfo C:\phpmystudy\WWW\Runtime\Cache\Home\1131eaa5de72992ef604622b76f3878c.php 第 394 行.
NOTIC: [8] Undefined variable: userinfo C:\phpmystudy\WWW\Runtime\Cache\Home\1131eaa5de72992ef604622b76f3878c.php 第 401 行.
NOTIC: [8] Undefined variable: userinfo C:\phpmystudy\WWW\Runtime\Cache\Home\1131eaa5de72992ef604622b76f3878c.php 第 408 行.
NOTIC: [8] Undefined variable: userinfo C:\phpmystudy\WWW\Runtime\Cache\Home\1131eaa5de72992ef604622b76f3878c.php 第 415 行.
NOTIC: [8] Undefined variable: userinfo C:\phpmystudy\WWW\Runtime\Cache\Home\1131eaa5de72992ef604622b76f3878c.php 第 422 行.
NOTIC: [8] Undefined variable: userinfo C:\phpmystudy\WWW\Runtime\Cache\Home\1131eaa5de72992ef604622b76f3878c.php 第 453 行.
NOTIC: [8] Undefined variable: userinfo C:\phpmystudy\WWW\Runtime\Cache\Home\1131eaa5de72992ef604622b76f3878c.php 第 490 行.
NOTIC: [8] Undefined variable: userinfo C:\phpmystudy\WWW\Runtime\Cache\Home\1131eaa5de72992ef604622b76f3878c.php 第 497 行.
NOTIC: [8] Undefined variable: userinfo C:\phpmystudy\WWW\Runtime\Cache\Home\1131eaa5de72992ef604622b76f3878c.php 第 504 行.
NOTIC: [8] Undefined variable: userinfo C:\phpmystudy\WWW\Runtime\Cache\Home\1131eaa5de72992ef604622b76f3878c.php 第 511 行.
NOTIC: [8] Undefined variable: userinfo C:\phpmystudy\WWW\Runtime\Cache\Home\1131eaa5de72992ef604622b76f3878c.php 第 518 行.
INFO: Run Behavior\ParseTemplateBehavior [ RunTime:0.015600s ]
INFO: [ view_parse ] --END-- [ RunTime:0.015600s ]
INFO: [ view_filter ] --START--
INFO: Run Behavior\WriteHtmlCacheBehavior [ RunTime:0.000000s ]
INFO: [ view_filter ] --END-- [ RunTime:0.000000s ]
INFO: [ app_end ] --START--
INFO: Run Behavior\ShowPageTraceBehavior [ RunTime:0.000000s ]
INFO: [ app_end ] --END-- [ RunTime:0.000000s ]

[ 2017-12-28T19:26:39+08:00 ] 127.0.0.1 /TPdemo/1/index.php/Home/User/printzs
INFO: [ app_init ] --START--
INFO: Run Behavior\BuildLiteBehavior [ RunTime:0.000016s ]
INFO: [ app_init ] --END-- [ RunTime:0.000966s ]
INFO: [ app_begin ] --START--
INFO: Run Behavior\ReadHtmlCacheBehavior [ RunTime:0.001440s ]
INFO: [ app_begin ] --END-- [ RunTime:0.001505s ]
SQL: SHOW COLUMNS FROM `user` [ RunTime:0.0989s ]
SQL: SHOW COLUMNS FROM `exam` [ RunTime:0.1005s ]
SQL: SHOW COLUMNS FROM `notice` [ RunTime:0.0855s ]
SQL: SELECT max(id) FROM `user` WHERE `account` = ''  [ RunTime:0.0150s ]
SQL: SELECT * FROM `user` WHERE `id` = 780  [ RunTime:0.0006s ]
NOTIC: [8] Use of undefined constant score - assumed 'score' D:\phpStudy\WWW\TPdemo\1\Application\Home\Controller\UserController.class.php 第 456 行.
SQL: SELECT * FROM `user` WHERE `id` = 780  [ RunTime:0.0004s ]
NOTIC: [8] Use of undefined constant date - assumed 'date' D:\phpStudy\WWW\TPdemo\1\Application\Home\Controller\UserController.class.php 第 457 行.
SQL: SELECT max(id) FROM `exam`  [ RunTime:0.0003s ]
SQL: SELECT max(id) FROM `notice`  [ RunTime:0.0003s ]
SQL: SELECT * FROM `user` WHERE `id` = 780  [ RunTime:0.0004s ]
SQL: SELECT * FROM `user` WHERE `id` = 780  [ RunTime:0.0004s ]
NOTIC: [8] Use of undefined constant date - assumed 'date' D:\phpStudy\WWW\TPdemo\1\Application\Home\Controller\UserController.class.php 第 461 行.
SQL: SELECT `subject` FROM `notice` WHERE `id` = 13  [ RunTime:0.0003s ]
SQL: SELECT * FROM `exam` WHERE `id` = 11  [ RunTime:0.0003s ]
NOTIC: [8] Use of undefined constant time - assumed 'time' D:\phpStudy\WWW\TPdemo\1\Application\Home\Controller\UserController.class.php 第 464 行.
SQL: SELECT `time` FROM `exam` WHERE `id` = 11  [ RunTime:0.0003s ]
NOTIC: [8] Use of undefined constant time - assumed 'time' D:\phpStudy\WWW\TPdemo\1\Application\Home\Controller\UserController.class.php 第 469 行.
INFO: [ app_end ] --START--
INFO: Run Behavior\ShowPageTraceBehavior [ RunTime:0.001185s ]
INFO: [ app_end ] --END-- [ RunTime:0.001237s ]

[ 2017-12-28T19:26:46+08:00 ] 127.0.0.1 /TPdemo/1/index.php/Home/User/printzs%E3%80%82html
INFO: [ app_init ] --START--
INFO: Run Behavior\BuildLiteBehavior [ RunTime:0.000023s ]
INFO: [ app_init ] --END-- [ RunTime:0.001308s ]
INFO: [ app_begin ] --START--
INFO: Run Behavior\ReadHtmlCacheBehavior [ RunTime:0.001739s ]
INFO: [ app_begin ] --END-- [ RunTime:0.001840s ]
ERR: 非法操作:printzs。html

[ 2017-12-28T19:26:52+08:00 ] 127.0.0.1 /TPdemo/1/index.php/Home/User/printzs.html
INFO: [ app_init ] --START--
INFO: Run Behavior\BuildLiteBehavior [ RunTime:0.000020s ]
INFO: [ app_init ] --END-- [ RunTime:0.000963s ]
INFO: [ app_begin ] --START--
INFO: Run Behavior\ReadHtmlCacheBehavior [ RunTime:0.001238s ]
INFO: [ app_begin ] --END-- [ RunTime:0.001327s ]
SQL: SHOW COLUMNS FROM `user` [ RunTime:0.0590s ]
SQL: SHOW COLUMNS FROM `exam` [ RunTime:0.0244s ]
SQL: SHOW COLUMNS FROM `notice` [ RunTime:0.0410s ]
SQL: SELECT max(id) FROM `user` WHERE `account` = ''  [ RunTime:0.0022s ]
SQL: SELECT * FROM `user` WHERE `id` = 780  [ RunTime:0.0005s ]
NOTIC: [8] Use of undefined constant score - assumed 'score' D:\phpStudy\WWW\TPdemo\1\Application\Home\Controller\UserController.class.php 第 456 行.
SQL: SELECT * FROM `user` WHERE `id` = 780  [ RunTime:0.0005s ]
NOTIC: [8] Use of undefined constant date - assumed 'date' D:\phpStudy\WWW\TPdemo\1\Application\Home\Controller\UserController.class.php 第 457 行.
SQL: SELECT max(id) FROM `exam`  [ RunTime:0.0003s ]
SQL: SELECT max(id) FROM `notice`  [ RunTime:0.0003s ]
SQL: SELECT * FROM `user` WHERE `id` = 780  [ RunTime:0.0004s ]
SQL: SELECT * FROM `user` WHERE `id` = 780  [ RunTime:0.0004s ]
NOTIC: [8] Use of undefined constant date - assumed 'date' D:\phpStudy\WWW\TPdemo\1\Application\Home\Controller\UserController.class.php 第 461 行.
SQL: SELECT `subject` FROM `notice` WHERE `id` = 13  [ RunTime:0.0003s ]
SQL: SELECT * FROM `exam` WHERE `id` = 11  [ RunTime:0.0003s ]
NOTIC: [8] Use of undefined constant time - assumed 'time' D:\phpStudy\WWW\TPdemo\1\Application\Home\Controller\UserController.class.php 第 464 行.
SQL: SELECT `time` FROM `exam` WHERE `id` = 11  [ RunTime:0.0004s ]
NOTIC: [8] Use of undefined constant time - assumed 'time' D:\phpStudy\WWW\TPdemo\1\Application\Home\Controller\UserController.class.php 第 469 行.
INFO: [ app_end ] --START--
INFO: Run Behavior\ShowPageTraceBehavior [ RunTime:0.001293s ]
INFO: [ app_end ] --END-- [ RunTime:0.001354s ]

[ 2017-12-28T19:27:31+08:00 ] 127.0.0.1 /TPdemo/1/index.php/Home/User/
INFO: [ app_init ] --START--
INFO: Run Behavior\BuildLiteBehavior [ RunTime:0.000022s ]
INFO: [ app_init ] --END-- [ RunTime:0.001089s ]
INFO: [ app_begin ] --START--
INFO: Run Behavior\ReadHtmlCacheBehavior [ RunTime:0.001197s ]
INFO: [ app_begin ] --END-- [ RunTime:0.001314s ]
ERR: 非法操作:index

[ 2017-12-28T19:27:47+08:00 ] 127.0.0.1 /TPdemo/1/index.php/Home/Load/load.html
INFO: [ app_init ] --START--
INFO: Run Behavior\BuildLiteBehavior [ RunTime:0.000021s ]
INFO: [ app_init ] --END-- [ RunTime:0.001262s ]
INFO: [ app_begin ] --START--
INFO: Run Behavior\ReadHtmlCacheBehavior [ RunTime:0.001701s ]
INFO: [ app_begin ] --END-- [ RunTime:0.001789s ]
INFO: [ view_parse ] --START--
INFO: [ template_filter ] --START--
INFO: Run Behavior\ContentReplaceBehavior [ RunTime:0.000114s ]
INFO: [ template_filter ] --END-- [ RunTime:0.000191s ]
INFO: Run Behavior\ParseTemplateBehavior [ RunTime:0.055221s ]
INFO: [ view_parse ] --END-- [ RunTime:0.055314s ]
INFO: [ view_filter ] --START--
INFO: Run Behavior\WriteHtmlCacheBehavior [ RunTime:0.001326s ]
INFO: [ view_filter ] --END-- [ RunTime:0.001389s ]
INFO: [ app_end ] --START--
INFO: Run Behavior\ShowPageTraceBehavior [ RunTime:0.001675s ]
INFO: [ app_end ] --END-- [ RunTime:0.001746s ]

[ 2017-12-28T19:29:37+08:00 ] 127.0.0.1 /TPdemo/1/index.php/Home/Load/load.html
INFO: [ app_init ] --START--
INFO: Run Behavior\BuildLiteBehavior [ RunTime:0.000014s ]
INFO: [ app_init ] --END-- [ RunTime:0.000772s ]
INFO: [ app_begin ] --START--
INFO: Run Behavior\ReadHtmlCacheBehavior [ RunTime:0.000959s ]
INFO: [ app_begin ] --END-- [ RunTime:0.001019s ]
SQL: SHOW COLUMNS FROM `user` [ RunTime:0.0540s ]
SQL: SELECT * FROM `user` WHERE `account` = 'ytx叶桐轩' AND `password` = 'be7152bffd02c21f2e926f3e7cd2cba4' LIMIT 1   [ RunTime:0.0006s ]
INFO: [ view_parse ] --START--
INFO: [ template_filter ] --START--
INFO: Run Behavior\ContentReplaceBehavior [ RunTime:0.000045s ]
INFO: [ template_filter ] --END-- [ RunTime:0.000112s ]
INFO: Run Behavior\ParseTemplateBehavior [ RunTime:0.015019s ]
INFO: [ view_parse ] --END-- [ RunTime:0.015120s ]
INFO: [ view_filter ] --START--
INFO: Run Behavior\WriteHtmlCacheBehavior [ RunTime:0.000992s ]
INFO: [ view_filter ] --END-- [ RunTime:0.001050s ]
INFO: [ app_end ] --START--
INFO: Run Behavior\ShowPageTraceBehavior [ RunTime:0.001381s ]
INFO: [ app_end ] --END-- [ RunTime:0.001446s ]

[ 2017-12-28T19:29:40+08:00 ] 127.0.0.1 /TPdemo/1/index.php/Home/User/tongzhi.html
INFO: [ app_init ] --START--
INFO: Run Behavior\BuildLiteBehavior [ RunTime:0.000016s ]
INFO: [ app_init ] --END-- [ RunTime:0.000806s ]
INFO: [ app_begin ] --START--
INFO: Run Behavior\ReadHtmlCacheBehavior [ RunTime:0.000877s ]
INFO: [ app_begin ] --END-- [ RunTime:0.000947s ]
SQL: SHOW COLUMNS FROM `zhuyi` [ RunTime:0.1499s ]
SQL: SELECT MAX(id) AS tp_max FROM `zhuyi` LIMIT 1   [ RunTime:0.0007s ]
SQL: SELECT * FROM `zhuyi` WHERE `id` = 25  [ RunTime:0.0007s ]
SQL: SELECT * FROM `zhuyi` WHERE `id` = 24  [ RunTime:0.0006s ]
SQL: SELECT * FROM `zhuyi` WHERE `id` = 23  [ RunTime:0.0005s ]
SQL: SELECT * FROM `zhuyi` WHERE `id` = 22  [ RunTime:0.0006s ]
SQL: SELECT * FROM `zhuyi` WHERE `id` = 21  [ RunTime:0.0007s ]
SQL: SELECT * FROM `zhuyi` WHERE `id` = 20  [ RunTime:0.0006s ]
INFO: [ view_parse ] --START--
INFO: [ template_filter ] --START--
INFO: Run Behavior\ContentReplaceBehavior [ RunTime:0.000331s ]
INFO: [ template_filter ] --END-- [ RunTime:0.000423s ]
NOTIC: [8] Undefined variable: examtell D:\phpStudy\WWW\TPdemo\1\Runtime\Cache\Home\df7321714e8b029bc710c39f76763d26.php 第 306 行.
NOTIC: [8] Undefined variable: examtell D:\phpStudy\WWW\TPdemo\1\Runtime\Cache\Home\df7321714e8b029bc710c39f76763d26.php 第 307 行.
NOTIC: [8] Undefined variable: userinfo D:\phpStudy\WWW\TPdemo\1\Runtime\Cache\Home\df7321714e8b029bc710c39f76763d26.php 第 394 行.
NOTIC: [8] Undefined variable: userinfo D:\phpStudy\WWW\TPdemo\1\Runtime\Cache\Home\df7321714e8b029bc710c39f76763d26.php 第 401 行.
NOTIC: [8] Undefined variable: userinfo D:\phpStudy\WWW\TPdemo\1\Runtime\Cache\Home\df7321714e8b029bc710c39f76763d26.php 第 408 行.
NOTIC: [8] Undefined variable: userinfo D:\phpStudy\WWW\TPdemo\1\Runtime\Cache\Home\df7321714e8b029bc710c39f76763d26.php 第 415 行.
NOTIC: [8] Undefined variable: userinfo D:\phpStudy\WWW\TPdemo\1\Runtime\Cache\Home\df7321714e8b029bc710c39f76763d26.php 第 422 行.
NOTIC: [8] Undefined variable: userinfo D:\phpStudy\WWW\TPdemo\1\Runtime\Cache\Home\df7321714e8b029bc710c39f76763d26.php 第 453 行.
NOTIC: [8] Undefined variable: userinfo D:\phpStudy\WWW\TPdemo\1\Runtime\Cache\Home\df7321714e8b029bc710c39f76763d26.php 第 490 行.
NOTIC: [8] Undefined variable: userinfo D:\phpStudy\WWW\TPdemo\1\Runtime\Cache\Home\df7321714e8b029bc710c39f76763d26.php 第 497 行.
NOTIC: [8] Undefined variable: userinfo D:\phpStudy\WWW\TPdemo\1\Runtime\Cache\Home\df7321714e8b029bc710c39f76763d26.php 第 504 行.
NOTIC: [8] Undefined variable: userinfo D:\phpStudy\WWW\TPdemo\1\Runtime\Cache\Home\df7321714e8b029bc710c39f76763d26.php 第 511 行.
NOTIC: [8] Undefined variable: userinfo D:\phpStudy\WWW\TPdemo\1\Runtime\Cache\Home\df7321714e8b029bc710c39f76763d26.php 第 518 行.
INFO: Run Behavior\ParseTemplateBehavior [ RunTime:0.116084s ]
INFO: [ view_parse ] --END-- [ RunTime:0.116187s ]
INFO: [ view_filter ] --START--
INFO: Run Behavior\WriteHtmlCacheBehavior [ RunTime:0.000980s ]
INFO: [ view_filter ] --END-- [ RunTime:0.001048s ]
INFO: [ app_end ] --START--
INFO: Run Behavior\ShowPageTraceBehavior [ RunTime:0.003116s ]
INFO: [ app_end ] --END-- [ RunTime:0.003251s ]

[ 2017-12-28T19:29:44+08:00 ] 127.0.0.1 /TPdemo/1/index.php/Home/User/baoming.html
INFO: [ app_init ] --START--
INFO: Run Behavior\BuildLiteBehavior [ RunTime:0.000024s ]
INFO: [ app_init ] --END-- [ RunTime:0.001591s ]
INFO: [ app_begin ] --START--
INFO: Run Behavior\ReadHtmlCacheBehavior [ RunTime:0.000992s ]
INFO: [ app_begin ] --END-- [ RunTime:0.001047s ]
SQL: SHOW COLUMNS FROM `notice` [ RunTime:0.0135s ]
SQL: SELECT max(id) FROM `notice`  [ RunTime:0.0003s ]
SQL: SELECT * FROM `notice` WHERE `id` = 13  [ RunTime:0.0003s ]
SQL: SHOW COLUMNS FROM `user` [ RunTime:0.0451s ]
SQL: SELECT MAX(id) AS tp_max FROM `user` WHERE `account` = 'ytx叶桐轩' LIMIT 1   [ RunTime:0.0023s ]
SQL: SELECT * FROM `user` WHERE `id` = 141 AND `account` = 'ytx叶桐轩'  [ RunTime:0.0007s ]
NOTIC: [8] Use of undefined constant date - assumed 'date' D:\phpStudy\WWW\TPdemo\1\Application\Home\Controller\UserController.class.php 第 50 行.
NOTIC: [8] Use of undefined constant date - assumed 'date' D:\phpStudy\WWW\TPdemo\1\Application\Home\Controller\UserController.class.php 第 59 行.
NOTIC: [8] Use of undefined constant date - assumed 'date' D:\phpStudy\WWW\TPdemo\1\Application\Home\Controller\UserController.class.php 第 59 行.
NOTIC: [8] Use of undefined constant date - assumed 'date' D:\phpStudy\WWW\TPdemo\1\Application\Home\Controller\UserController.class.php 第 62 行.
NOTIC: [8] Use of undefined constant subject - assumed 'subject' D:\phpStudy\WWW\TPdemo\1\Application\Home\Controller\UserController.class.php 第 63 行.
NOTIC: [8] Use of undefined constant subject - assumed 'subject' D:\phpStudy\WWW\TPdemo\1\Application\Home\Controller\UserController.class.php 第 84 行.
NOTIC: [8] Use of undefined constant flag - assumed 'flag' D:\phpStudy\WWW\TPdemo\1\Application\Home\Controller\UserController.class.php 第 86 行.
NOTIC: [8] Use of undefined constant date - assumed 'date' D:\phpStudy\WWW\TPdemo\1\Application\Home\Controller\UserController.class.php 第 88 行.
NOTIC: [8] Use of undefined constant date - assumed 'date' D:\phpStudy\WWW\TPdemo\1\Application\Home\Controller\UserController.class.php 第 89 行.
INFO: [ view_parse ] --START--
INFO: [ template_filter ] --START--
INFO: Run Behavior\ContentReplaceBehavior [ RunTime:0.000299s ]
INFO: [ template_filter ] --END-- [ RunTime:0.000611s ]
NOTIC: [8] Undefined variable: examtell D:\phpStudy\WWW\TPdemo\1\Runtime\Cache\Home\85c15a4bfa0cca2d317beed460ec1545.php 第 306 行.
NOTIC: [8] Undefined variable: examtell D:\phpStudy\WWW\TPdemo\1\Runtime\Cache\Home\85c15a4bfa0cca2d317beed460ec1545.php 第 307 行.
NOTIC: [8] Undefined variable: userinfo D:\phpStudy\WWW\TPdemo\1\Runtime\Cache\Home\85c15a4bfa0cca2d317beed460ec1545.php 第 394 行.
NOTIC: [8] Undefined variable: userinfo D:\phpStudy\WWW\TPdemo\1\Runtime\Cache\Home\85c15a4bfa0cca2d317beed460ec1545.php 第 401 行.
NOTIC: [8] Undefined variable: userinfo D:\phpStudy\WWW\TPdemo\1\Runtime\Cache\Home\85c15a4bfa0cca2d317beed460ec1545.php 第 408 行.
NOTIC: [8] Undefined variable: userinfo D:\phpStudy\WWW\TPdemo\1\Runtime\Cache\Home\85c15a4bfa0cca2d317beed460ec1545.php 第 415 行.
NOTIC: [8] Undefined variable: userinfo D:\phpStudy\WWW\TPdemo\1\Runtime\Cache\Home\85c15a4bfa0cca2d317beed460ec1545.php 第 422 行.
NOTIC: [8] Undefined variable: userinfo D:\phpStudy\WWW\TPdemo\1\Runtime\Cache\Home\85c15a4bfa0cca2d317beed460ec1545.php 第 453 行.
NOTIC: [8] Undefined variable: userinfo D:\phpStudy\WWW\TPdemo\1\Runtime\Cache\Home\85c15a4bfa0cca2d317beed460ec1545.php 第 490 行.
NOTIC: [8] Undefined variable: userinfo D:\phpStudy\WWW\TPdemo\1\Runtime\Cache\Home\85c15a4bfa0cca2d317beed460ec1545.php 第 497 行.
NOTIC: [8] Undefined variable: userinfo D:\phpStudy\WWW\TPdemo\1\Runtime\Cache\Home\85c15a4bfa0cca2d317beed460ec1545.php 第 504 行.
NOTIC: [8] Undefined variable: userinfo D:\phpStudy\WWW\TPdemo\1\Runtime\Cache\Home\85c15a4bfa0cca2d317beed460ec1545.php 第 511 行.
NOTIC: [8] Undefined variable: userinfo D:\phpStudy\WWW\TPdemo\1\Runtime\Cache\Home\85c15a4bfa0cca2d317beed460ec1545.php 第 518 行.
INFO: Run Behavior\ParseTemplateBehavior [ RunTime:0.087733s ]
INFO: [ view_parse ] --END-- [ RunTime:0.087801s ]
INFO: [ view_filter ] --START--
INFO: Run Behavior\WriteHtmlCacheBehavior [ RunTime:0.000761s ]
INFO: [ view_filter ] --END-- [ RunTime:0.000815s ]
INFO: [ app_end ] --START--
INFO: Run Behavior\ShowPageTraceBehavior [ RunTime:0.001539s ]
INFO: [ app_end ] --END-- [ RunTime:0.001624s ]

[ 2017-12-28T19:29:48+08:00 ] 127.0.0.1 /TPdemo/1/index.php/Home/User/hegezheng.html
INFO: [ app_init ] --START--
INFO: Run Behavior\BuildLiteBehavior [ RunTime:0.000016s ]
INFO: [ app_init ] --END-- [ RunTime:0.000778s ]
INFO: [ app_begin ] --START--
INFO: Run Behavior\ReadHtmlCacheBehavior [ RunTime:0.000932s ]
INFO: [ app_begin ] --END-- [ RunTime:0.000994s ]
INFO: [ view_parse ] --START--
INFO: [ template_filter ] --START--
INFO: Run Behavior\ContentReplaceBehavior [ RunTime:0.000162s ]
INFO: [ template_filter ] --END-- [ RunTime:0.000210s ]
NOTIC: [8] Undefined variable: examtell D:\phpStudy\WWW\TPdemo\1\Runtime\Cache\Home\114bc4a0da12ca107f75dc038974b2f8.php 第 306 行.
NOTIC: [8] Undefined variable: examtell D:\phpStudy\WWW\TPdemo\1\Runtime\Cache\Home\114bc4a0da12ca107f75dc038974b2f8.php 第 307 行.
NOTIC: [8] Undefined variable: userinfo D:\phpStudy\WWW\TPdemo\1\Runtime\Cache\Home\114bc4a0da12ca107f75dc038974b2f8.php 第 394 行.
NOTIC: [8] Undefined variable: userinfo D:\phpStudy\WWW\TPdemo\1\Runtime\Cache\Home\114bc4a0da12ca107f75dc038974b2f8.php 第 401 行.
NOTIC: [8] Undefined variable: userinfo D:\phpStudy\WWW\TPdemo\1\Runtime\Cache\Home\114bc4a0da12ca107f75dc038974b2f8.php 第 408 行.
NOTIC: [8] Undefined variable: userinfo D:\phpStudy\WWW\TPdemo\1\Runtime\Cache\Home\114bc4a0da12ca107f75dc038974b2f8.php 第 415 行.
NOTIC: [8] Undefined variable: userinfo D:\phpStudy\WWW\TPdemo\1\Runtime\Cache\Home\114bc4a0da12ca107f75dc038974b2f8.php 第 422 行.
NOTIC: [8] Undefined variable: userinfo D:\phpStudy\WWW\TPdemo\1\Runtime\Cache\Home\114bc4a0da12ca107f75dc038974b2f8.php 第 453 行.
NOTIC: [8] Undefined variable: userinfo D:\phpStudy\WWW\TPdemo\1\Runtime\Cache\Home\114bc4a0da12ca107f75dc038974b2f8.php 第 490 行.
NOTIC: [8] Undefined variable: userinfo D:\phpStudy\WWW\TPdemo\1\Runtime\Cache\Home\114bc4a0da12ca107f75dc038974b2f8.php 第 497 行.
NOTIC: [8] Undefined variable: userinfo D:\phpStudy\WWW\TPdemo\1\Runtime\Cache\Home\114bc4a0da12ca107f75dc038974b2f8.php 第 504 行.
NOTIC: [8] Undefined variable: userinfo D:\phpStudy\WWW\TPdemo\1\Runtime\Cache\Home\114bc4a0da12ca107f75dc038974b2f8.php 第 511 行.
NOTIC: [8] Undefined variable: userinfo D:\phpStudy\WWW\TPdemo\1\Runtime\Cache\Home\114bc4a0da12ca107f75dc038974b2f8.php 第 518 行.
INFO: Run Behavior\ParseTemplateBehavior [ RunTime:0.076030s ]
INFO: [ view_parse ] --END-- [ RunTime:0.076081s ]
INFO: [ view_filter ] --START--
INFO: Run Behavior\WriteHtmlCacheBehavior [ RunTime:0.000622s ]
INFO: [ view_filter ] --END-- [ RunTime:0.000659s ]
INFO: [ app_end ] --START--
INFO: Run Behavior\ShowPageTraceBehavior [ RunTime:0.001738s ]
INFO: [ app_end ] --END-- [ RunTime:0.001813s ]

[ 2017-12-28T19:29:50+08:00 ] 127.0.0.1 /TPdemo/1/index.php/Home/User/printzs.html
INFO: [ app_init ] --START--
INFO: Run Behavior\BuildLiteBehavior [ RunTime:0.000012s ]
INFO: [ app_init ] --END-- [ RunTime:0.000665s ]
INFO: [ app_begin ] --START--
INFO: Run Behavior\ReadHtmlCacheBehavior [ RunTime:0.000732s ]
INFO: [ app_begin ] --END-- [ RunTime:0.000781s ]
SQL: SHOW COLUMNS FROM `user` [ RunTime:0.0642s ]
SQL: SHOW COLUMNS FROM `exam` [ RunTime:0.0336s ]
SQL: SHOW COLUMNS FROM `notice` [ RunTime:0.0294s ]
SQL: SELECT max(id) FROM `user` WHERE `account` = 'ytx叶桐轩'  [ RunTime:0.0030s ]
SQL: SELECT * FROM `user` WHERE `id` = 141  [ RunTime:0.0005s ]
NOTIC: [8] Use of undefined constant score - assumed 'score' D:\phpStudy\WWW\TPdemo\1\Application\Home\Controller\UserController.class.php 第 456 行.
SQL: SELECT * FROM `user` WHERE `id` = 141  [ RunTime:0.0004s ]
NOTIC: [8] Use of undefined constant date - assumed 'date' D:\phpStudy\WWW\TPdemo\1\Application\Home\Controller\UserController.class.php 第 457 行.
SQL: SELECT max(id) FROM `exam`  [ RunTime:0.0002s ]
SQL: SELECT max(id) FROM `notice`  [ RunTime:0.0002s ]
SQL: SELECT * FROM `user` WHERE `id` = 141  [ RunTime:0.0003s ]
SQL: SELECT * FROM `user` WHERE `id` = 141  [ RunTime:0.0003s ]
NOTIC: [8] Use of undefined constant date - assumed 'date' D:\phpStudy\WWW\TPdemo\1\Application\Home\Controller\UserController.class.php 第 461 行.
SQL: SELECT `subject` FROM `notice` WHERE `id` = 13  [ RunTime:0.0002s ]
SQL: SELECT * FROM `exam` WHERE `id` = 11  [ RunTime:0.0002s ]
NOTIC: [8] Use of undefined constant time - assumed 'time' D:\phpStudy\WWW\TPdemo\1\Application\Home\Controller\UserController.class.php 第 464 行.
SQL: SELECT `time` FROM `exam` WHERE `id` = 11  [ RunTime:0.0004s ]
NOTIC: [8] Use of undefined constant time - assumed 'time' D:\phpStudy\WWW\TPdemo\1\Application\Home\Controller\UserController.class.php 第 469 行.
INFO: [ app_end ] --START--
INFO: Run Behavior\ShowPageTraceBehavior [ RunTime:0.000929s ]
INFO: [ app_end ] --END-- [ RunTime:0.000977s ]

[ 2017-12-28T19:31:51+08:00 ] 127.0.0.1 /TPdemo/1/index.php/Home/User/printzs.html
INFO: [ app_init ] --START--
INFO: Run Behavior\BuildLiteBehavior [ RunTime:0.000014s ]
INFO: [ app_init ] --END-- [ RunTime:0.000861s ]
INFO: [ app_begin ] --START--
INFO: Run Behavior\ReadHtmlCacheBehavior [ RunTime:0.001189s ]
INFO: [ app_begin ] --END-- [ RunTime:0.001250s ]
SQL: SHOW COLUMNS FROM `user` [ RunTime:0.1076s ]
SQL: SHOW COLUMNS FROM `exam` [ RunTime:0.0408s ]
SQL: SHOW COLUMNS FROM `notice` [ RunTime:0.0325s ]
SQL: SELECT max(id) FROM `user` WHERE `account` = 'ytx叶桐轩'  [ RunTime:0.0019s ]
SQL: SELECT * FROM `user` WHERE `id` = 141  [ RunTime:0.0005s ]
NOTIC: [8] Use of undefined constant score - assumed 'score' D:\phpStudy\WWW\TPdemo\1\Application\Home\Controller\UserController.class.php 第 456 行.
SQL: SELECT * FROM `user` WHERE `id` = 141  [ RunTime:0.0004s ]
NOTIC: [8] Use of undefined constant date - assumed 'date' D:\phpStudy\WWW\TPdemo\1\Application\Home\Controller\UserController.class.php 第 457 行.
SQL: SELECT max(id) FROM `exam`  [ RunTime:0.0002s ]
SQL: SELECT max(id) FROM `notice`  [ RunTime:0.0002s ]
SQL: SELECT * FROM `user` WHERE `id` = 141  [ RunTime:0.0004s ]
SQL: SELECT * FROM `user` WHERE `id` = 141  [ RunTime:0.0004s ]
NOTIC: [8] Use of undefined constant date - assumed 'date' D:\phpStudy\WWW\TPdemo\1\Application\Home\Controller\UserController.class.php 第 461 行.
SQL: SELECT `subject` FROM `notice` WHERE `id` = 13  [ RunTime:0.0003s ]
SQL: SELECT * FROM `exam` WHERE `id` = 11  [ RunTime:0.0003s ]
NOTIC: [8] Use of undefined constant time - assumed 'time' D:\phpStudy\WWW\TPdemo\1\Application\Home\Controller\UserController.class.php 第 464 行.
SQL: SELECT `time` FROM `exam` WHERE `id` = 11  [ RunTime:0.0003s ]
NOTIC: [8] Use of undefined constant time - assumed 'time' D:\phpStudy\WWW\TPdemo\1\Application\Home\Controller\UserController.class.php 第 469 行.
INFO: [ app_end ] --START--
INFO: Run Behavior\ShowPageTraceBehavior [ RunTime:0.001387s ]
INFO: [ app_end ] --END-- [ RunTime:0.001438s ]

[ 2017-12-28T19:35:13+08:00 ] 127.0.0.1 /TPdemo/1/index.php/Home/User/printzs
INFO: [ app_init ] --START--
INFO: Run Behavior\BuildLiteBehavior [ RunTime:0.000017s ]
INFO: [ app_init ] --END-- [ RunTime:0.001349s ]
INFO: [ app_begin ] --START--
INFO: Run Behavior\ReadHtmlCacheBehavior [ RunTime:0.001197s ]
INFO: [ app_begin ] --END-- [ RunTime:0.001264s ]
INFO: [ view_parse ] --START--
INFO: [ template_filter ] --START--
INFO: Run Behavior\ContentReplaceBehavior [ RunTime:0.000041s ]
INFO: [ template_filter ] --END-- [ RunTime:0.000091s ]
INFO: Run Behavior\ParseTemplateBehavior [ RunTime:0.008561s ]
INFO: [ view_parse ] --END-- [ RunTime:0.008625s ]
INFO: [ view_filter ] --START--
INFO: Run Behavior\WriteHtmlCacheBehavior [ RunTime:0.000956s ]
INFO: [ view_filter ] --END-- [ RunTime:0.000999s ]

[ 2017-12-28T19:35:16+08:00 ] 127.0.0.1 /TPdemo/1/index.php/Home/Load/load.html
INFO: [ app_init ] --START--
INFO: Run Behavior\BuildLiteBehavior [ RunTime:0.000014s ]
INFO: [ app_init ] --END-- [ RunTime:0.001677s ]
INFO: [ app_begin ] --START--
INFO: Run Behavior\ReadHtmlCacheBehavior [ RunTime:0.001329s ]
INFO: [ app_begin ] --END-- [ RunTime:0.001396s ]
INFO: [ view_parse ] --START--
INFO: [ template_filter ] --START--
INFO: Run Behavior\ContentReplaceBehavior [ RunTime:0.000051s ]
INFO: [ template_filter ] --END-- [ RunTime:0.000101s ]
INFO: Run Behavior\ParseTemplateBehavior [ RunTime:0.008100s ]
INFO: [ view_parse ] --END-- [ RunTime:0.008153s ]
INFO: [ view_filter ] --START--
INFO: Run Behavior\WriteHtmlCacheBehavior [ RunTime:0.001098s ]
INFO: [ view_filter ] --END-- [ RunTime:0.001361s ]
INFO: [ app_end ] --START--
INFO: Run Behavior\ShowPageTraceBehavior [ RunTime:0.001747s ]
INFO: [ app_end ] --END-- [ RunTime:0.001872s ]

[ 2017-12-28T19:37:56+08:00 ] 127.0.0.1 /TPdemo/1/index.php/Home/Load/load.html
INFO: [ app_init ] --START--
INFO: Run Behavior\BuildLiteBehavior [ RunTime:0.000036s ]
INFO: [ app_init ] --END-- [ RunTime:0.004647s ]
INFO: [ app_begin ] --START--
INFO: Run Behavior\ReadHtmlCacheBehavior [ RunTime:0.001520s ]
INFO: [ app_begin ] --END-- [ RunTime:0.001616s ]
SQL: SHOW COLUMNS FROM `user` [ RunTime:0.0466s ]
SQL: SELECT * FROM `user` WHERE `account` = 'ytx叶桐轩' AND `password` = 'be7152bffd02c21f2e926f3e7cd2cba4' LIMIT 1   [ RunTime:0.0007s ]
INFO: [ view_parse ] --START--
INFO: [ template_filter ] --START--
INFO: Run Behavior\ContentReplaceBehavior [ RunTime:0.000067s ]
INFO: [ template_filter ] --END-- [ RunTime:0.000167s ]
INFO: Run Behavior\ParseTemplateBehavior [ RunTime:0.018309s ]
INFO: [ view_parse ] --END-- [ RunTime:0.018413s ]
INFO: [ view_filter ] --START--
INFO: Run Behavior\WriteHtmlCacheBehavior [ RunTime:0.001102s ]
INFO: [ view_filter ] --END-- [ RunTime:0.001157s ]
INFO: [ app_end ] --START--
INFO: Run Behavior\ShowPageTraceBehavior [ RunTime:0.001268s ]
INFO: [ app_end ] --END-- [ RunTime:0.001347s ]

[ 2017-12-28T19:37:59+08:00 ] 127.0.0.1 /TPdemo/1/index.php/Home/User/tongzhi.html
INFO: [ app_init ] --START--
INFO: Run Behavior\BuildLiteBehavior [ RunTime:0.000014s ]
INFO: [ app_init ] --END-- [ RunTime:0.000788s ]
INFO: [ app_begin ] --START--
INFO: Run Behavior\ReadHtmlCacheBehavior [ RunTime:0.001177s ]
INFO: [ app_begin ] --END-- [ RunTime:0.001240s ]
SQL: SHOW COLUMNS FROM `zhuyi` [ RunTime:0.0696s ]
SQL: SELECT MAX(id) AS tp_max FROM `zhuyi` LIMIT 1   [ RunTime:0.0006s ]
SQL: SELECT * FROM `zhuyi` WHERE `id` = 25  [ RunTime:0.0007s ]
SQL: SELECT * FROM `zhuyi` WHERE `id` = 24  [ RunTime:0.0006s ]
SQL: SELECT * FROM `zhuyi` WHERE `id` = 23  [ RunTime:0.0006s ]
SQL: SELECT * FROM `zhuyi` WHERE `id` = 22  [ RunTime:0.0005s ]
SQL: SELECT * FROM `zhuyi` WHERE `id` = 21  [ RunTime:0.0004s ]
SQL: SELECT * FROM `zhuyi` WHERE `id` = 20  [ RunTime:0.0004s ]
INFO: [ view_parse ] --START--
INFO: [ template_filter ] --START--
INFO: Run Behavior\ContentReplaceBehavior [ RunTime:0.000237s ]
INFO: [ template_filter ] --END-- [ RunTime:0.000306s ]
NOTIC: [8] Undefined variable: examtell D:\phpStudy\WWW\TPdemo\1\Runtime\Cache\Home\df7321714e8b029bc710c39f76763d26.php 第 306 行.
NOTIC: [8] Undefined variable: examtell D:\phpStudy\WWW\TPdemo\1\Runtime\Cache\Home\df7321714e8b029bc710c39f76763d26.php 第 307 行.
NOTIC: [8] Undefined variable: userinfo D:\phpStudy\WWW\TPdemo\1\Runtime\Cache\Home\df7321714e8b029bc710c39f76763d26.php 第 394 行.
NOTIC: [8] Undefined variable: userinfo D:\phpStudy\WWW\TPdemo\1\Runtime\Cache\Home\df7321714e8b029bc710c39f76763d26.php 第 401 行.
NOTIC: [8] Undefined variable: userinfo D:\phpStudy\WWW\TPdemo\1\Runtime\Cache\Home\df7321714e8b029bc710c39f76763d26.php 第 408 行.
NOTIC: [8] Undefined variable: userinfo D:\phpStudy\WWW\TPdemo\1\Runtime\Cache\Home\df7321714e8b029bc710c39f76763d26.php 第 415 行.
NOTIC: [8] Undefined variable: userinfo D:\phpStudy\WWW\TPdemo\1\Runtime\Cache\Home\df7321714e8b029bc710c39f76763d26.php 第 422 行.
NOTIC: [8] Undefined variable: userinfo D:\phpStudy\WWW\TPdemo\1\Runtime\Cache\Home\df7321714e8b029bc710c39f76763d26.php 第 453 行.
NOTIC: [8] Undefined variable: userinfo D:\phpStudy\WWW\TPdemo\1\Runtime\Cache\Home\df7321714e8b029bc710c39f76763d26.php 第 490 行.
NOTIC: [8] Undefined variable: userinfo D:\phpStudy\WWW\TPdemo\1\Runtime\Cache\Home\df7321714e8b029bc710c39f76763d26.php 第 497 行.
NOTIC: [8] Undefined variable: userinfo D:\phpStudy\WWW\TPdemo\1\Runtime\Cache\Home\df7321714e8b029bc710c39f76763d26.php 第 504 行.
NOTIC: [8] Undefined variable: userinfo D:\phpStudy\WWW\TPdemo\1\Runtime\Cache\Home\df7321714e8b029bc710c39f76763d26.php 第 511 行.
NOTIC: [8] Undefined variable: userinfo D:\phpStudy\WWW\TPdemo\1\Runtime\Cache\Home\df7321714e8b029bc710c39f76763d26.php 第 518 行.
INFO: Run Behavior\ParseTemplateBehavior [ RunTime:0.054556s ]
INFO: [ view_parse ] --END-- [ RunTime:0.054617s ]
INFO: [ view_filter ] --START--
INFO: Run Behavior\WriteHtmlCacheBehavior [ RunTime:0.001010s ]
INFO: [ view_filter ] --END-- [ RunTime:0.001057s ]
INFO: [ app_end ] --START--
INFO: Run Behavior\ShowPageTraceBehavior [ RunTime:0.001588s ]
INFO: [ app_end ] --END-- [ RunTime:0.001689s ]

[ 2017-12-28T19:38:18+08:00 ] 127.0.0.1 /TPdemo/1/index.php/Home/User/hegezheng.html
INFO: [ app_init ] --START--
INFO: Run Behavior\BuildLiteBehavior [ RunTime:0.000017s ]
INFO: [ app_init ] --END-- [ RunTime:0.000891s ]
INFO: [ app_begin ] --START--
INFO: Run Behavior\ReadHtmlCacheBehavior [ RunTime:0.001327s ]
INFO: [ app_begin ] --END-- [ RunTime:0.001398s ]
INFO: [ view_parse ] --START--
INFO: [ template_filter ] --START--
INFO: Run Behavior\ContentReplaceBehavior [ RunTime:0.000163s ]
INFO: [ template_filter ] --END-- [ RunTime:0.000211s ]
NOTIC: [8] Undefined variable: examtell D:\phpStudy\WWW\TPdemo\1\Runtime\Cache\Home\114bc4a0da12ca107f75dc038974b2f8.php 第 306 行.
NOTIC: [8] Undefined variable: examtell D:\phpStudy\WWW\TPdemo\1\Runtime\Cache\Home\114bc4a0da12ca107f75dc038974b2f8.php 第 307 行.
NOTIC: [8] Undefined variable: userinfo D:\phpStudy\WWW\TPdemo\1\Runtime\Cache\Home\114bc4a0da12ca107f75dc038974b2f8.php 第 394 行.
NOTIC: [8] Undefined variable: userinfo D:\phpStudy\WWW\TPdemo\1\Runtime\Cache\Home\114bc4a0da12ca107f75dc038974b2f8.php 第 401 行.
NOTIC: [8] Undefined variable: userinfo D:\phpStudy\WWW\TPdemo\1\Runtime\Cache\Home\114bc4a0da12ca107f75dc038974b2f8.php 第 408 行.
NOTIC: [8] Undefined variable: userinfo D:\phpStudy\WWW\TPdemo\1\Runtime\Cache\Home\114bc4a0da12ca107f75dc038974b2f8.php 第 415 行.
NOTIC: [8] Undefined variable: userinfo D:\phpStudy\WWW\TPdemo\1\Runtime\Cache\Home\114bc4a0da12ca107f75dc038974b2f8.php 第 422 行.
NOTIC: [8] Undefined variable: userinfo D:\phpStudy\WWW\TPdemo\1\Runtime\Cache\Home\114bc4a0da12ca107f75dc038974b2f8.php 第 453 行.
NOTIC: [8] Undefined variable: userinfo D:\phpStudy\WWW\TPdemo\1\Runtime\Cache\Home\114bc4a0da12ca107f75dc038974b2f8.php 第 490 行.
NOTIC: [8] Undefined variable: userinfo D:\phpStudy\WWW\TPdemo\1\Runtime\Cache\Home\114bc4a0da12ca107f75dc038974b2f8.php 第 497 行.
NOTIC: [8] Undefined variable: userinfo D:\phpStudy\WWW\TPdemo\1\Runtime\Cache\Home\114bc4a0da12ca107f75dc038974b2f8.php 第 504 行.
NOTIC: [8] Undefined variable: userinfo D:\phpStudy\WWW\TPdemo\1\Runtime\Cache\Home\114bc4a0da12ca107f75dc038974b2f8.php 第 511 行.
NOTIC: [8] Undefined variable: userinfo D:\phpStudy\WWW\TPdemo\1\Runtime\Cache\Home\114bc4a0da12ca107f75dc038974b2f8.php 第 518 行.
INFO: Run Behavior\ParseTemplateBehavior [ RunTime:0.025618s ]
INFO: [ view_parse ] --END-- [ RunTime:0.025673s ]
INFO: [ view_filter ] --START--
INFO: Run Behavior\WriteHtmlCacheBehavior [ RunTime:0.000960s ]
INFO: [ view_filter ] --END-- [ RunTime:0.000998s ]
INFO: [ app_end ] --START--
INFO: Run Behavior\ShowPageTraceBehavior [ RunTime:0.001656s ]
INFO: [ app_end ] --END-- [ RunTime:0.001770s ]

[ 2017-12-28T19:38:20+08:00 ] 127.0.0.1 /TPdemo/1/index.php/Home/User/printzs.html
INFO: [ app_init ] --START--
INFO: Run Behavior\BuildLiteBehavior [ RunTime:0.000033s ]
INFO: [ app_init ] --END-- [ RunTime:0.001200s ]
INFO: [ app_begin ] --START--
INFO: Run Behavior\ReadHtmlCacheBehavior [ RunTime:0.001129s ]
INFO: [ app_begin ] --END-- [ RunTime:0.001197s ]
SQL: SHOW COLUMNS FROM `user` [ RunTime:0.0471s ]
SQL: SHOW COLUMNS FROM `exam` [ RunTime:0.0246s ]
SQL: SHOW COLUMNS FROM `notice` [ RunTime:0.0324s ]
SQL: SELECT max(id) FROM `user` WHERE `account` = 'ytx叶桐轩'  [ RunTime:0.0031s ]
SQL: SELECT * FROM `user` WHERE `id` = 141  [ RunTime:0.0006s ]
NOTIC: [8] Use of undefined constant score - assumed 'score' D:\phpStudy\WWW\TPdemo\1\Application\Home\Controller\UserController.class.php 第 456 行.
SQL: SELECT * FROM `user` WHERE `id` = 141  [ RunTime:0.0005s ]
NOTIC: [8] Use of undefined constant date - assumed 'date' D:\phpStudy\WWW\TPdemo\1\Application\Home\Controller\UserController.class.php 第 457 行.
SQL: SELECT max(id) FROM `exam`  [ RunTime:0.0003s ]
SQL: SELECT max(id) FROM `notice`  [ RunTime:0.0003s ]
SQL: SELECT * FROM `user` WHERE `id` = 141  [ RunTime:0.0005s ]
SQL: SELECT * FROM `user` WHERE `id` = 141  [ RunTime:0.0005s ]
NOTIC: [8] Use of undefined constant date - assumed 'date' D:\phpStudy\WWW\TPdemo\1\Application\Home\Controller\UserController.class.php 第 461 行.
SQL: SELECT `subject` FROM `notice` WHERE `id` = 13  [ RunTime:0.0004s ]
SQL: SELECT * FROM `exam` WHERE `id` = 11  [ RunTime:0.0004s ]
NOTIC: [8] Use of undefined constant time - assumed 'time' D:\phpStudy\WWW\TPdemo\1\Application\Home\Controller\UserController.class.php 第 464 行.
SQL: SELECT `time` FROM `exam` WHERE `id` = 11  [ RunTime:0.0004s ]
NOTIC: [8] Use of undefined constant time - assumed 'time' D:\phpStudy\WWW\TPdemo\1\Application\Home\Controller\UserController.class.php 第 469 行.
INFO: [ app_end ] --START--
INFO: Run Behavior\ShowPageTraceBehavior [ RunTime:0.001480s ]
INFO: [ app_end ] --END-- [ RunTime:0.001539s ]

[ 2017-12-28T19:51:22+08:00 ] 127.0.0.1 /TPdemo/1/index.php/Home/Load/load.html
INFO: [ app_init ] --START--
INFO: Run Behavior\BuildLiteBehavior [ RunTime:0.000015s ]
INFO: [ app_init ] --END-- [ RunTime:0.000788s ]
INFO: [ app_begin ] --START--
INFO: Run Behavior\ReadHtmlCacheBehavior [ RunTime:0.001321s ]
INFO: [ app_begin ] --END-- [ RunTime:0.001400s ]
INFO: [ view_parse ] --START--
INFO: [ template_filter ] --START--
INFO: Run Behavior\ContentReplaceBehavior [ RunTime:0.000089s ]
INFO: [ template_filter ] --END-- [ RunTime:0.000182s ]
INFO: Run Behavior\ParseTemplateBehavior [ RunTime:0.014241s ]
INFO: [ view_parse ] --END-- [ RunTime:0.014336s ]
INFO: [ view_filter ] --START--
INFO: Run Behavior\WriteHtmlCacheBehavior [ RunTime:0.001659s ]
INFO: [ view_filter ] --END-- [ RunTime:0.001741s ]
INFO: [ app_end ] --START--
INFO: Run Behavior\ShowPageTraceBehavior [ RunTime:0.001646s ]
INFO: [ app_end ] --END-- [ RunTime:0.001748s ]

[ 2017-12-28T19:52:13+08:00 ] 127.0.0.1 /TPdemo/1/index.php/Home/Load/load.html
INFO: [ app_init ] --START--
INFO: Run Behavior\BuildLiteBehavior [ RunTime:0.000021s ]
INFO: [ app_init ] --END-- [ RunTime:0.002036s ]
INFO: [ app_begin ] --START--
INFO: Run Behavior\ReadHtmlCacheBehavior [ RunTime:0.001380s ]
INFO: [ app_begin ] --END-- [ RunTime:0.001445s ]
SQL: SHOW COLUMNS FROM `user` [ RunTime:0.0569s ]
SQL: SELECT * FROM `user` WHERE `account` = '郑鹏1234' AND `password` = '1f80a5c25b158a4edc46f5d0fdb66e80' LIMIT 1   [ RunTime:0.0008s ]
INFO: [ view_parse ] --START--
INFO: [ template_filter ] --START--
INFO: Run Behavior\ContentReplaceBehavior [ RunTime:0.000079s ]
INFO: [ template_filter ] --END-- [ RunTime:0.000193s ]
INFO: Run Behavior\ParseTemplateBehavior [ RunTime:0.013361s ]
INFO: [ view_parse ] --END-- [ RunTime:0.013464s ]
INFO: [ view_filter ] --START--
INFO: Run Behavior\WriteHtmlCacheBehavior [ RunTime:0.001060s ]
INFO: [ view_filter ] --END-- [ RunTime:0.001102s ]
INFO: [ app_end ] --START--
INFO: Run Behavior\ShowPageTraceBehavior [ RunTime:0.001103s ]
INFO: [ app_end ] --END-- [ RunTime:0.001147s ]

[ 2017-12-28T19:52:15+08:00 ] 127.0.0.1 /TPdemo/1/index.php/Home/User/tongzhi.html
INFO: [ app_init ] --START--
INFO: Run Behavior\BuildLiteBehavior [ RunTime:0.000014s ]
INFO: [ app_init ] --END-- [ RunTime:0.001206s ]
INFO: [ app_begin ] --START--
INFO: Run Behavior\ReadHtmlCacheBehavior [ RunTime:0.001487s ]
INFO: [ app_begin ] --END-- [ RunTime:0.001667s ]
SQL: SHOW COLUMNS FROM `zhuyi` [ RunTime:0.0468s ]
SQL: SELECT MAX(id) AS tp_max FROM `zhuyi` LIMIT 1   [ RunTime:0.0003s ]
SQL: SELECT * FROM `zhuyi` WHERE `id` = 25  [ RunTime:0.0005s ]
SQL: SELECT * FROM `zhuyi` WHERE `id` = 24  [ RunTime:0.0005s ]
SQL: SELECT * FROM `zhuyi` WHERE `id` = 23  [ RunTime:0.0004s ]
SQL: SELECT * FROM `zhuyi` WHERE `id` = 22  [ RunTime:0.0005s ]
SQL: SELECT * FROM `zhuyi` WHERE `id` = 21  [ RunTime:0.0004s ]
SQL: SELECT * FROM `zhuyi` WHERE `id` = 20  [ RunTime:0.0004s ]
INFO: [ view_parse ] --START--
INFO: [ template_filter ] --START--
INFO: Run Behavior\ContentReplaceBehavior [ RunTime:0.000205s ]
INFO: [ template_filter ] --END-- [ RunTime:0.000289s ]
NOTIC: [8] Undefined variable: examtell D:\phpStudy\WWW\TPdemo\1\Runtime\Cache\Home\df7321714e8b029bc710c39f76763d26.php 第 306 行.
NOTIC: [8] Undefined variable: examtell D:\phpStudy\WWW\TPdemo\1\Runtime\Cache\Home\df7321714e8b029bc710c39f76763d26.php 第 307 行.
NOTIC: [8] Undefined variable: userinfo D:\phpStudy\WWW\TPdemo\1\Runtime\Cache\Home\df7321714e8b029bc710c39f76763d26.php 第 394 行.
NOTIC: [8] Undefined variable: userinfo D:\phpStudy\WWW\TPdemo\1\Runtime\Cache\Home\df7321714e8b029bc710c39f76763d26.php 第 401 行.
NOTIC: [8] Undefined variable: userinfo D:\phpStudy\WWW\TPdemo\1\Runtime\Cache\Home\df7321714e8b029bc710c39f76763d26.php 第 408 行.
NOTIC: [8] Undefined variable: userinfo D:\phpStudy\WWW\TPdemo\1\Runtime\Cache\Home\df7321714e8b029bc710c39f76763d26.php 第 415 行.
NOTIC: [8] Undefined variable: userinfo D:\phpStudy\WWW\TPdemo\1\Runtime\Cache\Home\df7321714e8b029bc710c39f76763d26.php 第 422 行.
NOTIC: [8] Undefined variable: userinfo D:\phpStudy\WWW\TPdemo\1\Runtime\Cache\Home\df7321714e8b029bc710c39f76763d26.php 第 453 行.
NOTIC: [8] Undefined variable: userinfo D:\phpStudy\WWW\TPdemo\1\Runtime\Cache\Home\df7321714e8b029bc710c39f76763d26.php 第 490 行.
NOTIC: [8] Undefined variable: userinfo D:\phpStudy\WWW\TPdemo\1\Runtime\Cache\Home\df7321714e8b029bc710c39f76763d26.php 第 497 行.
NOTIC: [8] Undefined variable: userinfo D:\phpStudy\WWW\TPdemo\1\Runtime\Cache\Home\df7321714e8b029bc710c39f76763d26.php 第 504 行.
NOTIC: [8] Undefined variable: userinfo D:\phpStudy\WWW\TPdemo\1\Runtime\Cache\Home\df7321714e8b029bc710c39f76763d26.php 第 511 行.
NOTIC: [8] Undefined variable: userinfo D:\phpStudy\WWW\TPdemo\1\Runtime\Cache\Home\df7321714e8b029bc710c39f76763d26.php 第 518 行.
INFO: Run Behavior\ParseTemplateBehavior [ RunTime:0.025738s ]
INFO: [ view_parse ] --END-- [ RunTime:0.025813s ]
INFO: [ view_filter ] --START--
INFO: Run Behavior\WriteHtmlCacheBehavior [ RunTime:0.000965s ]
INFO: [ view_filter ] --END-- [ RunTime:0.001004s ]
INFO: [ app_end ] --START--
INFO: Run Behavior\ShowPageTraceBehavior [ RunTime:0.001259s ]
INFO: [ app_end ] --END-- [ RunTime:0.001328s ]

[ 2017-12-28T19:52:19+08:00 ] 127.0.0.1 /TPdemo/1/index.php/Home/User/result.html
INFO: [ app_init ] --START--
INFO: Run Behavior\BuildLiteBehavior [ RunTime:0.000018s ]
INFO: [ app_init ] --END-- [ RunTime:0.000793s ]
INFO: [ app_begin ] --START--
INFO: Run Behavior\ReadHtmlCacheBehavior [ RunTime:0.001354s ]
INFO: [ app_begin ] --END-- [ RunTime:0.001443s ]
SQL: SHOW COLUMNS FROM `user` [ RunTime:0.0583s ]
SQL: SHOW COLUMNS FROM `exam` [ RunTime:0.0315s ]
SQL: SELECT * FROM `user` WHERE `account` = '郑鹏1234' AND `pass` = 1 AND `flag` = 1  [ RunTime:0.0024s ]
SQL: SELECT * FROM `exam`  [ RunTime:0.0005s ]
INFO: [ view_parse ] --START--
INFO: [ template_filter ] --START--
INFO: Run Behavior\ContentReplaceBehavior [ RunTime:0.000167s ]
INFO: [ template_filter ] --END-- [ RunTime:0.000217s ]
NOTIC: [8] Undefined variable: examtell D:\phpStudy\WWW\TPdemo\1\Runtime\Cache\Home\18aba97669fd767de45ab4071dcbed12.php 第 306 行.
NOTIC: [8] Undefined variable: examtell D:\phpStudy\WWW\TPdemo\1\Runtime\Cache\Home\18aba97669fd767de45ab4071dcbed12.php 第 307 行.
NOTIC: [8] Undefined variable: userinfo D:\phpStudy\WWW\TPdemo\1\Runtime\Cache\Home\18aba97669fd767de45ab4071dcbed12.php 第 394 行.
NOTIC: [8] Undefined variable: userinfo D:\phpStudy\WWW\TPdemo\1\Runtime\Cache\Home\18aba97669fd767de45ab4071dcbed12.php 第 401 行.
NOTIC: [8] Undefined variable: userinfo D:\phpStudy\WWW\TPdemo\1\Runtime\Cache\Home\18aba97669fd767de45ab4071dcbed12.php 第 408 行.
NOTIC: [8] Undefined variable: userinfo D:\phpStudy\WWW\TPdemo\1\Runtime\Cache\Home\18aba97669fd767de45ab4071dcbed12.php 第 415 行.
NOTIC: [8] Undefined variable: userinfo D:\phpStudy\WWW\TPdemo\1\Runtime\Cache\Home\18aba97669fd767de45ab4071dcbed12.php 第 422 行.
NOTIC: [8] Undefined variable: userinfo D:\phpStudy\WWW\TPdemo\1\Runtime\Cache\Home\18aba97669fd767de45ab4071dcbed12.php 第 453 行.
NOTIC: [8] Undefined variable: userinfo D:\phpStudy\WWW\TPdemo\1\Runtime\Cache\Home\18aba97669fd767de45ab4071dcbed12.php 第 490 行.
NOTIC: [8] Undefined variable: userinfo D:\phpStudy\WWW\TPdemo\1\Runtime\Cache\Home\18aba97669fd767de45ab4071dcbed12.php 第 497 行.
NOTIC: [8] Undefined variable: userinfo D:\phpStudy\WWW\TPdemo\1\Runtime\Cache\Home\18aba97669fd767de45ab4071dcbed12.php 第 504 行.
NOTIC: [8] Undefined variable: userinfo D:\phpStudy\WWW\TPdemo\1\Runtime\Cache\Home\18aba97669fd767de45ab4071dcbed12.php 第 511 行.
NOTIC: [8] Undefined variable: userinfo D:\phpStudy\WWW\TPdemo\1\Runtime\Cache\Home\18aba97669fd767de45ab4071dcbed12.php 第 518 行.
INFO: Run Behavior\ParseTemplateBehavior [ RunTime:0.044837s ]
INFO: [ view_parse ] --END-- [ RunTime:0.044903s ]
INFO: [ view_filter ] --START--
INFO: Run Behavior\WriteHtmlCacheBehavior [ RunTime:0.000935s ]
INFO: [ view_filter ] --END-- [ RunTime:0.000972s ]
INFO: [ app_end ] --START--
INFO: Run Behavior\ShowPageTraceBehavior [ RunTime:0.002043s ]
INFO: [ app_end ] --END-- [ RunTime:0.002140s ]

[ 2017-12-28T19:52:23+08:00 ] 127.0.0.1 /TPdemo/1/index.php/Home/User/baoming.html
INFO: [ app_init ] --START--
INFO: Run Behavior\BuildLiteBehavior [ RunTime:0.000014s ]
INFO: [ app_init ] --END-- [ RunTime:0.000838s ]
INFO: [ app_begin ] --START--
INFO: Run Behavior\ReadHtmlCacheBehavior [ RunTime:0.001234s ]
INFO: [ app_begin ] --END-- [ RunTime:0.001512s ]
SQL: SHOW COLUMNS FROM `notice` [ RunTime:0.0140s ]
SQL: SELECT max(id) FROM `notice`  [ RunTime:0.0004s ]
SQL: SELECT * FROM `notice` WHERE `id` = 13  [ RunTime:0.0003s ]
SQL: SHOW COLUMNS FROM `user` [ RunTime:0.0166s ]
SQL: SELECT MAX(id) AS tp_max FROM `user` WHERE `account` = '郑鹏1234' LIMIT 1   [ RunTime:0.0028s ]
SQL: SELECT * FROM `user` WHERE `id` = 101 AND `account` = '郑鹏1234'  [ RunTime:0.0006s ]
NOTIC: [8] Use of undefined constant date - assumed 'date' D:\phpStudy\WWW\TPdemo\1\Application\Home\Controller\UserController.class.php 第 50 行.
NOTIC: [8] Use of undefined constant date - assumed 'date' D:\phpStudy\WWW\TPdemo\1\Application\Home\Controller\UserController.class.php 第 59 行.
NOTIC: [8] Use of undefined constant date - assumed 'date' D:\phpStudy\WWW\TPdemo\1\Application\Home\Controller\UserController.class.php 第 59 行.
NOTIC: [8] Use of undefined constant date - assumed 'date' D:\phpStudy\WWW\TPdemo\1\Application\Home\Controller\UserController.class.php 第 62 行.
NOTIC: [8] Use of undefined constant subject - assumed 'subject' D:\phpStudy\WWW\TPdemo\1\Application\Home\Controller\UserController.class.php 第 63 行.
NOTIC: [8] Use of undefined constant subject - assumed 'subject' D:\phpStudy\WWW\TPdemo\1\Application\Home\Controller\UserController.class.php 第 84 行.
NOTIC: [8] Use of undefined constant flag - assumed 'flag' D:\phpStudy\WWW\TPdemo\1\Application\Home\Controller\UserController.class.php 第 86 行.
NOTIC: [8] Use of undefined constant date - assumed 'date' D:\phpStudy\WWW\TPdemo\1\Application\Home\Controller\UserController.class.php 第 88 行.
NOTIC: [8] Use of undefined constant date - assumed 'date' D:\phpStudy\WWW\TPdemo\1\Application\Home\Controller\UserController.class.php 第 89 行.
INFO: [ view_parse ] --START--
INFO: [ template_filter ] --START--
INFO: Run Behavior\ContentReplaceBehavior [ RunTime:0.000268s ]
INFO: [ template_filter ] --END-- [ RunTime:0.000350s ]
NOTIC: [8] Undefined variable: examtell D:\phpStudy\WWW\TPdemo\1\Runtime\Cache\Home\85c15a4bfa0cca2d317beed460ec1545.php 第 306 行.
NOTIC: [8] Undefined variable: examtell D:\phpStudy\WWW\TPdemo\1\Runtime\Cache\Home\85c15a4bfa0cca2d317beed460ec1545.php 第 307 行.
NOTIC: [8] Undefined variable: userinfo D:\phpStudy\WWW\TPdemo\1\Runtime\Cache\Home\85c15a4bfa0cca2d317beed460ec1545.php 第 394 行.
NOTIC: [8] Undefined variable: userinfo D:\phpStudy\WWW\TPdemo\1\Runtime\Cache\Home\85c15a4bfa0cca2d317beed460ec1545.php 第 401 行.
NOTIC: [8] Undefined variable: userinfo D:\phpStudy\WWW\TPdemo\1\Runtime\Cache\Home\85c15a4bfa0cca2d317beed460ec1545.php 第 408 行.
NOTIC: [8] Undefined variable: userinfo D:\phpStudy\WWW\TPdemo\1\Runtime\Cache\Home\85c15a4bfa0cca2d317beed460ec1545.php 第 415 行.
NOTIC: [8] Undefined variable: userinfo D:\phpStudy\WWW\TPdemo\1\Runtime\Cache\Home\85c15a4bfa0cca2d317beed460ec1545.php 第 422 行.
NOTIC: [8] Undefined variable: userinfo D:\phpStudy\WWW\TPdemo\1\Runtime\Cache\Home\85c15a4bfa0cca2d317beed460ec1545.php 第 453 行.
NOTIC: [8] Undefined variable: userinfo D:\phpStudy\WWW\TPdemo\1\Runtime\Cache\Home\85c15a4bfa0cca2d317beed460ec1545.php 第 490 行.
NOTIC: [8] Undefined variable: userinfo D:\phpStudy\WWW\TPdemo\1\Runtime\Cache\Home\85c15a4bfa0cca2d317beed460ec1545.php 第 497 行.
NOTIC: [8] Undefined variable: userinfo D:\phpStudy\WWW\TPdemo\1\Runtime\Cache\Home\85c15a4bfa0cca2d317beed460ec1545.php 第 504 行.
NOTIC: [8] Undefined variable: userinfo D:\phpStudy\WWW\TPdemo\1\Runtime\Cache\Home\85c15a4bfa0cca2d317beed460ec1545.php 第 511 行.
NOTIC: [8] Undefined variable: userinfo D:\phpStudy\WWW\TPdemo\1\Runtime\Cache\Home\85c15a4bfa0cca2d317beed460ec1545.php 第 518 行.
INFO: Run Behavior\ParseTemplateBehavior [ RunTime:0.044684s ]
INFO: [ view_parse ] --END-- [ RunTime:0.044736s ]
INFO: [ view_filter ] --START--
INFO: Run Behavior\WriteHtmlCacheBehavior [ RunTime:0.001060s ]
INFO: [ view_filter ] --END-- [ RunTime:0.001101s ]
INFO: [ app_end ] --START--
INFO: Run Behavior\ShowPageTraceBehavior [ RunTime:0.001272s ]
INFO: [ app_end ] --END-- [ RunTime:0.001351s ]

[ 2017-12-28T19:52:28+08:00 ] 127.0.0.1 /TPdemo/1/index.php/Home/User/hegezheng.html
INFO: [ app_init ] --START--
INFO: Run Behavior\BuildLiteBehavior [ RunTime:0.000014s ]
INFO: [ app_init ] --END-- [ RunTime:0.000811s ]
INFO: [ app_begin ] --START--
INFO: Run Behavior\ReadHtmlCacheBehavior [ RunTime:0.001330s ]
INFO: [ app_begin ] --END-- [ RunTime:0.001410s ]
INFO: [ view_parse ] --START--
INFO: [ template_filter ] --START--
INFO: Run Behavior\ContentReplaceBehavior [ RunTime:0.000164s ]
INFO: [ template_filter ] --END-- [ RunTime:0.000210s ]
NOTIC: [8] Undefined variable: examtell D:\phpStudy\WWW\TPdemo\1\Runtime\Cache\Home\114bc4a0da12ca107f75dc038974b2f8.php 第 306 行.
NOTIC: [8] Undefined variable: examtell D:\phpStudy\WWW\TPdemo\1\Runtime\Cache\Home\114bc4a0da12ca107f75dc038974b2f8.php 第 307 行.
NOTIC: [8] Undefined variable: userinfo D:\phpStudy\WWW\TPdemo\1\Runtime\Cache\Home\114bc4a0da12ca107f75dc038974b2f8.php 第 394 行.
NOTIC: [8] Undefined variable: userinfo D:\phpStudy\WWW\TPdemo\1\Runtime\Cache\Home\114bc4a0da12ca107f75dc038974b2f8.php 第 401 行.
NOTIC: [8] Undefined variable: userinfo D:\phpStudy\WWW\TPdemo\1\Runtime\Cache\Home\114bc4a0da12ca107f75dc038974b2f8.php 第 408 行.
NOTIC: [8] Undefined variable: userinfo D:\phpStudy\WWW\TPdemo\1\Runtime\Cache\Home\114bc4a0da12ca107f75dc038974b2f8.php 第 415 行.
NOTIC: [8] Undefined variable: userinfo D:\phpStudy\WWW\TPdemo\1\Runtime\Cache\Home\114bc4a0da12ca107f75dc038974b2f8.php 第 422 行.
NOTIC: [8] Undefined variable: userinfo D:\phpStudy\WWW\TPdemo\1\Runtime\Cache\Home\114bc4a0da12ca107f75dc038974b2f8.php 第 453 行.
NOTIC: [8] Undefined variable: userinfo D:\phpStudy\WWW\TPdemo\1\Runtime\Cache\Home\114bc4a0da12ca107f75dc038974b2f8.php 第 490 行.
NOTIC: [8] Undefined variable: userinfo D:\phpStudy\WWW\TPdemo\1\Runtime\Cache\Home\114bc4a0da12ca107f75dc038974b2f8.php 第 497 行.
NOTIC: [8] Undefined variable: userinfo D:\phpStudy\WWW\TPdemo\1\Runtime\Cache\Home\114bc4a0da12ca107f75dc038974b2f8.php 第 504 行.
NOTIC: [8] Undefined variable: userinfo D:\phpStudy\WWW\TPdemo\1\Runtime\Cache\Home\114bc4a0da12ca107f75dc038974b2f8.php 第 511 行.
NOTIC: [8] Undefined variable: userinfo D:\phpStudy\WWW\TPdemo\1\Runtime\Cache\Home\114bc4a0da12ca107f75dc038974b2f8.php 第 518 行.
INFO: Run Behavior\ParseTemplateBehavior [ RunTime:0.022015s ]
INFO: [ view_parse ] --END-- [ RunTime:0.022085s ]
INFO: [ view_filter ] --START--
INFO: Run Behavior\WriteHtmlCacheBehavior [ RunTime:0.000965s ]
INFO: [ view_filter ] --END-- [ RunTime:0.001010s ]
INFO: [ app_end ] --START--
INFO: Run Behavior\ShowPageTraceBehavior [ RunTime:0.001335s ]
INFO: [ app_end ] --END-- [ RunTime:0.001399s ]

[ 2017-12-28T19:52:30+08:00 ] 127.0.0.1 /TPdemo/1/index.php/Home/User/printzs.html
INFO: [ app_init ] --START--
INFO: Run Behavior\BuildLiteBehavior [ RunTime:0.000015s ]
INFO: [ app_init ] --END-- [ RunTime:0.000881s ]
INFO: [ app_begin ] --START--
INFO: Run Behavior\ReadHtmlCacheBehavior [ RunTime:0.001221s ]
INFO: [ app_begin ] --END-- [ RunTime:0.001287s ]
SQL: SHOW COLUMNS FROM `user` [ RunTime:0.0142s ]
SQL: SHOW COLUMNS FROM `exam` [ RunTime:0.0173s ]
SQL: SHOW COLUMNS FROM `notice` [ RunTime:0.0167s ]
SQL: SELECT max(id) FROM `user` WHERE `account` = '郑鹏1234'  [ RunTime:0.0029s ]
SQL: SELECT * FROM `user` WHERE `id` = 101  [ RunTime:0.0007s ]
NOTIC: [8] Use of undefined constant score - assumed 'score' D:\phpStudy\WWW\TPdemo\1\Application\Home\Controller\UserController.class.php 第 456 行.
SQL: SELECT * FROM `user` WHERE `id` = 101  [ RunTime:0.0006s ]
NOTIC: [8] Use of undefined constant date - assumed 'date' D:\phpStudy\WWW\TPdemo\1\Application\Home\Controller\UserController.class.php 第 457 行.
SQL: SELECT max(id) FROM `exam`  [ RunTime:0.0004s ]
SQL: SELECT max(id) FROM `notice`  [ RunTime:0.0004s ]
SQL: SELECT * FROM `user` WHERE `id` = 101  [ RunTime:0.0006s ]
SQL: SELECT * FROM `user` WHERE `id` = 101  [ RunTime:0.0006s ]
NOTIC: [8] Use of undefined constant date - assumed 'date' D:\phpStudy\WWW\TPdemo\1\Application\Home\Controller\UserController.class.php 第 461 行.
SQL: SELECT `subject` FROM `notice` WHERE `id` = 13  [ RunTime:0.0004s ]
SQL: SELECT * FROM `exam` WHERE `id` = 11  [ RunTime:0.0004s ]
NOTIC: [8] Use of undefined constant time - assumed 'time' D:\phpStudy\WWW\TPdemo\1\Application\Home\Controller\UserController.class.php 第 464 行.
SQL: SELECT `time` FROM `exam` WHERE `id` = 11  [ RunTime:0.0004s ]
NOTIC: [8] Use of undefined constant time - assumed 'time' D:\phpStudy\WWW\TPdemo\1\Application\Home\Controller\UserController.class.php 第 469 行.
INFO: [ app_end ] --START--
INFO: Run Behavior\ShowPageTraceBehavior [ RunTime:0.001263s ]
INFO: [ app_end ] --END-- [ RunTime:0.001326s ]

