[ 2017-11-25T23:18:21+08:00 ] 127.0.0.1 /index.php/Home/User/baoming.html
INFO: [ app_init ] --START--
INFO: Run Behavior\BuildLiteBehavior [ RunTime:0.000000s ]
INFO: [ app_init ] --END-- [ RunTime:0.000000s ]
INFO: [ app_begin ] --START--
INFO: Run Behavior\ReadHtmlCacheBehavior [ RunTime:0.015600s ]
INFO: [ app_begin ] --END-- [ RunTime:0.015600s ]
SQL: SHOW COLUMNS FROM `notice` [ RunTime:0.0156s ]
SQL: SELECT max(id) FROM `notice`  [ RunTime:0.0000s ]
SQL: SELECT * FROM `notice` WHERE `id` = 13  [ RunTime:0.0000s ]
SQL: SHOW COLUMNS FROM `user` [ RunTime:0.0156s ]
SQL: SELECT MAX(id) AS tp_max FROM `user` WHERE `account` = 'qweqwe' LIMIT 1   [ RunTime:0.0000s ]
SQL: SELECT * FROM `user` WHERE `id` = 41 AND `account` = 'qweqwe'  [ RunTime:0.0000s ]
NOTIC: [8] Use of undefined constant date - assumed 'date' C:\phpmystudy\WWW\Application\Home\Controller\UserController.class.php 第 50 行.
NOTIC: [8] Use of undefined constant date - assumed 'date' C:\phpmystudy\WWW\Application\Home\Controller\UserController.class.php 第 53 行.
NOTIC: [8] Use of undefined constant subject - assumed 'subject' C:\phpmystudy\WWW\Application\Home\Controller\UserController.class.php 第 54 行.
NOTIC: [8] Use of undefined constant flag - assumed 'flag' C:\phpmystudy\WWW\Application\Home\Controller\UserController.class.php 第 55 行.
NOTIC: [8] Use of undefined constant subject - assumed 'subject' C:\phpmystudy\WWW\Application\Home\Controller\UserController.class.php 第 84 行.
NOTIC: [8] Use of undefined constant flag - assumed 'flag' C:\phpmystudy\WWW\Application\Home\Controller\UserController.class.php 第 86 行.
NOTIC: [8] Use of undefined constant date - assumed 'date' C:\phpmystudy\WWW\Application\Home\Controller\UserController.class.php 第 88 行.
NOTIC: [8] Use of undefined constant date - assumed 'date' C:\phpmystudy\WWW\Application\Home\Controller\UserController.class.php 第 89 行.
INFO: [ view_parse ] --START--
INFO: [ template_filter ] --START--
INFO: Run Behavior\ContentReplaceBehavior [ RunTime:0.000000s ]
INFO: [ template_filter ] --END-- [ RunTime:0.000000s ]
NOTIC: [8] Undefined variable: examtell C:\phpmystudy\WWW\Runtime\Cache\Home\85c15a4bfa0cca2d317beed460ec1545.php 第 306 行.
NOTIC: [8] Undefined variable: examtell C:\phpmystudy\WWW\Runtime\Cache\Home\85c15a4bfa0cca2d317beed460ec1545.php 第 307 行.
NOTIC: [8] Undefined variable: userinfo C:\phpmystudy\WWW\Runtime\Cache\Home\85c15a4bfa0cca2d317beed460ec1545.php 第 394 行.
NOTIC: [8] Undefined variable: userinfo C:\phpmystudy\WWW\Runtime\Cache\Home\85c15a4bfa0cca2d317beed460ec1545.php 第 401 行.
NOTIC: [8] Undefined variable: userinfo C:\phpmystudy\WWW\Runtime\Cache\Home\85c15a4bfa0cca2d317beed460ec1545.php 第 408 行.
NOTIC: [8] Undefined variable: userinfo C:\phpmystudy\WWW\Runtime\Cache\Home\85c15a4bfa0cca2d317beed460ec1545.php 第 415 行.
NOTIC: [8] Undefined variable: userinfo C:\phpmystudy\WWW\Runtime\Cache\Home\85c15a4bfa0cca2d317beed460ec1545.php 第 422 行.
NOTIC: [8] Undefined variable: userinfo C:\phpmystudy\WWW\Runtime\Cache\Home\85c15a4bfa0cca2d317beed460ec1545.php 第 453 行.
NOTIC: [8] Undefined variable: userinfo C:\phpmystudy\WWW\Runtime\Cache\Home\85c15a4bfa0cca2d317beed460ec1545.php 第 490 行.
NOTIC: [8] Undefined variable: userinfo C:\phpmystudy\WWW\Runtime\Cache\Home\85c15a4bfa0cca2d317beed460ec1545.php 第 497 行.
NOTIC: [8] Undefined variable: userinfo C:\phpmystudy\WWW\Runtime\Cache\Home\85c15a4bfa0cca2d317beed460ec1545.php 第 504 行.
NOTIC: [8] Undefined variable: userinfo C:\phpmystudy\WWW\Runtime\Cache\Home\85c15a4bfa0cca2d317beed460ec1545.php 第 511 行.
NOTIC: [8] Undefined variable: userinfo C:\phpmystudy\WWW\Runtime\Cache\Home\85c15a4bfa0cca2d317beed460ec1545.php 第 518 行.
INFO: Run Behavior\ParseTemplateBehavior [ RunTime:0.015600s ]
INFO: [ view_parse ] --END-- [ RunTime:0.015600s ]
INFO: [ view_filter ] --START--
INFO: Run Behavior\WriteHtmlCacheBehavior [ RunTime:0.000000s ]
INFO: [ view_filter ] --END-- [ RunTime:0.000000s ]
INFO: [ app_end ] --START--
INFO: Run Behavior\ShowPageTraceBehavior [ RunTime:0.000000s ]
INFO: [ app_end ] --END-- [ RunTime:0.000000s ]

[ 2017-11-25T23:18:23+08:00 ] 127.0.0.1 /index.php/Home/User/baoming.html
INFO: [ app_init ] --START--
INFO: Run Behavior\BuildLiteBehavior [ RunTime:0.000000s ]
INFO: [ app_init ] --END-- [ RunTime:0.000000s ]
INFO: [ app_begin ] --START--
INFO: Run Behavior\ReadHtmlCacheBehavior [ RunTime:0.000000s ]
INFO: [ app_begin ] --END-- [ RunTime:0.000000s ]
SQL: SHOW COLUMNS FROM `notice` [ RunTime:0.0000s ]
SQL: SELECT max(id) FROM `notice`  [ RunTime:0.0000s ]
SQL: SELECT * FROM `notice` WHERE `id` = 13  [ RunTime:0.0000s ]
SQL: SHOW COLUMNS FROM `user` [ RunTime:0.0000s ]
SQL: SELECT MAX(id) AS tp_max FROM `user` WHERE `account` = 'qweqwe' LIMIT 1   [ RunTime:0.0000s ]
SQL: SELECT * FROM `user` WHERE `id` = 41 AND `account` = 'qweqwe'  [ RunTime:0.0000s ]
NOTIC: [8] Use of undefined constant date - assumed 'date' C:\phpmystudy\WWW\Application\Home\Controller\UserController.class.php 第 50 行.
NOTIC: [8] Use of undefined constant date - assumed 'date' C:\phpmystudy\WWW\Application\Home\Controller\UserController.class.php 第 53 行.
NOTIC: [8] Use of undefined constant subject - assumed 'subject' C:\phpmystudy\WWW\Application\Home\Controller\UserController.class.php 第 54 行.
NOTIC: [8] Use of undefined constant flag - assumed 'flag' C:\phpmystudy\WWW\Application\Home\Controller\UserController.class.php 第 55 行.
NOTIC: [8] Use of undefined constant subject - assumed 'subject' C:\phpmystudy\WWW\Application\Home\Controller\UserController.class.php 第 84 行.
NOTIC: [8] Use of undefined constant flag - assumed 'flag' C:\phpmystudy\WWW\Application\Home\Controller\UserController.class.php 第 86 行.
NOTIC: [8] Use of undefined constant date - assumed 'date' C:\phpmystudy\WWW\Application\Home\Controller\UserController.class.php 第 88 行.
NOTIC: [8] Use of undefined constant date - assumed 'date' C:\phpmystudy\WWW\Application\Home\Controller\UserController.class.php 第 89 行.
NOTIC: [8] Use of undefined constant pass - assumed 'pass' C:\phpmystudy\WWW\Application\Home\Controller\UserController.class.php 第 92 行.
INFO: [ view_parse ] --START--
INFO: [ template_filter ] --START--
INFO: Run Behavior\ContentReplaceBehavior [ RunTime:0.000000s ]
INFO: [ template_filter ] --END-- [ RunTime:0.000000s ]
INFO: Run Behavior\ParseTemplateBehavior [ RunTime:0.000000s ]
INFO: [ view_parse ] --END-- [ RunTime:0.000000s ]
INFO: [ view_filter ] --START--
INFO: Run Behavior\WriteHtmlCacheBehavior [ RunTime:0.000000s ]
INFO: [ view_filter ] --END-- [ RunTime:0.000000s ]

[ 2017-11-25T23:18:27+08:00 ] 127.0.0.1 /index.php/Home/User/baoming.html
INFO: [ app_init ] --START--
INFO: Run Behavior\BuildLiteBehavior [ RunTime:0.000000s ]
INFO: [ app_init ] --END-- [ RunTime:0.000000s ]
INFO: [ app_begin ] --START--
INFO: Run Behavior\ReadHtmlCacheBehavior [ RunTime:0.000000s ]
INFO: [ app_begin ] --END-- [ RunTime:0.000000s ]
SQL: SHOW COLUMNS FROM `notice` [ RunTime:0.0000s ]
SQL: SELECT max(id) FROM `notice`  [ RunTime:0.0000s ]
SQL: SELECT * FROM `notice` WHERE `id` = 13  [ RunTime:0.0000s ]
SQL: SHOW COLUMNS FROM `user` [ RunTime:0.0000s ]
SQL: SELECT MAX(id) AS tp_max FROM `user` WHERE `account` = 'qweqwe' LIMIT 1   [ RunTime:0.0000s ]
SQL: SELECT * FROM `user` WHERE `id` = 41 AND `account` = 'qweqwe'  [ RunTime:0.0000s ]
NOTIC: [8] Use of undefined constant date - assumed 'date' C:\phpmystudy\WWW\Application\Home\Controller\UserController.class.php 第 50 行.
NOTIC: [8] Use of undefined constant date - assumed 'date' C:\phpmystudy\WWW\Application\Home\Controller\UserController.class.php 第 53 行.
NOTIC: [8] Use of undefined constant subject - assumed 'subject' C:\phpmystudy\WWW\Application\Home\Controller\UserController.class.php 第 54 行.
NOTIC: [8] Use of undefined constant flag - assumed 'flag' C:\phpmystudy\WWW\Application\Home\Controller\UserController.class.php 第 55 行.
NOTIC: [8] Use of undefined constant subject - assumed 'subject' C:\phpmystudy\WWW\Application\Home\Controller\UserController.class.php 第 84 行.
NOTIC: [8] Use of undefined constant flag - assumed 'flag' C:\phpmystudy\WWW\Application\Home\Controller\UserController.class.php 第 86 行.
NOTIC: [8] Use of undefined constant date - assumed 'date' C:\phpmystudy\WWW\Application\Home\Controller\UserController.class.php 第 88 行.
NOTIC: [8] Use of undefined constant date - assumed 'date' C:\phpmystudy\WWW\Application\Home\Controller\UserController.class.php 第 89 行.
INFO: [ view_parse ] --START--
INFO: [ template_filter ] --START--
INFO: Run Behavior\ContentReplaceBehavior [ RunTime:0.000000s ]
INFO: [ template_filter ] --END-- [ RunTime:0.000000s ]
NOTIC: [8] Undefined variable: examtell C:\phpmystudy\WWW\Runtime\Cache\Home\85c15a4bfa0cca2d317beed460ec1545.php 第 306 行.
NOTIC: [8] Undefined variable: examtell C:\phpmystudy\WWW\Runtime\Cache\Home\85c15a4bfa0cca2d317beed460ec1545.php 第 307 行.
NOTIC: [8] Undefined variable: userinfo C:\phpmystudy\WWW\Runtime\Cache\Home\85c15a4bfa0cca2d317beed460ec1545.php 第 394 行.
NOTIC: [8] Undefined variable: userinfo C:\phpmystudy\WWW\Runtime\Cache\Home\85c15a4bfa0cca2d317beed460ec1545.php 第 401 行.
NOTIC: [8] Undefined variable: userinfo C:\phpmystudy\WWW\Runtime\Cache\Home\85c15a4bfa0cca2d317beed460ec1545.php 第 408 行.
NOTIC: [8] Undefined variable: userinfo C:\phpmystudy\WWW\Runtime\Cache\Home\85c15a4bfa0cca2d317beed460ec1545.php 第 415 行.
NOTIC: [8] Undefined variable: userinfo C:\phpmystudy\WWW\Runtime\Cache\Home\85c15a4bfa0cca2d317beed460ec1545.php 第 422 行.
NOTIC: [8] Undefined variable: userinfo C:\phpmystudy\WWW\Runtime\Cache\Home\85c15a4bfa0cca2d317beed460ec1545.php 第 453 行.
NOTIC: [8] Undefined variable: userinfo C:\phpmystudy\WWW\Runtime\Cache\Home\85c15a4bfa0cca2d317beed460ec1545.php 第 490 行.
NOTIC: [8] Undefined variable: userinfo C:\phpmystudy\WWW\Runtime\Cache\Home\85c15a4bfa0cca2d317beed460ec1545.php 第 497 行.
NOTIC: [8] Undefined variable: userinfo C:\phpmystudy\WWW\Runtime\Cache\Home\85c15a4bfa0cca2d317beed460ec1545.php 第 504 行.
NOTIC: [8] Undefined variable: userinfo C:\phpmystudy\WWW\Runtime\Cache\Home\85c15a4bfa0cca2d317beed460ec1545.php 第 511 行.
NOTIC: [8] Undefined variable: userinfo C:\phpmystudy\WWW\Runtime\Cache\Home\85c15a4bfa0cca2d317beed460ec1545.php 第 518 行.
INFO: Run Behavior\ParseTemplateBehavior [ RunTime:0.015600s ]
INFO: [ view_parse ] --END-- [ RunTime:0.015600s ]
INFO: [ view_filter ] --START--
INFO: Run Behavior\WriteHtmlCacheBehavior [ RunTime:0.000000s ]
INFO: [ view_filter ] --END-- [ RunTime:0.000000s ]
INFO: [ app_end ] --START--
INFO: Run Behavior\ShowPageTraceBehavior [ RunTime:0.000000s ]
INFO: [ app_end ] --END-- [ RunTime:0.000000s ]

[ 2017-11-25T23:18:34+08:00 ] 127.0.0.1 /index.php/Home/User/baoming.html
INFO: [ app_init ] --START--
INFO: Run Behavior\BuildLiteBehavior [ RunTime:0.000000s ]
INFO: [ app_init ] --END-- [ RunTime:0.000000s ]
INFO: [ app_begin ] --START--
INFO: Run Behavior\ReadHtmlCacheBehavior [ RunTime:0.000000s ]
INFO: [ app_begin ] --END-- [ RunTime:0.000000s ]
SQL: SHOW COLUMNS FROM `notice` [ RunTime:0.0000s ]
SQL: SELECT max(id) FROM `notice`  [ RunTime:0.0000s ]
SQL: SELECT * FROM `notice` WHERE `id` = 13  [ RunTime:0.0000s ]
SQL: SHOW COLUMNS FROM `user` [ RunTime:0.0000s ]
SQL: SELECT MAX(id) AS tp_max FROM `user` WHERE `account` = 'qweqwe' LIMIT 1   [ RunTime:0.0000s ]
SQL: SELECT * FROM `user` WHERE `id` = 41 AND `account` = 'qweqwe'  [ RunTime:0.0000s ]
NOTIC: [8] Use of undefined constant date - assumed 'date' C:\phpmystudy\WWW\Application\Home\Controller\UserController.class.php 第 50 行.
NOTIC: [8] Use of undefined constant date - assumed 'date' C:\phpmystudy\WWW\Application\Home\Controller\UserController.class.php 第 53 行.
NOTIC: [8] Use of undefined constant subject - assumed 'subject' C:\phpmystudy\WWW\Application\Home\Controller\UserController.class.php 第 54 行.
NOTIC: [8] Use of undefined constant flag - assumed 'flag' C:\phpmystudy\WWW\Application\Home\Controller\UserController.class.php 第 55 行.
NOTIC: [8] Use of undefined constant subject - assumed 'subject' C:\phpmystudy\WWW\Application\Home\Controller\UserController.class.php 第 84 行.
NOTIC: [8] Use of undefined constant flag - assumed 'flag' C:\phpmystudy\WWW\Application\Home\Controller\UserController.class.php 第 86 行.
NOTIC: [8] Use of undefined constant date - assumed 'date' C:\phpmystudy\WWW\Application\Home\Controller\UserController.class.php 第 88 行.
NOTIC: [8] Use of undefined constant date - assumed 'date' C:\phpmystudy\WWW\Application\Home\Controller\UserController.class.php 第 89 行.
INFO: [ view_parse ] --START--
INFO: [ template_filter ] --START--
INFO: Run Behavior\ContentReplaceBehavior [ RunTime:0.000000s ]
INFO: [ template_filter ] --END-- [ RunTime:0.000000s ]
NOTIC: [8] Undefined variable: examtell C:\phpmystudy\WWW\Runtime\Cache\Home\85c15a4bfa0cca2d317beed460ec1545.php 第 306 行.
NOTIC: [8] Undefined variable: examtell C:\phpmystudy\WWW\Runtime\Cache\Home\85c15a4bfa0cca2d317beed460ec1545.php 第 307 行.
NOTIC: [8] Undefined variable: userinfo C:\phpmystudy\WWW\Runtime\Cache\Home\85c15a4bfa0cca2d317beed460ec1545.php 第 394 行.
NOTIC: [8] Undefined variable: userinfo C:\phpmystudy\WWW\Runtime\Cache\Home\85c15a4bfa0cca2d317beed460ec1545.php 第 401 行.
NOTIC: [8] Undefined variable: userinfo C:\phpmystudy\WWW\Runtime\Cache\Home\85c15a4bfa0cca2d317beed460ec1545.php 第 408 行.
NOTIC: [8] Undefined variable: userinfo C:\phpmystudy\WWW\Runtime\Cache\Home\85c15a4bfa0cca2d317beed460ec1545.php 第 415 行.
NOTIC: [8] Undefined variable: userinfo C:\phpmystudy\WWW\Runtime\Cache\Home\85c15a4bfa0cca2d317beed460ec1545.php 第 422 行.
NOTIC: [8] Undefined variable: userinfo C:\phpmystudy\WWW\Runtime\Cache\Home\85c15a4bfa0cca2d317beed460ec1545.php 第 453 行.
NOTIC: [8] Undefined variable: userinfo C:\phpmystudy\WWW\Runtime\Cache\Home\85c15a4bfa0cca2d317beed460ec1545.php 第 490 行.
NOTIC: [8] Undefined variable: userinfo C:\phpmystudy\WWW\Runtime\Cache\Home\85c15a4bfa0cca2d317beed460ec1545.php 第 497 行.
NOTIC: [8] Undefined variable: userinfo C:\phpmystudy\WWW\Runtime\Cache\Home\85c15a4bfa0cca2d317beed460ec1545.php 第 504 行.
NOTIC: [8] Undefined variable: userinfo C:\phpmystudy\WWW\Runtime\Cache\Home\85c15a4bfa0cca2d317beed460ec1545.php 第 511 行.
NOTIC: [8] Undefined variable: userinfo C:\phpmystudy\WWW\Runtime\Cache\Home\85c15a4bfa0cca2d317beed460ec1545.php 第 518 行.
INFO: Run Behavior\ParseTemplateBehavior [ RunTime:0.015600s ]
INFO: [ view_parse ] --END-- [ RunTime:0.015600s ]
INFO: [ view_filter ] --START--
INFO: Run Behavior\WriteHtmlCacheBehavior [ RunTime:0.000000s ]
INFO: [ view_filter ] --END-- [ RunTime:0.000000s ]
INFO: [ app_end ] --START--
INFO: Run Behavior\ShowPageTraceBehavior [ RunTime:0.000000s ]
INFO: [ app_end ] --END-- [ RunTime:0.000000s ]

[ 2017-11-25T23:18:36+08:00 ] 127.0.0.1 /index.php/Home/User/baoming.html
INFO: [ app_init ] --START--
INFO: Run Behavior\BuildLiteBehavior [ RunTime:0.000000s ]
INFO: [ app_init ] --END-- [ RunTime:0.000000s ]
INFO: [ app_begin ] --START--
INFO: Run Behavior\ReadHtmlCacheBehavior [ RunTime:0.000000s ]
INFO: [ app_begin ] --END-- [ RunTime:0.000000s ]
SQL: SHOW COLUMNS FROM `notice` [ RunTime:0.0156s ]
SQL: SELECT max(id) FROM `notice`  [ RunTime:0.0000s ]
SQL: SELECT * FROM `notice` WHERE `id` = 13  [ RunTime:0.0000s ]
SQL: SHOW COLUMNS FROM `user` [ RunTime:0.0000s ]
SQL: SELECT MAX(id) AS tp_max FROM `user` WHERE `account` = 'qweqwe' LIMIT 1   [ RunTime:0.0000s ]
SQL: SELECT * FROM `user` WHERE `id` = 41 AND `account` = 'qweqwe'  [ RunTime:0.0000s ]
NOTIC: [8] Use of undefined constant date - assumed 'date' C:\phpmystudy\WWW\Application\Home\Controller\UserController.class.php 第 50 行.
NOTIC: [8] Use of undefined constant date - assumed 'date' C:\phpmystudy\WWW\Application\Home\Controller\UserController.class.php 第 53 行.
NOTIC: [8] Use of undefined constant subject - assumed 'subject' C:\phpmystudy\WWW\Application\Home\Controller\UserController.class.php 第 54 行.
NOTIC: [8] Use of undefined constant flag - assumed 'flag' C:\phpmystudy\WWW\Application\Home\Controller\UserController.class.php 第 55 行.
NOTIC: [8] Use of undefined constant subject - assumed 'subject' C:\phpmystudy\WWW\Application\Home\Controller\UserController.class.php 第 84 行.
NOTIC: [8] Use of undefined constant flag - assumed 'flag' C:\phpmystudy\WWW\Application\Home\Controller\UserController.class.php 第 86 行.
NOTIC: [8] Use of undefined constant date - assumed 'date' C:\phpmystudy\WWW\Application\Home\Controller\UserController.class.php 第 88 行.
NOTIC: [8] Use of undefined constant date - assumed 'date' C:\phpmystudy\WWW\Application\Home\Controller\UserController.class.php 第 89 行.
NOTIC: [8] Use of undefined constant pass - assumed 'pass' C:\phpmystudy\WWW\Application\Home\Controller\UserController.class.php 第 92 行.
INFO: [ view_parse ] --START--
INFO: [ template_filter ] --START--
INFO: Run Behavior\ContentReplaceBehavior [ RunTime:0.000000s ]
INFO: [ template_filter ] --END-- [ RunTime:0.000000s ]
INFO: Run Behavior\ParseTemplateBehavior [ RunTime:0.000000s ]
INFO: [ view_parse ] --END-- [ RunTime:0.000000s ]
INFO: [ view_filter ] --START--
INFO: Run Behavior\WriteHtmlCacheBehavior [ RunTime:0.000000s ]
INFO: [ view_filter ] --END-- [ RunTime:0.000000s ]

[ 2017-11-25T23:18:40+08:00 ] 127.0.0.1 /index.php/Home/User/baoming.html
INFO: [ app_init ] --START--
INFO: Run Behavior\BuildLiteBehavior [ RunTime:0.000000s ]
INFO: [ app_init ] --END-- [ RunTime:0.000000s ]
INFO: [ app_begin ] --START--
INFO: Run Behavior\ReadHtmlCacheBehavior [ RunTime:0.000000s ]
INFO: [ app_begin ] --END-- [ RunTime:0.000000s ]
SQL: SHOW COLUMNS FROM `notice` [ RunTime:0.0000s ]
SQL: SELECT max(id) FROM `notice`  [ RunTime:0.0000s ]
SQL: SELECT * FROM `notice` WHERE `id` = 13  [ RunTime:0.0000s ]
SQL: SHOW COLUMNS FROM `user` [ RunTime:0.0000s ]
SQL: SELECT MAX(id) AS tp_max FROM `user` WHERE `account` = 'qweqwe' LIMIT 1   [ RunTime:0.0000s ]
SQL: SELECT * FROM `user` WHERE `id` = 41 AND `account` = 'qweqwe'  [ RunTime:0.0000s ]
NOTIC: [8] Use of undefined constant date - assumed 'date' C:\phpmystudy\WWW\Application\Home\Controller\UserController.class.php 第 50 行.
NOTIC: [8] Use of undefined constant date - assumed 'date' C:\phpmystudy\WWW\Application\Home\Controller\UserController.class.php 第 53 行.
NOTIC: [8] Use of undefined constant subject - assumed 'subject' C:\phpmystudy\WWW\Application\Home\Controller\UserController.class.php 第 54 行.
NOTIC: [8] Use of undefined constant flag - assumed 'flag' C:\phpmystudy\WWW\Application\Home\Controller\UserController.class.php 第 55 行.
NOTIC: [8] Use of undefined constant subject - assumed 'subject' C:\phpmystudy\WWW\Application\Home\Controller\UserController.class.php 第 84 行.
NOTIC: [8] Use of undefined constant flag - assumed 'flag' C:\phpmystudy\WWW\Application\Home\Controller\UserController.class.php 第 86 行.
NOTIC: [8] Use of undefined constant date - assumed 'date' C:\phpmystudy\WWW\Application\Home\Controller\UserController.class.php 第 88 行.
NOTIC: [8] Use of undefined constant date - assumed 'date' C:\phpmystudy\WWW\Application\Home\Controller\UserController.class.php 第 89 行.
INFO: [ view_parse ] --START--
INFO: [ template_filter ] --START--
INFO: Run Behavior\ContentReplaceBehavior [ RunTime:0.000000s ]
INFO: [ template_filter ] --END-- [ RunTime:0.000000s ]
NOTIC: [8] Undefined variable: examtell C:\phpmystudy\WWW\Runtime\Cache\Home\85c15a4bfa0cca2d317beed460ec1545.php 第 306 行.
NOTIC: [8] Undefined variable: examtell C:\phpmystudy\WWW\Runtime\Cache\Home\85c15a4bfa0cca2d317beed460ec1545.php 第 307 行.
NOTIC: [8] Undefined variable: userinfo C:\phpmystudy\WWW\Runtime\Cache\Home\85c15a4bfa0cca2d317beed460ec1545.php 第 394 行.
NOTIC: [8] Undefined variable: userinfo C:\phpmystudy\WWW\Runtime\Cache\Home\85c15a4bfa0cca2d317beed460ec1545.php 第 401 行.
NOTIC: [8] Undefined variable: userinfo C:\phpmystudy\WWW\Runtime\Cache\Home\85c15a4bfa0cca2d317beed460ec1545.php 第 408 行.
NOTIC: [8] Undefined variable: userinfo C:\phpmystudy\WWW\Runtime\Cache\Home\85c15a4bfa0cca2d317beed460ec1545.php 第 415 行.
NOTIC: [8] Undefined variable: userinfo C:\phpmystudy\WWW\Runtime\Cache\Home\85c15a4bfa0cca2d317beed460ec1545.php 第 422 行.
NOTIC: [8] Undefined variable: userinfo C:\phpmystudy\WWW\Runtime\Cache\Home\85c15a4bfa0cca2d317beed460ec1545.php 第 453 行.
NOTIC: [8] Undefined variable: userinfo C:\phpmystudy\WWW\Runtime\Cache\Home\85c15a4bfa0cca2d317beed460ec1545.php 第 490 行.
NOTIC: [8] Undefined variable: userinfo C:\phpmystudy\WWW\Runtime\Cache\Home\85c15a4bfa0cca2d317beed460ec1545.php 第 497 行.
NOTIC: [8] Undefined variable: userinfo C:\phpmystudy\WWW\Runtime\Cache\Home\85c15a4bfa0cca2d317beed460ec1545.php 第 504 行.
NOTIC: [8] Undefined variable: userinfo C:\phpmystudy\WWW\Runtime\Cache\Home\85c15a4bfa0cca2d317beed460ec1545.php 第 511 行.
NOTIC: [8] Undefined variable: userinfo C:\phpmystudy\WWW\Runtime\Cache\Home\85c15a4bfa0cca2d317beed460ec1545.php 第 518 行.
INFO: Run Behavior\ParseTemplateBehavior [ RunTime:0.015600s ]
INFO: [ view_parse ] --END-- [ RunTime:0.015600s ]
INFO: [ view_filter ] --START--
INFO: Run Behavior\WriteHtmlCacheBehavior [ RunTime:0.000000s ]
INFO: [ view_filter ] --END-- [ RunTime:0.000000s ]
INFO: [ app_end ] --START--
INFO: Run Behavior\ShowPageTraceBehavior [ RunTime:0.000000s ]
INFO: [ app_end ] --END-- [ RunTime:0.000000s ]

[ 2017-11-25T23:18:44+08:00 ] 127.0.0.1 /index.php/Home/User/baoming.html
INFO: [ app_init ] --START--
INFO: Run Behavior\BuildLiteBehavior [ RunTime:0.000000s ]
INFO: [ app_init ] --END-- [ RunTime:0.000000s ]
INFO: [ app_begin ] --START--
INFO: Run Behavior\ReadHtmlCacheBehavior [ RunTime:0.000000s ]
INFO: [ app_begin ] --END-- [ RunTime:0.000000s ]
SQL: SHOW COLUMNS FROM `notice` [ RunTime:0.0000s ]
SQL: SELECT max(id) FROM `notice`  [ RunTime:0.0000s ]
SQL: SELECT * FROM `notice` WHERE `id` = 13  [ RunTime:0.0000s ]
SQL: SHOW COLUMNS FROM `user` [ RunTime:0.0000s ]
SQL: SELECT MAX(id) AS tp_max FROM `user` WHERE `account` = 'qweqwe' LIMIT 1   [ RunTime:0.0000s ]
SQL: SELECT * FROM `user` WHERE `id` = 41 AND `account` = 'qweqwe'  [ RunTime:0.0000s ]
NOTIC: [8] Use of undefined constant date - assumed 'date' C:\phpmystudy\WWW\Application\Home\Controller\UserController.class.php 第 50 行.
NOTIC: [8] Use of undefined constant date - assumed 'date' C:\phpmystudy\WWW\Application\Home\Controller\UserController.class.php 第 53 行.
NOTIC: [8] Use of undefined constant subject - assumed 'subject' C:\phpmystudy\WWW\Application\Home\Controller\UserController.class.php 第 54 行.
NOTIC: [8] Use of undefined constant flag - assumed 'flag' C:\phpmystudy\WWW\Application\Home\Controller\UserController.class.php 第 55 行.
NOTIC: [8] Use of undefined constant subject - assumed 'subject' C:\phpmystudy\WWW\Application\Home\Controller\UserController.class.php 第 84 行.
NOTIC: [8] Use of undefined constant flag - assumed 'flag' C:\phpmystudy\WWW\Application\Home\Controller\UserController.class.php 第 86 行.
NOTIC: [8] Use of undefined constant date - assumed 'date' C:\phpmystudy\WWW\Application\Home\Controller\UserController.class.php 第 88 行.
NOTIC: [8] Use of undefined constant date - assumed 'date' C:\phpmystudy\WWW\Application\Home\Controller\UserController.class.php 第 89 行.
INFO: [ view_parse ] --START--
INFO: [ template_filter ] --START--
INFO: Run Behavior\ContentReplaceBehavior [ RunTime:0.000000s ]
INFO: [ template_filter ] --END-- [ RunTime:0.000000s ]
NOTIC: [8] Undefined variable: examtell C:\phpmystudy\WWW\Runtime\Cache\Home\85c15a4bfa0cca2d317beed460ec1545.php 第 306 行.
NOTIC: [8] Undefined variable: examtell C:\phpmystudy\WWW\Runtime\Cache\Home\85c15a4bfa0cca2d317beed460ec1545.php 第 307 行.
NOTIC: [8] Undefined variable: userinfo C:\phpmystudy\WWW\Runtime\Cache\Home\85c15a4bfa0cca2d317beed460ec1545.php 第 394 行.
NOTIC: [8] Undefined variable: userinfo C:\phpmystudy\WWW\Runtime\Cache\Home\85c15a4bfa0cca2d317beed460ec1545.php 第 401 行.
NOTIC: [8] Undefined variable: userinfo C:\phpmystudy\WWW\Runtime\Cache\Home\85c15a4bfa0cca2d317beed460ec1545.php 第 408 行.
NOTIC: [8] Undefined variable: userinfo C:\phpmystudy\WWW\Runtime\Cache\Home\85c15a4bfa0cca2d317beed460ec1545.php 第 415 行.
NOTIC: [8] Undefined variable: userinfo C:\phpmystudy\WWW\Runtime\Cache\Home\85c15a4bfa0cca2d317beed460ec1545.php 第 422 行.
NOTIC: [8] Undefined variable: userinfo C:\phpmystudy\WWW\Runtime\Cache\Home\85c15a4bfa0cca2d317beed460ec1545.php 第 453 行.
NOTIC: [8] Undefined variable: userinfo C:\phpmystudy\WWW\Runtime\Cache\Home\85c15a4bfa0cca2d317beed460ec1545.php 第 490 行.
NOTIC: [8] Undefined variable: userinfo C:\phpmystudy\WWW\Runtime\Cache\Home\85c15a4bfa0cca2d317beed460ec1545.php 第 497 行.
NOTIC: [8] Undefined variable: userinfo C:\phpmystudy\WWW\Runtime\Cache\Home\85c15a4bfa0cca2d317beed460ec1545.php 第 504 行.
NOTIC: [8] Undefined variable: userinfo C:\phpmystudy\WWW\Runtime\Cache\Home\85c15a4bfa0cca2d317beed460ec1545.php 第 511 行.
NOTIC: [8] Undefined variable: userinfo C:\phpmystudy\WWW\Runtime\Cache\Home\85c15a4bfa0cca2d317beed460ec1545.php 第 518 行.
INFO: Run Behavior\ParseTemplateBehavior [ RunTime:0.015600s ]
INFO: [ view_parse ] --END-- [ RunTime:0.015600s ]
INFO: [ view_filter ] --START--
INFO: Run Behavior\WriteHtmlCacheBehavior [ RunTime:0.000000s ]
INFO: [ view_filter ] --END-- [ RunTime:0.000000s ]
INFO: [ app_end ] --START--
INFO: Run Behavior\ShowPageTraceBehavior [ RunTime:0.000000s ]
INFO: [ app_end ] --END-- [ RunTime:0.000000s ]

