[ 2018-01-07T20:05:04+08:00 ] 127.0.0.1 /TPdemo/1/index.php/Home/Load/load.html
INFO: [ app_init ] --START--
INFO: Run Behavior\BuildLiteBehavior [ RunTime:0.000014s ]
INFO: [ app_init ] --END-- [ RunTime:0.065031s ]
INFO: [ app_begin ] --START--
INFO: Run Behavior\ReadHtmlCacheBehavior [ RunTime:0.094318s ]
INFO: [ app_begin ] --END-- [ RunTime:0.094399s ]
INFO: [ view_parse ] --START--
INFO: [ template_filter ] --START--
INFO: Run Behavior\ContentReplaceBehavior [ RunTime:0.000093s ]
INFO: [ template_filter ] --END-- [ RunTime:0.000168s ]
INFO: Run Behavior\ParseTemplateBehavior [ RunTime:0.273720s ]
INFO: [ view_parse ] --END-- [ RunTime:0.273794s ]
INFO: [ view_filter ] --START--
INFO: Run Behavior\WriteHtmlCacheBehavior [ RunTime:0.044977s ]
INFO: [ view_filter ] --END-- [ RunTime:0.045040s ]
INFO: [ app_end ] --START--
INFO: Run Behavior\ShowPageTraceBehavior [ RunTime:0.057752s ]
INFO: [ app_end ] --END-- [ RunTime:0.057824s ]

[ 2018-01-07T20:11:35+08:00 ] 127.0.0.1 /TPdemo/1/index.php/Home/Load/load.html
INFO: [ app_init ] --START--
INFO: Run Behavior\BuildLiteBehavior [ RunTime:0.000020s ]
INFO: [ app_init ] --END-- [ RunTime:0.001159s ]
INFO: [ app_begin ] --START--
INFO: Run Behavior\ReadHtmlCacheBehavior [ RunTime:0.001906s ]
INFO: [ app_begin ] --END-- [ RunTime:0.002131s ]
SQL: SHOW COLUMNS FROM `user` [ RunTime:0.0691s ]
SQL: SELECT * FROM `user` WHERE `account` = 'zhouyi' AND `password` = '148f7491054b1d1297c0c7f9e449fa06' LIMIT 1   [ RunTime:0.0032s ]
INFO: [ view_parse ] --START--
INFO: [ template_filter ] --START--
INFO: Run Behavior\ContentReplaceBehavior [ RunTime:0.000044s ]
INFO: [ template_filter ] --END-- [ RunTime:0.000103s ]
INFO: Run Behavior\ParseTemplateBehavior [ RunTime:0.114748s ]
INFO: [ view_parse ] --END-- [ RunTime:0.114868s ]
INFO: [ view_filter ] --START--
INFO: Run Behavior\WriteHtmlCacheBehavior [ RunTime:0.000942s ]
INFO: [ view_filter ] --END-- [ RunTime:0.001007s ]

[ 2018-01-07T20:11:38+08:00 ] 127.0.0.1 /TPdemo/1/index.php/Home/Load/load.html
INFO: [ app_init ] --START--
INFO: Run Behavior\BuildLiteBehavior [ RunTime:0.000022s ]
INFO: [ app_init ] --END-- [ RunTime:0.000969s ]
INFO: [ app_begin ] --START--
INFO: Run Behavior\ReadHtmlCacheBehavior [ RunTime:0.001126s ]
INFO: [ app_begin ] --END-- [ RunTime:0.001219s ]
INFO: [ view_parse ] --START--
INFO: [ template_filter ] --START--
INFO: Run Behavior\ContentReplaceBehavior [ RunTime:0.000063s ]
INFO: [ template_filter ] --END-- [ RunTime:0.000127s ]
INFO: Run Behavior\ParseTemplateBehavior [ RunTime:0.010449s ]
INFO: [ view_parse ] --END-- [ RunTime:0.010515s ]
INFO: [ view_filter ] --START--
INFO: Run Behavior\WriteHtmlCacheBehavior [ RunTime:0.000613s ]
INFO: [ view_filter ] --END-- [ RunTime:0.000706s ]
INFO: [ app_end ] --START--
INFO: Run Behavior\ShowPageTraceBehavior [ RunTime:0.000954s ]
INFO: [ app_end ] --END-- [ RunTime:0.001028s ]

[ 2018-01-07T20:11:53+08:00 ] 127.0.0.1 /TPdemo/1/index.php/Home/Load/load.html
INFO: [ app_init ] --START--
INFO: Run Behavior\BuildLiteBehavior [ RunTime:0.000026s ]
INFO: [ app_init ] --END-- [ RunTime:0.001032s ]
INFO: [ app_begin ] --START--
INFO: Run Behavior\ReadHtmlCacheBehavior [ RunTime:0.002624s ]
INFO: [ app_begin ] --END-- [ RunTime:0.003122s ]
SQL: SHOW COLUMNS FROM `user` [ RunTime:0.0544s ]
SQL: SELECT * FROM `user` WHERE `account` = 'zhouyi' AND `password` = 'e10adc3949ba59abbe56e057f20f883e' LIMIT 1   [ RunTime:0.0044s ]
INFO: [ view_parse ] --START--
INFO: [ template_filter ] --START--
INFO: Run Behavior\ContentReplaceBehavior [ RunTime:0.000183s ]
INFO: [ template_filter ] --END-- [ RunTime:0.000579s ]
INFO: Run Behavior\ParseTemplateBehavior [ RunTime:0.014457s ]
INFO: [ view_parse ] --END-- [ RunTime:0.014572s ]
INFO: [ view_filter ] --START--
INFO: Run Behavior\WriteHtmlCacheBehavior [ RunTime:0.001046s ]
INFO: [ view_filter ] --END-- [ RunTime:0.001117s ]

[ 2018-01-07T20:11:56+08:00 ] 127.0.0.1 /TPdemo/1/index.php/Home/Load/load.html
INFO: [ app_init ] --START--
INFO: Run Behavior\BuildLiteBehavior [ RunTime:0.000027s ]
INFO: [ app_init ] --END-- [ RunTime:0.000701s ]
INFO: [ app_begin ] --START--
INFO: Run Behavior\ReadHtmlCacheBehavior [ RunTime:0.001305s ]
INFO: [ app_begin ] --END-- [ RunTime:0.001416s ]
INFO: [ view_parse ] --START--
INFO: [ template_filter ] --START--
INFO: Run Behavior\ContentReplaceBehavior [ RunTime:0.000055s ]
INFO: [ template_filter ] --END-- [ RunTime:0.000110s ]
INFO: Run Behavior\ParseTemplateBehavior [ RunTime:0.007361s ]
INFO: [ view_parse ] --END-- [ RunTime:0.007431s ]
INFO: [ view_filter ] --START--
INFO: Run Behavior\WriteHtmlCacheBehavior [ RunTime:0.000563s ]
INFO: [ view_filter ] --END-- [ RunTime:0.000605s ]
INFO: [ app_end ] --START--
INFO: Run Behavior\ShowPageTraceBehavior [ RunTime:0.000877s ]
INFO: [ app_end ] --END-- [ RunTime:0.000924s ]

[ 2018-01-07T20:14:39+08:00 ] 127.0.0.1 /TPdemo/1/index.php/Home/Load/load.html
INFO: [ app_init ] --START--
INFO: Run Behavior\BuildLiteBehavior [ RunTime:0.000021s ]
INFO: [ app_init ] --END-- [ RunTime:0.001245s ]
INFO: [ app_begin ] --START--
INFO: Run Behavior\ReadHtmlCacheBehavior [ RunTime:0.001379s ]
INFO: [ app_begin ] --END-- [ RunTime:0.001478s ]
SQL: SHOW COLUMNS FROM `user` [ RunTime:0.0372s ]
SQL: SELECT * FROM `user` WHERE `account` = 'zhouyi' AND `password` = '4297f44b13955235245b2497399d7a93' LIMIT 1   [ RunTime:0.0028s ]
INFO: [ view_parse ] --START--
INFO: [ template_filter ] --START--
INFO: Run Behavior\ContentReplaceBehavior [ RunTime:0.000045s ]
INFO: [ template_filter ] --END-- [ RunTime:0.000110s ]
INFO: Run Behavior\ParseTemplateBehavior [ RunTime:0.010231s ]
INFO: [ view_parse ] --END-- [ RunTime:0.010373s ]
INFO: [ view_filter ] --START--
INFO: Run Behavior\WriteHtmlCacheBehavior [ RunTime:0.001134s ]
INFO: [ view_filter ] --END-- [ RunTime:0.001201s ]
INFO: [ app_end ] --START--
INFO: Run Behavior\ShowPageTraceBehavior [ RunTime:0.001180s ]
INFO: [ app_end ] --END-- [ RunTime:0.001238s ]

[ 2018-01-07T20:14:42+08:00 ] 127.0.0.1 /TPdemo/1/index.php/Home/User/tongzhi.html
INFO: [ app_init ] --START--
INFO: Run Behavior\BuildLiteBehavior [ RunTime:0.000013s ]
INFO: [ app_init ] --END-- [ RunTime:0.000690s ]
INFO: [ app_begin ] --START--
INFO: Run Behavior\ReadHtmlCacheBehavior [ RunTime:0.000787s ]
INFO: [ app_begin ] --END-- [ RunTime:0.000838s ]
SQL: SHOW COLUMNS FROM `zhuyi` [ RunTime:0.0760s ]
SQL: SELECT MAX(id) AS tp_max FROM `zhuyi` LIMIT 1   [ RunTime:0.0006s ]
SQL: SELECT * FROM `zhuyi` WHERE `id` = 25  [ RunTime:0.0005s ]
SQL: SELECT * FROM `zhuyi` WHERE `id` = 24  [ RunTime:0.0004s ]
SQL: SELECT * FROM `zhuyi` WHERE `id` = 23  [ RunTime:0.0004s ]
SQL: SELECT * FROM `zhuyi` WHERE `id` = 22  [ RunTime:0.0004s ]
SQL: SELECT * FROM `zhuyi` WHERE `id` = 21  [ RunTime:0.0004s ]
SQL: SELECT * FROM `zhuyi` WHERE `id` = 20  [ RunTime:0.0004s ]
INFO: [ view_parse ] --START--
INFO: [ template_filter ] --START--
INFO: Run Behavior\ContentReplaceBehavior [ RunTime:0.000206s ]
INFO: [ template_filter ] --END-- [ RunTime:0.000256s ]
NOTIC: [8] Undefined variable: examtell D:\phpStudy\WWW\TPdemo\1\Runtime\Cache\Home\df7321714e8b029bc710c39f76763d26.php 第 306 行.
NOTIC: [8] Undefined variable: examtell D:\phpStudy\WWW\TPdemo\1\Runtime\Cache\Home\df7321714e8b029bc710c39f76763d26.php 第 307 行.
NOTIC: [8] Undefined variable: userinfo D:\phpStudy\WWW\TPdemo\1\Runtime\Cache\Home\df7321714e8b029bc710c39f76763d26.php 第 394 行.
NOTIC: [8] Undefined variable: userinfo D:\phpStudy\WWW\TPdemo\1\Runtime\Cache\Home\df7321714e8b029bc710c39f76763d26.php 第 401 行.
NOTIC: [8] Undefined variable: userinfo D:\phpStudy\WWW\TPdemo\1\Runtime\Cache\Home\df7321714e8b029bc710c39f76763d26.php 第 408 行.
NOTIC: [8] Undefined variable: userinfo D:\phpStudy\WWW\TPdemo\1\Runtime\Cache\Home\df7321714e8b029bc710c39f76763d26.php 第 415 行.
NOTIC: [8] Undefined variable: userinfo D:\phpStudy\WWW\TPdemo\1\Runtime\Cache\Home\df7321714e8b029bc710c39f76763d26.php 第 422 行.
NOTIC: [8] Undefined variable: userinfo D:\phpStudy\WWW\TPdemo\1\Runtime\Cache\Home\df7321714e8b029bc710c39f76763d26.php 第 453 行.
NOTIC: [8] Undefined variable: userinfo D:\phpStudy\WWW\TPdemo\1\Runtime\Cache\Home\df7321714e8b029bc710c39f76763d26.php 第 490 行.
NOTIC: [8] Undefined variable: userinfo D:\phpStudy\WWW\TPdemo\1\Runtime\Cache\Home\df7321714e8b029bc710c39f76763d26.php 第 497 行.
NOTIC: [8] Undefined variable: userinfo D:\phpStudy\WWW\TPdemo\1\Runtime\Cache\Home\df7321714e8b029bc710c39f76763d26.php 第 504 行.
NOTIC: [8] Undefined variable: userinfo D:\phpStudy\WWW\TPdemo\1\Runtime\Cache\Home\df7321714e8b029bc710c39f76763d26.php 第 511 行.
NOTIC: [8] Undefined variable: userinfo D:\phpStudy\WWW\TPdemo\1\Runtime\Cache\Home\df7321714e8b029bc710c39f76763d26.php 第 518 行.
INFO: Run Behavior\ParseTemplateBehavior [ RunTime:0.177636s ]
INFO: [ view_parse ] --END-- [ RunTime:0.177707s ]
INFO: [ view_filter ] --START--
INFO: Run Behavior\WriteHtmlCacheBehavior [ RunTime:0.000627s ]
INFO: [ view_filter ] --END-- [ RunTime:0.000668s ]
INFO: [ app_end ] --START--
INFO: Run Behavior\ShowPageTraceBehavior [ RunTime:0.001165s ]
INFO: [ app_end ] --END-- [ RunTime:0.001259s ]

[ 2018-01-07T20:14:54+08:00 ] 127.0.0.1 /TPdemo/1/index.php/Home/User/hegezheng.html
INFO: [ app_init ] --START--
INFO: Run Behavior\BuildLiteBehavior [ RunTime:0.000019s ]
INFO: [ app_init ] --END-- [ RunTime:0.000715s ]
INFO: [ app_begin ] --START--
INFO: Run Behavior\ReadHtmlCacheBehavior [ RunTime:0.001100s ]
INFO: [ app_begin ] --END-- [ RunTime:0.001204s ]
INFO: [ view_parse ] --START--
INFO: [ template_filter ] --START--
INFO: Run Behavior\ContentReplaceBehavior [ RunTime:0.000177s ]
INFO: [ template_filter ] --END-- [ RunTime:0.000230s ]
NOTIC: [8] Undefined variable: examtell D:\phpStudy\WWW\TPdemo\1\Runtime\Cache\Home\114bc4a0da12ca107f75dc038974b2f8.php 第 306 行.
NOTIC: [8] Undefined variable: examtell D:\phpStudy\WWW\TPdemo\1\Runtime\Cache\Home\114bc4a0da12ca107f75dc038974b2f8.php 第 307 行.
NOTIC: [8] Undefined variable: userinfo D:\phpStudy\WWW\TPdemo\1\Runtime\Cache\Home\114bc4a0da12ca107f75dc038974b2f8.php 第 394 行.
NOTIC: [8] Undefined variable: userinfo D:\phpStudy\WWW\TPdemo\1\Runtime\Cache\Home\114bc4a0da12ca107f75dc038974b2f8.php 第 401 行.
NOTIC: [8] Undefined variable: userinfo D:\phpStudy\WWW\TPdemo\1\Runtime\Cache\Home\114bc4a0da12ca107f75dc038974b2f8.php 第 408 行.
NOTIC: [8] Undefined variable: userinfo D:\phpStudy\WWW\TPdemo\1\Runtime\Cache\Home\114bc4a0da12ca107f75dc038974b2f8.php 第 415 行.
NOTIC: [8] Undefined variable: userinfo D:\phpStudy\WWW\TPdemo\1\Runtime\Cache\Home\114bc4a0da12ca107f75dc038974b2f8.php 第 422 行.
NOTIC: [8] Undefined variable: userinfo D:\phpStudy\WWW\TPdemo\1\Runtime\Cache\Home\114bc4a0da12ca107f75dc038974b2f8.php 第 453 行.
NOTIC: [8] Undefined variable: userinfo D:\phpStudy\WWW\TPdemo\1\Runtime\Cache\Home\114bc4a0da12ca107f75dc038974b2f8.php 第 490 行.
NOTIC: [8] Undefined variable: userinfo D:\phpStudy\WWW\TPdemo\1\Runtime\Cache\Home\114bc4a0da12ca107f75dc038974b2f8.php 第 497 行.
NOTIC: [8] Undefined variable: userinfo D:\phpStudy\WWW\TPdemo\1\Runtime\Cache\Home\114bc4a0da12ca107f75dc038974b2f8.php 第 504 行.
NOTIC: [8] Undefined variable: userinfo D:\phpStudy\WWW\TPdemo\1\Runtime\Cache\Home\114bc4a0da12ca107f75dc038974b2f8.php 第 511 行.
NOTIC: [8] Undefined variable: userinfo D:\phpStudy\WWW\TPdemo\1\Runtime\Cache\Home\114bc4a0da12ca107f75dc038974b2f8.php 第 518 行.
INFO: Run Behavior\ParseTemplateBehavior [ RunTime:0.143813s ]
INFO: [ view_parse ] --END-- [ RunTime:0.143876s ]
INFO: [ view_filter ] --START--
INFO: Run Behavior\WriteHtmlCacheBehavior [ RunTime:0.000836s ]
INFO: [ view_filter ] --END-- [ RunTime:0.000882s ]
INFO: [ app_end ] --START--
INFO: Run Behavior\ShowPageTraceBehavior [ RunTime:0.009269s ]
INFO: [ app_end ] --END-- [ RunTime:0.009362s ]

[ 2018-01-07T20:15:04+08:00 ] 127.0.0.1 /TPdemo/1/index.php/Home/User/printzs.html
INFO: [ app_init ] --START--
INFO: Run Behavior\BuildLiteBehavior [ RunTime:0.000015s ]
INFO: [ app_init ] --END-- [ RunTime:0.000739s ]
INFO: [ app_begin ] --START--
INFO: Run Behavior\ReadHtmlCacheBehavior [ RunTime:0.001069s ]
INFO: [ app_begin ] --END-- [ RunTime:0.001136s ]
SQL: SHOW COLUMNS FROM `user` [ RunTime:0.0244s ]
SQL: SHOW COLUMNS FROM `exam` [ RunTime:0.0522s ]
SQL: SHOW COLUMNS FROM `notice` [ RunTime:0.0493s ]
SQL: SELECT max(id) FROM `user` WHERE `account` = 'zhouyi'  [ RunTime:0.0029s ]
SQL: SELECT * FROM `user` WHERE `id` = 811  [ RunTime:0.0007s ]
NOTIC: [8] Use of undefined constant score - assumed 'score' D:\phpStudy\WWW\TPdemo\1\Application\Home\Controller\UserController.class.php 第 456 行.
SQL: SELECT * FROM `user` WHERE `id` = 811  [ RunTime:0.0005s ]
NOTIC: [8] Use of undefined constant date - assumed 'date' D:\phpStudy\WWW\TPdemo\1\Application\Home\Controller\UserController.class.php 第 457 行.
SQL: SELECT max(id) FROM `exam`  [ RunTime:0.0002s ]
SQL: SELECT max(id) FROM `notice`  [ RunTime:0.0002s ]
SQL: SELECT * FROM `user` WHERE `id` = 811  [ RunTime:0.0003s ]
SQL: SELECT * FROM `user` WHERE `id` = 811  [ RunTime:0.0004s ]
NOTIC: [8] Use of undefined constant date - assumed 'date' D:\phpStudy\WWW\TPdemo\1\Application\Home\Controller\UserController.class.php 第 461 行.
SQL: SELECT `subject` FROM `notice` WHERE `id` = 13  [ RunTime:0.0003s ]
SQL: SELECT * FROM `exam` WHERE `id` = 11  [ RunTime:0.0004s ]
NOTIC: [8] Use of undefined constant time - assumed 'time' D:\phpStudy\WWW\TPdemo\1\Application\Home\Controller\UserController.class.php 第 464 行.
SQL: SELECT `time` FROM `exam` WHERE `id` = 11  [ RunTime:0.0003s ]
NOTIC: [8] Use of undefined constant time - assumed 'time' D:\phpStudy\WWW\TPdemo\1\Application\Home\Controller\UserController.class.php 第 469 行.
SQL: SELECT MAX(id) AS tp_max FROM `user` WHERE `account` = 'zhouyi' LIMIT 1   [ RunTime:0.0019s ]
SQL: SELECT * FROM `user` WHERE `id` = 811  [ RunTime:0.0004s ]
SQL: SELECT * FROM `exam`  [ RunTime:0.0005s ]
NOTIC: [8] Undefined variable: other_exam D:\phpStudy\WWW\TPdemo\1\Application\Home\Controller\UserController.class.php 第 506 行.
INFO: [ view_parse ] --START--
INFO: [ template_filter ] --START--
INFO: Run Behavior\ContentReplaceBehavior [ RunTime:0.000067s ]
INFO: [ template_filter ] --END-- [ RunTime:0.000113s ]
INFO: Run Behavior\ParseTemplateBehavior [ RunTime:0.052590s ]
INFO: [ view_parse ] --END-- [ RunTime:0.052650s ]
INFO: [ view_filter ] --START--
INFO: Run Behavior\WriteHtmlCacheBehavior [ RunTime:0.001043s ]
INFO: [ view_filter ] --END-- [ RunTime:0.001114s ]
INFO: [ app_end ] --START--
INFO: Run Behavior\ShowPageTraceBehavior [ RunTime:0.001306s ]
INFO: [ app_end ] --END-- [ RunTime:0.001408s ]

[ 2018-01-07T20:30:37+08:00 ] 127.0.0.1 /TPdemo/1/index.php/Home/User/printzs.html
INFO: [ app_init ] --START--
INFO: Run Behavior\BuildLiteBehavior [ RunTime:0.000034s ]
INFO: [ app_init ] --END-- [ RunTime:0.001243s ]
INFO: [ app_begin ] --START--
INFO: Run Behavior\ReadHtmlCacheBehavior [ RunTime:0.000929s ]
INFO: [ app_begin ] --END-- [ RunTime:0.000992s ]
SQL: SHOW COLUMNS FROM `user` [ RunTime:0.0645s ]
SQL: SHOW COLUMNS FROM `exam` [ RunTime:0.0538s ]
SQL: SHOW COLUMNS FROM `notice` [ RunTime:0.0357s ]
SQL: SELECT max(id) FROM `user` WHERE `account` = 'zhouyi'  [ RunTime:0.0030s ]
SQL: SELECT * FROM `user` WHERE `id` = 811  [ RunTime:0.0007s ]
NOTIC: [8] Use of undefined constant score - assumed 'score' D:\phpStudy\WWW\TPdemo\1\Application\Home\Controller\UserController.class.php 第 456 行.
SQL: SELECT * FROM `user` WHERE `id` = 811  [ RunTime:0.0006s ]
NOTIC: [8] Use of undefined constant date - assumed 'date' D:\phpStudy\WWW\TPdemo\1\Application\Home\Controller\UserController.class.php 第 457 行.
SQL: SELECT max(id) FROM `exam`  [ RunTime:0.0003s ]
SQL: SELECT max(id) FROM `notice`  [ RunTime:0.0003s ]
SQL: SELECT * FROM `user` WHERE `id` = 811  [ RunTime:0.0005s ]
SQL: SELECT * FROM `user` WHERE `id` = 811  [ RunTime:0.0006s ]
NOTIC: [8] Use of undefined constant date - assumed 'date' D:\phpStudy\WWW\TPdemo\1\Application\Home\Controller\UserController.class.php 第 461 行.
SQL: SELECT `subject` FROM `notice` WHERE `id` = 13  [ RunTime:0.0004s ]
SQL: SELECT * FROM `exam` WHERE `id` = 11  [ RunTime:0.0004s ]
NOTIC: [8] Use of undefined constant time - assumed 'time' D:\phpStudy\WWW\TPdemo\1\Application\Home\Controller\UserController.class.php 第 464 行.
SQL: SELECT `time` FROM `exam` WHERE `id` = 11  [ RunTime:0.0004s ]
NOTIC: [8] Use of undefined constant time - assumed 'time' D:\phpStudy\WWW\TPdemo\1\Application\Home\Controller\UserController.class.php 第 469 行.
SQL: SELECT MAX(id) AS tp_max FROM `user` WHERE `account` = 'zhouyi' LIMIT 1   [ RunTime:0.0028s ]
SQL: SELECT * FROM `user` WHERE `id` = 811  [ RunTime:0.0007s ]
SQL: SELECT * FROM `exam`  [ RunTime:0.0007s ]
NOTIC: [8] Undefined variable: other_exam D:\phpStudy\WWW\TPdemo\1\Application\Home\Controller\UserController.class.php 第 506 行.
INFO: [ view_parse ] --START--
INFO: [ template_filter ] --START--
INFO: Run Behavior\ContentReplaceBehavior [ RunTime:0.000076s ]
INFO: [ template_filter ] --END-- [ RunTime:0.000130s ]
INFO: Run Behavior\ParseTemplateBehavior [ RunTime:0.019129s ]
INFO: [ view_parse ] --END-- [ RunTime:0.019210s ]
INFO: [ view_filter ] --START--
INFO: Run Behavior\WriteHtmlCacheBehavior [ RunTime:0.000903s ]
INFO: [ view_filter ] --END-- [ RunTime:0.000963s ]
INFO: [ app_end ] --START--
INFO: Run Behavior\ShowPageTraceBehavior [ RunTime:0.001807s ]
INFO: [ app_end ] --END-- [ RunTime:0.001916s ]

[ 2018-01-07T20:33:09+08:00 ] 127.0.0.1 /TPdemo/1/index.php/Home/User/printzs.html
INFO: [ app_init ] --START--
INFO: Run Behavior\BuildLiteBehavior [ RunTime:0.000014s ]
INFO: [ app_init ] --END-- [ RunTime:0.000821s ]
INFO: [ app_begin ] --START--
INFO: Run Behavior\ReadHtmlCacheBehavior [ RunTime:0.000964s ]
INFO: [ app_begin ] --END-- [ RunTime:0.001022s ]
SQL: SHOW COLUMNS FROM `user` [ RunTime:0.0130s ]
SQL: SHOW COLUMNS FROM `exam` [ RunTime:0.0145s ]
SQL: SHOW COLUMNS FROM `notice` [ RunTime:0.0263s ]
SQL: SELECT max(id) FROM `user` WHERE `account` = 'zhouyi'  [ RunTime:0.0024s ]
SQL: SELECT * FROM `user` WHERE `id` = 811  [ RunTime:0.0006s ]
NOTIC: [8] Use of undefined constant score - assumed 'score' D:\phpStudy\WWW\TPdemo\1\Application\Home\Controller\UserController.class.php 第 456 行.
SQL: SELECT * FROM `user` WHERE `id` = 811  [ RunTime:0.0005s ]
NOTIC: [8] Use of undefined constant date - assumed 'date' D:\phpStudy\WWW\TPdemo\1\Application\Home\Controller\UserController.class.php 第 457 行.
SQL: SELECT max(id) FROM `exam`  [ RunTime:0.0003s ]
SQL: SELECT max(id) FROM `notice`  [ RunTime:0.0003s ]
SQL: SELECT * FROM `user` WHERE `id` = 811  [ RunTime:0.0006s ]
SQL: SELECT * FROM `user` WHERE `id` = 811  [ RunTime:0.0005s ]
NOTIC: [8] Use of undefined constant date - assumed 'date' D:\phpStudy\WWW\TPdemo\1\Application\Home\Controller\UserController.class.php 第 461 行.
SQL: SELECT `subject` FROM `notice` WHERE `id` = 13  [ RunTime:0.0003s ]
SQL: SELECT * FROM `exam` WHERE `id` = 11  [ RunTime:0.0003s ]
NOTIC: [8] Use of undefined constant time - assumed 'time' D:\phpStudy\WWW\TPdemo\1\Application\Home\Controller\UserController.class.php 第 464 行.
SQL: SELECT `time` FROM `exam` WHERE `id` = 11  [ RunTime:0.0003s ]
NOTIC: [8] Use of undefined constant time - assumed 'time' D:\phpStudy\WWW\TPdemo\1\Application\Home\Controller\UserController.class.php 第 469 行.
SQL: SELECT MAX(id) AS tp_max FROM `user` WHERE `account` = 'zhouyi' LIMIT 1   [ RunTime:0.0019s ]
SQL: SELECT * FROM `user` WHERE `id` = 811  [ RunTime:0.0005s ]
SQL: SELECT * FROM `exam`  [ RunTime:0.0003s ]
NOTIC: [8] Undefined variable: other_exam D:\phpStudy\WWW\TPdemo\1\Application\Home\Controller\UserController.class.php 第 506 行.
INFO: [ view_parse ] --START--
INFO: [ template_filter ] --START--
INFO: Run Behavior\ContentReplaceBehavior [ RunTime:0.000072s ]
INFO: [ template_filter ] --END-- [ RunTime:0.000121s ]
INFO: Run Behavior\ParseTemplateBehavior [ RunTime:0.008712s ]
INFO: [ view_parse ] --END-- [ RunTime:0.008783s ]
INFO: [ view_filter ] --START--
INFO: Run Behavior\WriteHtmlCacheBehavior [ RunTime:0.000788s ]
INFO: [ view_filter ] --END-- [ RunTime:0.000829s ]
INFO: [ app_end ] --START--
INFO: Run Behavior\ShowPageTraceBehavior [ RunTime:0.001390s ]
INFO: [ app_end ] --END-- [ RunTime:0.001487s ]

[ 2018-01-07T20:33:32+08:00 ] 127.0.0.1 /TPdemo/1/index.php/Home/User/printzs.html
INFO: [ app_init ] --START--
INFO: Run Behavior\BuildLiteBehavior [ RunTime:0.000016s ]
INFO: [ app_init ] --END-- [ RunTime:0.001011s ]
INFO: [ app_begin ] --START--
INFO: Run Behavior\ReadHtmlCacheBehavior [ RunTime:0.000943s ]
INFO: [ app_begin ] --END-- [ RunTime:0.000998s ]
SQL: SHOW COLUMNS FROM `user` [ RunTime:0.0123s ]
SQL: SHOW COLUMNS FROM `exam` [ RunTime:0.0132s ]
SQL: SHOW COLUMNS FROM `notice` [ RunTime:0.0147s ]
SQL: SELECT max(id) FROM `user` WHERE `account` = 'zhouyi'  [ RunTime:0.0023s ]
SQL: SELECT * FROM `user` WHERE `id` = 811  [ RunTime:0.0005s ]
NOTIC: [8] Use of undefined constant score - assumed 'score' D:\phpStudy\WWW\TPdemo\1\Application\Home\Controller\UserController.class.php 第 456 行.
SQL: SELECT * FROM `user` WHERE `id` = 811  [ RunTime:0.0004s ]
NOTIC: [8] Use of undefined constant date - assumed 'date' D:\phpStudy\WWW\TPdemo\1\Application\Home\Controller\UserController.class.php 第 457 行.
SQL: SELECT max(id) FROM `exam`  [ RunTime:0.0003s ]
SQL: SELECT max(id) FROM `notice`  [ RunTime:0.0003s ]
SQL: SELECT * FROM `user` WHERE `id` = 811  [ RunTime:0.0005s ]
SQL: SELECT * FROM `user` WHERE `id` = 811  [ RunTime:0.0005s ]
NOTIC: [8] Use of undefined constant date - assumed 'date' D:\phpStudy\WWW\TPdemo\1\Application\Home\Controller\UserController.class.php 第 461 行.
SQL: SELECT `subject` FROM `notice` WHERE `id` = 13  [ RunTime:0.0003s ]
SQL: SELECT * FROM `exam` WHERE `id` = 11  [ RunTime:0.0004s ]
NOTIC: [8] Use of undefined constant time - assumed 'time' D:\phpStudy\WWW\TPdemo\1\Application\Home\Controller\UserController.class.php 第 464 行.
SQL: SELECT `time` FROM `exam` WHERE `id` = 11  [ RunTime:0.0004s ]
NOTIC: [8] Use of undefined constant time - assumed 'time' D:\phpStudy\WWW\TPdemo\1\Application\Home\Controller\UserController.class.php 第 469 行.
SQL: SELECT MAX(id) AS tp_max FROM `user` WHERE `account` = 'zhouyi' LIMIT 1   [ RunTime:0.0025s ]
SQL: SELECT * FROM `user` WHERE `id` = 811  [ RunTime:0.0004s ]
SQL: SELECT * FROM `exam`  [ RunTime:0.0004s ]
NOTIC: [8] Undefined variable: other_exam D:\phpStudy\WWW\TPdemo\1\Application\Home\Controller\UserController.class.php 第 506 行.
INFO: [ view_parse ] --START--
INFO: [ template_filter ] --START--
INFO: Run Behavior\ContentReplaceBehavior [ RunTime:0.000070s ]
INFO: [ template_filter ] --END-- [ RunTime:0.000121s ]
INFO: Run Behavior\ParseTemplateBehavior [ RunTime:0.009062s ]
INFO: [ view_parse ] --END-- [ RunTime:0.009122s ]
INFO: [ view_filter ] --START--
INFO: Run Behavior\WriteHtmlCacheBehavior [ RunTime:0.000764s ]
INFO: [ view_filter ] --END-- [ RunTime:0.000813s ]
INFO: [ app_end ] --START--
INFO: Run Behavior\ShowPageTraceBehavior [ RunTime:0.001321s ]
INFO: [ app_end ] --END-- [ RunTime:0.001421s ]

[ 2018-01-07T20:35:29+08:00 ] 127.0.0.1 /TPdemo/1/index.php/Home/User/printzs.html
INFO: [ app_init ] --START--
INFO: Run Behavior\BuildLiteBehavior [ RunTime:0.000045s ]
INFO: [ app_init ] --END-- [ RunTime:0.000764s ]
INFO: [ app_begin ] --START--
INFO: Run Behavior\ReadHtmlCacheBehavior [ RunTime:0.001261s ]
INFO: [ app_begin ] --END-- [ RunTime:0.001344s ]
SQL: SHOW COLUMNS FROM `user` [ RunTime:0.0349s ]
SQL: SHOW COLUMNS FROM `exam` [ RunTime:0.0435s ]
SQL: SHOW COLUMNS FROM `notice` [ RunTime:0.0244s ]
SQL: SELECT max(id) FROM `user` WHERE `account` = 'zhouyi'  [ RunTime:0.0044s ]
SQL: SELECT * FROM `user` WHERE `id` = 811  [ RunTime:0.0006s ]
NOTIC: [8] Use of undefined constant score - assumed 'score' D:\phpStudy\WWW\TPdemo\1\Application\Home\Controller\UserController.class.php 第 456 行.
SQL: SELECT * FROM `user` WHERE `id` = 811  [ RunTime:0.0006s ]
NOTIC: [8] Use of undefined constant date - assumed 'date' D:\phpStudy\WWW\TPdemo\1\Application\Home\Controller\UserController.class.php 第 457 行.
SQL: SELECT max(id) FROM `exam`  [ RunTime:0.0004s ]
SQL: SELECT max(id) FROM `notice`  [ RunTime:0.0003s ]
SQL: SELECT * FROM `user` WHERE `id` = 811  [ RunTime:0.0005s ]
SQL: SELECT * FROM `user` WHERE `id` = 811  [ RunTime:0.0006s ]
NOTIC: [8] Use of undefined constant date - assumed 'date' D:\phpStudy\WWW\TPdemo\1\Application\Home\Controller\UserController.class.php 第 461 行.
SQL: SELECT `subject` FROM `notice` WHERE `id` = 13  [ RunTime:0.0004s ]
SQL: SELECT * FROM `exam` WHERE `id` = 11  [ RunTime:0.0005s ]
NOTIC: [8] Use of undefined constant time - assumed 'time' D:\phpStudy\WWW\TPdemo\1\Application\Home\Controller\UserController.class.php 第 464 行.
SQL: SELECT `time` FROM `exam` WHERE `id` = 11  [ RunTime:0.0004s ]
NOTIC: [8] Use of undefined constant time - assumed 'time' D:\phpStudy\WWW\TPdemo\1\Application\Home\Controller\UserController.class.php 第 469 行.
SQL: SELECT MAX(id) AS tp_max FROM `user` WHERE `account` = 'zhouyi' LIMIT 1   [ RunTime:0.0033s ]
SQL: SELECT * FROM `user` WHERE `id` = 811  [ RunTime:0.0006s ]
SQL: SELECT * FROM `exam`  [ RunTime:0.0005s ]
NOTIC: [8] Undefined variable: other_exam D:\phpStudy\WWW\TPdemo\1\Application\Home\Controller\UserController.class.php 第 506 行.
INFO: [ view_parse ] --START--
INFO: [ template_filter ] --START--
INFO: Run Behavior\ContentReplaceBehavior [ RunTime:0.000094s ]
INFO: [ template_filter ] --END-- [ RunTime:0.000152s ]
INFO: Run Behavior\ParseTemplateBehavior [ RunTime:0.008762s ]
INFO: [ view_parse ] --END-- [ RunTime:0.008831s ]
INFO: [ view_filter ] --START--
INFO: Run Behavior\WriteHtmlCacheBehavior [ RunTime:0.001762s ]
INFO: [ view_filter ] --END-- [ RunTime:0.001847s ]
INFO: [ app_end ] --START--
INFO: Run Behavior\ShowPageTraceBehavior [ RunTime:0.001676s ]
INFO: [ app_end ] --END-- [ RunTime:0.001810s ]

[ 2018-01-07T20:37:36+08:00 ] 127.0.0.1 /TPdemo/1/index.php/Home/User/printzs.html
INFO: [ app_init ] --START--
INFO: Run Behavior\BuildLiteBehavior [ RunTime:0.000012s ]
INFO: [ app_init ] --END-- [ RunTime:0.000743s ]
INFO: [ app_begin ] --START--
INFO: Run Behavior\ReadHtmlCacheBehavior [ RunTime:0.001071s ]
INFO: [ app_begin ] --END-- [ RunTime:0.001127s ]
SQL: SHOW COLUMNS FROM `user` [ RunTime:0.0194s ]
SQL: SHOW COLUMNS FROM `exam` [ RunTime:0.0140s ]
SQL: SHOW COLUMNS FROM `notice` [ RunTime:0.0141s ]
SQL: SELECT max(id) FROM `user` WHERE `account` = 'zhouyi'  [ RunTime:0.0019s ]
SQL: SELECT * FROM `user` WHERE `id` = 811  [ RunTime:0.0004s ]
NOTIC: [8] Use of undefined constant score - assumed 'score' D:\phpStudy\WWW\TPdemo\1\Application\Home\Controller\UserController.class.php 第 456 行.
SQL: SELECT * FROM `user` WHERE `id` = 811  [ RunTime:0.0005s ]
NOTIC: [8] Use of undefined constant date - assumed 'date' D:\phpStudy\WWW\TPdemo\1\Application\Home\Controller\UserController.class.php 第 457 行.
SQL: SELECT max(id) FROM `exam`  [ RunTime:0.0004s ]
SQL: SELECT max(id) FROM `notice`  [ RunTime:0.0003s ]
SQL: SELECT * FROM `user` WHERE `id` = 811  [ RunTime:0.0004s ]
SQL: SELECT * FROM `user` WHERE `id` = 811  [ RunTime:0.0004s ]
NOTIC: [8] Use of undefined constant date - assumed 'date' D:\phpStudy\WWW\TPdemo\1\Application\Home\Controller\UserController.class.php 第 461 行.
SQL: SELECT `subject` FROM `notice` WHERE `id` = 13  [ RunTime:0.0004s ]
SQL: SELECT * FROM `exam` WHERE `id` = 11  [ RunTime:0.0004s ]
NOTIC: [8] Use of undefined constant time - assumed 'time' D:\phpStudy\WWW\TPdemo\1\Application\Home\Controller\UserController.class.php 第 464 行.
SQL: SELECT `time` FROM `exam` WHERE `id` = 11  [ RunTime:0.0004s ]
NOTIC: [8] Use of undefined constant time - assumed 'time' D:\phpStudy\WWW\TPdemo\1\Application\Home\Controller\UserController.class.php 第 469 行.
SQL: SELECT MAX(id) AS tp_max FROM `user` WHERE `account` = 'zhouyi' LIMIT 1   [ RunTime:0.0030s ]
SQL: SELECT * FROM `user` WHERE `id` = 811  [ RunTime:0.0006s ]
SQL: SELECT * FROM `exam`  [ RunTime:0.0005s ]
NOTIC: [8] Undefined variable: other_exam D:\phpStudy\WWW\TPdemo\1\Application\Home\Controller\UserController.class.php 第 506 行.
INFO: [ view_parse ] --START--
INFO: [ template_filter ] --START--
INFO: Run Behavior\ContentReplaceBehavior [ RunTime:0.000066s ]
INFO: [ template_filter ] --END-- [ RunTime:0.000112s ]
INFO: Run Behavior\ParseTemplateBehavior [ RunTime:0.008367s ]
INFO: [ view_parse ] --END-- [ RunTime:0.008421s ]
INFO: [ view_filter ] --START--
INFO: Run Behavior\WriteHtmlCacheBehavior [ RunTime:0.000740s ]
INFO: [ view_filter ] --END-- [ RunTime:0.000779s ]
INFO: [ app_end ] --START--
INFO: Run Behavior\ShowPageTraceBehavior [ RunTime:0.001167s ]
INFO: [ app_end ] --END-- [ RunTime:0.001237s ]

[ 2018-01-07T20:38:50+08:00 ] 127.0.0.1 /TPdemo/1/index.php/Home/User/printzs.html
INFO: [ app_init ] --START--
INFO: Run Behavior\BuildLiteBehavior [ RunTime:0.000013s ]
INFO: [ app_init ] --END-- [ RunTime:0.000814s ]
INFO: [ app_begin ] --START--
INFO: Run Behavior\ReadHtmlCacheBehavior [ RunTime:0.001139s ]
INFO: [ app_begin ] --END-- [ RunTime:0.001201s ]
SQL: SHOW COLUMNS FROM `user` [ RunTime:0.0125s ]
SQL: SHOW COLUMNS FROM `exam` [ RunTime:0.0308s ]
SQL: SHOW COLUMNS FROM `notice` [ RunTime:0.0294s ]
SQL: SELECT max(id) FROM `user` WHERE `account` = 'zhouyi'  [ RunTime:0.0019s ]
SQL: SELECT * FROM `user` WHERE `id` = 811  [ RunTime:0.0006s ]
NOTIC: [8] Use of undefined constant score - assumed 'score' D:\phpStudy\WWW\TPdemo\1\Application\Home\Controller\UserController.class.php 第 456 行.
SQL: SELECT * FROM `user` WHERE `id` = 811  [ RunTime:0.0005s ]
NOTIC: [8] Use of undefined constant date - assumed 'date' D:\phpStudy\WWW\TPdemo\1\Application\Home\Controller\UserController.class.php 第 457 行.
SQL: SELECT max(id) FROM `exam`  [ RunTime:0.0003s ]
SQL: SELECT max(id) FROM `notice`  [ RunTime:0.0003s ]
SQL: SELECT * FROM `user` WHERE `id` = 811  [ RunTime:0.0004s ]
SQL: SELECT * FROM `user` WHERE `id` = 811  [ RunTime:0.0005s ]
NOTIC: [8] Use of undefined constant date - assumed 'date' D:\phpStudy\WWW\TPdemo\1\Application\Home\Controller\UserController.class.php 第 461 行.
SQL: SELECT `subject` FROM `notice` WHERE `id` = 13  [ RunTime:0.0003s ]
SQL: SELECT * FROM `exam` WHERE `id` = 11  [ RunTime:0.0003s ]
NOTIC: [8] Use of undefined constant time - assumed 'time' D:\phpStudy\WWW\TPdemo\1\Application\Home\Controller\UserController.class.php 第 464 行.
SQL: SELECT `time` FROM `exam` WHERE `id` = 11  [ RunTime:0.0003s ]
NOTIC: [8] Use of undefined constant time - assumed 'time' D:\phpStudy\WWW\TPdemo\1\Application\Home\Controller\UserController.class.php 第 469 行.
SQL: SELECT MAX(id) AS tp_max FROM `user` WHERE `account` = 'zhouyi' LIMIT 1   [ RunTime:0.0077s ]
SQL: SELECT * FROM `user` WHERE `id` = 811  [ RunTime:0.0005s ]
SQL: SELECT * FROM `exam`  [ RunTime:0.0004s ]
NOTIC: [8] Undefined variable: other_exam D:\phpStudy\WWW\TPdemo\1\Application\Home\Controller\UserController.class.php 第 506 行.
INFO: [ view_parse ] --START--
INFO: [ template_filter ] --START--
INFO: Run Behavior\ContentReplaceBehavior [ RunTime:0.000068s ]
INFO: [ template_filter ] --END-- [ RunTime:0.000116s ]
INFO: Run Behavior\ParseTemplateBehavior [ RunTime:0.008391s ]
INFO: [ view_parse ] --END-- [ RunTime:0.008471s ]
INFO: [ view_filter ] --START--
INFO: Run Behavior\WriteHtmlCacheBehavior [ RunTime:0.000799s ]
INFO: [ view_filter ] --END-- [ RunTime:0.000840s ]
INFO: [ app_end ] --START--
INFO: Run Behavior\ShowPageTraceBehavior [ RunTime:0.001345s ]
INFO: [ app_end ] --END-- [ RunTime:0.001431s ]

[ 2018-01-07T20:38:57+08:00 ] 127.0.0.1 /TPdemo/1/index.php/Home/User/printzs.html
INFO: [ app_init ] --START--
INFO: Run Behavior\BuildLiteBehavior [ RunTime:0.000013s ]
INFO: [ app_init ] --END-- [ RunTime:0.000715s ]
INFO: [ app_begin ] --START--
INFO: Run Behavior\ReadHtmlCacheBehavior [ RunTime:0.000723s ]
INFO: [ app_begin ] --END-- [ RunTime:0.000776s ]
SQL: SHOW COLUMNS FROM `user` [ RunTime:0.0274s ]
SQL: SHOW COLUMNS FROM `exam` [ RunTime:0.0146s ]
SQL: SHOW COLUMNS FROM `notice` [ RunTime:0.0152s ]
SQL: SELECT max(id) FROM `user` WHERE `account` = 'zhouyi'  [ RunTime:0.0026s ]
SQL: SELECT * FROM `user` WHERE `id` = 811  [ RunTime:0.0005s ]
NOTIC: [8] Use of undefined constant score - assumed 'score' D:\phpStudy\WWW\TPdemo\1\Application\Home\Controller\UserController.class.php 第 456 行.
SQL: SELECT * FROM `user` WHERE `id` = 811  [ RunTime:0.0004s ]
NOTIC: [8] Use of undefined constant date - assumed 'date' D:\phpStudy\WWW\TPdemo\1\Application\Home\Controller\UserController.class.php 第 457 行.
SQL: SELECT max(id) FROM `exam`  [ RunTime:0.0003s ]
SQL: SELECT max(id) FROM `notice`  [ RunTime:0.0003s ]
SQL: SELECT * FROM `user` WHERE `id` = 811  [ RunTime:0.0005s ]
SQL: SELECT * FROM `user` WHERE `id` = 811  [ RunTime:0.0005s ]
NOTIC: [8] Use of undefined constant date - assumed 'date' D:\phpStudy\WWW\TPdemo\1\Application\Home\Controller\UserController.class.php 第 461 行.
SQL: SELECT `subject` FROM `notice` WHERE `id` = 13  [ RunTime:0.0003s ]
SQL: SELECT * FROM `exam` WHERE `id` = 11  [ RunTime:0.0003s ]
NOTIC: [8] Use of undefined constant time - assumed 'time' D:\phpStudy\WWW\TPdemo\1\Application\Home\Controller\UserController.class.php 第 464 行.
SQL: SELECT `time` FROM `exam` WHERE `id` = 11  [ RunTime:0.0005s ]
NOTIC: [8] Use of undefined constant time - assumed 'time' D:\phpStudy\WWW\TPdemo\1\Application\Home\Controller\UserController.class.php 第 469 行.
SQL: SELECT MAX(id) AS tp_max FROM `user` WHERE `account` = 'zhouyi' LIMIT 1   [ RunTime:0.0018s ]
SQL: SELECT * FROM `user` WHERE `id` = 811  [ RunTime:0.0004s ]
SQL: SELECT * FROM `exam`  [ RunTime:0.0004s ]
NOTIC: [8] Undefined variable: other_exam D:\phpStudy\WWW\TPdemo\1\Application\Home\Controller\UserController.class.php 第 506 行.
INFO: [ view_parse ] --START--
INFO: [ template_filter ] --START--
INFO: Run Behavior\ContentReplaceBehavior [ RunTime:0.000072s ]
INFO: [ template_filter ] --END-- [ RunTime:0.000125s ]
INFO: Run Behavior\ParseTemplateBehavior [ RunTime:0.008063s ]
INFO: [ view_parse ] --END-- [ RunTime:0.008121s ]
INFO: [ view_filter ] --START--
INFO: Run Behavior\WriteHtmlCacheBehavior [ RunTime:0.000679s ]
INFO: [ view_filter ] --END-- [ RunTime:0.000723s ]
INFO: [ app_end ] --START--
INFO: Run Behavior\ShowPageTraceBehavior [ RunTime:0.001113s ]
INFO: [ app_end ] --END-- [ RunTime:0.001197s ]

[ 2018-01-07T20:39:25+08:00 ] 127.0.0.1 /TPdemo/1/index.php/Home/User/printzs.html
INFO: [ app_init ] --START--
INFO: Run Behavior\BuildLiteBehavior [ RunTime:0.000016s ]
INFO: [ app_init ] --END-- [ RunTime:0.000709s ]
INFO: [ app_begin ] --START--
INFO: Run Behavior\ReadHtmlCacheBehavior [ RunTime:0.000940s ]
INFO: [ app_begin ] --END-- [ RunTime:0.001016s ]
SQL: SHOW COLUMNS FROM `user` [ RunTime:0.0241s ]
SQL: SHOW COLUMNS FROM `exam` [ RunTime:0.0163s ]
SQL: SHOW COLUMNS FROM `notice` [ RunTime:0.0159s ]
SQL: SELECT max(id) FROM `user` WHERE `account` = 'zhouyi'  [ RunTime:0.0029s ]
SQL: SELECT * FROM `user` WHERE `id` = 811  [ RunTime:0.0006s ]
NOTIC: [8] Use of undefined constant score - assumed 'score' D:\phpStudy\WWW\TPdemo\1\Application\Home\Controller\UserController.class.php 第 456 行.
SQL: SELECT * FROM `user` WHERE `id` = 811  [ RunTime:0.0006s ]
NOTIC: [8] Use of undefined constant date - assumed 'date' D:\phpStudy\WWW\TPdemo\1\Application\Home\Controller\UserController.class.php 第 457 行.
SQL: SELECT max(id) FROM `exam`  [ RunTime:0.0006s ]
SQL: SELECT max(id) FROM `notice`  [ RunTime:0.0003s ]
SQL: SELECT * FROM `user` WHERE `id` = 811  [ RunTime:0.0006s ]
SQL: SELECT * FROM `user` WHERE `id` = 811  [ RunTime:0.0005s ]
NOTIC: [8] Use of undefined constant date - assumed 'date' D:\phpStudy\WWW\TPdemo\1\Application\Home\Controller\UserController.class.php 第 461 行.
SQL: SELECT `subject` FROM `notice` WHERE `id` = 13  [ RunTime:0.0003s ]
SQL: SELECT * FROM `exam` WHERE `id` = 11  [ RunTime:0.0003s ]
NOTIC: [8] Use of undefined constant time - assumed 'time' D:\phpStudy\WWW\TPdemo\1\Application\Home\Controller\UserController.class.php 第 464 行.
SQL: SELECT `time` FROM `exam` WHERE `id` = 11  [ RunTime:0.0003s ]
NOTIC: [8] Use of undefined constant time - assumed 'time' D:\phpStudy\WWW\TPdemo\1\Application\Home\Controller\UserController.class.php 第 469 行.
SQL: SELECT MAX(id) AS tp_max FROM `user` WHERE `account` = 'zhouyi' LIMIT 1   [ RunTime:0.0027s ]
SQL: SELECT * FROM `user` WHERE `id` = 811  [ RunTime:0.0004s ]
SQL: SELECT * FROM `exam`  [ RunTime:0.0004s ]
NOTIC: [8] Undefined variable: other_exam D:\phpStudy\WWW\TPdemo\1\Application\Home\Controller\UserController.class.php 第 506 行.
INFO: [ view_parse ] --START--
INFO: [ template_filter ] --START--
INFO: Run Behavior\ContentReplaceBehavior [ RunTime:0.000105s ]
INFO: [ template_filter ] --END-- [ RunTime:0.000177s ]
INFO: Run Behavior\ParseTemplateBehavior [ RunTime:0.010552s ]
INFO: [ view_parse ] --END-- [ RunTime:0.010645s ]
INFO: [ view_filter ] --START--
INFO: Run Behavior\WriteHtmlCacheBehavior [ RunTime:0.000818s ]
INFO: [ view_filter ] --END-- [ RunTime:0.000880s ]
INFO: [ app_end ] --START--
INFO: Run Behavior\ShowPageTraceBehavior [ RunTime:0.001190s ]
INFO: [ app_end ] --END-- [ RunTime:0.001277s ]

[ 2018-01-07T20:39:47+08:00 ] 127.0.0.1 /TPdemo/1/index.php/Home/User/printzs.html
INFO: [ app_init ] --START--
INFO: Run Behavior\BuildLiteBehavior [ RunTime:0.000012s ]
INFO: [ app_init ] --END-- [ RunTime:0.000735s ]
INFO: [ app_begin ] --START--
INFO: Run Behavior\ReadHtmlCacheBehavior [ RunTime:0.000783s ]
INFO: [ app_begin ] --END-- [ RunTime:0.000836s ]
SQL: SHOW COLUMNS FROM `user` [ RunTime:0.0192s ]
SQL: SHOW COLUMNS FROM `exam` [ RunTime:0.0147s ]
SQL: SHOW COLUMNS FROM `notice` [ RunTime:0.0271s ]
SQL: SELECT max(id) FROM `user` WHERE `account` = 'zhouyi'  [ RunTime:0.0023s ]
SQL: SELECT * FROM `user` WHERE `id` = 811  [ RunTime:0.0005s ]
NOTIC: [8] Use of undefined constant score - assumed 'score' D:\phpStudy\WWW\TPdemo\1\Application\Home\Controller\UserController.class.php 第 456 行.
SQL: SELECT * FROM `user` WHERE `id` = 811  [ RunTime:0.0004s ]
NOTIC: [8] Use of undefined constant date - assumed 'date' D:\phpStudy\WWW\TPdemo\1\Application\Home\Controller\UserController.class.php 第 457 行.
SQL: SELECT max(id) FROM `exam`  [ RunTime:0.0002s ]
SQL: SELECT max(id) FROM `notice`  [ RunTime:0.0002s ]
SQL: SELECT * FROM `user` WHERE `id` = 811  [ RunTime:0.0006s ]
SQL: SELECT * FROM `user` WHERE `id` = 811  [ RunTime:0.0006s ]
NOTIC: [8] Use of undefined constant date - assumed 'date' D:\phpStudy\WWW\TPdemo\1\Application\Home\Controller\UserController.class.php 第 461 行.
SQL: SELECT `subject` FROM `notice` WHERE `id` = 13  [ RunTime:0.0004s ]
SQL: SELECT * FROM `exam` WHERE `id` = 11  [ RunTime:0.0004s ]
NOTIC: [8] Use of undefined constant time - assumed 'time' D:\phpStudy\WWW\TPdemo\1\Application\Home\Controller\UserController.class.php 第 464 行.
SQL: SELECT `time` FROM `exam` WHERE `id` = 11  [ RunTime:0.0003s ]
NOTIC: [8] Use of undefined constant time - assumed 'time' D:\phpStudy\WWW\TPdemo\1\Application\Home\Controller\UserController.class.php 第 469 行.
SQL: SELECT MAX(id) AS tp_max FROM `user` WHERE `account` = 'zhouyi' LIMIT 1   [ RunTime:0.0023s ]
SQL: SELECT * FROM `user` WHERE `id` = 811  [ RunTime:0.0006s ]
SQL: SELECT * FROM `exam`  [ RunTime:0.0004s ]
NOTIC: [8] Undefined variable: other_exam D:\phpStudy\WWW\TPdemo\1\Application\Home\Controller\UserController.class.php 第 506 行.
INFO: [ view_parse ] --START--
INFO: [ template_filter ] --START--
INFO: Run Behavior\ContentReplaceBehavior [ RunTime:0.000080s ]
INFO: [ template_filter ] --END-- [ RunTime:0.000151s ]
INFO: Run Behavior\ParseTemplateBehavior [ RunTime:0.007178s ]
INFO: [ view_parse ] --END-- [ RunTime:0.007234s ]
INFO: [ view_filter ] --START--
INFO: Run Behavior\WriteHtmlCacheBehavior [ RunTime:0.000613s ]
INFO: [ view_filter ] --END-- [ RunTime:0.000651s ]
INFO: [ app_end ] --START--
INFO: Run Behavior\ShowPageTraceBehavior [ RunTime:0.001064s ]
INFO: [ app_end ] --END-- [ RunTime:0.001148s ]

[ 2018-01-07T20:39:53+08:00 ] 127.0.0.1 /TPdemo/1/index.php/Home/User/printzs.html
INFO: [ app_init ] --START--
INFO: Run Behavior\BuildLiteBehavior [ RunTime:0.000013s ]
INFO: [ app_init ] --END-- [ RunTime:0.000650s ]
INFO: [ app_begin ] --START--
INFO: Run Behavior\ReadHtmlCacheBehavior [ RunTime:0.000833s ]
INFO: [ app_begin ] --END-- [ RunTime:0.000885s ]
SQL: SHOW COLUMNS FROM `user` [ RunTime:0.0126s ]
SQL: SHOW COLUMNS FROM `exam` [ RunTime:0.0291s ]
SQL: SHOW COLUMNS FROM `notice` [ RunTime:0.0172s ]
SQL: SELECT max(id) FROM `user` WHERE `account` = 'zhouyi'  [ RunTime:0.0029s ]
SQL: SELECT * FROM `user` WHERE `id` = 811  [ RunTime:0.0006s ]
NOTIC: [8] Use of undefined constant score - assumed 'score' D:\phpStudy\WWW\TPdemo\1\Application\Home\Controller\UserController.class.php 第 456 行.
SQL: SELECT * FROM `user` WHERE `id` = 811  [ RunTime:0.0006s ]
NOTIC: [8] Use of undefined constant date - assumed 'date' D:\phpStudy\WWW\TPdemo\1\Application\Home\Controller\UserController.class.php 第 457 行.
SQL: SELECT max(id) FROM `exam`  [ RunTime:0.0003s ]
SQL: SELECT max(id) FROM `notice`  [ RunTime:0.0003s ]
SQL: SELECT * FROM `user` WHERE `id` = 811  [ RunTime:0.0006s ]
SQL: SELECT * FROM `user` WHERE `id` = 811  [ RunTime:0.0006s ]
NOTIC: [8] Use of undefined constant date - assumed 'date' D:\phpStudy\WWW\TPdemo\1\Application\Home\Controller\UserController.class.php 第 461 行.
SQL: SELECT `subject` FROM `notice` WHERE `id` = 13  [ RunTime:0.0003s ]
SQL: SELECT * FROM `exam` WHERE `id` = 11  [ RunTime:0.0005s ]
NOTIC: [8] Use of undefined constant time - assumed 'time' D:\phpStudy\WWW\TPdemo\1\Application\Home\Controller\UserController.class.php 第 464 行.
SQL: SELECT `time` FROM `exam` WHERE `id` = 11  [ RunTime:0.0004s ]
NOTIC: [8] Use of undefined constant time - assumed 'time' D:\phpStudy\WWW\TPdemo\1\Application\Home\Controller\UserController.class.php 第 469 行.
SQL: SELECT MAX(id) AS tp_max FROM `user` WHERE `account` = 'zhouyi' LIMIT 1   [ RunTime:0.0018s ]
SQL: SELECT * FROM `user` WHERE `id` = 811  [ RunTime:0.0004s ]
SQL: SELECT * FROM `exam`  [ RunTime:0.0004s ]
NOTIC: [8] Undefined variable: other_exam D:\phpStudy\WWW\TPdemo\1\Application\Home\Controller\UserController.class.php 第 506 行.
INFO: [ view_parse ] --START--
INFO: [ template_filter ] --START--
INFO: Run Behavior\ContentReplaceBehavior [ RunTime:0.000070s ]
INFO: [ template_filter ] --END-- [ RunTime:0.000123s ]
INFO: Run Behavior\ParseTemplateBehavior [ RunTime:0.007734s ]
INFO: [ view_parse ] --END-- [ RunTime:0.007800s ]
INFO: [ view_filter ] --START--
INFO: Run Behavior\WriteHtmlCacheBehavior [ RunTime:0.000603s ]
INFO: [ view_filter ] --END-- [ RunTime:0.000657s ]
INFO: [ app_end ] --START--
INFO: Run Behavior\ShowPageTraceBehavior [ RunTime:0.001103s ]
INFO: [ app_end ] --END-- [ RunTime:0.001197s ]

[ 2018-01-07T20:40:55+08:00 ] 127.0.0.1 /TPdemo/1/index.php/Home/User/printzs.html
INFO: [ app_init ] --START--
INFO: Run Behavior\BuildLiteBehavior [ RunTime:0.000016s ]
INFO: [ app_init ] --END-- [ RunTime:0.000789s ]
INFO: [ app_begin ] --START--
INFO: Run Behavior\ReadHtmlCacheBehavior [ RunTime:0.001185s ]
INFO: [ app_begin ] --END-- [ RunTime:0.001259s ]
INFO: [ view_parse ] --START--
INFO: [ template_filter ] --START--
INFO: Run Behavior\ContentReplaceBehavior [ RunTime:0.000047s ]
INFO: [ template_filter ] --END-- [ RunTime:0.000100s ]
INFO: Run Behavior\ParseTemplateBehavior [ RunTime:0.057209s ]
INFO: [ view_parse ] --END-- [ RunTime:0.057276s ]
INFO: [ view_filter ] --START--
INFO: Run Behavior\WriteHtmlCacheBehavior [ RunTime:0.000865s ]
INFO: [ view_filter ] --END-- [ RunTime:0.000917s ]

[ 2018-01-07T20:40:58+08:00 ] 127.0.0.1 /TPdemo/1/index.php/Home/Load/load.html
INFO: [ app_init ] --START--
INFO: Run Behavior\BuildLiteBehavior [ RunTime:0.000018s ]
INFO: [ app_init ] --END-- [ RunTime:0.001689s ]
INFO: [ app_begin ] --START--
INFO: Run Behavior\ReadHtmlCacheBehavior [ RunTime:0.001577s ]
INFO: [ app_begin ] --END-- [ RunTime:0.001743s ]
INFO: [ view_parse ] --START--
INFO: [ template_filter ] --START--
INFO: Run Behavior\ContentReplaceBehavior [ RunTime:0.000056s ]
INFO: [ template_filter ] --END-- [ RunTime:0.000109s ]
INFO: Run Behavior\ParseTemplateBehavior [ RunTime:0.011700s ]
INFO: [ view_parse ] --END-- [ RunTime:0.011769s ]
INFO: [ view_filter ] --START--
INFO: Run Behavior\WriteHtmlCacheBehavior [ RunTime:0.000638s ]
INFO: [ view_filter ] --END-- [ RunTime:0.000677s ]
INFO: [ app_end ] --START--
INFO: Run Behavior\ShowPageTraceBehavior [ RunTime:0.000884s ]
INFO: [ app_end ] --END-- [ RunTime:0.000928s ]

[ 2018-01-07T20:41:08+08:00 ] 127.0.0.1 /TPdemo/1/index.php/Home/Load/load.html
INFO: [ app_init ] --START--
INFO: Run Behavior\BuildLiteBehavior [ RunTime:0.000032s ]
INFO: [ app_init ] --END-- [ RunTime:0.002116s ]
INFO: [ app_begin ] --START--
INFO: Run Behavior\ReadHtmlCacheBehavior [ RunTime:0.001711s ]
INFO: [ app_begin ] --END-- [ RunTime:0.001813s ]
SQL: SHOW COLUMNS FROM `user` [ RunTime:0.1168s ]
SQL: SELECT * FROM `user` WHERE `account` = 'zhouyi' AND `password` = '4297f44b13955235245b2497399d7a93' LIMIT 1   [ RunTime:0.0016s ]
INFO: [ view_parse ] --START--
INFO: [ template_filter ] --START--
INFO: Run Behavior\ContentReplaceBehavior [ RunTime:0.000303s ]
INFO: [ template_filter ] --END-- [ RunTime:0.000692s ]
INFO: Run Behavior\ParseTemplateBehavior [ RunTime:0.015078s ]
INFO: [ view_parse ] --END-- [ RunTime:0.015206s ]
INFO: [ view_filter ] --START--
INFO: Run Behavior\WriteHtmlCacheBehavior [ RunTime:0.001166s ]
INFO: [ view_filter ] --END-- [ RunTime:0.001247s ]
INFO: [ app_end ] --START--
INFO: Run Behavior\ShowPageTraceBehavior [ RunTime:0.001418s ]
INFO: [ app_end ] --END-- [ RunTime:0.001502s ]

[ 2018-01-07T20:41:10+08:00 ] 127.0.0.1 /TPdemo/1/index.php/Home/User/tongzhi.html
INFO: [ app_init ] --START--
INFO: Run Behavior\BuildLiteBehavior [ RunTime:0.000017s ]
INFO: [ app_init ] --END-- [ RunTime:0.000826s ]
INFO: [ app_begin ] --START--
INFO: Run Behavior\ReadHtmlCacheBehavior [ RunTime:0.000941s ]
INFO: [ app_begin ] --END-- [ RunTime:0.001007s ]
SQL: SHOW COLUMNS FROM `zhuyi` [ RunTime:0.0184s ]
SQL: SELECT MAX(id) AS tp_max FROM `zhuyi` LIMIT 1   [ RunTime:0.0004s ]
SQL: SELECT * FROM `zhuyi` WHERE `id` = 25  [ RunTime:0.0004s ]
SQL: SELECT * FROM `zhuyi` WHERE `id` = 24  [ RunTime:0.0003s ]
SQL: SELECT * FROM `zhuyi` WHERE `id` = 23  [ RunTime:0.0004s ]
SQL: SELECT * FROM `zhuyi` WHERE `id` = 22  [ RunTime:0.0003s ]
SQL: SELECT * FROM `zhuyi` WHERE `id` = 21  [ RunTime:0.0003s ]
SQL: SELECT * FROM `zhuyi` WHERE `id` = 20  [ RunTime:0.0003s ]
INFO: [ view_parse ] --START--
INFO: [ template_filter ] --START--
INFO: Run Behavior\ContentReplaceBehavior [ RunTime:0.000264s ]
INFO: [ template_filter ] --END-- [ RunTime:0.000362s ]
NOTIC: [8] Undefined variable: examtell D:\phpStudy\WWW\TPdemo\1\Runtime\Cache\Home\df7321714e8b029bc710c39f76763d26.php 第 306 行.
NOTIC: [8] Undefined variable: examtell D:\phpStudy\WWW\TPdemo\1\Runtime\Cache\Home\df7321714e8b029bc710c39f76763d26.php 第 307 行.
NOTIC: [8] Undefined variable: userinfo D:\phpStudy\WWW\TPdemo\1\Runtime\Cache\Home\df7321714e8b029bc710c39f76763d26.php 第 394 行.
NOTIC: [8] Undefined variable: userinfo D:\phpStudy\WWW\TPdemo\1\Runtime\Cache\Home\df7321714e8b029bc710c39f76763d26.php 第 401 行.
NOTIC: [8] Undefined variable: userinfo D:\phpStudy\WWW\TPdemo\1\Runtime\Cache\Home\df7321714e8b029bc710c39f76763d26.php 第 408 行.
NOTIC: [8] Undefined variable: userinfo D:\phpStudy\WWW\TPdemo\1\Runtime\Cache\Home\df7321714e8b029bc710c39f76763d26.php 第 415 行.
NOTIC: [8] Undefined variable: userinfo D:\phpStudy\WWW\TPdemo\1\Runtime\Cache\Home\df7321714e8b029bc710c39f76763d26.php 第 422 行.
NOTIC: [8] Undefined variable: userinfo D:\phpStudy\WWW\TPdemo\1\Runtime\Cache\Home\df7321714e8b029bc710c39f76763d26.php 第 453 行.
NOTIC: [8] Undefined variable: userinfo D:\phpStudy\WWW\TPdemo\1\Runtime\Cache\Home\df7321714e8b029bc710c39f76763d26.php 第 490 行.
NOTIC: [8] Undefined variable: userinfo D:\phpStudy\WWW\TPdemo\1\Runtime\Cache\Home\df7321714e8b029bc710c39f76763d26.php 第 497 行.
NOTIC: [8] Undefined variable: userinfo D:\phpStudy\WWW\TPdemo\1\Runtime\Cache\Home\df7321714e8b029bc710c39f76763d26.php 第 504 行.
NOTIC: [8] Undefined variable: userinfo D:\phpStudy\WWW\TPdemo\1\Runtime\Cache\Home\df7321714e8b029bc710c39f76763d26.php 第 511 行.
NOTIC: [8] Undefined variable: userinfo D:\phpStudy\WWW\TPdemo\1\Runtime\Cache\Home\df7321714e8b029bc710c39f76763d26.php 第 518 行.
INFO: Run Behavior\ParseTemplateBehavior [ RunTime:0.056974s ]
INFO: [ view_parse ] --END-- [ RunTime:0.057034s ]
INFO: [ view_filter ] --START--
INFO: Run Behavior\WriteHtmlCacheBehavior [ RunTime:0.000809s ]
INFO: [ view_filter ] --END-- [ RunTime:0.000868s ]
INFO: [ app_end ] --START--
INFO: Run Behavior\ShowPageTraceBehavior [ RunTime:0.002025s ]
INFO: [ app_end ] --END-- [ RunTime:0.002129s ]

[ 2018-01-07T20:41:14+08:00 ] 127.0.0.1 /TPdemo/1/index.php/Home/User/hegezheng.html
INFO: [ app_init ] --START--
INFO: Run Behavior\BuildLiteBehavior [ RunTime:0.000020s ]
INFO: [ app_init ] --END-- [ RunTime:0.000914s ]
INFO: [ app_begin ] --START--
INFO: Run Behavior\ReadHtmlCacheBehavior [ RunTime:0.000866s ]
INFO: [ app_begin ] --END-- [ RunTime:0.000942s ]
INFO: [ view_parse ] --START--
INFO: [ template_filter ] --START--
INFO: Run Behavior\ContentReplaceBehavior [ RunTime:0.000228s ]
INFO: [ template_filter ] --END-- [ RunTime:0.000325s ]
NOTIC: [8] Undefined variable: examtell D:\phpStudy\WWW\TPdemo\1\Runtime\Cache\Home\114bc4a0da12ca107f75dc038974b2f8.php 第 306 行.
NOTIC: [8] Undefined variable: examtell D:\phpStudy\WWW\TPdemo\1\Runtime\Cache\Home\114bc4a0da12ca107f75dc038974b2f8.php 第 307 行.
NOTIC: [8] Undefined variable: userinfo D:\phpStudy\WWW\TPdemo\1\Runtime\Cache\Home\114bc4a0da12ca107f75dc038974b2f8.php 第 394 行.
NOTIC: [8] Undefined variable: userinfo D:\phpStudy\WWW\TPdemo\1\Runtime\Cache\Home\114bc4a0da12ca107f75dc038974b2f8.php 第 401 行.
NOTIC: [8] Undefined variable: userinfo D:\phpStudy\WWW\TPdemo\1\Runtime\Cache\Home\114bc4a0da12ca107f75dc038974b2f8.php 第 408 行.
NOTIC: [8] Undefined variable: userinfo D:\phpStudy\WWW\TPdemo\1\Runtime\Cache\Home\114bc4a0da12ca107f75dc038974b2f8.php 第 415 行.
NOTIC: [8] Undefined variable: userinfo D:\phpStudy\WWW\TPdemo\1\Runtime\Cache\Home\114bc4a0da12ca107f75dc038974b2f8.php 第 422 行.
NOTIC: [8] Undefined variable: userinfo D:\phpStudy\WWW\TPdemo\1\Runtime\Cache\Home\114bc4a0da12ca107f75dc038974b2f8.php 第 453 行.
NOTIC: [8] Undefined variable: userinfo D:\phpStudy\WWW\TPdemo\1\Runtime\Cache\Home\114bc4a0da12ca107f75dc038974b2f8.php 第 490 行.
NOTIC: [8] Undefined variable: userinfo D:\phpStudy\WWW\TPdemo\1\Runtime\Cache\Home\114bc4a0da12ca107f75dc038974b2f8.php 第 497 行.
NOTIC: [8] Undefined variable: userinfo D:\phpStudy\WWW\TPdemo\1\Runtime\Cache\Home\114bc4a0da12ca107f75dc038974b2f8.php 第 504 行.
NOTIC: [8] Undefined variable: userinfo D:\phpStudy\WWW\TPdemo\1\Runtime\Cache\Home\114bc4a0da12ca107f75dc038974b2f8.php 第 511 行.
NOTIC: [8] Undefined variable: userinfo D:\phpStudy\WWW\TPdemo\1\Runtime\Cache\Home\114bc4a0da12ca107f75dc038974b2f8.php 第 518 行.
INFO: Run Behavior\ParseTemplateBehavior [ RunTime:0.057720s ]
INFO: [ view_parse ] --END-- [ RunTime:0.057919s ]
INFO: [ view_filter ] --START--
INFO: Run Behavior\WriteHtmlCacheBehavior [ RunTime:0.000593s ]
INFO: [ view_filter ] --END-- [ RunTime:0.000631s ]
INFO: [ app_end ] --START--
INFO: Run Behavior\ShowPageTraceBehavior [ RunTime:0.001323s ]
INFO: [ app_end ] --END-- [ RunTime:0.001415s ]

[ 2018-01-07T20:41:17+08:00 ] 127.0.0.1 /TPdemo/1/index.php/Home/User/printzs.html
INFO: [ app_init ] --START--
INFO: Run Behavior\BuildLiteBehavior [ RunTime:0.000012s ]
INFO: [ app_init ] --END-- [ RunTime:0.000638s ]
INFO: [ app_begin ] --START--
INFO: Run Behavior\ReadHtmlCacheBehavior [ RunTime:0.000871s ]
INFO: [ app_begin ] --END-- [ RunTime:0.000935s ]
SQL: SHOW COLUMNS FROM `user` [ RunTime:0.0309s ]
SQL: SHOW COLUMNS FROM `exam` [ RunTime:0.0278s ]
SQL: SHOW COLUMNS FROM `notice` [ RunTime:0.0135s ]
SQL: SELECT max(id) FROM `user` WHERE `account` = 'zhouyi'  [ RunTime:0.0019s ]
SQL: SELECT * FROM `user` WHERE `id` = 811  [ RunTime:0.0005s ]
NOTIC: [8] Use of undefined constant score - assumed 'score' D:\phpStudy\WWW\TPdemo\1\Application\Home\Controller\UserController.class.php 第 456 行.
SQL: SELECT * FROM `user` WHERE `id` = 811  [ RunTime:0.0004s ]
NOTIC: [8] Use of undefined constant date - assumed 'date' D:\phpStudy\WWW\TPdemo\1\Application\Home\Controller\UserController.class.php 第 457 行.
SQL: SELECT max(id) FROM `exam`  [ RunTime:0.0003s ]
SQL: SELECT max(id) FROM `notice`  [ RunTime:0.0002s ]
SQL: SELECT * FROM `user` WHERE `id` = 811  [ RunTime:0.0004s ]
SQL: SELECT * FROM `user` WHERE `id` = 811  [ RunTime:0.0004s ]
NOTIC: [8] Use of undefined constant date - assumed 'date' D:\phpStudy\WWW\TPdemo\1\Application\Home\Controller\UserController.class.php 第 461 行.
SQL: SELECT `subject` FROM `notice` WHERE `id` = 13  [ RunTime:0.0003s ]
SQL: SELECT * FROM `exam` WHERE `id` = 11  [ RunTime:0.0003s ]
NOTIC: [8] Use of undefined constant time - assumed 'time' D:\phpStudy\WWW\TPdemo\1\Application\Home\Controller\UserController.class.php 第 464 行.
SQL: SELECT `time` FROM `exam` WHERE `id` = 11  [ RunTime:0.0003s ]
NOTIC: [8] Use of undefined constant time - assumed 'time' D:\phpStudy\WWW\TPdemo\1\Application\Home\Controller\UserController.class.php 第 469 行.
SQL: SELECT MAX(id) AS tp_max FROM `user` WHERE `account` = 'zhouyi' LIMIT 1   [ RunTime:0.0018s ]
SQL: SELECT * FROM `user` WHERE `id` = 811  [ RunTime:0.0004s ]
SQL: SELECT * FROM `exam`  [ RunTime:0.0003s ]
NOTIC: [8] Undefined variable: other_exam D:\phpStudy\WWW\TPdemo\1\Application\Home\Controller\UserController.class.php 第 506 行.
INFO: [ view_parse ] --START--
INFO: [ template_filter ] --START--
INFO: Run Behavior\ContentReplaceBehavior [ RunTime:0.000077s ]
INFO: [ template_filter ] --END-- [ RunTime:0.000130s ]
INFO: Run Behavior\ParseTemplateBehavior [ RunTime:0.010289s ]
INFO: [ view_parse ] --END-- [ RunTime:0.010384s ]
INFO: [ view_filter ] --START--
INFO: Run Behavior\WriteHtmlCacheBehavior [ RunTime:0.000692s ]
INFO: [ view_filter ] --END-- [ RunTime:0.000739s ]
INFO: [ app_end ] --START--
INFO: Run Behavior\ShowPageTraceBehavior [ RunTime:0.001108s ]
INFO: [ app_end ] --END-- [ RunTime:0.001207s ]

[ 2018-01-07T20:42:40+08:00 ] 127.0.0.1 /TPdemo/1/index.php/Home/User/printzs.html
INFO: [ app_init ] --START--
INFO: Run Behavior\BuildLiteBehavior [ RunTime:0.000014s ]
INFO: [ app_init ] --END-- [ RunTime:0.000956s ]
INFO: [ app_begin ] --START--
INFO: Run Behavior\ReadHtmlCacheBehavior [ RunTime:0.001147s ]
INFO: [ app_begin ] --END-- [ RunTime:0.001251s ]
SQL: SHOW COLUMNS FROM `user` [ RunTime:0.0124s ]
SQL: SHOW COLUMNS FROM `exam` [ RunTime:0.0301s ]
SQL: SHOW COLUMNS FROM `notice` [ RunTime:0.0217s ]
SQL: SELECT max(id) FROM `user` WHERE `account` = 'zhouyi'  [ RunTime:0.0028s ]
SQL: SELECT * FROM `user` WHERE `id` = 811  [ RunTime:0.0006s ]
NOTIC: [8] Use of undefined constant score - assumed 'score' D:\phpStudy\WWW\TPdemo\1\Application\Home\Controller\UserController.class.php 第 456 行.
SQL: SELECT * FROM `user` WHERE `id` = 811  [ RunTime:0.0006s ]
NOTIC: [8] Use of undefined constant date - assumed 'date' D:\phpStudy\WWW\TPdemo\1\Application\Home\Controller\UserController.class.php 第 457 行.
SQL: SELECT max(id) FROM `exam`  [ RunTime:0.0003s ]
SQL: SELECT max(id) FROM `notice`  [ RunTime:0.0003s ]
SQL: SELECT * FROM `user` WHERE `id` = 811  [ RunTime:0.0005s ]
SQL: SELECT * FROM `user` WHERE `id` = 811  [ RunTime:0.0004s ]
NOTIC: [8] Use of undefined constant date - assumed 'date' D:\phpStudy\WWW\TPdemo\1\Application\Home\Controller\UserController.class.php 第 461 行.
SQL: SELECT `subject` FROM `notice` WHERE `id` = 13  [ RunTime:0.0003s ]
SQL: SELECT * FROM `exam` WHERE `id` = 11  [ RunTime:0.0003s ]
NOTIC: [8] Use of undefined constant time - assumed 'time' D:\phpStudy\WWW\TPdemo\1\Application\Home\Controller\UserController.class.php 第 464 行.
SQL: SELECT `time` FROM `exam` WHERE `id` = 11  [ RunTime:0.0003s ]
NOTIC: [8] Use of undefined constant time - assumed 'time' D:\phpStudy\WWW\TPdemo\1\Application\Home\Controller\UserController.class.php 第 469 行.
SQL: SELECT MAX(id) AS tp_max FROM `user` WHERE `account` = 'zhouyi' LIMIT 1   [ RunTime:0.0018s ]
SQL: SELECT * FROM `user` WHERE `id` = 811  [ RunTime:0.0004s ]
SQL: SELECT * FROM `exam`  [ RunTime:0.0003s ]
NOTIC: [8] Undefined variable: other_exam D:\phpStudy\WWW\TPdemo\1\Application\Home\Controller\UserController.class.php 第 506 行.
INFO: [ view_parse ] --START--
INFO: [ template_filter ] --START--
INFO: Run Behavior\ContentReplaceBehavior [ RunTime:0.000070s ]
INFO: [ template_filter ] --END-- [ RunTime:0.000117s ]
INFO: Run Behavior\ParseTemplateBehavior [ RunTime:0.008226s ]
INFO: [ view_parse ] --END-- [ RunTime:0.008725s ]
INFO: [ view_filter ] --START--
INFO: Run Behavior\WriteHtmlCacheBehavior [ RunTime:0.000763s ]
INFO: [ view_filter ] --END-- [ RunTime:0.000805s ]
INFO: [ app_end ] --START--
INFO: Run Behavior\ShowPageTraceBehavior [ RunTime:0.001259s ]
INFO: [ app_end ] --END-- [ RunTime:0.001319s ]

[ 2018-01-07T20:43:03+08:00 ] 127.0.0.1 /TPdemo/1/index.php/Home/User/printzs.html
INFO: [ app_init ] --START--
INFO: Run Behavior\BuildLiteBehavior [ RunTime:0.000013s ]
INFO: [ app_init ] --END-- [ RunTime:0.000706s ]
INFO: [ app_begin ] --START--
INFO: Run Behavior\ReadHtmlCacheBehavior [ RunTime:0.001072s ]
INFO: [ app_begin ] --END-- [ RunTime:0.001136s ]
SQL: SHOW COLUMNS FROM `user` [ RunTime:0.0279s ]
SQL: SHOW COLUMNS FROM `exam` [ RunTime:0.0133s ]
SQL: SHOW COLUMNS FROM `notice` [ RunTime:0.0141s ]
SQL: SELECT max(id) FROM `user` WHERE `account` = 'zhouyi'  [ RunTime:0.0027s ]
SQL: SELECT * FROM `user` WHERE `id` = 811  [ RunTime:0.0005s ]
NOTIC: [8] Use of undefined constant score - assumed 'score' D:\phpStudy\WWW\TPdemo\1\Application\Home\Controller\UserController.class.php 第 456 行.
SQL: SELECT * FROM `user` WHERE `id` = 811  [ RunTime:0.0006s ]
NOTIC: [8] Use of undefined constant date - assumed 'date' D:\phpStudy\WWW\TPdemo\1\Application\Home\Controller\UserController.class.php 第 457 行.
SQL: SELECT max(id) FROM `exam`  [ RunTime:0.0003s ]
SQL: SELECT max(id) FROM `notice`  [ RunTime:0.0002s ]
SQL: SELECT * FROM `user` WHERE `id` = 811  [ RunTime:0.0004s ]
SQL: SELECT * FROM `user` WHERE `id` = 811  [ RunTime:0.0004s ]
NOTIC: [8] Use of undefined constant date - assumed 'date' D:\phpStudy\WWW\TPdemo\1\Application\Home\Controller\UserController.class.php 第 461 行.
SQL: SELECT `subject` FROM `notice` WHERE `id` = 13  [ RunTime:0.0003s ]
SQL: SELECT * FROM `exam` WHERE `id` = 11  [ RunTime:0.0003s ]
NOTIC: [8] Use of undefined constant time - assumed 'time' D:\phpStudy\WWW\TPdemo\1\Application\Home\Controller\UserController.class.php 第 464 行.
SQL: SELECT `time` FROM `exam` WHERE `id` = 11  [ RunTime:0.0004s ]
NOTIC: [8] Use of undefined constant time - assumed 'time' D:\phpStudy\WWW\TPdemo\1\Application\Home\Controller\UserController.class.php 第 469 行.
SQL: SELECT MAX(id) AS tp_max FROM `user` WHERE `account` = 'zhouyi' LIMIT 1   [ RunTime:0.0025s ]
SQL: SELECT * FROM `user` WHERE `id` = 811  [ RunTime:0.0004s ]
SQL: SELECT * FROM `exam`  [ RunTime:0.0005s ]
NOTIC: [8] Undefined variable: other_exam D:\phpStudy\WWW\TPdemo\1\Application\Home\Controller\UserController.class.php 第 506 行.
INFO: [ view_parse ] --START--
INFO: [ template_filter ] --START--
INFO: Run Behavior\ContentReplaceBehavior [ RunTime:0.000121s ]
INFO: [ template_filter ] --END-- [ RunTime:0.000197s ]
INFO: Run Behavior\ParseTemplateBehavior [ RunTime:0.009603s ]
INFO: [ view_parse ] --END-- [ RunTime:0.009705s ]
INFO: [ view_filter ] --START--
INFO: Run Behavior\WriteHtmlCacheBehavior [ RunTime:0.000757s ]
INFO: [ view_filter ] --END-- [ RunTime:0.000815s ]
INFO: [ app_end ] --START--
INFO: Run Behavior\ShowPageTraceBehavior [ RunTime:0.001436s ]
INFO: [ app_end ] --END-- [ RunTime:0.001529s ]

[ 2018-01-07T20:43:35+08:00 ] 127.0.0.1 /TPdemo/1/index.php/Home/User/printzs.html
INFO: [ app_init ] --START--
INFO: Run Behavior\BuildLiteBehavior [ RunTime:0.000013s ]
INFO: [ app_init ] --END-- [ RunTime:0.000746s ]
INFO: [ app_begin ] --START--
INFO: Run Behavior\ReadHtmlCacheBehavior [ RunTime:0.000929s ]
INFO: [ app_begin ] --END-- [ RunTime:0.000981s ]
SQL: SHOW COLUMNS FROM `user` [ RunTime:0.0170s ]
SQL: SHOW COLUMNS FROM `exam` [ RunTime:0.0134s ]
SQL: SHOW COLUMNS FROM `notice` [ RunTime:0.0300s ]
SQL: SELECT max(id) FROM `user` WHERE `account` = 'zhouyi'  [ RunTime:0.0028s ]
SQL: SELECT * FROM `user` WHERE `id` = 811  [ RunTime:0.0006s ]
NOTIC: [8] Use of undefined constant score - assumed 'score' D:\phpStudy\WWW\TPdemo\1\Application\Home\Controller\UserController.class.php 第 456 行.
SQL: SELECT * FROM `user` WHERE `id` = 811  [ RunTime:0.0005s ]
NOTIC: [8] Use of undefined constant date - assumed 'date' D:\phpStudy\WWW\TPdemo\1\Application\Home\Controller\UserController.class.php 第 457 行.
SQL: SELECT max(id) FROM `exam`  [ RunTime:0.0003s ]
SQL: SELECT max(id) FROM `notice`  [ RunTime:0.0003s ]
SQL: SELECT * FROM `user` WHERE `id` = 811  [ RunTime:0.0005s ]
SQL: SELECT * FROM `user` WHERE `id` = 811  [ RunTime:0.0005s ]
NOTIC: [8] Use of undefined constant date - assumed 'date' D:\phpStudy\WWW\TPdemo\1\Application\Home\Controller\UserController.class.php 第 461 行.
SQL: SELECT `subject` FROM `notice` WHERE `id` = 13  [ RunTime:0.0004s ]
SQL: SELECT * FROM `exam` WHERE `id` = 11  [ RunTime:0.0004s ]
NOTIC: [8] Use of undefined constant time - assumed 'time' D:\phpStudy\WWW\TPdemo\1\Application\Home\Controller\UserController.class.php 第 464 行.
SQL: SELECT `time` FROM `exam` WHERE `id` = 11  [ RunTime:0.0004s ]
NOTIC: [8] Use of undefined constant time - assumed 'time' D:\phpStudy\WWW\TPdemo\1\Application\Home\Controller\UserController.class.php 第 469 行.
SQL: SELECT MAX(id) AS tp_max FROM `user` WHERE `account` = 'zhouyi' LIMIT 1   [ RunTime:0.0019s ]
SQL: SELECT * FROM `user` WHERE `id` = 811  [ RunTime:0.0004s ]
SQL: SELECT * FROM `exam`  [ RunTime:0.0004s ]
NOTIC: [8] Undefined variable: other_exam D:\phpStudy\WWW\TPdemo\1\Application\Home\Controller\UserController.class.php 第 506 行.
INFO: [ view_parse ] --START--
INFO: [ template_filter ] --START--
INFO: Run Behavior\ContentReplaceBehavior [ RunTime:0.000068s ]
INFO: [ template_filter ] --END-- [ RunTime:0.000113s ]
INFO: Run Behavior\ParseTemplateBehavior [ RunTime:0.007945s ]
INFO: [ view_parse ] --END-- [ RunTime:0.008002s ]
INFO: [ view_filter ] --START--
INFO: Run Behavior\WriteHtmlCacheBehavior [ RunTime:0.000689s ]
INFO: [ view_filter ] --END-- [ RunTime:0.000731s ]
INFO: [ app_end ] --START--
INFO: Run Behavior\ShowPageTraceBehavior [ RunTime:0.001166s ]
INFO: [ app_end ] --END-- [ RunTime:0.001234s ]

[ 2018-01-07T20:46:30+08:00 ] 127.0.0.1 /TPdemo/1/index.php/Home/User/printzs.html
INFO: [ app_init ] --START--
INFO: Run Behavior\BuildLiteBehavior [ RunTime:0.000015s ]
INFO: [ app_init ] --END-- [ RunTime:0.000952s ]
INFO: [ app_begin ] --START--
INFO: Run Behavior\ReadHtmlCacheBehavior [ RunTime:0.000960s ]
INFO: [ app_begin ] --END-- [ RunTime:0.001014s ]
SQL: SHOW COLUMNS FROM `user` [ RunTime:0.0267s ]
SQL: SHOW COLUMNS FROM `exam` [ RunTime:0.0155s ]
SQL: SHOW COLUMNS FROM `notice` [ RunTime:0.0351s ]
SQL: SELECT max(id) FROM `user` WHERE `account` = 'zhouyi'  [ RunTime:0.0031s ]
SQL: SELECT * FROM `user` WHERE `id` = 811  [ RunTime:0.0007s ]
NOTIC: [8] Use of undefined constant score - assumed 'score' D:\phpStudy\WWW\TPdemo\1\Application\Home\Controller\UserController.class.php 第 456 行.
SQL: SELECT * FROM `user` WHERE `id` = 811  [ RunTime:0.0005s ]
NOTIC: [8] Use of undefined constant date - assumed 'date' D:\phpStudy\WWW\TPdemo\1\Application\Home\Controller\UserController.class.php 第 457 行.
SQL: SELECT max(id) FROM `exam`  [ RunTime:0.0003s ]
SQL: SELECT max(id) FROM `notice`  [ RunTime:0.0003s ]
SQL: SELECT * FROM `user` WHERE `id` = 811  [ RunTime:0.0006s ]
SQL: SELECT * FROM `user` WHERE `id` = 811  [ RunTime:0.0005s ]
NOTIC: [8] Use of undefined constant date - assumed 'date' D:\phpStudy\WWW\TPdemo\1\Application\Home\Controller\UserController.class.php 第 461 行.
SQL: SELECT `subject` FROM `notice` WHERE `id` = 13  [ RunTime:0.0003s ]
SQL: SELECT * FROM `exam` WHERE `id` = 11  [ RunTime:0.0003s ]
NOTIC: [8] Use of undefined constant time - assumed 'time' D:\phpStudy\WWW\TPdemo\1\Application\Home\Controller\UserController.class.php 第 464 行.
SQL: SELECT `time` FROM `exam` WHERE `id` = 11  [ RunTime:0.0004s ]
NOTIC: [8] Use of undefined constant time - assumed 'time' D:\phpStudy\WWW\TPdemo\1\Application\Home\Controller\UserController.class.php 第 469 行.
SQL: SELECT MAX(id) AS tp_max FROM `user` WHERE `account` = 'zhouyi' LIMIT 1   [ RunTime:0.0019s ]
SQL: SELECT * FROM `user` WHERE `id` = 811  [ RunTime:0.0004s ]
SQL: SELECT * FROM `exam`  [ RunTime:0.0003s ]
NOTIC: [8] Undefined variable: other_exam D:\phpStudy\WWW\TPdemo\1\Application\Home\Controller\UserController.class.php 第 506 行.
INFO: [ view_parse ] --START--
INFO: [ template_filter ] --START--
INFO: Run Behavior\ContentReplaceBehavior [ RunTime:0.000092s ]
INFO: [ template_filter ] --END-- [ RunTime:0.000147s ]
INFO: Run Behavior\ParseTemplateBehavior [ RunTime:0.009304s ]
INFO: [ view_parse ] --END-- [ RunTime:0.009369s ]
INFO: [ view_filter ] --START--
INFO: Run Behavior\WriteHtmlCacheBehavior [ RunTime:0.000798s ]
INFO: [ view_filter ] --END-- [ RunTime:0.000845s ]
INFO: [ app_end ] --START--
INFO: Run Behavior\ShowPageTraceBehavior [ RunTime:0.001278s ]
INFO: [ app_end ] --END-- [ RunTime:0.001348s ]

[ 2018-01-07T20:48:03+08:00 ] 127.0.0.1 /TPdemo/1/index.php/Home/User/printzs.html
INFO: [ app_init ] --START--
INFO: Run Behavior\BuildLiteBehavior [ RunTime:0.000013s ]
INFO: [ app_init ] --END-- [ RunTime:0.000746s ]
INFO: [ app_begin ] --START--
INFO: Run Behavior\ReadHtmlCacheBehavior [ RunTime:0.000944s ]
INFO: [ app_begin ] --END-- [ RunTime:0.000999s ]
SQL: SHOW COLUMNS FROM `user` [ RunTime:0.0131s ]
SQL: SHOW COLUMNS FROM `exam` [ RunTime:0.0224s ]
SQL: SHOW COLUMNS FROM `notice` [ RunTime:0.0139s ]
SQL: SELECT max(id) FROM `user` WHERE `account` = 'zhouyi'  [ RunTime:0.0030s ]
SQL: SELECT * FROM `user` WHERE `id` = 811  [ RunTime:0.0007s ]
NOTIC: [8] Use of undefined constant score - assumed 'score' D:\phpStudy\WWW\TPdemo\1\Application\Home\Controller\UserController.class.php 第 456 行.
SQL: SELECT * FROM `user` WHERE `id` = 811  [ RunTime:0.0006s ]
NOTIC: [8] Use of undefined constant date - assumed 'date' D:\phpStudy\WWW\TPdemo\1\Application\Home\Controller\UserController.class.php 第 457 行.
SQL: SELECT max(id) FROM `exam`  [ RunTime:0.0003s ]
SQL: SELECT max(id) FROM `notice`  [ RunTime:0.0003s ]
SQL: SELECT * FROM `user` WHERE `id` = 811  [ RunTime:0.0005s ]
SQL: SELECT * FROM `user` WHERE `id` = 811  [ RunTime:0.0007s ]
NOTIC: [8] Use of undefined constant date - assumed 'date' D:\phpStudy\WWW\TPdemo\1\Application\Home\Controller\UserController.class.php 第 461 行.
SQL: SELECT `subject` FROM `notice` WHERE `id` = 13  [ RunTime:0.0003s ]
SQL: SELECT * FROM `exam` WHERE `id` = 11  [ RunTime:0.0004s ]
NOTIC: [8] Use of undefined constant time - assumed 'time' D:\phpStudy\WWW\TPdemo\1\Application\Home\Controller\UserController.class.php 第 464 行.
SQL: SELECT `time` FROM `exam` WHERE `id` = 11  [ RunTime:0.0003s ]
NOTIC: [8] Use of undefined constant time - assumed 'time' D:\phpStudy\WWW\TPdemo\1\Application\Home\Controller\UserController.class.php 第 469 行.
SQL: SELECT MAX(id) AS tp_max FROM `user` WHERE `account` = 'zhouyi' LIMIT 1   [ RunTime:0.0018s ]
SQL: SELECT * FROM `user` WHERE `id` = 811  [ RunTime:0.0004s ]
SQL: SELECT * FROM `exam`  [ RunTime:0.0004s ]
NOTIC: [8] Undefined variable: other_exam D:\phpStudy\WWW\TPdemo\1\Application\Home\Controller\UserController.class.php 第 506 行.
INFO: [ view_parse ] --START--
INFO: [ template_filter ] --START--
INFO: Run Behavior\ContentReplaceBehavior [ RunTime:0.000068s ]
INFO: [ template_filter ] --END-- [ RunTime:0.000114s ]
INFO: Run Behavior\ParseTemplateBehavior [ RunTime:0.008208s ]
INFO: [ view_parse ] --END-- [ RunTime:0.008265s ]
INFO: [ view_filter ] --START--
INFO: Run Behavior\WriteHtmlCacheBehavior [ RunTime:0.000745s ]
INFO: [ view_filter ] --END-- [ RunTime:0.000783s ]
INFO: [ app_end ] --START--
INFO: Run Behavior\ShowPageTraceBehavior [ RunTime:0.001161s ]
INFO: [ app_end ] --END-- [ RunTime:0.001230s ]

[ 2018-01-07T20:48:42+08:00 ] 127.0.0.1 /TPdemo/1/index.php/Home/User/printzs.html
INFO: [ app_init ] --START--
INFO: Run Behavior\BuildLiteBehavior [ RunTime:0.000012s ]
INFO: [ app_init ] --END-- [ RunTime:0.000702s ]
INFO: [ app_begin ] --START--
INFO: Run Behavior\ReadHtmlCacheBehavior [ RunTime:0.000976s ]
INFO: [ app_begin ] --END-- [ RunTime:0.001029s ]
SQL: SHOW COLUMNS FROM `user` [ RunTime:0.0129s ]
SQL: SHOW COLUMNS FROM `exam` [ RunTime:0.0224s ]
SQL: SHOW COLUMNS FROM `notice` [ RunTime:0.0148s ]
SQL: SELECT max(id) FROM `user` WHERE `account` = 'zhouyi'  [ RunTime:0.0030s ]
SQL: SELECT * FROM `user` WHERE `id` = 811  [ RunTime:0.0006s ]
NOTIC: [8] Use of undefined constant score - assumed 'score' D:\phpStudy\WWW\TPdemo\1\Application\Home\Controller\UserController.class.php 第 456 行.
SQL: SELECT * FROM `user` WHERE `id` = 811  [ RunTime:0.0005s ]
NOTIC: [8] Use of undefined constant date - assumed 'date' D:\phpStudy\WWW\TPdemo\1\Application\Home\Controller\UserController.class.php 第 457 行.
SQL: SELECT max(id) FROM `exam`  [ RunTime:0.0003s ]
SQL: SELECT max(id) FROM `notice`  [ RunTime:0.0003s ]
SQL: SELECT * FROM `user` WHERE `id` = 811  [ RunTime:0.0006s ]
SQL: SELECT * FROM `user` WHERE `id` = 811  [ RunTime:0.0004s ]
NOTIC: [8] Use of undefined constant date - assumed 'date' D:\phpStudy\WWW\TPdemo\1\Application\Home\Controller\UserController.class.php 第 461 行.
SQL: SELECT `subject` FROM `notice` WHERE `id` = 13  [ RunTime:0.0003s ]
SQL: SELECT * FROM `exam` WHERE `id` = 11  [ RunTime:0.0003s ]
NOTIC: [8] Use of undefined constant time - assumed 'time' D:\phpStudy\WWW\TPdemo\1\Application\Home\Controller\UserController.class.php 第 464 行.
SQL: SELECT `time` FROM `exam` WHERE `id` = 11  [ RunTime:0.0003s ]
NOTIC: [8] Use of undefined constant time - assumed 'time' D:\phpStudy\WWW\TPdemo\1\Application\Home\Controller\UserController.class.php 第 469 行.
SQL: SELECT MAX(id) AS tp_max FROM `user` WHERE `account` = 'zhouyi' LIMIT 1   [ RunTime:0.0018s ]
SQL: SELECT * FROM `user` WHERE `id` = 811  [ RunTime:0.0004s ]
SQL: SELECT * FROM `exam`  [ RunTime:0.0004s ]
NOTIC: [8] Undefined variable: other_exam D:\phpStudy\WWW\TPdemo\1\Application\Home\Controller\UserController.class.php 第 506 行.
INFO: [ view_parse ] --START--
INFO: [ template_filter ] --START--
INFO: Run Behavior\ContentReplaceBehavior [ RunTime:0.000072s ]
INFO: [ template_filter ] --END-- [ RunTime:0.000121s ]
INFO: Run Behavior\ParseTemplateBehavior [ RunTime:0.008948s ]
INFO: [ view_parse ] --END-- [ RunTime:0.009006s ]
INFO: [ view_filter ] --START--
INFO: Run Behavior\WriteHtmlCacheBehavior [ RunTime:0.000783s ]
INFO: [ view_filter ] --END-- [ RunTime:0.000822s ]
INFO: [ app_end ] --START--
INFO: Run Behavior\ShowPageTraceBehavior [ RunTime:0.001325s ]
INFO: [ app_end ] --END-- [ RunTime:0.001407s ]

[ 2018-01-07T20:49:10+08:00 ] 127.0.0.1 /TPdemo/1/index.php/Home/User/printzs.html
INFO: [ app_init ] --START--
INFO: Run Behavior\BuildLiteBehavior [ RunTime:0.000012s ]
INFO: [ app_init ] --END-- [ RunTime:0.000653s ]
INFO: [ app_begin ] --START--
INFO: Run Behavior\ReadHtmlCacheBehavior [ RunTime:0.000986s ]
INFO: [ app_begin ] --END-- [ RunTime:0.001042s ]
SQL: SHOW COLUMNS FROM `user` [ RunTime:0.0126s ]
SQL: SHOW COLUMNS FROM `exam` [ RunTime:0.0151s ]
SQL: SHOW COLUMNS FROM `notice` [ RunTime:0.0143s ]
SQL: SELECT max(id) FROM `user` WHERE `account` = 'zhouyi'  [ RunTime:0.0023s ]
SQL: SELECT * FROM `user` WHERE `id` = 811  [ RunTime:0.0005s ]
NOTIC: [8] Use of undefined constant score - assumed 'score' D:\phpStudy\WWW\TPdemo\1\Application\Home\Controller\UserController.class.php 第 456 行.
SQL: SELECT * FROM `user` WHERE `id` = 811  [ RunTime:0.0004s ]
NOTIC: [8] Use of undefined constant date - assumed 'date' D:\phpStudy\WWW\TPdemo\1\Application\Home\Controller\UserController.class.php 第 457 行.
SQL: SELECT max(id) FROM `exam`  [ RunTime:0.0003s ]
SQL: SELECT max(id) FROM `notice`  [ RunTime:0.0003s ]
SQL: SELECT * FROM `user` WHERE `id` = 811  [ RunTime:0.0005s ]
SQL: SELECT * FROM `user` WHERE `id` = 811  [ RunTime:0.0006s ]
NOTIC: [8] Use of undefined constant date - assumed 'date' D:\phpStudy\WWW\TPdemo\1\Application\Home\Controller\UserController.class.php 第 461 行.
SQL: SELECT `subject` FROM `notice` WHERE `id` = 13  [ RunTime:0.0004s ]
SQL: SELECT * FROM `exam` WHERE `id` = 11  [ RunTime:0.0004s ]
NOTIC: [8] Use of undefined constant time - assumed 'time' D:\phpStudy\WWW\TPdemo\1\Application\Home\Controller\UserController.class.php 第 464 行.
SQL: SELECT `time` FROM `exam` WHERE `id` = 11  [ RunTime:0.0003s ]
NOTIC: [8] Use of undefined constant time - assumed 'time' D:\phpStudy\WWW\TPdemo\1\Application\Home\Controller\UserController.class.php 第 469 行.
SQL: SELECT MAX(id) AS tp_max FROM `user` WHERE `account` = 'zhouyi' LIMIT 1   [ RunTime:0.0022s ]
SQL: SELECT * FROM `user` WHERE `id` = 811  [ RunTime:0.0004s ]
SQL: SELECT * FROM `exam`  [ RunTime:0.0004s ]
NOTIC: [8] Undefined variable: other_exam D:\phpStudy\WWW\TPdemo\1\Application\Home\Controller\UserController.class.php 第 506 行.
INFO: [ view_parse ] --START--
INFO: [ template_filter ] --START--
INFO: Run Behavior\ContentReplaceBehavior [ RunTime:0.000067s ]
INFO: [ template_filter ] --END-- [ RunTime:0.000124s ]
INFO: Run Behavior\ParseTemplateBehavior [ RunTime:0.007516s ]
INFO: [ view_parse ] --END-- [ RunTime:0.007588s ]
INFO: [ view_filter ] --START--
INFO: Run Behavior\WriteHtmlCacheBehavior [ RunTime:0.000680s ]
INFO: [ view_filter ] --END-- [ RunTime:0.000717s ]
INFO: [ app_end ] --START--
INFO: Run Behavior\ShowPageTraceBehavior [ RunTime:0.000922s ]
INFO: [ app_end ] --END-- [ RunTime:0.000994s ]

[ 2018-01-07T20:51:09+08:00 ] 127.0.0.1 /TPdemo/1/index.php/Home/User/printzs.html
INFO: [ app_init ] --START--
INFO: Run Behavior\BuildLiteBehavior [ RunTime:0.000015s ]
INFO: [ app_init ] --END-- [ RunTime:0.000860s ]
INFO: [ app_begin ] --START--
INFO: Run Behavior\ReadHtmlCacheBehavior [ RunTime:0.000973s ]
INFO: [ app_begin ] --END-- [ RunTime:0.001056s ]
SQL: SHOW COLUMNS FROM `user` [ RunTime:0.0157s ]
SQL: SHOW COLUMNS FROM `exam` [ RunTime:0.0353s ]
SQL: SHOW COLUMNS FROM `notice` [ RunTime:0.0243s ]
SQL: SELECT max(id) FROM `user` WHERE `account` = 'zhouyi'  [ RunTime:0.0024s ]
SQL: SELECT * FROM `user` WHERE `id` = 811  [ RunTime:0.0007s ]
NOTIC: [8] Use of undefined constant score - assumed 'score' D:\phpStudy\WWW\TPdemo\1\Application\Home\Controller\UserController.class.php 第 456 行.
SQL: SELECT * FROM `user` WHERE `id` = 811  [ RunTime:0.0007s ]
NOTIC: [8] Use of undefined constant date - assumed 'date' D:\phpStudy\WWW\TPdemo\1\Application\Home\Controller\UserController.class.php 第 457 行.
SQL: SELECT max(id) FROM `exam`  [ RunTime:0.0003s ]
SQL: SELECT max(id) FROM `notice`  [ RunTime:0.0003s ]
SQL: SELECT * FROM `user` WHERE `id` = 811  [ RunTime:0.0004s ]
SQL: SELECT * FROM `user` WHERE `id` = 811  [ RunTime:0.0004s ]
NOTIC: [8] Use of undefined constant date - assumed 'date' D:\phpStudy\WWW\TPdemo\1\Application\Home\Controller\UserController.class.php 第 461 行.
SQL: SELECT `subject` FROM `notice` WHERE `id` = 13  [ RunTime:0.0003s ]
SQL: SELECT * FROM `exam` WHERE `id` = 11  [ RunTime:0.0004s ]
NOTIC: [8] Use of undefined constant time - assumed 'time' D:\phpStudy\WWW\TPdemo\1\Application\Home\Controller\UserController.class.php 第 464 行.
SQL: SELECT `time` FROM `exam` WHERE `id` = 11  [ RunTime:0.0003s ]
NOTIC: [8] Use of undefined constant time - assumed 'time' D:\phpStudy\WWW\TPdemo\1\Application\Home\Controller\UserController.class.php 第 469 行.
SQL: SELECT MAX(id) AS tp_max FROM `user` WHERE `account` = 'zhouyi' LIMIT 1   [ RunTime:0.0018s ]
SQL: SELECT * FROM `user` WHERE `id` = 811  [ RunTime:0.0005s ]
SQL: SELECT * FROM `exam`  [ RunTime:0.0004s ]
NOTIC: [8] Undefined variable: other_exam D:\phpStudy\WWW\TPdemo\1\Application\Home\Controller\UserController.class.php 第 506 行.
INFO: [ view_parse ] --START--
INFO: [ template_filter ] --START--
INFO: Run Behavior\ContentReplaceBehavior [ RunTime:0.000070s ]
INFO: [ template_filter ] --END-- [ RunTime:0.000115s ]
INFO: Run Behavior\ParseTemplateBehavior [ RunTime:0.010252s ]
INFO: [ view_parse ] --END-- [ RunTime:0.010323s ]
INFO: [ view_filter ] --START--
INFO: Run Behavior\WriteHtmlCacheBehavior [ RunTime:0.000777s ]
INFO: [ view_filter ] --END-- [ RunTime:0.000816s ]
INFO: [ app_end ] --START--
INFO: Run Behavior\ShowPageTraceBehavior [ RunTime:0.001255s ]
INFO: [ app_end ] --END-- [ RunTime:0.001336s ]

[ 2018-01-07T20:53:22+08:00 ] 127.0.0.1 /TPdemo/1/index.php/Home/User/printzs.html
INFO: [ app_init ] --START--
INFO: Run Behavior\BuildLiteBehavior [ RunTime:0.000028s ]
INFO: [ app_init ] --END-- [ RunTime:0.000814s ]
INFO: [ app_begin ] --START--
INFO: Run Behavior\ReadHtmlCacheBehavior [ RunTime:0.001066s ]
INFO: [ app_begin ] --END-- [ RunTime:0.001129s ]
SQL: SHOW COLUMNS FROM `user` [ RunTime:0.0143s ]
SQL: SHOW COLUMNS FROM `exam` [ RunTime:0.0147s ]
SQL: SHOW COLUMNS FROM `notice` [ RunTime:0.0168s ]
SQL: SELECT max(id) FROM `user` WHERE `account` = 'zhouyi'  [ RunTime:0.0027s ]
SQL: SELECT * FROM `user` WHERE `id` = 811  [ RunTime:0.0006s ]
NOTIC: [8] Use of undefined constant score - assumed 'score' D:\phpStudy\WWW\TPdemo\1\Application\Home\Controller\UserController.class.php 第 456 行.
SQL: SELECT * FROM `user` WHERE `id` = 811  [ RunTime:0.0005s ]
NOTIC: [8] Use of undefined constant date - assumed 'date' D:\phpStudy\WWW\TPdemo\1\Application\Home\Controller\UserController.class.php 第 457 行.
SQL: SELECT max(id) FROM `exam`  [ RunTime:0.0003s ]
SQL: SELECT max(id) FROM `notice`  [ RunTime:0.0003s ]
SQL: SELECT * FROM `user` WHERE `id` = 811  [ RunTime:0.0006s ]
SQL: SELECT * FROM `user` WHERE `id` = 811  [ RunTime:0.0004s ]
NOTIC: [8] Use of undefined constant date - assumed 'date' D:\phpStudy\WWW\TPdemo\1\Application\Home\Controller\UserController.class.php 第 461 行.
SQL: SELECT `subject` FROM `notice` WHERE `id` = 13  [ RunTime:0.0004s ]
SQL: SELECT * FROM `exam` WHERE `id` = 11  [ RunTime:0.0004s ]
NOTIC: [8] Use of undefined constant time - assumed 'time' D:\phpStudy\WWW\TPdemo\1\Application\Home\Controller\UserController.class.php 第 464 行.
SQL: SELECT `time` FROM `exam` WHERE `id` = 11  [ RunTime:0.0003s ]
NOTIC: [8] Use of undefined constant time - assumed 'time' D:\phpStudy\WWW\TPdemo\1\Application\Home\Controller\UserController.class.php 第 469 行.
SQL: SELECT MAX(id) AS tp_max FROM `user` WHERE `account` = 'zhouyi' LIMIT 1   [ RunTime:0.0030s ]
SQL: SELECT * FROM `user` WHERE `id` = 811  [ RunTime:0.0005s ]
SQL: SELECT * FROM `exam`  [ RunTime:0.0005s ]
NOTIC: [8] Undefined variable: other_exam D:\phpStudy\WWW\TPdemo\1\Application\Home\Controller\UserController.class.php 第 506 行.
INFO: [ view_parse ] --START--
INFO: [ template_filter ] --START--
INFO: Run Behavior\ContentReplaceBehavior [ RunTime:0.000069s ]
INFO: [ template_filter ] --END-- [ RunTime:0.000114s ]
INFO: Run Behavior\ParseTemplateBehavior [ RunTime:0.008179s ]
INFO: [ view_parse ] --END-- [ RunTime:0.008235s ]
INFO: [ view_filter ] --START--
INFO: Run Behavior\WriteHtmlCacheBehavior [ RunTime:0.000786s ]
INFO: [ view_filter ] --END-- [ RunTime:0.000825s ]
INFO: [ app_end ] --START--
INFO: Run Behavior\ShowPageTraceBehavior [ RunTime:0.001214s ]
INFO: [ app_end ] --END-- [ RunTime:0.001286s ]

[ 2018-01-07T20:53:52+08:00 ] 127.0.0.1 /TPdemo/1/index.php/Home/User/printzs.html
INFO: [ app_init ] --START--
INFO: Run Behavior\BuildLiteBehavior [ RunTime:0.000015s ]
INFO: [ app_init ] --END-- [ RunTime:0.000849s ]
INFO: [ app_begin ] --START--
INFO: Run Behavior\ReadHtmlCacheBehavior [ RunTime:0.000962s ]
INFO: [ app_begin ] --END-- [ RunTime:0.001017s ]
SQL: SHOW COLUMNS FROM `user` [ RunTime:0.0208s ]
SQL: SHOW COLUMNS FROM `exam` [ RunTime:0.0150s ]
SQL: SHOW COLUMNS FROM `notice` [ RunTime:0.0146s ]
SQL: SELECT max(id) FROM `user` WHERE `account` = 'zhouyi'  [ RunTime:0.0030s ]
SQL: SELECT * FROM `user` WHERE `id` = 811  [ RunTime:0.0007s ]
NOTIC: [8] Use of undefined constant score - assumed 'score' D:\phpStudy\WWW\TPdemo\1\Application\Home\Controller\UserController.class.php 第 456 行.
SQL: SELECT * FROM `user` WHERE `id` = 811  [ RunTime:0.0006s ]
NOTIC: [8] Use of undefined constant date - assumed 'date' D:\phpStudy\WWW\TPdemo\1\Application\Home\Controller\UserController.class.php 第 457 行.
SQL: SELECT max(id) FROM `exam`  [ RunTime:0.0003s ]
SQL: SELECT max(id) FROM `notice`  [ RunTime:0.0002s ]
SQL: SELECT * FROM `user` WHERE `id` = 811  [ RunTime:0.0004s ]
SQL: SELECT * FROM `user` WHERE `id` = 811  [ RunTime:0.0005s ]
NOTIC: [8] Use of undefined constant date - assumed 'date' D:\phpStudy\WWW\TPdemo\1\Application\Home\Controller\UserController.class.php 第 461 行.
SQL: SELECT `subject` FROM `notice` WHERE `id` = 13  [ RunTime:0.0003s ]
SQL: SELECT * FROM `exam` WHERE `id` = 11  [ RunTime:0.0004s ]
NOTIC: [8] Use of undefined constant time - assumed 'time' D:\phpStudy\WWW\TPdemo\1\Application\Home\Controller\UserController.class.php 第 464 行.
SQL: SELECT `time` FROM `exam` WHERE `id` = 11  [ RunTime:0.0003s ]
NOTIC: [8] Use of undefined constant time - assumed 'time' D:\phpStudy\WWW\TPdemo\1\Application\Home\Controller\UserController.class.php 第 469 行.
SQL: SELECT MAX(id) AS tp_max FROM `user` WHERE `account` = 'zhouyi' LIMIT 1   [ RunTime:0.0018s ]
SQL: SELECT * FROM `user` WHERE `id` = 811  [ RunTime:0.0004s ]
SQL: SELECT * FROM `exam`  [ RunTime:0.0004s ]
NOTIC: [8] Undefined variable: other_exam D:\phpStudy\WWW\TPdemo\1\Application\Home\Controller\UserController.class.php 第 506 行.
INFO: [ view_parse ] --START--
INFO: [ template_filter ] --START--
INFO: Run Behavior\ContentReplaceBehavior [ RunTime:0.000068s ]
INFO: [ template_filter ] --END-- [ RunTime:0.000113s ]
INFO: Run Behavior\ParseTemplateBehavior [ RunTime:0.008033s ]
INFO: [ view_parse ] --END-- [ RunTime:0.008087s ]
INFO: [ view_filter ] --START--
INFO: Run Behavior\WriteHtmlCacheBehavior [ RunTime:0.000728s ]
INFO: [ view_filter ] --END-- [ RunTime:0.000767s ]
INFO: [ app_end ] --START--
INFO: Run Behavior\ShowPageTraceBehavior [ RunTime:0.001312s ]
INFO: [ app_end ] --END-- [ RunTime:0.001388s ]

[ 2018-01-07T20:54:21+08:00 ] 127.0.0.1 /TPdemo/1/index.php/Home/User/printzs.html
INFO: [ app_init ] --START--
INFO: Run Behavior\BuildLiteBehavior [ RunTime:0.000012s ]
INFO: [ app_init ] --END-- [ RunTime:0.000635s ]
INFO: [ app_begin ] --START--
INFO: Run Behavior\ReadHtmlCacheBehavior [ RunTime:0.000771s ]
INFO: [ app_begin ] --END-- [ RunTime:0.000820s ]
SQL: SHOW COLUMNS FROM `user` [ RunTime:0.0276s ]
SQL: SHOW COLUMNS FROM `exam` [ RunTime:0.0204s ]
SQL: SHOW COLUMNS FROM `notice` [ RunTime:0.0276s ]
SQL: SELECT max(id) FROM `user` WHERE `account` = 'zhouyi'  [ RunTime:0.0030s ]
SQL: SELECT * FROM `user` WHERE `id` = 811  [ RunTime:0.0005s ]
NOTIC: [8] Use of undefined constant score - assumed 'score' D:\phpStudy\WWW\TPdemo\1\Application\Home\Controller\UserController.class.php 第 456 行.
SQL: SELECT * FROM `user` WHERE `id` = 811  [ RunTime:0.0004s ]
NOTIC: [8] Use of undefined constant date - assumed 'date' D:\phpStudy\WWW\TPdemo\1\Application\Home\Controller\UserController.class.php 第 457 行.
SQL: SELECT max(id) FROM `exam`  [ RunTime:0.0002s ]
SQL: SELECT max(id) FROM `notice`  [ RunTime:0.0002s ]
SQL: SELECT * FROM `user` WHERE `id` = 811  [ RunTime:0.0004s ]
SQL: SELECT * FROM `user` WHERE `id` = 811  [ RunTime:0.0004s ]
NOTIC: [8] Use of undefined constant date - assumed 'date' D:\phpStudy\WWW\TPdemo\1\Application\Home\Controller\UserController.class.php 第 461 行.
SQL: SELECT `subject` FROM `notice` WHERE `id` = 13  [ RunTime:0.0003s ]
SQL: SELECT * FROM `exam` WHERE `id` = 11  [ RunTime:0.0003s ]
NOTIC: [8] Use of undefined constant time - assumed 'time' D:\phpStudy\WWW\TPdemo\1\Application\Home\Controller\UserController.class.php 第 464 行.
SQL: SELECT `time` FROM `exam` WHERE `id` = 11  [ RunTime:0.0003s ]
NOTIC: [8] Use of undefined constant time - assumed 'time' D:\phpStudy\WWW\TPdemo\1\Application\Home\Controller\UserController.class.php 第 469 行.
SQL: SELECT MAX(id) AS tp_max FROM `user` WHERE `account` = 'zhouyi' LIMIT 1   [ RunTime:0.0021s ]
SQL: SELECT * FROM `user` WHERE `id` = 811  [ RunTime:0.0004s ]
SQL: SELECT * FROM `exam`  [ RunTime:0.0003s ]
NOTIC: [8] Undefined variable: other_exam D:\phpStudy\WWW\TPdemo\1\Application\Home\Controller\UserController.class.php 第 506 行.
INFO: [ view_parse ] --START--
INFO: [ template_filter ] --START--
INFO: Run Behavior\ContentReplaceBehavior [ RunTime:0.000069s ]
INFO: [ template_filter ] --END-- [ RunTime:0.000114s ]
INFO: Run Behavior\ParseTemplateBehavior [ RunTime:0.008126s ]
INFO: [ view_parse ] --END-- [ RunTime:0.008200s ]
INFO: [ view_filter ] --START--
INFO: Run Behavior\WriteHtmlCacheBehavior [ RunTime:0.000937s ]
INFO: [ view_filter ] --END-- [ RunTime:0.001003s ]
INFO: [ app_end ] --START--
INFO: Run Behavior\ShowPageTraceBehavior [ RunTime:0.001238s ]
INFO: [ app_end ] --END-- [ RunTime:0.001319s ]

[ 2018-01-07T20:54:44+08:00 ] 127.0.0.1 /TPdemo/1/index.php/Home/User/printzs.html
INFO: [ app_init ] --START--
INFO: Run Behavior\BuildLiteBehavior [ RunTime:0.000013s ]
INFO: [ app_init ] --END-- [ RunTime:0.000651s ]
INFO: [ app_begin ] --START--
INFO: Run Behavior\ReadHtmlCacheBehavior [ RunTime:0.000798s ]
INFO: [ app_begin ] --END-- [ RunTime:0.000849s ]
SQL: SHOW COLUMNS FROM `user` [ RunTime:0.0206s ]
SQL: SHOW COLUMNS FROM `exam` [ RunTime:0.0154s ]
SQL: SHOW COLUMNS FROM `notice` [ RunTime:0.0311s ]
SQL: SELECT max(id) FROM `user` WHERE `account` = 'zhouyi'  [ RunTime:0.0028s ]
SQL: SELECT * FROM `user` WHERE `id` = 811  [ RunTime:0.0006s ]
NOTIC: [8] Use of undefined constant score - assumed 'score' D:\phpStudy\WWW\TPdemo\1\Application\Home\Controller\UserController.class.php 第 456 行.
SQL: SELECT * FROM `user` WHERE `id` = 811  [ RunTime:0.0005s ]
NOTIC: [8] Use of undefined constant date - assumed 'date' D:\phpStudy\WWW\TPdemo\1\Application\Home\Controller\UserController.class.php 第 457 行.
SQL: SELECT max(id) FROM `exam`  [ RunTime:0.0003s ]
SQL: SELECT max(id) FROM `notice`  [ RunTime:0.0002s ]
SQL: SELECT * FROM `user` WHERE `id` = 811  [ RunTime:0.0005s ]
SQL: SELECT * FROM `user` WHERE `id` = 811  [ RunTime:0.0005s ]
NOTIC: [8] Use of undefined constant date - assumed 'date' D:\phpStudy\WWW\TPdemo\1\Application\Home\Controller\UserController.class.php 第 461 行.
SQL: SELECT `subject` FROM `notice` WHERE `id` = 13  [ RunTime:0.0003s ]
SQL: SELECT * FROM `exam` WHERE `id` = 11  [ RunTime:0.0003s ]
NOTIC: [8] Use of undefined constant time - assumed 'time' D:\phpStudy\WWW\TPdemo\1\Application\Home\Controller\UserController.class.php 第 464 行.
SQL: SELECT `time` FROM `exam` WHERE `id` = 11  [ RunTime:0.0003s ]
NOTIC: [8] Use of undefined constant time - assumed 'time' D:\phpStudy\WWW\TPdemo\1\Application\Home\Controller\UserController.class.php 第 469 行.
SQL: SELECT MAX(id) AS tp_max FROM `user` WHERE `account` = 'zhouyi' LIMIT 1   [ RunTime:0.0019s ]
SQL: SELECT * FROM `user` WHERE `id` = 811  [ RunTime:0.0004s ]
SQL: SELECT * FROM `exam`  [ RunTime:0.0003s ]
NOTIC: [8] Undefined variable: other_exam D:\phpStudy\WWW\TPdemo\1\Application\Home\Controller\UserController.class.php 第 506 行.
INFO: [ view_parse ] --START--
INFO: [ template_filter ] --START--
INFO: Run Behavior\ContentReplaceBehavior [ RunTime:0.000070s ]
INFO: [ template_filter ] --END-- [ RunTime:0.000117s ]
INFO: Run Behavior\ParseTemplateBehavior [ RunTime:0.007582s ]
INFO: [ view_parse ] --END-- [ RunTime:0.007647s ]
INFO: [ view_filter ] --START--
INFO: Run Behavior\WriteHtmlCacheBehavior [ RunTime:0.000677s ]
INFO: [ view_filter ] --END-- [ RunTime:0.000717s ]
INFO: [ app_end ] --START--
INFO: Run Behavior\ShowPageTraceBehavior [ RunTime:0.001048s ]
INFO: [ app_end ] --END-- [ RunTime:0.001122s ]

[ 2018-01-07T20:55:00+08:00 ] 127.0.0.1 /TPdemo/1/index.php/Home/User/printzs.html
INFO: [ app_init ] --START--
INFO: Run Behavior\BuildLiteBehavior [ RunTime:0.000014s ]
INFO: [ app_init ] --END-- [ RunTime:0.000877s ]
INFO: [ app_begin ] --START--
INFO: Run Behavior\ReadHtmlCacheBehavior [ RunTime:0.001026s ]
INFO: [ app_begin ] --END-- [ RunTime:0.001164s ]
SQL: SHOW COLUMNS FROM `user` [ RunTime:0.0249s ]
SQL: SHOW COLUMNS FROM `exam` [ RunTime:0.0284s ]
SQL: SHOW COLUMNS FROM `notice` [ RunTime:0.0247s ]
SQL: SELECT max(id) FROM `user` WHERE `account` = 'zhouyi'  [ RunTime:0.0020s ]
SQL: SELECT * FROM `user` WHERE `id` = 811  [ RunTime:0.0005s ]
NOTIC: [8] Use of undefined constant score - assumed 'score' D:\phpStudy\WWW\TPdemo\1\Application\Home\Controller\UserController.class.php 第 456 行.
SQL: SELECT * FROM `user` WHERE `id` = 811  [ RunTime:0.0006s ]
NOTIC: [8] Use of undefined constant date - assumed 'date' D:\phpStudy\WWW\TPdemo\1\Application\Home\Controller\UserController.class.php 第 457 行.
SQL: SELECT max(id) FROM `exam`  [ RunTime:0.0003s ]
SQL: SELECT max(id) FROM `notice`  [ RunTime:0.0003s ]
SQL: SELECT * FROM `user` WHERE `id` = 811  [ RunTime:0.0005s ]
SQL: SELECT * FROM `user` WHERE `id` = 811  [ RunTime:0.0004s ]
NOTIC: [8] Use of undefined constant date - assumed 'date' D:\phpStudy\WWW\TPdemo\1\Application\Home\Controller\UserController.class.php 第 461 行.
SQL: SELECT `subject` FROM `notice` WHERE `id` = 13  [ RunTime:0.0003s ]
SQL: SELECT * FROM `exam` WHERE `id` = 11  [ RunTime:0.0004s ]
NOTIC: [8] Use of undefined constant time - assumed 'time' D:\phpStudy\WWW\TPdemo\1\Application\Home\Controller\UserController.class.php 第 464 行.
SQL: SELECT `time` FROM `exam` WHERE `id` = 11  [ RunTime:0.0003s ]
NOTIC: [8] Use of undefined constant time - assumed 'time' D:\phpStudy\WWW\TPdemo\1\Application\Home\Controller\UserController.class.php 第 469 行.
SQL: SELECT MAX(id) AS tp_max FROM `user` WHERE `account` = 'zhouyi' LIMIT 1   [ RunTime:0.0019s ]
SQL: SELECT * FROM `user` WHERE `id` = 811  [ RunTime:0.0004s ]
SQL: SELECT * FROM `exam`  [ RunTime:0.0004s ]
NOTIC: [8] Undefined variable: other_exam D:\phpStudy\WWW\TPdemo\1\Application\Home\Controller\UserController.class.php 第 506 行.
INFO: [ view_parse ] --START--
INFO: [ template_filter ] --START--
INFO: Run Behavior\ContentReplaceBehavior [ RunTime:0.000102s ]
INFO: [ template_filter ] --END-- [ RunTime:0.000157s ]
INFO: Run Behavior\ParseTemplateBehavior [ RunTime:0.008508s ]
INFO: [ view_parse ] --END-- [ RunTime:0.008568s ]
INFO: [ view_filter ] --START--
INFO: Run Behavior\WriteHtmlCacheBehavior [ RunTime:0.000699s ]
INFO: [ view_filter ] --END-- [ RunTime:0.000736s ]
INFO: [ app_end ] --START--
INFO: Run Behavior\ShowPageTraceBehavior [ RunTime:0.001099s ]
INFO: [ app_end ] --END-- [ RunTime:0.001164s ]

[ 2018-01-07T20:55:18+08:00 ] 127.0.0.1 /TPdemo/1/index.php/Home/User/printzs.html
INFO: [ app_init ] --START--
INFO: Run Behavior\BuildLiteBehavior [ RunTime:0.000026s ]
INFO: [ app_init ] --END-- [ RunTime:0.000800s ]
INFO: [ app_begin ] --START--
INFO: Run Behavior\ReadHtmlCacheBehavior [ RunTime:0.000990s ]
INFO: [ app_begin ] --END-- [ RunTime:0.001044s ]
SQL: SHOW COLUMNS FROM `user` [ RunTime:0.0356s ]
SQL: SHOW COLUMNS FROM `exam` [ RunTime:0.0166s ]
SQL: SHOW COLUMNS FROM `notice` [ RunTime:0.0170s ]
SQL: SELECT max(id) FROM `user` WHERE `account` = 'zhouyi'  [ RunTime:0.0022s ]
SQL: SELECT * FROM `user` WHERE `id` = 811  [ RunTime:0.0006s ]
NOTIC: [8] Use of undefined constant score - assumed 'score' D:\phpStudy\WWW\TPdemo\1\Application\Home\Controller\UserController.class.php 第 456 行.
SQL: SELECT * FROM `user` WHERE `id` = 811  [ RunTime:0.0005s ]
NOTIC: [8] Use of undefined constant date - assumed 'date' D:\phpStudy\WWW\TPdemo\1\Application\Home\Controller\UserController.class.php 第 457 行.
SQL: SELECT max(id) FROM `exam`  [ RunTime:0.0003s ]
SQL: SELECT max(id) FROM `notice`  [ RunTime:0.0002s ]
SQL: SELECT * FROM `user` WHERE `id` = 811  [ RunTime:0.0004s ]
SQL: SELECT * FROM `user` WHERE `id` = 811  [ RunTime:0.0005s ]
NOTIC: [8] Use of undefined constant date - assumed 'date' D:\phpStudy\WWW\TPdemo\1\Application\Home\Controller\UserController.class.php 第 461 行.
SQL: SELECT `subject` FROM `notice` WHERE `id` = 13  [ RunTime:0.0004s ]
SQL: SELECT * FROM `exam` WHERE `id` = 11  [ RunTime:0.0005s ]
NOTIC: [8] Use of undefined constant time - assumed 'time' D:\phpStudy\WWW\TPdemo\1\Application\Home\Controller\UserController.class.php 第 464 行.
SQL: SELECT `time` FROM `exam` WHERE `id` = 11  [ RunTime:0.0003s ]
NOTIC: [8] Use of undefined constant time - assumed 'time' D:\phpStudy\WWW\TPdemo\1\Application\Home\Controller\UserController.class.php 第 469 行.
SQL: SELECT MAX(id) AS tp_max FROM `user` WHERE `account` = 'zhouyi' LIMIT 1   [ RunTime:0.0018s ]
SQL: SELECT * FROM `user` WHERE `id` = 811  [ RunTime:0.0004s ]
SQL: SELECT * FROM `exam`  [ RunTime:0.0004s ]
NOTIC: [8] Undefined variable: other_exam D:\phpStudy\WWW\TPdemo\1\Application\Home\Controller\UserController.class.php 第 506 行.
INFO: [ view_parse ] --START--
INFO: [ template_filter ] --START--
INFO: Run Behavior\ContentReplaceBehavior [ RunTime:0.000077s ]
INFO: [ template_filter ] --END-- [ RunTime:0.000127s ]
INFO: Run Behavior\ParseTemplateBehavior [ RunTime:0.008757s ]
INFO: [ view_parse ] --END-- [ RunTime:0.008862s ]
INFO: [ view_filter ] --START--
INFO: Run Behavior\WriteHtmlCacheBehavior [ RunTime:0.000775s ]
INFO: [ view_filter ] --END-- [ RunTime:0.000816s ]
INFO: [ app_end ] --START--
INFO: Run Behavior\ShowPageTraceBehavior [ RunTime:0.001283s ]
INFO: [ app_end ] --END-- [ RunTime:0.001351s ]

[ 2018-01-07T20:55:33+08:00 ] 127.0.0.1 /TPdemo/1/index.php/Home/User/printzs.html
INFO: [ app_init ] --START--
INFO: Run Behavior\BuildLiteBehavior [ RunTime:0.000014s ]
INFO: [ app_init ] --END-- [ RunTime:0.000747s ]
INFO: [ app_begin ] --START--
INFO: Run Behavior\ReadHtmlCacheBehavior [ RunTime:0.000985s ]
INFO: [ app_begin ] --END-- [ RunTime:0.001041s ]
SQL: SHOW COLUMNS FROM `user` [ RunTime:0.0722s ]
SQL: SHOW COLUMNS FROM `exam` [ RunTime:0.0377s ]
SQL: SHOW COLUMNS FROM `notice` [ RunTime:0.0411s ]
SQL: SELECT max(id) FROM `user` WHERE `account` = 'zhouyi'  [ RunTime:0.0021s ]
SQL: SELECT * FROM `user` WHERE `id` = 811  [ RunTime:0.0005s ]
NOTIC: [8] Use of undefined constant score - assumed 'score' D:\phpStudy\WWW\TPdemo\1\Application\Home\Controller\UserController.class.php 第 456 行.
SQL: SELECT * FROM `user` WHERE `id` = 811  [ RunTime:0.0004s ]
NOTIC: [8] Use of undefined constant date - assumed 'date' D:\phpStudy\WWW\TPdemo\1\Application\Home\Controller\UserController.class.php 第 457 行.
SQL: SELECT max(id) FROM `exam`  [ RunTime:0.0003s ]
SQL: SELECT max(id) FROM `notice`  [ RunTime:0.0003s ]
SQL: SELECT * FROM `user` WHERE `id` = 811  [ RunTime:0.0004s ]
SQL: SELECT * FROM `user` WHERE `id` = 811  [ RunTime:0.0004s ]
NOTIC: [8] Use of undefined constant date - assumed 'date' D:\phpStudy\WWW\TPdemo\1\Application\Home\Controller\UserController.class.php 第 461 行.
SQL: SELECT `subject` FROM `notice` WHERE `id` = 13  [ RunTime:0.0003s ]
SQL: SELECT * FROM `exam` WHERE `id` = 11  [ RunTime:0.0003s ]
NOTIC: [8] Use of undefined constant time - assumed 'time' D:\phpStudy\WWW\TPdemo\1\Application\Home\Controller\UserController.class.php 第 464 行.
SQL: SELECT `time` FROM `exam` WHERE `id` = 11  [ RunTime:0.0003s ]
NOTIC: [8] Use of undefined constant time - assumed 'time' D:\phpStudy\WWW\TPdemo\1\Application\Home\Controller\UserController.class.php 第 469 行.
SQL: SELECT MAX(id) AS tp_max FROM `user` WHERE `account` = 'zhouyi' LIMIT 1   [ RunTime:0.0027s ]
SQL: SELECT * FROM `user` WHERE `id` = 811  [ RunTime:0.0006s ]
SQL: SELECT * FROM `exam`  [ RunTime:0.0008s ]
NOTIC: [8] Undefined variable: other_exam D:\phpStudy\WWW\TPdemo\1\Application\Home\Controller\UserController.class.php 第 506 行.
INFO: [ view_parse ] --START--
INFO: [ template_filter ] --START--
INFO: Run Behavior\ContentReplaceBehavior [ RunTime:0.000144s ]
INFO: [ template_filter ] --END-- [ RunTime:0.000261s ]
INFO: Run Behavior\ParseTemplateBehavior [ RunTime:0.014172s ]
INFO: [ view_parse ] --END-- [ RunTime:0.014247s ]
INFO: [ view_filter ] --START--
INFO: Run Behavior\WriteHtmlCacheBehavior [ RunTime:0.000804s ]
INFO: [ view_filter ] --END-- [ RunTime:0.000859s ]
INFO: [ app_end ] --START--
INFO: Run Behavior\ShowPageTraceBehavior [ RunTime:0.001625s ]
INFO: [ app_end ] --END-- [ RunTime:0.001701s ]

[ 2018-01-07T20:55:46+08:00 ] 127.0.0.1 /TPdemo/1/index.php/Home/User/printzs.html
INFO: [ app_init ] --START--
INFO: Run Behavior\BuildLiteBehavior [ RunTime:0.000012s ]
INFO: [ app_init ] --END-- [ RunTime:0.000679s ]
INFO: [ app_begin ] --START--
INFO: Run Behavior\ReadHtmlCacheBehavior [ RunTime:0.000763s ]
INFO: [ app_begin ] --END-- [ RunTime:0.000814s ]
SQL: SHOW COLUMNS FROM `user` [ RunTime:0.0254s ]
SQL: SHOW COLUMNS FROM `exam` [ RunTime:0.0143s ]
SQL: SHOW COLUMNS FROM `notice` [ RunTime:0.0146s ]
SQL: SELECT max(id) FROM `user` WHERE `account` = 'zhouyi'  [ RunTime:0.0021s ]
SQL: SELECT * FROM `user` WHERE `id` = 811  [ RunTime:0.0005s ]
NOTIC: [8] Use of undefined constant score - assumed 'score' D:\phpStudy\WWW\TPdemo\1\Application\Home\Controller\UserController.class.php 第 456 行.
SQL: SELECT * FROM `user` WHERE `id` = 811  [ RunTime:0.0006s ]
NOTIC: [8] Use of undefined constant date - assumed 'date' D:\phpStudy\WWW\TPdemo\1\Application\Home\Controller\UserController.class.php 第 457 行.
SQL: SELECT max(id) FROM `exam`  [ RunTime:0.0003s ]
SQL: SELECT max(id) FROM `notice`  [ RunTime:0.0003s ]
SQL: SELECT * FROM `user` WHERE `id` = 811  [ RunTime:0.0006s ]
SQL: SELECT * FROM `user` WHERE `id` = 811  [ RunTime:0.0004s ]
NOTIC: [8] Use of undefined constant date - assumed 'date' D:\phpStudy\WWW\TPdemo\1\Application\Home\Controller\UserController.class.php 第 461 行.
SQL: SELECT `subject` FROM `notice` WHERE `id` = 13  [ RunTime:0.0003s ]
SQL: SELECT * FROM `exam` WHERE `id` = 11  [ RunTime:0.0003s ]
NOTIC: [8] Use of undefined constant time - assumed 'time' D:\phpStudy\WWW\TPdemo\1\Application\Home\Controller\UserController.class.php 第 464 行.
SQL: SELECT `time` FROM `exam` WHERE `id` = 11  [ RunTime:0.0003s ]
NOTIC: [8] Use of undefined constant time - assumed 'time' D:\phpStudy\WWW\TPdemo\1\Application\Home\Controller\UserController.class.php 第 469 行.
SQL: SELECT MAX(id) AS tp_max FROM `user` WHERE `account` = 'zhouyi' LIMIT 1   [ RunTime:0.0025s ]
SQL: SELECT * FROM `user` WHERE `id` = 811  [ RunTime:0.0004s ]
SQL: SELECT * FROM `exam`  [ RunTime:0.0003s ]
NOTIC: [8] Undefined variable: other_exam D:\phpStudy\WWW\TPdemo\1\Application\Home\Controller\UserController.class.php 第 506 行.
INFO: [ view_parse ] --START--
INFO: [ template_filter ] --START--
INFO: Run Behavior\ContentReplaceBehavior [ RunTime:0.000067s ]
INFO: [ template_filter ] --END-- [ RunTime:0.000112s ]
INFO: Run Behavior\ParseTemplateBehavior [ RunTime:0.007116s ]
INFO: [ view_parse ] --END-- [ RunTime:0.007173s ]
INFO: [ view_filter ] --START--
INFO: Run Behavior\WriteHtmlCacheBehavior [ RunTime:0.000583s ]
INFO: [ view_filter ] --END-- [ RunTime:0.000638s ]
INFO: [ app_end ] --START--
INFO: Run Behavior\ShowPageTraceBehavior [ RunTime:0.001108s ]
INFO: [ app_end ] --END-- [ RunTime:0.001190s ]

