[ 2018-01-09T11:34:10+08:00 ] 127.0.0.1 /TPdemo/1/index.php/Home/User/printzs
INFO: [ app_init ] --START--
INFO: Run Behavior\BuildLiteBehavior [ RunTime:0.000018s ]
INFO: [ app_init ] --END-- [ RunTime:0.035219s ]
INFO: [ app_begin ] --START--
INFO: Run Behavior\ReadHtmlCacheBehavior [ RunTime:0.012467s ]
INFO: [ app_begin ] --END-- [ RunTime:0.012577s ]
INFO: [ view_parse ] --START--
INFO: [ template_filter ] --START--
INFO: Run Behavior\ContentReplaceBehavior [ RunTime:0.000065s ]
INFO: [ template_filter ] --END-- [ RunTime:0.000143s ]
INFO: Run Behavior\ParseTemplateBehavior [ RunTime:0.595196s ]
INFO: [ view_parse ] --END-- [ RunTime:0.595287s ]
INFO: [ view_filter ] --START--
INFO: Run Behavior\WriteHtmlCacheBehavior [ RunTime:0.069466s ]
INFO: [ view_filter ] --END-- [ RunTime:0.069543s ]

[ 2018-01-09T11:34:14+08:00 ] 127.0.0.1 /TPdemo/1/index.php/Home/Load/load.html
INFO: [ app_init ] --START--
INFO: Run Behavior\BuildLiteBehavior [ RunTime:0.000015s ]
INFO: [ app_init ] --END-- [ RunTime:0.000602s ]
INFO: [ app_begin ] --START--
INFO: Run Behavior\ReadHtmlCacheBehavior [ RunTime:0.000797s ]
INFO: [ app_begin ] --END-- [ RunTime:0.000872s ]
INFO: [ view_parse ] --START--
INFO: [ template_filter ] --START--
INFO: Run Behavior\ContentReplaceBehavior [ RunTime:0.000059s ]
INFO: [ template_filter ] --END-- [ RunTime:0.000129s ]
INFO: Run Behavior\ParseTemplateBehavior [ RunTime:0.053049s ]
INFO: [ view_parse ] --END-- [ RunTime:0.053125s ]
INFO: [ view_filter ] --START--
INFO: Run Behavior\WriteHtmlCacheBehavior [ RunTime:0.000710s ]
INFO: [ view_filter ] --END-- [ RunTime:0.000776s ]
INFO: [ app_end ] --START--
INFO: Run Behavior\ShowPageTraceBehavior [ RunTime:0.013648s ]
INFO: [ app_end ] --END-- [ RunTime:0.013712s ]

[ 2018-01-09T11:35:23+08:00 ] 127.0.0.1 /TPdemo/1/index.php/Home/Load/load.html
INFO: [ app_init ] --START--
INFO: Run Behavior\BuildLiteBehavior [ RunTime:0.000052s ]
INFO: [ app_init ] --END-- [ RunTime:0.002844s ]
INFO: [ app_begin ] --START--
INFO: Run Behavior\ReadHtmlCacheBehavior [ RunTime:0.000864s ]
INFO: [ app_begin ] --END-- [ RunTime:0.000944s ]
SQL: SHOW COLUMNS FROM `user` [ RunTime:0.0405s ]
SQL: SELECT * FROM `user` WHERE `account` = 'zhouyi' AND `password` = '4297f44b13955235245b2497399d7a93' LIMIT 1   [ RunTime:0.0127s ]
INFO: [ view_parse ] --START--
INFO: [ template_filter ] --START--
INFO: Run Behavior\ContentReplaceBehavior [ RunTime:0.000181s ]
INFO: [ template_filter ] --END-- [ RunTime:0.000364s ]
INFO: Run Behavior\ParseTemplateBehavior [ RunTime:0.011858s ]
INFO: [ view_parse ] --END-- [ RunTime:0.012109s ]
INFO: [ view_filter ] --START--
INFO: Run Behavior\WriteHtmlCacheBehavior [ RunTime:0.002172s ]
INFO: [ view_filter ] --END-- [ RunTime:0.002245s ]
INFO: [ app_end ] --START--
INFO: Run Behavior\ShowPageTraceBehavior [ RunTime:0.001196s ]
INFO: [ app_end ] --END-- [ RunTime:0.001264s ]

[ 2018-01-09T11:35:25+08:00 ] 127.0.0.1 /TPdemo/1/index.php/Home/User/tongzhi.html
INFO: [ app_init ] --START--
INFO: Run Behavior\BuildLiteBehavior [ RunTime:0.000014s ]
INFO: [ app_init ] --END-- [ RunTime:0.000685s ]
INFO: [ app_begin ] --START--
INFO: Run Behavior\ReadHtmlCacheBehavior [ RunTime:0.000899s ]
INFO: [ app_begin ] --END-- [ RunTime:0.000989s ]
SQL: SHOW COLUMNS FROM `zhuyi` [ RunTime:0.0366s ]
SQL: SELECT MAX(id) AS tp_max FROM `zhuyi` LIMIT 1   [ RunTime:0.0004s ]
SQL: SELECT * FROM `zhuyi` WHERE `id` = 25  [ RunTime:0.0130s ]
SQL: SELECT * FROM `zhuyi` WHERE `id` = 24  [ RunTime:0.0004s ]
SQL: SELECT * FROM `zhuyi` WHERE `id` = 23  [ RunTime:0.0004s ]
SQL: SELECT * FROM `zhuyi` WHERE `id` = 22  [ RunTime:0.0003s ]
SQL: SELECT * FROM `zhuyi` WHERE `id` = 21  [ RunTime:0.0003s ]
SQL: SELECT * FROM `zhuyi` WHERE `id` = 20  [ RunTime:0.0003s ]
INFO: [ view_parse ] --START--
INFO: [ template_filter ] --START--
INFO: Run Behavior\ContentReplaceBehavior [ RunTime:0.000294s ]
INFO: [ template_filter ] --END-- [ RunTime:0.000382s ]
NOTIC: [8] Undefined variable: examtell D:\phpStudy\WWW\TPdemo\1\Runtime\Cache\Home\df7321714e8b029bc710c39f76763d26.php 第 306 行.
NOTIC: [8] Undefined variable: examtell D:\phpStudy\WWW\TPdemo\1\Runtime\Cache\Home\df7321714e8b029bc710c39f76763d26.php 第 307 行.
NOTIC: [8] Undefined variable: userinfo D:\phpStudy\WWW\TPdemo\1\Runtime\Cache\Home\df7321714e8b029bc710c39f76763d26.php 第 394 行.
NOTIC: [8] Undefined variable: userinfo D:\phpStudy\WWW\TPdemo\1\Runtime\Cache\Home\df7321714e8b029bc710c39f76763d26.php 第 401 行.
NOTIC: [8] Undefined variable: userinfo D:\phpStudy\WWW\TPdemo\1\Runtime\Cache\Home\df7321714e8b029bc710c39f76763d26.php 第 408 行.
NOTIC: [8] Undefined variable: userinfo D:\phpStudy\WWW\TPdemo\1\Runtime\Cache\Home\df7321714e8b029bc710c39f76763d26.php 第 415 行.
NOTIC: [8] Undefined variable: userinfo D:\phpStudy\WWW\TPdemo\1\Runtime\Cache\Home\df7321714e8b029bc710c39f76763d26.php 第 422 行.
NOTIC: [8] Undefined variable: userinfo D:\phpStudy\WWW\TPdemo\1\Runtime\Cache\Home\df7321714e8b029bc710c39f76763d26.php 第 453 行.
NOTIC: [8] Undefined variable: userinfo D:\phpStudy\WWW\TPdemo\1\Runtime\Cache\Home\df7321714e8b029bc710c39f76763d26.php 第 490 行.
NOTIC: [8] Undefined variable: userinfo D:\phpStudy\WWW\TPdemo\1\Runtime\Cache\Home\df7321714e8b029bc710c39f76763d26.php 第 497 行.
NOTIC: [8] Undefined variable: userinfo D:\phpStudy\WWW\TPdemo\1\Runtime\Cache\Home\df7321714e8b029bc710c39f76763d26.php 第 504 行.
NOTIC: [8] Undefined variable: userinfo D:\phpStudy\WWW\TPdemo\1\Runtime\Cache\Home\df7321714e8b029bc710c39f76763d26.php 第 511 行.
NOTIC: [8] Undefined variable: userinfo D:\phpStudy\WWW\TPdemo\1\Runtime\Cache\Home\df7321714e8b029bc710c39f76763d26.php 第 518 行.
INFO: Run Behavior\ParseTemplateBehavior [ RunTime:0.083207s ]
INFO: [ view_parse ] --END-- [ RunTime:0.083258s ]
INFO: [ view_filter ] --START--
INFO: Run Behavior\WriteHtmlCacheBehavior [ RunTime:0.000612s ]
INFO: [ view_filter ] --END-- [ RunTime:0.000656s ]
INFO: [ app_end ] --START--
INFO: Run Behavior\ShowPageTraceBehavior [ RunTime:0.001018s ]
INFO: [ app_end ] --END-- [ RunTime:0.001107s ]

[ 2018-01-09T11:35:29+08:00 ] 127.0.0.1 /TPdemo/1/index.php/Home/User/hegezheng.html
INFO: [ app_init ] --START--
INFO: Run Behavior\BuildLiteBehavior [ RunTime:0.000014s ]
INFO: [ app_init ] --END-- [ RunTime:0.000657s ]
INFO: [ app_begin ] --START--
INFO: Run Behavior\ReadHtmlCacheBehavior [ RunTime:0.000872s ]
INFO: [ app_begin ] --END-- [ RunTime:0.000949s ]
INFO: [ view_parse ] --START--
INFO: [ template_filter ] --START--
INFO: Run Behavior\ContentReplaceBehavior [ RunTime:0.000225s ]
INFO: [ template_filter ] --END-- [ RunTime:0.000413s ]
NOTIC: [8] Undefined variable: examtell D:\phpStudy\WWW\TPdemo\1\Runtime\Cache\Home\114bc4a0da12ca107f75dc038974b2f8.php 第 306 行.
NOTIC: [8] Undefined variable: examtell D:\phpStudy\WWW\TPdemo\1\Runtime\Cache\Home\114bc4a0da12ca107f75dc038974b2f8.php 第 307 行.
NOTIC: [8] Undefined variable: userinfo D:\phpStudy\WWW\TPdemo\1\Runtime\Cache\Home\114bc4a0da12ca107f75dc038974b2f8.php 第 394 行.
NOTIC: [8] Undefined variable: userinfo D:\phpStudy\WWW\TPdemo\1\Runtime\Cache\Home\114bc4a0da12ca107f75dc038974b2f8.php 第 401 行.
NOTIC: [8] Undefined variable: userinfo D:\phpStudy\WWW\TPdemo\1\Runtime\Cache\Home\114bc4a0da12ca107f75dc038974b2f8.php 第 408 行.
NOTIC: [8] Undefined variable: userinfo D:\phpStudy\WWW\TPdemo\1\Runtime\Cache\Home\114bc4a0da12ca107f75dc038974b2f8.php 第 415 行.
NOTIC: [8] Undefined variable: userinfo D:\phpStudy\WWW\TPdemo\1\Runtime\Cache\Home\114bc4a0da12ca107f75dc038974b2f8.php 第 422 行.
NOTIC: [8] Undefined variable: userinfo D:\phpStudy\WWW\TPdemo\1\Runtime\Cache\Home\114bc4a0da12ca107f75dc038974b2f8.php 第 453 行.
NOTIC: [8] Undefined variable: userinfo D:\phpStudy\WWW\TPdemo\1\Runtime\Cache\Home\114bc4a0da12ca107f75dc038974b2f8.php 第 490 行.
NOTIC: [8] Undefined variable: userinfo D:\phpStudy\WWW\TPdemo\1\Runtime\Cache\Home\114bc4a0da12ca107f75dc038974b2f8.php 第 497 行.
NOTIC: [8] Undefined variable: userinfo D:\phpStudy\WWW\TPdemo\1\Runtime\Cache\Home\114bc4a0da12ca107f75dc038974b2f8.php 第 504 行.
NOTIC: [8] Undefined variable: userinfo D:\phpStudy\WWW\TPdemo\1\Runtime\Cache\Home\114bc4a0da12ca107f75dc038974b2f8.php 第 511 行.
NOTIC: [8] Undefined variable: userinfo D:\phpStudy\WWW\TPdemo\1\Runtime\Cache\Home\114bc4a0da12ca107f75dc038974b2f8.php 第 518 行.
INFO: Run Behavior\ParseTemplateBehavior [ RunTime:0.076770s ]
INFO: [ view_parse ] --END-- [ RunTime:0.076833s ]
INFO: [ view_filter ] --START--
INFO: Run Behavior\WriteHtmlCacheBehavior [ RunTime:0.000589s ]
INFO: [ view_filter ] --END-- [ RunTime:0.000632s ]
INFO: [ app_end ] --START--
INFO: Run Behavior\ShowPageTraceBehavior [ RunTime:0.000963s ]
INFO: [ app_end ] --END-- [ RunTime:0.001057s ]

[ 2018-01-09T11:35:32+08:00 ] 127.0.0.1 /TPdemo/1/index.php/Home/User/printzs.html
INFO: [ app_init ] --START--
INFO: Run Behavior\BuildLiteBehavior [ RunTime:0.000014s ]
INFO: [ app_init ] --END-- [ RunTime:0.000640s ]
INFO: [ app_begin ] --START--
INFO: Run Behavior\ReadHtmlCacheBehavior [ RunTime:0.001552s ]
INFO: [ app_begin ] --END-- [ RunTime:0.001651s ]
SQL: SHOW COLUMNS FROM `user` [ RunTime:0.0097s ]
SQL: SHOW COLUMNS FROM `exam` [ RunTime:0.0427s ]
SQL: SHOW COLUMNS FROM `notice` [ RunTime:0.0329s ]
SQL: SELECT max(id) FROM `user` WHERE `account` = 'zhouyi'  [ RunTime:0.0027s ]
SQL: SELECT * FROM `user` WHERE `id` = 811  [ RunTime:0.0006s ]
NOTIC: [8] Use of undefined constant score - assumed 'score' D:\phpStudy\WWW\TPdemo\1\Application\Home\Controller\UserController.class.php 第 456 行.
SQL: SELECT * FROM `user` WHERE `id` = 811  [ RunTime:0.0005s ]
NOTIC: [8] Use of undefined constant date - assumed 'date' D:\phpStudy\WWW\TPdemo\1\Application\Home\Controller\UserController.class.php 第 457 行.
SQL: SELECT max(id) FROM `exam`  [ RunTime:0.0004s ]
SQL: SELECT max(id) FROM `notice`  [ RunTime:0.0003s ]
SQL: SELECT * FROM `user` WHERE `id` = 811  [ RunTime:0.0004s ]
SQL: SELECT * FROM `user` WHERE `id` = 811  [ RunTime:0.0004s ]
NOTIC: [8] Use of undefined constant date - assumed 'date' D:\phpStudy\WWW\TPdemo\1\Application\Home\Controller\UserController.class.php 第 461 行.
SQL: SELECT `subject` FROM `notice` WHERE `id` = 13  [ RunTime:0.0003s ]
SQL: SELECT * FROM `exam` WHERE `id` = 11  [ RunTime:0.0005s ]
NOTIC: [8] Use of undefined constant time - assumed 'time' D:\phpStudy\WWW\TPdemo\1\Application\Home\Controller\UserController.class.php 第 464 行.
SQL: SELECT `time` FROM `exam` WHERE `id` = 11  [ RunTime:0.0004s ]
NOTIC: [8] Use of undefined constant time - assumed 'time' D:\phpStudy\WWW\TPdemo\1\Application\Home\Controller\UserController.class.php 第 469 行.
SQL: SELECT MAX(id) AS tp_max FROM `user` WHERE `account` = 'zhouyi' LIMIT 1   [ RunTime:0.0026s ]
SQL: SELECT * FROM `user` WHERE `id` = 811  [ RunTime:0.0005s ]
SQL: SELECT * FROM `exam`  [ RunTime:0.0004s ]
NOTIC: [8] Undefined variable: other_exam D:\phpStudy\WWW\TPdemo\1\Application\Home\Controller\UserController.class.php 第 506 行.
INFO: [ view_parse ] --START--
INFO: [ template_filter ] --START--
INFO: Run Behavior\ContentReplaceBehavior [ RunTime:0.000074s ]
INFO: [ template_filter ] --END-- [ RunTime:0.000125s ]
INFO: Run Behavior\ParseTemplateBehavior [ RunTime:0.020206s ]
INFO: [ view_parse ] --END-- [ RunTime:0.020265s ]
INFO: [ view_filter ] --START--
INFO: Run Behavior\WriteHtmlCacheBehavior [ RunTime:0.000527s ]
INFO: [ view_filter ] --END-- [ RunTime:0.000568s ]
INFO: [ app_end ] --START--
INFO: Run Behavior\ShowPageTraceBehavior [ RunTime:0.000921s ]
INFO: [ app_end ] --END-- [ RunTime:0.001000s ]

[ 2018-01-09T11:38:00+08:00 ] 127.0.0.1 /TPdemo/1/index.php/Home/User/printzs.html
INFO: [ app_init ] --START--
INFO: Run Behavior\BuildLiteBehavior [ RunTime:0.000014s ]
INFO: [ app_init ] --END-- [ RunTime:0.000673s ]
INFO: [ app_begin ] --START--
INFO: Run Behavior\ReadHtmlCacheBehavior [ RunTime:0.000876s ]
INFO: [ app_begin ] --END-- [ RunTime:0.000934s ]
SQL: SHOW COLUMNS FROM `user` [ RunTime:0.0081s ]
SQL: SHOW COLUMNS FROM `exam` [ RunTime:0.0066s ]
SQL: SHOW COLUMNS FROM `notice` [ RunTime:0.0080s ]
SQL: SELECT max(id) FROM `user` WHERE `account` = 'zhouyi'  [ RunTime:0.0021s ]
SQL: SELECT * FROM `user` WHERE `id` = 811  [ RunTime:0.0005s ]
NOTIC: [8] Use of undefined constant score - assumed 'score' D:\phpStudy\WWW\TPdemo\1\Application\Home\Controller\UserController.class.php 第 456 行.
SQL: SELECT * FROM `user` WHERE `id` = 811  [ RunTime:0.0004s ]
NOTIC: [8] Use of undefined constant date - assumed 'date' D:\phpStudy\WWW\TPdemo\1\Application\Home\Controller\UserController.class.php 第 457 行.
SQL: SELECT max(id) FROM `exam`  [ RunTime:0.0002s ]
SQL: SELECT max(id) FROM `notice`  [ RunTime:0.0002s ]
SQL: SELECT * FROM `user` WHERE `id` = 811  [ RunTime:0.0004s ]
SQL: SELECT * FROM `user` WHERE `id` = 811  [ RunTime:0.0003s ]
NOTIC: [8] Use of undefined constant date - assumed 'date' D:\phpStudy\WWW\TPdemo\1\Application\Home\Controller\UserController.class.php 第 461 行.
SQL: SELECT `subject` FROM `notice` WHERE `id` = 13  [ RunTime:0.0002s ]
SQL: SELECT * FROM `exam` WHERE `id` = 11  [ RunTime:0.0003s ]
NOTIC: [8] Use of undefined constant time - assumed 'time' D:\phpStudy\WWW\TPdemo\1\Application\Home\Controller\UserController.class.php 第 464 行.
SQL: SELECT `time` FROM `exam` WHERE `id` = 11  [ RunTime:0.0003s ]
NOTIC: [8] Use of undefined constant time - assumed 'time' D:\phpStudy\WWW\TPdemo\1\Application\Home\Controller\UserController.class.php 第 469 行.
SQL: SELECT MAX(id) AS tp_max FROM `user` WHERE `account` = 'zhouyi' LIMIT 1   [ RunTime:0.0019s ]
SQL: SELECT * FROM `user` WHERE `id` = 811  [ RunTime:0.0006s ]
SQL: SELECT * FROM `exam`  [ RunTime:0.0004s ]
NOTIC: [8] Undefined variable: other_exam D:\phpStudy\WWW\TPdemo\1\Application\Home\Controller\UserController.class.php 第 506 行.
INFO: [ view_parse ] --START--
INFO: [ template_filter ] --START--
INFO: Run Behavior\ContentReplaceBehavior [ RunTime:0.000076s ]
INFO: [ template_filter ] --END-- [ RunTime:0.000127s ]
INFO: Run Behavior\ParseTemplateBehavior [ RunTime:0.009904s ]
INFO: [ view_parse ] --END-- [ RunTime:0.010004s ]
INFO: [ view_filter ] --START--
INFO: Run Behavior\WriteHtmlCacheBehavior [ RunTime:0.000968s ]
INFO: [ view_filter ] --END-- [ RunTime:0.001013s ]
INFO: [ app_end ] --START--
INFO: Run Behavior\ShowPageTraceBehavior [ RunTime:0.001770s ]
INFO: [ app_end ] --END-- [ RunTime:0.001845s ]

[ 2018-01-09T11:38:31+08:00 ] 127.0.0.1 /TPdemo/1/index.php/Home/User/printzs.html
INFO: [ app_init ] --START--
INFO: Run Behavior\BuildLiteBehavior [ RunTime:0.000013s ]
INFO: [ app_init ] --END-- [ RunTime:0.000682s ]
INFO: [ app_begin ] --START--
INFO: Run Behavior\ReadHtmlCacheBehavior [ RunTime:0.000901s ]
INFO: [ app_begin ] --END-- [ RunTime:0.000952s ]
SQL: SHOW COLUMNS FROM `user` [ RunTime:0.0079s ]
SQL: SHOW COLUMNS FROM `exam` [ RunTime:0.0084s ]
SQL: SHOW COLUMNS FROM `notice` [ RunTime:0.0077s ]
SQL: SELECT max(id) FROM `user` WHERE `account` = 'zhouyi'  [ RunTime:0.0027s ]
SQL: SELECT * FROM `user` WHERE `id` = 811  [ RunTime:0.0006s ]
NOTIC: [8] Use of undefined constant score - assumed 'score' D:\phpStudy\WWW\TPdemo\1\Application\Home\Controller\UserController.class.php 第 456 行.
SQL: SELECT * FROM `user` WHERE `id` = 811  [ RunTime:0.0005s ]
NOTIC: [8] Use of undefined constant date - assumed 'date' D:\phpStudy\WWW\TPdemo\1\Application\Home\Controller\UserController.class.php 第 457 行.
SQL: SELECT max(id) FROM `exam`  [ RunTime:0.0003s ]
SQL: SELECT max(id) FROM `notice`  [ RunTime:0.0002s ]
SQL: SELECT * FROM `user` WHERE `id` = 811  [ RunTime:0.0005s ]
SQL: SELECT * FROM `user` WHERE `id` = 811  [ RunTime:0.0005s ]
NOTIC: [8] Use of undefined constant date - assumed 'date' D:\phpStudy\WWW\TPdemo\1\Application\Home\Controller\UserController.class.php 第 461 行.
SQL: SELECT `subject` FROM `notice` WHERE `id` = 13  [ RunTime:0.0003s ]
SQL: SELECT * FROM `exam` WHERE `id` = 11  [ RunTime:0.0004s ]
NOTIC: [8] Use of undefined constant time - assumed 'time' D:\phpStudy\WWW\TPdemo\1\Application\Home\Controller\UserController.class.php 第 464 行.
SQL: SELECT `time` FROM `exam` WHERE `id` = 11  [ RunTime:0.0003s ]
NOTIC: [8] Use of undefined constant time - assumed 'time' D:\phpStudy\WWW\TPdemo\1\Application\Home\Controller\UserController.class.php 第 469 行.
SQL: SELECT MAX(id) AS tp_max FROM `user` WHERE `account` = 'zhouyi' LIMIT 1   [ RunTime:0.0025s ]
SQL: SELECT * FROM `user` WHERE `id` = 811  [ RunTime:0.0005s ]
SQL: SELECT * FROM `exam`  [ RunTime:0.0004s ]
NOTIC: [8] Undefined variable: other_exam D:\phpStudy\WWW\TPdemo\1\Application\Home\Controller\UserController.class.php 第 506 行.
INFO: [ view_parse ] --START--
INFO: [ template_filter ] --START--
INFO: Run Behavior\ContentReplaceBehavior [ RunTime:0.000108s ]
INFO: [ template_filter ] --END-- [ RunTime:0.000182s ]
INFO: Run Behavior\ParseTemplateBehavior [ RunTime:0.010451s ]
INFO: [ view_parse ] --END-- [ RunTime:0.010543s ]
INFO: [ view_filter ] --START--
INFO: Run Behavior\WriteHtmlCacheBehavior [ RunTime:0.000760s ]
INFO: [ view_filter ] --END-- [ RunTime:0.000807s ]
INFO: [ app_end ] --START--
INFO: Run Behavior\ShowPageTraceBehavior [ RunTime:0.001358s ]
INFO: [ app_end ] --END-- [ RunTime:0.001449s ]

[ 2018-01-09T11:39:59+08:00 ] 127.0.0.1 /TPdemo/1/index.php/Home/User/printzs.html
INFO: [ app_init ] --START--
INFO: Run Behavior\BuildLiteBehavior [ RunTime:0.000029s ]
INFO: [ app_init ] --END-- [ RunTime:0.010928s ]
INFO: [ app_begin ] --START--
INFO: Run Behavior\ReadHtmlCacheBehavior [ RunTime:0.014125s ]
INFO: [ app_begin ] --END-- [ RunTime:0.014188s ]
SQL: SHOW COLUMNS FROM `user` [ RunTime:0.0459s ]
SQL: SHOW COLUMNS FROM `exam` [ RunTime:0.0580s ]
SQL: SHOW COLUMNS FROM `notice` [ RunTime:0.0401s ]
SQL: SELECT max(id) FROM `user` WHERE `account` = 'zhouyi'  [ RunTime:0.0031s ]
SQL: SELECT * FROM `user` WHERE `id` = 811  [ RunTime:0.0006s ]
NOTIC: [8] Use of undefined constant score - assumed 'score' D:\phpStudy\WWW\TPdemo\1\Application\Home\Controller\UserController.class.php 第 456 行.
SQL: SELECT * FROM `user` WHERE `id` = 811  [ RunTime:0.0005s ]
NOTIC: [8] Use of undefined constant date - assumed 'date' D:\phpStudy\WWW\TPdemo\1\Application\Home\Controller\UserController.class.php 第 457 行.
SQL: SELECT max(id) FROM `exam`  [ RunTime:0.0003s ]
SQL: SELECT max(id) FROM `notice`  [ RunTime:0.0003s ]
SQL: SELECT * FROM `user` WHERE `id` = 811  [ RunTime:0.0006s ]
SQL: SELECT * FROM `user` WHERE `id` = 811  [ RunTime:0.0005s ]
NOTIC: [8] Use of undefined constant date - assumed 'date' D:\phpStudy\WWW\TPdemo\1\Application\Home\Controller\UserController.class.php 第 461 行.
SQL: SELECT `subject` FROM `notice` WHERE `id` = 13  [ RunTime:0.0003s ]
SQL: SELECT * FROM `exam` WHERE `id` = 11  [ RunTime:0.0003s ]
NOTIC: [8] Use of undefined constant time - assumed 'time' D:\phpStudy\WWW\TPdemo\1\Application\Home\Controller\UserController.class.php 第 464 行.
SQL: SELECT `time` FROM `exam` WHERE `id` = 11  [ RunTime:0.0002s ]
NOTIC: [8] Use of undefined constant time - assumed 'time' D:\phpStudy\WWW\TPdemo\1\Application\Home\Controller\UserController.class.php 第 469 行.
SQL: SELECT MAX(id) AS tp_max FROM `user` WHERE `account` = 'zhouyi' LIMIT 1   [ RunTime:0.0024s ]
SQL: SELECT * FROM `user` WHERE `id` = 811  [ RunTime:0.0006s ]
SQL: SELECT * FROM `exam`  [ RunTime:0.0005s ]
NOTIC: [8] Undefined variable: other_exam D:\phpStudy\WWW\TPdemo\1\Application\Home\Controller\UserController.class.php 第 506 行.
INFO: [ view_parse ] --START--
INFO: [ template_filter ] --START--
INFO: Run Behavior\ContentReplaceBehavior [ RunTime:0.000073s ]
INFO: [ template_filter ] --END-- [ RunTime:0.000124s ]
INFO: Run Behavior\ParseTemplateBehavior [ RunTime:0.056920s ]
INFO: [ view_parse ] --END-- [ RunTime:0.056997s ]
INFO: [ view_filter ] --START--
INFO: Run Behavior\WriteHtmlCacheBehavior [ RunTime:0.012453s ]
INFO: [ view_filter ] --END-- [ RunTime:0.012513s ]
INFO: [ app_end ] --START--
INFO: Run Behavior\ShowPageTraceBehavior [ RunTime:0.031859s ]
INFO: [ app_end ] --END-- [ RunTime:0.031933s ]

[ 2018-01-09T11:41:01+08:00 ] 127.0.0.1 /TPdemo/1/index.php/Home/User/printzs.html
INFO: [ app_init ] --START--
INFO: Run Behavior\BuildLiteBehavior [ RunTime:0.000012s ]
INFO: [ app_init ] --END-- [ RunTime:0.000738s ]
INFO: [ app_begin ] --START--
INFO: Run Behavior\ReadHtmlCacheBehavior [ RunTime:0.000995s ]
INFO: [ app_begin ] --END-- [ RunTime:0.001048s ]
SQL: SHOW COLUMNS FROM `user` [ RunTime:0.0140s ]
SQL: SHOW COLUMNS FROM `exam` [ RunTime:0.0354s ]
SQL: SHOW COLUMNS FROM `notice` [ RunTime:0.0258s ]
SQL: SELECT max(id) FROM `user` WHERE `account` = 'zhouyi'  [ RunTime:0.0032s ]
SQL: SELECT * FROM `user` WHERE `id` = 811  [ RunTime:0.0007s ]
NOTIC: [8] Use of undefined constant score - assumed 'score' D:\phpStudy\WWW\TPdemo\1\Application\Home\Controller\UserController.class.php 第 456 行.
SQL: SELECT * FROM `user` WHERE `id` = 811  [ RunTime:0.0006s ]
NOTIC: [8] Use of undefined constant date - assumed 'date' D:\phpStudy\WWW\TPdemo\1\Application\Home\Controller\UserController.class.php 第 457 行.
SQL: SELECT max(id) FROM `exam`  [ RunTime:0.0004s ]
SQL: SELECT max(id) FROM `notice`  [ RunTime:0.0003s ]
SQL: SELECT * FROM `user` WHERE `id` = 811  [ RunTime:0.0005s ]
SQL: SELECT * FROM `user` WHERE `id` = 811  [ RunTime:0.0004s ]
NOTIC: [8] Use of undefined constant date - assumed 'date' D:\phpStudy\WWW\TPdemo\1\Application\Home\Controller\UserController.class.php 第 461 行.
SQL: SELECT `subject` FROM `notice` WHERE `id` = 13  [ RunTime:0.0003s ]
SQL: SELECT * FROM `exam` WHERE `id` = 11  [ RunTime:0.0004s ]
NOTIC: [8] Use of undefined constant time - assumed 'time' D:\phpStudy\WWW\TPdemo\1\Application\Home\Controller\UserController.class.php 第 464 行.
SQL: SELECT `time` FROM `exam` WHERE `id` = 11  [ RunTime:0.0004s ]
NOTIC: [8] Use of undefined constant time - assumed 'time' D:\phpStudy\WWW\TPdemo\1\Application\Home\Controller\UserController.class.php 第 469 行.
SQL: SELECT MAX(id) AS tp_max FROM `user` WHERE `account` = 'zhouyi' LIMIT 1   [ RunTime:0.0035s ]
SQL: SELECT * FROM `user` WHERE `id` = 811  [ RunTime:0.0007s ]
SQL: SELECT * FROM `exam`  [ RunTime:0.0006s ]
NOTIC: [8] Undefined variable: other_exam D:\phpStudy\WWW\TPdemo\1\Application\Home\Controller\UserController.class.php 第 506 行.
INFO: [ view_parse ] --START--
INFO: [ template_filter ] --START--
INFO: Run Behavior\ContentReplaceBehavior [ RunTime:0.000077s ]
INFO: [ template_filter ] --END-- [ RunTime:0.000124s ]
INFO: Run Behavior\ParseTemplateBehavior [ RunTime:0.008969s ]
INFO: [ view_parse ] --END-- [ RunTime:0.009030s ]
INFO: [ view_filter ] --START--
INFO: Run Behavior\WriteHtmlCacheBehavior [ RunTime:0.000878s ]
INFO: [ view_filter ] --END-- [ RunTime:0.000938s ]
INFO: [ app_end ] --START--
INFO: Run Behavior\ShowPageTraceBehavior [ RunTime:0.001781s ]
INFO: [ app_end ] --END-- [ RunTime:0.001893s ]

[ 2018-01-09T11:41:55+08:00 ] 127.0.0.1 /TPdemo/1/index.php/Home/User/printzs.html
INFO: [ app_init ] --START--
INFO: Run Behavior\BuildLiteBehavior [ RunTime:0.000016s ]
INFO: [ app_init ] --END-- [ RunTime:0.000846s ]
INFO: [ app_begin ] --START--
INFO: Run Behavior\ReadHtmlCacheBehavior [ RunTime:0.001062s ]
INFO: [ app_begin ] --END-- [ RunTime:0.001118s ]
SQL: SHOW COLUMNS FROM `user` [ RunTime:0.0143s ]
SQL: SHOW COLUMNS FROM `exam` [ RunTime:0.0164s ]
SQL: SHOW COLUMNS FROM `notice` [ RunTime:0.0169s ]
SQL: SELECT max(id) FROM `user` WHERE `account` = 'zhouyi'  [ RunTime:0.0029s ]
SQL: SELECT * FROM `user` WHERE `id` = 811  [ RunTime:0.0007s ]
NOTIC: [8] Use of undefined constant score - assumed 'score' D:\phpStudy\WWW\TPdemo\1\Application\Home\Controller\UserController.class.php 第 456 行.
SQL: SELECT * FROM `user` WHERE `id` = 811  [ RunTime:0.0006s ]
NOTIC: [8] Use of undefined constant date - assumed 'date' D:\phpStudy\WWW\TPdemo\1\Application\Home\Controller\UserController.class.php 第 457 行.
SQL: SELECT max(id) FROM `exam`  [ RunTime:0.0003s ]
SQL: SELECT max(id) FROM `notice`  [ RunTime:0.0003s ]
SQL: SELECT * FROM `user` WHERE `id` = 811  [ RunTime:0.0005s ]
SQL: SELECT * FROM `user` WHERE `id` = 811  [ RunTime:0.0004s ]
NOTIC: [8] Use of undefined constant date - assumed 'date' D:\phpStudy\WWW\TPdemo\1\Application\Home\Controller\UserController.class.php 第 461 行.
SQL: SELECT `subject` FROM `notice` WHERE `id` = 13  [ RunTime:0.0003s ]
SQL: SELECT * FROM `exam` WHERE `id` = 11  [ RunTime:0.0003s ]
NOTIC: [8] Use of undefined constant time - assumed 'time' D:\phpStudy\WWW\TPdemo\1\Application\Home\Controller\UserController.class.php 第 464 行.
SQL: SELECT `time` FROM `exam` WHERE `id` = 11  [ RunTime:0.0003s ]
NOTIC: [8] Use of undefined constant time - assumed 'time' D:\phpStudy\WWW\TPdemo\1\Application\Home\Controller\UserController.class.php 第 469 行.
SQL: SELECT MAX(id) AS tp_max FROM `user` WHERE `account` = 'zhouyi' LIMIT 1   [ RunTime:0.0018s ]
SQL: SELECT * FROM `user` WHERE `id` = 811  [ RunTime:0.0004s ]
SQL: SELECT * FROM `exam`  [ RunTime:0.0004s ]
NOTIC: [8] Undefined variable: other_exam D:\phpStudy\WWW\TPdemo\1\Application\Home\Controller\UserController.class.php 第 506 行.
INFO: [ view_parse ] --START--
INFO: [ template_filter ] --START--
INFO: Run Behavior\ContentReplaceBehavior [ RunTime:0.000073s ]
INFO: [ template_filter ] --END-- [ RunTime:0.000122s ]
INFO: Run Behavior\ParseTemplateBehavior [ RunTime:0.009363s ]
INFO: [ view_parse ] --END-- [ RunTime:0.009422s ]
INFO: [ view_filter ] --START--
INFO: Run Behavior\WriteHtmlCacheBehavior [ RunTime:0.000904s ]
INFO: [ view_filter ] --END-- [ RunTime:0.000943s ]
INFO: [ app_end ] --START--
INFO: Run Behavior\ShowPageTraceBehavior [ RunTime:0.001411s ]
INFO: [ app_end ] --END-- [ RunTime:0.001482s ]

[ 2018-01-09T11:42:05+08:00 ] 127.0.0.1 /TPdemo/1/index.php/Home/User/printzs.html
INFO: [ app_init ] --START--
INFO: Run Behavior\BuildLiteBehavior [ RunTime:0.000012s ]
INFO: [ app_init ] --END-- [ RunTime:0.000707s ]
INFO: [ app_begin ] --START--
INFO: Run Behavior\ReadHtmlCacheBehavior [ RunTime:0.000814s ]
INFO: [ app_begin ] --END-- [ RunTime:0.000865s ]
SQL: SHOW COLUMNS FROM `user` [ RunTime:0.0185s ]
SQL: SHOW COLUMNS FROM `exam` [ RunTime:0.0335s ]
SQL: SHOW COLUMNS FROM `notice` [ RunTime:0.0192s ]
SQL: SELECT max(id) FROM `user` WHERE `account` = 'zhouyi'  [ RunTime:0.0022s ]
SQL: SELECT * FROM `user` WHERE `id` = 811  [ RunTime:0.0005s ]
NOTIC: [8] Use of undefined constant score - assumed 'score' D:\phpStudy\WWW\TPdemo\1\Application\Home\Controller\UserController.class.php 第 456 行.
SQL: SELECT * FROM `user` WHERE `id` = 811  [ RunTime:0.0004s ]
NOTIC: [8] Use of undefined constant date - assumed 'date' D:\phpStudy\WWW\TPdemo\1\Application\Home\Controller\UserController.class.php 第 457 行.
SQL: SELECT max(id) FROM `exam`  [ RunTime:0.0003s ]
SQL: SELECT max(id) FROM `notice`  [ RunTime:0.0002s ]
SQL: SELECT * FROM `user` WHERE `id` = 811  [ RunTime:0.0004s ]
SQL: SELECT * FROM `user` WHERE `id` = 811  [ RunTime:0.0004s ]
NOTIC: [8] Use of undefined constant date - assumed 'date' D:\phpStudy\WWW\TPdemo\1\Application\Home\Controller\UserController.class.php 第 461 行.
SQL: SELECT `subject` FROM `notice` WHERE `id` = 13  [ RunTime:0.0003s ]
SQL: SELECT * FROM `exam` WHERE `id` = 11  [ RunTime:0.0003s ]
NOTIC: [8] Use of undefined constant time - assumed 'time' D:\phpStudy\WWW\TPdemo\1\Application\Home\Controller\UserController.class.php 第 464 行.
SQL: SELECT `time` FROM `exam` WHERE `id` = 11  [ RunTime:0.0003s ]
NOTIC: [8] Use of undefined constant time - assumed 'time' D:\phpStudy\WWW\TPdemo\1\Application\Home\Controller\UserController.class.php 第 469 行.
SQL: SELECT MAX(id) AS tp_max FROM `user` WHERE `account` = 'zhouyi' LIMIT 1   [ RunTime:0.0023s ]
SQL: SELECT * FROM `user` WHERE `id` = 811  [ RunTime:0.0005s ]
SQL: SELECT * FROM `exam`  [ RunTime:0.0004s ]
NOTIC: [8] Undefined variable: other_exam D:\phpStudy\WWW\TPdemo\1\Application\Home\Controller\UserController.class.php 第 506 行.
INFO: [ view_parse ] --START--
INFO: [ template_filter ] --START--
INFO: Run Behavior\ContentReplaceBehavior [ RunTime:0.000145s ]
INFO: [ template_filter ] --END-- [ RunTime:0.000223s ]
INFO: Run Behavior\ParseTemplateBehavior [ RunTime:0.009648s ]
INFO: [ view_parse ] --END-- [ RunTime:0.009727s ]
INFO: [ view_filter ] --START--
INFO: Run Behavior\WriteHtmlCacheBehavior [ RunTime:0.000690s ]
INFO: [ view_filter ] --END-- [ RunTime:0.000767s ]
INFO: [ app_end ] --START--
INFO: Run Behavior\ShowPageTraceBehavior [ RunTime:0.001188s ]
INFO: [ app_end ] --END-- [ RunTime:0.001261s ]

[ 2018-01-09T11:42:50+08:00 ] 127.0.0.1 /TPdemo/1/index.php/Home/User/printzs.html
INFO: [ app_init ] --START--
INFO: Run Behavior\BuildLiteBehavior [ RunTime:0.000014s ]
INFO: [ app_init ] --END-- [ RunTime:0.000657s ]
INFO: [ app_begin ] --START--
INFO: Run Behavior\ReadHtmlCacheBehavior [ RunTime:0.000790s ]
INFO: [ app_begin ] --END-- [ RunTime:0.000849s ]
SQL: SHOW COLUMNS FROM `user` [ RunTime:0.0680s ]
SQL: SHOW COLUMNS FROM `exam` [ RunTime:0.0305s ]
SQL: SHOW COLUMNS FROM `notice` [ RunTime:0.0228s ]
SQL: SELECT max(id) FROM `user` WHERE `account` = 'zhouyi'  [ RunTime:0.0028s ]
SQL: SELECT * FROM `user` WHERE `id` = 811  [ RunTime:0.0005s ]
NOTIC: [8] Use of undefined constant score - assumed 'score' D:\phpStudy\WWW\TPdemo\1\Application\Home\Controller\UserController.class.php 第 456 行.
SQL: SELECT * FROM `user` WHERE `id` = 811  [ RunTime:0.0004s ]
NOTIC: [8] Use of undefined constant date - assumed 'date' D:\phpStudy\WWW\TPdemo\1\Application\Home\Controller\UserController.class.php 第 457 行.
SQL: SELECT max(id) FROM `exam`  [ RunTime:0.0003s ]
SQL: SELECT max(id) FROM `notice`  [ RunTime:0.0002s ]
SQL: SELECT * FROM `user` WHERE `id` = 811  [ RunTime:0.0005s ]
SQL: SELECT * FROM `user` WHERE `id` = 811  [ RunTime:0.0005s ]
NOTIC: [8] Use of undefined constant date - assumed 'date' D:\phpStudy\WWW\TPdemo\1\Application\Home\Controller\UserController.class.php 第 461 行.
SQL: SELECT `subject` FROM `notice` WHERE `id` = 13  [ RunTime:0.0003s ]
SQL: SELECT * FROM `exam` WHERE `id` = 11  [ RunTime:0.0004s ]
NOTIC: [8] Use of undefined constant time - assumed 'time' D:\phpStudy\WWW\TPdemo\1\Application\Home\Controller\UserController.class.php 第 464 行.
SQL: SELECT `time` FROM `exam` WHERE `id` = 11  [ RunTime:0.0004s ]
NOTIC: [8] Use of undefined constant time - assumed 'time' D:\phpStudy\WWW\TPdemo\1\Application\Home\Controller\UserController.class.php 第 469 行.
SQL: SELECT MAX(id) AS tp_max FROM `user` WHERE `account` = 'zhouyi' LIMIT 1   [ RunTime:0.0020s ]
SQL: SELECT * FROM `user` WHERE `id` = 811  [ RunTime:0.0004s ]
SQL: SELECT * FROM `exam`  [ RunTime:0.0003s ]
NOTIC: [8] Undefined variable: other_exam D:\phpStudy\WWW\TPdemo\1\Application\Home\Controller\UserController.class.php 第 506 行.
INFO: [ view_parse ] --START--
INFO: [ template_filter ] --START--
INFO: Run Behavior\ContentReplaceBehavior [ RunTime:0.000082s ]
INFO: [ template_filter ] --END-- [ RunTime:0.000142s ]
INFO: Run Behavior\ParseTemplateBehavior [ RunTime:0.011963s ]
INFO: [ view_parse ] --END-- [ RunTime:0.012046s ]
INFO: [ view_filter ] --START--
INFO: Run Behavior\WriteHtmlCacheBehavior [ RunTime:0.001285s ]
INFO: [ view_filter ] --END-- [ RunTime:0.001335s ]
INFO: [ app_end ] --START--
INFO: Run Behavior\ShowPageTraceBehavior [ RunTime:0.001405s ]
INFO: [ app_end ] --END-- [ RunTime:0.001484s ]

[ 2018-01-09T11:44:23+08:00 ] 127.0.0.1 /TPdemo/1/index.php/Home/User/printzs.html
INFO: [ app_init ] --START--
INFO: Run Behavior\BuildLiteBehavior [ RunTime:0.000014s ]
INFO: [ app_init ] --END-- [ RunTime:0.001040s ]
INFO: [ app_begin ] --START--
INFO: Run Behavior\ReadHtmlCacheBehavior [ RunTime:0.000978s ]
INFO: [ app_begin ] --END-- [ RunTime:0.001030s ]
SQL: SHOW COLUMNS FROM `user` [ RunTime:0.0519s ]
SQL: SHOW COLUMNS FROM `exam` [ RunTime:0.0306s ]
SQL: SHOW COLUMNS FROM `notice` [ RunTime:0.0285s ]
SQL: SELECT max(id) FROM `user` WHERE `account` = 'zhouyi'  [ RunTime:0.0022s ]
SQL: SELECT * FROM `user` WHERE `id` = 811  [ RunTime:0.0005s ]
NOTIC: [8] Use of undefined constant score - assumed 'score' D:\phpStudy\WWW\TPdemo\1\Application\Home\Controller\UserController.class.php 第 456 行.
SQL: SELECT * FROM `user` WHERE `id` = 811  [ RunTime:0.0005s ]
NOTIC: [8] Use of undefined constant date - assumed 'date' D:\phpStudy\WWW\TPdemo\1\Application\Home\Controller\UserController.class.php 第 457 行.
SQL: SELECT max(id) FROM `exam`  [ RunTime:0.0003s ]
SQL: SELECT max(id) FROM `notice`  [ RunTime:0.0002s ]
SQL: SELECT * FROM `user` WHERE `id` = 811  [ RunTime:0.0005s ]
SQL: SELECT * FROM `user` WHERE `id` = 811  [ RunTime:0.0009s ]
NOTIC: [8] Use of undefined constant date - assumed 'date' D:\phpStudy\WWW\TPdemo\1\Application\Home\Controller\UserController.class.php 第 461 行.
SQL: SELECT `subject` FROM `notice` WHERE `id` = 13  [ RunTime:0.0004s ]
SQL: SELECT * FROM `exam` WHERE `id` = 11  [ RunTime:0.0004s ]
NOTIC: [8] Use of undefined constant time - assumed 'time' D:\phpStudy\WWW\TPdemo\1\Application\Home\Controller\UserController.class.php 第 464 行.
SQL: SELECT `time` FROM `exam` WHERE `id` = 11  [ RunTime:0.0003s ]
NOTIC: [8] Use of undefined constant time - assumed 'time' D:\phpStudy\WWW\TPdemo\1\Application\Home\Controller\UserController.class.php 第 469 行.
SQL: SELECT MAX(id) AS tp_max FROM `user` WHERE `account` = 'zhouyi' LIMIT 1   [ RunTime:0.0019s ]
SQL: SELECT * FROM `user` WHERE `id` = 811  [ RunTime:0.0005s ]
SQL: SELECT * FROM `exam`  [ RunTime:0.0004s ]
NOTIC: [8] Undefined variable: other_exam D:\phpStudy\WWW\TPdemo\1\Application\Home\Controller\UserController.class.php 第 506 行.
INFO: [ view_parse ] --START--
INFO: [ template_filter ] --START--
INFO: Run Behavior\ContentReplaceBehavior [ RunTime:0.000086s ]
INFO: [ template_filter ] --END-- [ RunTime:0.000148s ]
INFO: Run Behavior\ParseTemplateBehavior [ RunTime:0.009715s ]
INFO: [ view_parse ] --END-- [ RunTime:0.009784s ]
INFO: [ view_filter ] --START--
INFO: Run Behavior\WriteHtmlCacheBehavior [ RunTime:0.000773s ]
INFO: [ view_filter ] --END-- [ RunTime:0.000821s ]
INFO: [ app_end ] --START--
INFO: Run Behavior\ShowPageTraceBehavior [ RunTime:0.001601s ]
INFO: [ app_end ] --END-- [ RunTime:0.001698s ]

[ 2018-01-09T11:44:45+08:00 ] 127.0.0.1 /TPdemo/1/index.php/Home/User/printzs.html
INFO: [ app_init ] --START--
INFO: Run Behavior\BuildLiteBehavior [ RunTime:0.000015s ]
INFO: [ app_init ] --END-- [ RunTime:0.000733s ]
INFO: [ app_begin ] --START--
INFO: Run Behavior\ReadHtmlCacheBehavior [ RunTime:0.001249s ]
INFO: [ app_begin ] --END-- [ RunTime:0.001334s ]
SQL: SHOW COLUMNS FROM `user` [ RunTime:0.0228s ]
SQL: SHOW COLUMNS FROM `exam` [ RunTime:0.0286s ]
SQL: SHOW COLUMNS FROM `notice` [ RunTime:0.0223s ]
SQL: SELECT max(id) FROM `user` WHERE `account` = 'zhouyi'  [ RunTime:0.0021s ]
SQL: SELECT * FROM `user` WHERE `id` = 811  [ RunTime:0.0006s ]
NOTIC: [8] Use of undefined constant score - assumed 'score' D:\phpStudy\WWW\TPdemo\1\Application\Home\Controller\UserController.class.php 第 456 行.
SQL: SELECT * FROM `user` WHERE `id` = 811  [ RunTime:0.0004s ]
NOTIC: [8] Use of undefined constant date - assumed 'date' D:\phpStudy\WWW\TPdemo\1\Application\Home\Controller\UserController.class.php 第 457 行.
SQL: SELECT max(id) FROM `exam`  [ RunTime:0.0003s ]
SQL: SELECT max(id) FROM `notice`  [ RunTime:0.0003s ]
SQL: SELECT * FROM `user` WHERE `id` = 811  [ RunTime:0.0004s ]
SQL: SELECT * FROM `user` WHERE `id` = 811  [ RunTime:0.0004s ]
NOTIC: [8] Use of undefined constant date - assumed 'date' D:\phpStudy\WWW\TPdemo\1\Application\Home\Controller\UserController.class.php 第 461 行.
SQL: SELECT `subject` FROM `notice` WHERE `id` = 13  [ RunTime:0.0004s ]
SQL: SELECT * FROM `exam` WHERE `id` = 11  [ RunTime:0.0004s ]
NOTIC: [8] Use of undefined constant time - assumed 'time' D:\phpStudy\WWW\TPdemo\1\Application\Home\Controller\UserController.class.php 第 464 行.
SQL: SELECT `time` FROM `exam` WHERE `id` = 11  [ RunTime:0.0004s ]
NOTIC: [8] Use of undefined constant time - assumed 'time' D:\phpStudy\WWW\TPdemo\1\Application\Home\Controller\UserController.class.php 第 469 行.
SQL: SELECT MAX(id) AS tp_max FROM `user` WHERE `account` = 'zhouyi' LIMIT 1   [ RunTime:0.0020s ]
SQL: SELECT * FROM `user` WHERE `id` = 811  [ RunTime:0.0005s ]
SQL: SELECT * FROM `exam`  [ RunTime:0.0006s ]
NOTIC: [8] Undefined variable: other_exam D:\phpStudy\WWW\TPdemo\1\Application\Home\Controller\UserController.class.php 第 506 行.
INFO: [ view_parse ] --START--
INFO: [ template_filter ] --START--
INFO: Run Behavior\ContentReplaceBehavior [ RunTime:0.000089s ]
INFO: [ template_filter ] --END-- [ RunTime:0.000151s ]
INFO: Run Behavior\ParseTemplateBehavior [ RunTime:0.009088s ]
INFO: [ view_parse ] --END-- [ RunTime:0.009147s ]
INFO: [ view_filter ] --START--
INFO: Run Behavior\WriteHtmlCacheBehavior [ RunTime:0.000742s ]
INFO: [ view_filter ] --END-- [ RunTime:0.000782s ]
INFO: [ app_end ] --START--
INFO: Run Behavior\ShowPageTraceBehavior [ RunTime:0.001274s ]
INFO: [ app_end ] --END-- [ RunTime:0.001348s ]

[ 2018-01-09T11:50:01+08:00 ] 127.0.0.1 /TPdemo/1/index.php/Home/User/printzs.html
INFO: [ app_init ] --START--
INFO: Run Behavior\BuildLiteBehavior [ RunTime:0.000021s ]
INFO: [ app_init ] --END-- [ RunTime:0.001030s ]
INFO: [ app_begin ] --START--
INFO: Run Behavior\ReadHtmlCacheBehavior [ RunTime:0.001529s ]
INFO: [ app_begin ] --END-- [ RunTime:0.001625s ]
SQL: SHOW COLUMNS FROM `user` [ RunTime:0.0210s ]
SQL: SHOW COLUMNS FROM `exam` [ RunTime:0.0458s ]
SQL: SHOW COLUMNS FROM `notice` [ RunTime:0.0240s ]
SQL: SELECT max(id) FROM `user` WHERE `account` = 'zhouyi'  [ RunTime:0.0026s ]
SQL: SELECT * FROM `user` WHERE `id` = 811  [ RunTime:0.0005s ]
NOTIC: [8] Use of undefined constant score - assumed 'score' D:\phpStudy\WWW\TPdemo\1\Application\Home\Controller\UserController.class.php 第 456 行.
SQL: SELECT * FROM `user` WHERE `id` = 811  [ RunTime:0.0005s ]
NOTIC: [8] Use of undefined constant date - assumed 'date' D:\phpStudy\WWW\TPdemo\1\Application\Home\Controller\UserController.class.php 第 457 行.
SQL: SELECT max(id) FROM `exam`  [ RunTime:0.0003s ]
SQL: SELECT max(id) FROM `notice`  [ RunTime:0.0003s ]
SQL: SELECT * FROM `user` WHERE `id` = 811  [ RunTime:0.0005s ]
SQL: SELECT * FROM `user` WHERE `id` = 811  [ RunTime:0.0005s ]
NOTIC: [8] Use of undefined constant date - assumed 'date' D:\phpStudy\WWW\TPdemo\1\Application\Home\Controller\UserController.class.php 第 461 行.
SQL: SELECT `subject` FROM `notice` WHERE `id` = 13  [ RunTime:0.0003s ]
SQL: SELECT * FROM `exam` WHERE `id` = 11  [ RunTime:0.0003s ]
NOTIC: [8] Use of undefined constant time - assumed 'time' D:\phpStudy\WWW\TPdemo\1\Application\Home\Controller\UserController.class.php 第 464 行.
SQL: SELECT `time` FROM `exam` WHERE `id` = 11  [ RunTime:0.0003s ]
NOTIC: [8] Use of undefined constant time - assumed 'time' D:\phpStudy\WWW\TPdemo\1\Application\Home\Controller\UserController.class.php 第 469 行.
SQL: SELECT MAX(id) AS tp_max FROM `user` WHERE `account` = 'zhouyi' LIMIT 1   [ RunTime:0.0018s ]
SQL: SELECT * FROM `user` WHERE `id` = 811  [ RunTime:0.0004s ]
SQL: SELECT * FROM `exam`  [ RunTime:0.0003s ]
NOTIC: [8] Undefined variable: other_exam D:\phpStudy\WWW\TPdemo\1\Application\Home\Controller\UserController.class.php 第 506 行.
INFO: [ view_parse ] --START--
INFO: [ template_filter ] --START--
INFO: Run Behavior\ContentReplaceBehavior [ RunTime:0.000074s ]
INFO: [ template_filter ] --END-- [ RunTime:0.000123s ]
INFO: Run Behavior\ParseTemplateBehavior [ RunTime:0.009207s ]
INFO: [ view_parse ] --END-- [ RunTime:0.009273s ]
INFO: [ view_filter ] --START--
INFO: Run Behavior\WriteHtmlCacheBehavior [ RunTime:0.000844s ]
INFO: [ view_filter ] --END-- [ RunTime:0.000885s ]
INFO: [ app_end ] --START--
INFO: Run Behavior\ShowPageTraceBehavior [ RunTime:0.001351s ]
INFO: [ app_end ] --END-- [ RunTime:0.001414s ]

[ 2018-01-09T11:50:32+08:00 ] 127.0.0.1 /TPdemo/1/index.php/Home/User/printzs.html
INFO: [ app_init ] --START--
INFO: Run Behavior\BuildLiteBehavior [ RunTime:0.000016s ]
INFO: [ app_init ] --END-- [ RunTime:0.000782s ]
INFO: [ app_begin ] --START--
INFO: Run Behavior\ReadHtmlCacheBehavior [ RunTime:0.001040s ]
INFO: [ app_begin ] --END-- [ RunTime:0.001094s ]
SQL: SHOW COLUMNS FROM `user` [ RunTime:0.0282s ]
SQL: SHOW COLUMNS FROM `exam` [ RunTime:0.0227s ]
SQL: SHOW COLUMNS FROM `notice` [ RunTime:0.0233s ]
SQL: SELECT max(id) FROM `user` WHERE `account` = 'zhouyi'  [ RunTime:0.0032s ]
SQL: SELECT * FROM `user` WHERE `id` = 811  [ RunTime:0.0007s ]
NOTIC: [8] Use of undefined constant score - assumed 'score' D:\phpStudy\WWW\TPdemo\1\Application\Home\Controller\UserController.class.php 第 456 行.
SQL: SELECT * FROM `user` WHERE `id` = 811  [ RunTime:0.0006s ]
NOTIC: [8] Use of undefined constant date - assumed 'date' D:\phpStudy\WWW\TPdemo\1\Application\Home\Controller\UserController.class.php 第 457 行.
SQL: SELECT max(id) FROM `exam`  [ RunTime:0.0003s ]
SQL: SELECT max(id) FROM `notice`  [ RunTime:0.0003s ]
SQL: SELECT * FROM `user` WHERE `id` = 811  [ RunTime:0.0004s ]
SQL: SELECT * FROM `user` WHERE `id` = 811  [ RunTime:0.0004s ]
NOTIC: [8] Use of undefined constant date - assumed 'date' D:\phpStudy\WWW\TPdemo\1\Application\Home\Controller\UserController.class.php 第 461 行.
SQL: SELECT `subject` FROM `notice` WHERE `id` = 13  [ RunTime:0.0002s ]
SQL: SELECT * FROM `exam` WHERE `id` = 11  [ RunTime:0.0003s ]
NOTIC: [8] Use of undefined constant time - assumed 'time' D:\phpStudy\WWW\TPdemo\1\Application\Home\Controller\UserController.class.php 第 464 行.
SQL: SELECT `time` FROM `exam` WHERE `id` = 11  [ RunTime:0.0003s ]
NOTIC: [8] Use of undefined constant time - assumed 'time' D:\phpStudy\WWW\TPdemo\1\Application\Home\Controller\UserController.class.php 第 469 行.
SQL: SELECT MAX(id) AS tp_max FROM `user` WHERE `account` = 'zhouyi' LIMIT 1   [ RunTime:0.0026s ]
SQL: SELECT * FROM `user` WHERE `id` = 811  [ RunTime:0.0006s ]
SQL: SELECT * FROM `exam`  [ RunTime:0.0005s ]
NOTIC: [8] Undefined variable: other_exam D:\phpStudy\WWW\TPdemo\1\Application\Home\Controller\UserController.class.php 第 506 行.
INFO: [ view_parse ] --START--
INFO: [ template_filter ] --START--
INFO: Run Behavior\ContentReplaceBehavior [ RunTime:0.000072s ]
INFO: [ template_filter ] --END-- [ RunTime:0.000120s ]
INFO: Run Behavior\ParseTemplateBehavior [ RunTime:0.008422s ]
INFO: [ view_parse ] --END-- [ RunTime:0.008500s ]
INFO: [ view_filter ] --START--
INFO: Run Behavior\WriteHtmlCacheBehavior [ RunTime:0.000989s ]
INFO: [ view_filter ] --END-- [ RunTime:0.001050s ]
INFO: [ app_end ] --START--
INFO: Run Behavior\ShowPageTraceBehavior [ RunTime:0.001587s ]
INFO: [ app_end ] --END-- [ RunTime:0.001706s ]

[ 2018-01-09T11:50:56+08:00 ] 127.0.0.1 /TPdemo/1/index.php/Home/User/printzs.html
INFO: [ app_init ] --START--
INFO: Run Behavior\BuildLiteBehavior [ RunTime:0.000013s ]
INFO: [ app_init ] --END-- [ RunTime:0.000734s ]
INFO: [ app_begin ] --START--
INFO: Run Behavior\ReadHtmlCacheBehavior [ RunTime:0.000766s ]
INFO: [ app_begin ] --END-- [ RunTime:0.000815s ]
SQL: SHOW COLUMNS FROM `user` [ RunTime:0.0346s ]
SQL: SHOW COLUMNS FROM `exam` [ RunTime:0.0174s ]
SQL: SHOW COLUMNS FROM `notice` [ RunTime:0.0152s ]
SQL: SELECT max(id) FROM `user` WHERE `account` = 'zhouyi'  [ RunTime:0.0031s ]
SQL: SELECT * FROM `user` WHERE `id` = 811  [ RunTime:0.0007s ]
NOTIC: [8] Use of undefined constant score - assumed 'score' D:\phpStudy\WWW\TPdemo\1\Application\Home\Controller\UserController.class.php 第 456 行.
SQL: SELECT * FROM `user` WHERE `id` = 811  [ RunTime:0.0005s ]
NOTIC: [8] Use of undefined constant date - assumed 'date' D:\phpStudy\WWW\TPdemo\1\Application\Home\Controller\UserController.class.php 第 457 行.
SQL: SELECT max(id) FROM `exam`  [ RunTime:0.0004s ]
SQL: SELECT max(id) FROM `notice`  [ RunTime:0.0003s ]
SQL: SELECT * FROM `user` WHERE `id` = 811  [ RunTime:0.0005s ]
SQL: SELECT * FROM `user` WHERE `id` = 811  [ RunTime:0.0004s ]
NOTIC: [8] Use of undefined constant date - assumed 'date' D:\phpStudy\WWW\TPdemo\1\Application\Home\Controller\UserController.class.php 第 461 行.
SQL: SELECT `subject` FROM `notice` WHERE `id` = 13  [ RunTime:0.0004s ]
SQL: SELECT * FROM `exam` WHERE `id` = 11  [ RunTime:0.0004s ]
NOTIC: [8] Use of undefined constant time - assumed 'time' D:\phpStudy\WWW\TPdemo\1\Application\Home\Controller\UserController.class.php 第 464 行.
SQL: SELECT `time` FROM `exam` WHERE `id` = 11  [ RunTime:0.0003s ]
NOTIC: [8] Use of undefined constant time - assumed 'time' D:\phpStudy\WWW\TPdemo\1\Application\Home\Controller\UserController.class.php 第 469 行.
SQL: SELECT MAX(id) AS tp_max FROM `user` WHERE `account` = 'zhouyi' LIMIT 1   [ RunTime:0.0034s ]
SQL: SELECT * FROM `user` WHERE `id` = 811  [ RunTime:0.0006s ]
SQL: SELECT * FROM `exam`  [ RunTime:0.0004s ]
NOTIC: [8] Undefined variable: other_exam D:\phpStudy\WWW\TPdemo\1\Application\Home\Controller\UserController.class.php 第 506 行.
INFO: [ view_parse ] --START--
INFO: [ template_filter ] --START--
INFO: Run Behavior\ContentReplaceBehavior [ RunTime:0.000072s ]
INFO: [ template_filter ] --END-- [ RunTime:0.000117s ]
INFO: Run Behavior\ParseTemplateBehavior [ RunTime:0.008403s ]
INFO: [ view_parse ] --END-- [ RunTime:0.008470s ]
INFO: [ view_filter ] --START--
INFO: Run Behavior\WriteHtmlCacheBehavior [ RunTime:0.000681s ]
INFO: [ view_filter ] --END-- [ RunTime:0.000724s ]
INFO: [ app_end ] --START--
INFO: Run Behavior\ShowPageTraceBehavior [ RunTime:0.000988s ]
INFO: [ app_end ] --END-- [ RunTime:0.001061s ]

[ 2018-01-09T11:51:14+08:00 ] 127.0.0.1 /TPdemo/1/index.php/Home/User/printzs.html
INFO: [ app_init ] --START--
INFO: Run Behavior\BuildLiteBehavior [ RunTime:0.000014s ]
INFO: [ app_init ] --END-- [ RunTime:0.000708s ]
INFO: [ app_begin ] --START--
INFO: Run Behavior\ReadHtmlCacheBehavior [ RunTime:0.000944s ]
INFO: [ app_begin ] --END-- [ RunTime:0.001004s ]
SQL: SHOW COLUMNS FROM `user` [ RunTime:0.0402s ]
SQL: SHOW COLUMNS FROM `exam` [ RunTime:0.0277s ]
SQL: SHOW COLUMNS FROM `notice` [ RunTime:0.0236s ]
SQL: SELECT max(id) FROM `user` WHERE `account` = 'zhouyi'  [ RunTime:0.0019s ]
SQL: SELECT * FROM `user` WHERE `id` = 811  [ RunTime:0.0007s ]
NOTIC: [8] Use of undefined constant score - assumed 'score' D:\phpStudy\WWW\TPdemo\1\Application\Home\Controller\UserController.class.php 第 456 行.
SQL: SELECT * FROM `user` WHERE `id` = 811  [ RunTime:0.0006s ]
NOTIC: [8] Use of undefined constant date - assumed 'date' D:\phpStudy\WWW\TPdemo\1\Application\Home\Controller\UserController.class.php 第 457 行.
SQL: SELECT max(id) FROM `exam`  [ RunTime:0.0003s ]
SQL: SELECT max(id) FROM `notice`  [ RunTime:0.0003s ]
SQL: SELECT * FROM `user` WHERE `id` = 811  [ RunTime:0.0007s ]
SQL: SELECT * FROM `user` WHERE `id` = 811  [ RunTime:0.0004s ]
NOTIC: [8] Use of undefined constant date - assumed 'date' D:\phpStudy\WWW\TPdemo\1\Application\Home\Controller\UserController.class.php 第 461 行.
SQL: SELECT `subject` FROM `notice` WHERE `id` = 13  [ RunTime:0.0003s ]
SQL: SELECT * FROM `exam` WHERE `id` = 11  [ RunTime:0.0003s ]
NOTIC: [8] Use of undefined constant time - assumed 'time' D:\phpStudy\WWW\TPdemo\1\Application\Home\Controller\UserController.class.php 第 464 行.
SQL: SELECT `time` FROM `exam` WHERE `id` = 11  [ RunTime:0.0003s ]
NOTIC: [8] Use of undefined constant time - assumed 'time' D:\phpStudy\WWW\TPdemo\1\Application\Home\Controller\UserController.class.php 第 469 行.
SQL: SELECT MAX(id) AS tp_max FROM `user` WHERE `account` = 'zhouyi' LIMIT 1   [ RunTime:0.0022s ]
SQL: SELECT * FROM `user` WHERE `id` = 811  [ RunTime:0.0007s ]
SQL: SELECT * FROM `exam`  [ RunTime:0.0005s ]
NOTIC: [8] Undefined variable: other_exam D:\phpStudy\WWW\TPdemo\1\Application\Home\Controller\UserController.class.php 第 506 行.
INFO: [ view_parse ] --START--
INFO: [ template_filter ] --START--
INFO: Run Behavior\ContentReplaceBehavior [ RunTime:0.000071s ]
INFO: [ template_filter ] --END-- [ RunTime:0.000116s ]
INFO: Run Behavior\ParseTemplateBehavior [ RunTime:0.008372s ]
INFO: [ view_parse ] --END-- [ RunTime:0.008464s ]
INFO: [ view_filter ] --START--
INFO: Run Behavior\WriteHtmlCacheBehavior [ RunTime:0.000737s ]
INFO: [ view_filter ] --END-- [ RunTime:0.000774s ]
INFO: [ app_end ] --START--
INFO: Run Behavior\ShowPageTraceBehavior [ RunTime:0.001212s ]
INFO: [ app_end ] --END-- [ RunTime:0.001297s ]

[ 2018-01-09T11:57:54+08:00 ] 127.0.0.1 /TPdemo/1/index.php/Home/User/printzs.html
INFO: [ app_init ] --START--
INFO: Run Behavior\BuildLiteBehavior [ RunTime:0.000013s ]
INFO: [ app_init ] --END-- [ RunTime:0.000750s ]
INFO: [ app_begin ] --START--
INFO: Run Behavior\ReadHtmlCacheBehavior [ RunTime:0.001120s ]
INFO: [ app_begin ] --END-- [ RunTime:0.001218s ]
SQL: SHOW COLUMNS FROM `user` [ RunTime:0.0581s ]
SQL: SHOW COLUMNS FROM `exam` [ RunTime:0.0292s ]
SQL: SHOW COLUMNS FROM `notice` [ RunTime:0.0240s ]
SQL: SELECT max(id) FROM `user` WHERE `account` = 'zhouyi'  [ RunTime:0.0019s ]
SQL: SELECT * FROM `user` WHERE `id` = 811  [ RunTime:0.0004s ]
NOTIC: [8] Use of undefined constant score - assumed 'score' D:\phpStudy\WWW\TPdemo\1\Application\Home\Controller\UserController.class.php 第 456 行.
SQL: SELECT * FROM `user` WHERE `id` = 811  [ RunTime:0.0004s ]
NOTIC: [8] Use of undefined constant date - assumed 'date' D:\phpStudy\WWW\TPdemo\1\Application\Home\Controller\UserController.class.php 第 457 行.
SQL: SELECT max(id) FROM `exam`  [ RunTime:0.0003s ]
SQL: SELECT max(id) FROM `notice`  [ RunTime:0.0003s ]
SQL: SELECT * FROM `user` WHERE `id` = 811  [ RunTime:0.0004s ]
SQL: SELECT * FROM `user` WHERE `id` = 811  [ RunTime:0.0004s ]
NOTIC: [8] Use of undefined constant date - assumed 'date' D:\phpStudy\WWW\TPdemo\1\Application\Home\Controller\UserController.class.php 第 461 行.
SQL: SELECT `subject` FROM `notice` WHERE `id` = 13  [ RunTime:0.0003s ]
SQL: SELECT * FROM `exam` WHERE `id` = 11  [ RunTime:0.0005s ]
NOTIC: [8] Use of undefined constant time - assumed 'time' D:\phpStudy\WWW\TPdemo\1\Application\Home\Controller\UserController.class.php 第 464 行.
SQL: SELECT `time` FROM `exam` WHERE `id` = 11  [ RunTime:0.0005s ]
NOTIC: [8] Use of undefined constant time - assumed 'time' D:\phpStudy\WWW\TPdemo\1\Application\Home\Controller\UserController.class.php 第 469 行.
SQL: SELECT MAX(id) AS tp_max FROM `user` WHERE `account` = 'zhouyi' LIMIT 1   [ RunTime:0.0029s ]
SQL: SELECT * FROM `user` WHERE `id` = 811  [ RunTime:0.0005s ]
SQL: SELECT * FROM `exam`  [ RunTime:0.0005s ]
NOTIC: [8] Undefined variable: other_exam D:\phpStudy\WWW\TPdemo\1\Application\Home\Controller\UserController.class.php 第 506 行.
INFO: [ view_parse ] --START--
INFO: [ template_filter ] --START--
INFO: Run Behavior\ContentReplaceBehavior [ RunTime:0.000070s ]
INFO: [ template_filter ] --END-- [ RunTime:0.000115s ]
INFO: Run Behavior\ParseTemplateBehavior [ RunTime:0.008862s ]
INFO: [ view_parse ] --END-- [ RunTime:0.008958s ]
INFO: [ view_filter ] --START--
INFO: Run Behavior\WriteHtmlCacheBehavior [ RunTime:0.000873s ]
INFO: [ view_filter ] --END-- [ RunTime:0.000919s ]
INFO: [ app_end ] --START--
INFO: Run Behavior\ShowPageTraceBehavior [ RunTime:0.001501s ]
INFO: [ app_end ] --END-- [ RunTime:0.001628s ]

[ 2018-01-09T11:59:03+08:00 ] 127.0.0.1 /TPdemo/1/index.php/Home/User/printzs.html
INFO: [ app_init ] --START--
INFO: Run Behavior\BuildLiteBehavior [ RunTime:0.000013s ]
INFO: [ app_init ] --END-- [ RunTime:0.000982s ]
INFO: [ app_begin ] --START--
INFO: Run Behavior\ReadHtmlCacheBehavior [ RunTime:0.000962s ]
INFO: [ app_begin ] --END-- [ RunTime:0.001014s ]
SQL: SHOW COLUMNS FROM `user` [ RunTime:0.0438s ]
SQL: SHOW COLUMNS FROM `exam` [ RunTime:0.0320s ]
SQL: SHOW COLUMNS FROM `notice` [ RunTime:0.0303s ]
SQL: SELECT max(id) FROM `user` WHERE `account` = 'zhouyi'  [ RunTime:0.0021s ]
SQL: SELECT * FROM `user` WHERE `id` = 811  [ RunTime:0.0005s ]
NOTIC: [8] Use of undefined constant score - assumed 'score' D:\phpStudy\WWW\TPdemo\1\Application\Home\Controller\UserController.class.php 第 456 行.
SQL: SELECT * FROM `user` WHERE `id` = 811  [ RunTime:0.0005s ]
NOTIC: [8] Use of undefined constant date - assumed 'date' D:\phpStudy\WWW\TPdemo\1\Application\Home\Controller\UserController.class.php 第 457 行.
SQL: SELECT max(id) FROM `exam`  [ RunTime:0.0003s ]
SQL: SELECT max(id) FROM `notice`  [ RunTime:0.0002s ]
SQL: SELECT * FROM `user` WHERE `id` = 811  [ RunTime:0.0004s ]
SQL: SELECT * FROM `user` WHERE `id` = 811  [ RunTime:0.0004s ]
NOTIC: [8] Use of undefined constant date - assumed 'date' D:\phpStudy\WWW\TPdemo\1\Application\Home\Controller\UserController.class.php 第 461 行.
SQL: SELECT `subject` FROM `notice` WHERE `id` = 13  [ RunTime:0.0003s ]
SQL: SELECT * FROM `exam` WHERE `id` = 11  [ RunTime:0.0004s ]
NOTIC: [8] Use of undefined constant time - assumed 'time' D:\phpStudy\WWW\TPdemo\1\Application\Home\Controller\UserController.class.php 第 464 行.
SQL: SELECT `time` FROM `exam` WHERE `id` = 11  [ RunTime:0.0003s ]
NOTIC: [8] Use of undefined constant time - assumed 'time' D:\phpStudy\WWW\TPdemo\1\Application\Home\Controller\UserController.class.php 第 469 行.
SQL: SELECT MAX(id) AS tp_max FROM `user` WHERE `account` = 'zhouyi' LIMIT 1   [ RunTime:0.0026s ]
SQL: SELECT * FROM `user` WHERE `id` = 811  [ RunTime:0.0009s ]
SQL: SELECT * FROM `exam`  [ RunTime:0.0007s ]
NOTIC: [8] Undefined variable: other_exam D:\phpStudy\WWW\TPdemo\1\Application\Home\Controller\UserController.class.php 第 506 行.
INFO: [ view_parse ] --START--
INFO: [ template_filter ] --START--
INFO: Run Behavior\ContentReplaceBehavior [ RunTime:0.000074s ]
INFO: [ template_filter ] --END-- [ RunTime:0.000122s ]
INFO: Run Behavior\ParseTemplateBehavior [ RunTime:0.008715s ]
INFO: [ view_parse ] --END-- [ RunTime:0.008775s ]
INFO: [ view_filter ] --START--
INFO: Run Behavior\WriteHtmlCacheBehavior [ RunTime:0.001003s ]
INFO: [ view_filter ] --END-- [ RunTime:0.001059s ]
INFO: [ app_end ] --START--
INFO: Run Behavior\ShowPageTraceBehavior [ RunTime:0.001323s ]
INFO: [ app_end ] --END-- [ RunTime:0.001415s ]

[ 2018-01-09T12:04:25+08:00 ] 127.0.0.1 /TPdemo/1/index.php/Home/User/printzs.html
INFO: [ app_init ] --START--
INFO: Run Behavior\BuildLiteBehavior [ RunTime:0.000020s ]
INFO: [ app_init ] --END-- [ RunTime:0.042596s ]
INFO: [ app_begin ] --START--
INFO: Run Behavior\ReadHtmlCacheBehavior [ RunTime:0.011169s ]
INFO: [ app_begin ] --END-- [ RunTime:0.011242s ]
SQL: SHOW COLUMNS FROM `user` [ RunTime:0.2322s ]
SQL: SHOW COLUMNS FROM `exam` [ RunTime:0.0586s ]
SQL: SHOW COLUMNS FROM `notice` [ RunTime:0.0452s ]
SQL: SELECT max(id) FROM `user` WHERE `account` = 'zhouyi'  [ RunTime:0.0191s ]
SQL: SELECT * FROM `user` WHERE `id` = 811  [ RunTime:0.0099s ]
NOTIC: [8] Use of undefined constant score - assumed 'score' D:\phpStudy\WWW\TPdemo\1\Application\Home\Controller\UserController.class.php 第 456 行.
SQL: SELECT * FROM `user` WHERE `id` = 811  [ RunTime:0.0005s ]
NOTIC: [8] Use of undefined constant date - assumed 'date' D:\phpStudy\WWW\TPdemo\1\Application\Home\Controller\UserController.class.php 第 457 行.
SQL: SELECT max(id) FROM `exam`  [ RunTime:0.0003s ]
SQL: SELECT max(id) FROM `notice`  [ RunTime:0.0003s ]
SQL: SELECT * FROM `user` WHERE `id` = 811  [ RunTime:0.0004s ]
SQL: SELECT * FROM `user` WHERE `id` = 811  [ RunTime:0.0005s ]
NOTIC: [8] Use of undefined constant date - assumed 'date' D:\phpStudy\WWW\TPdemo\1\Application\Home\Controller\UserController.class.php 第 461 行.
SQL: SELECT `subject` FROM `notice` WHERE `id` = 13  [ RunTime:0.0003s ]
SQL: SELECT * FROM `exam` WHERE `id` = 11  [ RunTime:0.0003s ]
NOTIC: [8] Use of undefined constant time - assumed 'time' D:\phpStudy\WWW\TPdemo\1\Application\Home\Controller\UserController.class.php 第 464 行.
SQL: SELECT `time` FROM `exam` WHERE `id` = 11  [ RunTime:0.0004s ]
NOTIC: [8] Use of undefined constant time - assumed 'time' D:\phpStudy\WWW\TPdemo\1\Application\Home\Controller\UserController.class.php 第 469 行.
SQL: SELECT MAX(id) AS tp_max FROM `user` WHERE `account` = 'zhouyi' LIMIT 1   [ RunTime:0.0019s ]
SQL: SELECT * FROM `user` WHERE `id` = 811  [ RunTime:0.0005s ]
SQL: SELECT * FROM `exam`  [ RunTime:0.0004s ]
NOTIC: [8] Undefined variable: other_exam D:\phpStudy\WWW\TPdemo\1\Application\Home\Controller\UserController.class.php 第 506 行.
INFO: [ view_parse ] --START--
INFO: [ template_filter ] --START--
INFO: Run Behavior\ContentReplaceBehavior [ RunTime:0.010482s ]
INFO: [ template_filter ] --END-- [ RunTime:0.010545s ]
INFO: Run Behavior\ParseTemplateBehavior [ RunTime:0.107057s ]
INFO: [ view_parse ] --END-- [ RunTime:0.107121s ]
INFO: [ view_filter ] --START--
INFO: Run Behavior\WriteHtmlCacheBehavior [ RunTime:0.001952s ]
INFO: [ view_filter ] --END-- [ RunTime:0.002004s ]
INFO: [ app_end ] --START--
INFO: Run Behavior\ShowPageTraceBehavior [ RunTime:0.002034s ]
INFO: [ app_end ] --END-- [ RunTime:0.002102s ]

[ 2018-01-09T12:06:58+08:00 ] 127.0.0.1 /TPdemo/1/index.php/Home/User/printzs.html
INFO: [ app_init ] --START--
INFO: Run Behavior\BuildLiteBehavior [ RunTime:0.000013s ]
INFO: [ app_init ] --END-- [ RunTime:0.000851s ]
INFO: [ app_begin ] --START--
INFO: Run Behavior\ReadHtmlCacheBehavior [ RunTime:0.001412s ]
INFO: [ app_begin ] --END-- [ RunTime:0.001636s ]
SQL: SHOW COLUMNS FROM `user` [ RunTime:0.0302s ]
SQL: SHOW COLUMNS FROM `exam` [ RunTime:0.0282s ]
SQL: SHOW COLUMNS FROM `notice` [ RunTime:0.0143s ]
SQL: SELECT max(id) FROM `user` WHERE `account` = 'zhouyi'  [ RunTime:0.0020s ]
SQL: SELECT * FROM `user` WHERE `id` = 811  [ RunTime:0.0007s ]
NOTIC: [8] Use of undefined constant score - assumed 'score' D:\phpStudy\WWW\TPdemo\1\Application\Home\Controller\UserController.class.php 第 456 行.
SQL: SELECT * FROM `user` WHERE `id` = 811  [ RunTime:0.0007s ]
NOTIC: [8] Use of undefined constant date - assumed 'date' D:\phpStudy\WWW\TPdemo\1\Application\Home\Controller\UserController.class.php 第 457 行.
SQL: SELECT max(id) FROM `exam`  [ RunTime:0.0003s ]
SQL: SELECT max(id) FROM `notice`  [ RunTime:0.0003s ]
SQL: SELECT * FROM `user` WHERE `id` = 811  [ RunTime:0.0004s ]
SQL: SELECT * FROM `user` WHERE `id` = 811  [ RunTime:0.0004s ]
NOTIC: [8] Use of undefined constant date - assumed 'date' D:\phpStudy\WWW\TPdemo\1\Application\Home\Controller\UserController.class.php 第 461 行.
SQL: SELECT `subject` FROM `notice` WHERE `id` = 13  [ RunTime:0.0003s ]
SQL: SELECT * FROM `exam` WHERE `id` = 11  [ RunTime:0.0003s ]
NOTIC: [8] Use of undefined constant time - assumed 'time' D:\phpStudy\WWW\TPdemo\1\Application\Home\Controller\UserController.class.php 第 464 行.
SQL: SELECT `time` FROM `exam` WHERE `id` = 11  [ RunTime:0.0003s ]
NOTIC: [8] Use of undefined constant time - assumed 'time' D:\phpStudy\WWW\TPdemo\1\Application\Home\Controller\UserController.class.php 第 469 行.
SQL: SELECT MAX(id) AS tp_max FROM `user` WHERE `account` = 'zhouyi' LIMIT 1   [ RunTime:0.0020s ]
SQL: SELECT * FROM `user` WHERE `id` = 811  [ RunTime:0.0004s ]
SQL: SELECT * FROM `exam`  [ RunTime:0.0004s ]
NOTIC: [8] Undefined variable: other_exam D:\phpStudy\WWW\TPdemo\1\Application\Home\Controller\UserController.class.php 第 506 行.
INFO: [ view_parse ] --START--
INFO: [ template_filter ] --START--
INFO: Run Behavior\ContentReplaceBehavior [ RunTime:0.000071s ]
INFO: [ template_filter ] --END-- [ RunTime:0.000118s ]
INFO: Run Behavior\ParseTemplateBehavior [ RunTime:0.009733s ]
INFO: [ view_parse ] --END-- [ RunTime:0.009791s ]
INFO: [ view_filter ] --START--
INFO: Run Behavior\WriteHtmlCacheBehavior [ RunTime:0.000774s ]
INFO: [ view_filter ] --END-- [ RunTime:0.000827s ]
INFO: [ app_end ] --START--
INFO: Run Behavior\ShowPageTraceBehavior [ RunTime:0.001171s ]
INFO: [ app_end ] --END-- [ RunTime:0.001248s ]

