[ 2017-11-12T00:19:37+08:00 ] ::1 /Application/Admin/Public/js/baguetteBox.min.js
INFO: [ app_init ] --START--
INFO: Run Behavior\BuildLiteBehavior [ RunTime:0.000000s ]
INFO: [ app_init ] --END-- [ RunTime:0.001000s ]
ERR: 无法加载模块:Application

[ 2017-11-12T00:19:37+08:00 ] ::1 /Uploads/510107199511031273/%E7%85%A7%E7%89%87.jpg
INFO: [ app_init ] --START--
INFO: Run Behavior\BuildLiteBehavior [ RunTime:0.000000s ]
INFO: [ app_init ] --END-- [ RunTime:0.000000s ]
ERR: 无法加载模块:Uploads

[ 2017-11-12T00:19:37+08:00 ] ::1 /Application/Admin/Public/js/baguetteBox.min.js
INFO: [ app_init ] --START--
INFO: Run Behavior\BuildLiteBehavior [ RunTime:0.000000s ]
INFO: [ app_init ] --END-- [ RunTime:0.000000s ]
ERR: 无法加载模块:Application

[ 2017-11-12T00:19:44+08:00 ] ::1 /Application/Admin/Public/css/bootstrap.min.css.map
INFO: [ app_init ] --START--
INFO: Run Behavior\BuildLiteBehavior [ RunTime:0.000000s ]
INFO: [ app_init ] --END-- [ RunTime:0.000000s ]
ERR: 无法加载模块:Application

[ 2017-11-12T00:20:38+08:00 ] ::1 /Uploads/510107199511031273/%E7%85%A7%E7%89%87.jpg
INFO: [ app_init ] --START--
INFO: Run Behavior\BuildLiteBehavior [ RunTime:0.000000s ]
INFO: [ app_init ] --END-- [ RunTime:0.001000s ]
ERR: 无法加载模块:Uploads

[ 2017-11-12T00:20:38+08:00 ] ::1 /Application/Admin/Public/js/baguetteBox.min.js
INFO: [ app_init ] --START--
INFO: Run Behavior\BuildLiteBehavior [ RunTime:0.000000s ]
INFO: [ app_init ] --END-- [ RunTime:0.000000s ]
ERR: 无法加载模块:Application

[ 2017-11-12T00:20:38+08:00 ] ::1 /Application/Admin/Public/js/baguetteBox.min.js
INFO: [ app_init ] --START--
INFO: Run Behavior\BuildLiteBehavior [ RunTime:0.000000s ]
INFO: [ app_init ] --END-- [ RunTime:0.000000s ]
ERR: 无法加载模块:Application

[ 2017-11-12T00:20:42+08:00 ] ::1 /Uploads/510107199511031273/%E7%85%A7%E7%89%87.jpg
INFO: [ app_init ] --START--
INFO: Run Behavior\BuildLiteBehavior [ RunTime:0.000000s ]
INFO: [ app_init ] --END-- [ RunTime:0.000000s ]
ERR: 无法加载模块:Uploads

[ 2017-11-12T00:20:42+08:00 ] ::1 /Application/Admin/Public/js/baguetteBox.min.js
INFO: [ app_init ] --START--
INFO: Run Behavior\BuildLiteBehavior [ RunTime:0.000000s ]
INFO: [ app_init ] --END-- [ RunTime:0.000000s ]
ERR: 无法加载模块:Application

[ 2017-11-12T00:20:45+08:00 ] ::1 /Application/Admin/Public/css/bootstrap.min.css.map
INFO: [ app_init ] --START--
INFO: Run Behavior\BuildLiteBehavior [ RunTime:0.000000s ]
INFO: [ app_init ] --END-- [ RunTime:0.001000s ]
ERR: 无法加载模块:Application

[ 2017-11-12T00:22:35+08:00 ] ::1 /Application/Admin/Public/js/baguetteBox.min.js
INFO: [ app_init ] --START--
INFO: Run Behavior\BuildLiteBehavior [ RunTime:0.000000s ]
INFO: [ app_init ] --END-- [ RunTime:0.000000s ]
ERR: 无法加载模块:Application

[ 2017-11-12T00:22:35+08:00 ] ::1 /Application/Admin/Public/js/baguetteBox.min.js
INFO: [ app_init ] --START--
INFO: Run Behavior\BuildLiteBehavior [ RunTime:0.000000s ]
INFO: [ app_init ] --END-- [ RunTime:0.000000s ]
ERR: 无法加载模块:Application

[ 2017-11-12T00:34:28+08:00 ] ::1 /Application/Admin/Public/js/baguetteBox.min.js
INFO: [ app_init ] --START--
INFO: Run Behavior\BuildLiteBehavior [ RunTime:0.000000s ]
INFO: [ app_init ] --END-- [ RunTime:0.000000s ]
ERR: 无法加载模块:Application

[ 2017-11-12T00:34:28+08:00 ] ::1 /Uploads/510107199511031277/%E4%B9%B0%E9%99%84%E9%80%81%E7%85%A7%E7%89%87.jpg
INFO: [ app_init ] --START--
INFO: Run Behavior\BuildLiteBehavior [ RunTime:0.000000s ]
INFO: [ app_init ] --END-- [ RunTime:0.000000s ]
ERR: 无法加载模块:Uploads

[ 2017-11-12T00:34:28+08:00 ] ::1 /Application/Admin/Public/js/baguetteBox.min.js
INFO: [ app_init ] --START--
INFO: Run Behavior\BuildLiteBehavior [ RunTime:0.000000s ]
INFO: [ app_init ] --END-- [ RunTime:0.000000s ]
ERR: 无法加载模块:Application

[ 2017-11-12T00:34:39+08:00 ] ::1 /Application/Admin/Public/css/bootstrap.min.css.map
INFO: [ app_init ] --START--
INFO: Run Behavior\BuildLiteBehavior [ RunTime:0.000000s ]
INFO: [ app_init ] --END-- [ RunTime:0.000000s ]
ERR: 无法加载模块:Application

[ 2017-11-12T00:34:42+08:00 ] ::1 /Uploads/510107199511031277/%E4%B9%B0%E9%99%84%E9%80%81%E7%85%A7%E7%89%87.jpg
INFO: [ app_init ] --START--
INFO: Run Behavior\BuildLiteBehavior [ RunTime:0.000000s ]
INFO: [ app_init ] --END-- [ RunTime:0.001000s ]
ERR: 无法加载模块:Uploads

[ 2017-11-12T00:34:42+08:00 ] ::1 /Application/Admin/Public/js/baguetteBox.min.js
INFO: [ app_init ] --START--
INFO: Run Behavior\BuildLiteBehavior [ RunTime:0.000000s ]
INFO: [ app_init ] --END-- [ RunTime:0.001000s ]
ERR: 无法加载模块:Application

[ 2017-11-12T00:34:42+08:00 ] ::1 /Application/Admin/Public/js/baguetteBox.min.js
INFO: [ app_init ] --START--
INFO: Run Behavior\BuildLiteBehavior [ RunTime:0.000000s ]
INFO: [ app_init ] --END-- [ RunTime:0.001000s ]
ERR: 无法加载模块:Application

[ 2017-11-12T00:34:42+08:00 ] ::1 /Application/Admin/Public/css/bootstrap.min.css.map
INFO: [ app_init ] --START--
INFO: Run Behavior\BuildLiteBehavior [ RunTime:0.000000s ]
INFO: [ app_init ] --END-- [ RunTime:0.000000s ]
ERR: 无法加载模块:Application

[ 2017-11-12T00:35:35+08:00 ] ::1 /Application/Admin/Public/js/baguetteBox.min.js
INFO: [ app_init ] --START--
INFO: Run Behavior\BuildLiteBehavior [ RunTime:0.000000s ]
INFO: [ app_init ] --END-- [ RunTime:0.001000s ]
ERR: 无法加载模块:Application

[ 2017-11-12T00:35:35+08:00 ] ::1 /Application/Admin/Public/js/baguetteBox.min.js
INFO: [ app_init ] --START--
INFO: Run Behavior\BuildLiteBehavior [ RunTime:0.000000s ]
INFO: [ app_init ] --END-- [ RunTime:0.000000s ]
ERR: 无法加载模块:Application

[ 2017-11-12T00:35:35+08:00 ] ::1 /Application/Admin/Public/css/bootstrap.min.css.map
INFO: [ app_init ] --START--
INFO: Run Behavior\BuildLiteBehavior [ RunTime:0.000000s ]
INFO: [ app_init ] --END-- [ RunTime:0.000000s ]
ERR: 无法加载模块:Application

[ 2017-11-12T00:35:43+08:00 ] ::1 /Application/Admin/Public/css/bootstrap.min.css.map
INFO: [ app_init ] --START--
INFO: Run Behavior\BuildLiteBehavior [ RunTime:0.000000s ]
INFO: [ app_init ] --END-- [ RunTime:0.001000s ]
ERR: 无法加载模块:Application

[ 2017-11-12T00:37:17+08:00 ] ::1 /Application/Admin/Public/js/baguetteBox.min.js
INFO: [ app_init ] --START--
INFO: Run Behavior\BuildLiteBehavior [ RunTime:0.000000s ]
INFO: [ app_init ] --END-- [ RunTime:0.000000s ]
ERR: 无法加载模块:Application

[ 2017-11-12T00:37:17+08:00 ] ::1 /Application/Admin/Public/js/baguetteBox.min.js
INFO: [ app_init ] --START--
INFO: Run Behavior\BuildLiteBehavior [ RunTime:0.000000s ]
INFO: [ app_init ] --END-- [ RunTime:0.000000s ]
ERR: 无法加载模块:Application

[ 2017-11-12T00:37:17+08:00 ] ::1 /Application/Admin/Public/css/bootstrap.min.css.map
INFO: [ app_init ] --START--
INFO: Run Behavior\BuildLiteBehavior [ RunTime:0.000000s ]
INFO: [ app_init ] --END-- [ RunTime:0.000000s ]
ERR: 无法加载模块:Application

[ 2017-11-12T00:37:28+08:00 ] ::1 /Application/Admin/Public/css/bootstrap.min.css.map
INFO: [ app_init ] --START--
INFO: Run Behavior\BuildLiteBehavior [ RunTime:0.000000s ]
INFO: [ app_init ] --END-- [ RunTime:0.000000s ]
ERR: 无法加载模块:Application

[ 2017-11-12T00:37:28+08:00 ] ::1 /Application/Admin/Public/js/baguetteBox.min.js
INFO: [ app_init ] --START--
INFO: Run Behavior\BuildLiteBehavior [ RunTime:0.000000s ]
INFO: [ app_init ] --END-- [ RunTime:0.000000s ]
ERR: 无法加载模块:Application

[ 2017-11-12T00:37:28+08:00 ] ::1 /Application/Admin/Public/js/baguetteBox.min.js
INFO: [ app_init ] --START--
INFO: Run Behavior\BuildLiteBehavior [ RunTime:0.000000s ]
INFO: [ app_init ] --END-- [ RunTime:0.000000s ]
ERR: 无法加载模块:Application

[ 2017-11-12T00:37:28+08:00 ] ::1 /Application/Admin/Public/css/bootstrap.min.css.map
INFO: [ app_init ] --START--
INFO: Run Behavior\BuildLiteBehavior [ RunTime:0.000000s ]
INFO: [ app_init ] --END-- [ RunTime:0.000000s ]
ERR: 无法加载模块:Application

[ 2017-11-12T00:37:35+08:00 ] ::1 /Application/Admin/Public/css/bootstrap.min.css.map
INFO: [ app_init ] --START--
INFO: Run Behavior\BuildLiteBehavior [ RunTime:0.000000s ]
INFO: [ app_init ] --END-- [ RunTime:0.000000s ]
ERR: 无法加载模块:Application

[ 2017-11-12T00:37:37+08:00 ] ::1 /Application/Admin/Public/css/bootstrap.min.css.map
INFO: [ app_init ] --START--
INFO: Run Behavior\BuildLiteBehavior [ RunTime:0.000000s ]
INFO: [ app_init ] --END-- [ RunTime:0.000000s ]
ERR: 无法加载模块:Application

[ 2017-11-12T00:37:40+08:00 ] ::1 /Application/Admin/Public/css/bootstrap.min.css.map
INFO: [ app_init ] --START--
INFO: Run Behavior\BuildLiteBehavior [ RunTime:0.000000s ]
INFO: [ app_init ] --END-- [ RunTime:0.001000s ]
ERR: 无法加载模块:Application

[ 2017-11-12T00:38:02+08:00 ] ::1 /Application/Admin/Public/css/bootstrap.min.css.map
INFO: [ app_init ] --START--
INFO: Run Behavior\BuildLiteBehavior [ RunTime:0.000000s ]
INFO: [ app_init ] --END-- [ RunTime:0.001000s ]
ERR: 无法加载模块:Application

[ 2017-11-12T00:38:38+08:00 ] ::1 /Application/Admin/Public/css/bootstrap.min.css.map
INFO: [ app_init ] --START--
INFO: Run Behavior\BuildLiteBehavior [ RunTime:0.000000s ]
INFO: [ app_init ] --END-- [ RunTime:0.000000s ]
ERR: 无法加载模块:Application

[ 2017-11-12T00:39:31+08:00 ] ::1 /Application/Admin/Public/css/bootstrap.min.css.map
INFO: [ app_init ] --START--
INFO: Run Behavior\BuildLiteBehavior [ RunTime:0.000000s ]
INFO: [ app_init ] --END-- [ RunTime:0.001000s ]
ERR: 无法加载模块:Application

[ 2017-11-12T10:23:08+08:00 ] ::1 /favicon.ico
INFO: [ app_init ] --START--
INFO: Run Behavior\BuildLiteBehavior [ RunTime:0.000000s ]
INFO: [ app_init ] --END-- [ RunTime:0.001000s ]
ERR: 无法加载模块:Favicon

[ 2017-11-12T10:23:31+08:00 ] ::1 /Uploads/510107199511031271/%E5%AE%8B%E6%97%AD%E7%BC%98%E7%85%A7%E7%89%87.jpg
INFO: [ app_init ] --START--
INFO: Run Behavior\BuildLiteBehavior [ RunTime:0.000000s ]
INFO: [ app_init ] --END-- [ RunTime:0.000000s ]
ERR: 无法加载模块:Uploads

[ 2017-11-12T10:23:31+08:00 ] ::1 /Uploads/510107199511031271/%E5%AE%8B%E6%97%AD%E7%BC%98%E8%BA%AB%E4%BB%BD%E8%AF%81%E6%AD%A3%E9%9D%A2.jpg
INFO: [ app_init ] --START--
INFO: Run Behavior\BuildLiteBehavior [ RunTime:0.000000s ]
INFO: [ app_init ] --END-- [ RunTime:0.001000s ]
ERR: 无法加载模块:Uploads

[ 2017-11-12T10:23:31+08:00 ] ::1 /Uploads/510107199511031271/%E5%AE%8B%E6%97%AD%E7%BC%98%E6%AF%95%E4%B8%9A%E8%AF%81.jpg
INFO: [ app_init ] --START--
INFO: Run Behavior\BuildLiteBehavior [ RunTime:0.000000s ]
INFO: [ app_init ] --END-- [ RunTime:0.001000s ]
ERR: 无法加载模块:Uploads

[ 2017-11-12T10:23:31+08:00 ] ::1 /Uploads/510107199511031271/%E5%AE%8B%E6%97%AD%E7%BC%98%E8%BA%AB%E4%BB%BD%E8%AF%81%E8%83%8C%E9%9D%A2.jpg
INFO: [ app_init ] --START--
INFO: Run Behavior\BuildLiteBehavior [ RunTime:0.000000s ]
INFO: [ app_init ] --END-- [ RunTime:0.000000s ]
ERR: 无法加载模块:Uploads

[ 2017-11-12T10:23:31+08:00 ] ::1 /Uploads/510107199511031271/%E5%AE%8B%E6%97%AD%E7%BC%98%E8%81%8C%E7%A7%B0%E8%AF%81.jpg
INFO: [ app_init ] --START--
INFO: Run Behavior\BuildLiteBehavior [ RunTime:0.000000s ]
INFO: [ app_init ] --END-- [ RunTime:0.000000s ]
ERR: 无法加载模块:Uploads

[ 2017-11-12T10:23:31+08:00 ] ::1 /Uploads/510107199511031271/%E5%AE%8B%E6%97%AD%E7%BC%98%E4%BB%8E%E4%B8%9A%E7%A4%BE%E4%BF%9D%E8%AF%81%E6%98%8E.jpg
INFO: [ app_init ] --START--
INFO: Run Behavior\BuildLiteBehavior [ RunTime:0.000000s ]
INFO: [ app_init ] --END-- [ RunTime:0.000000s ]
ERR: 无法加载模块:Uploads

[ 2017-11-12T10:23:40+08:00 ] ::1 /Uploads/510107199511031271/%E5%AE%8B%E6%97%AD%E7%BC%98%E7%85%A7%E7%89%87.jpg
INFO: [ app_init ] --START--
INFO: Run Behavior\BuildLiteBehavior [ RunTime:0.000000s ]
INFO: [ app_init ] --END-- [ RunTime:0.000000s ]
ERR: 无法加载模块:Uploads

[ 2017-11-12T10:23:40+08:00 ] ::1 /Uploads/510107199511031271/%E5%AE%8B%E6%97%AD%E7%BC%98%E8%BA%AB%E4%BB%BD%E8%AF%81%E6%AD%A3%E9%9D%A2.jpg
INFO: [ app_init ] --START--
INFO: Run Behavior\BuildLiteBehavior [ RunTime:0.000000s ]
INFO: [ app_init ] --END-- [ RunTime:0.000000s ]
ERR: 无法加载模块:Uploads

[ 2017-11-12T10:23:40+08:00 ] ::1 /Uploads/510107199511031271/%E5%AE%8B%E6%97%AD%E7%BC%98%E6%AF%95%E4%B8%9A%E8%AF%81.jpg
INFO: [ app_init ] --START--
INFO: Run Behavior\BuildLiteBehavior [ RunTime:0.000000s ]
INFO: [ app_init ] --END-- [ RunTime:0.000000s ]
ERR: 无法加载模块:Uploads

[ 2017-11-12T10:23:40+08:00 ] ::1 /Uploads/510107199511031271/%E5%AE%8B%E6%97%AD%E7%BC%98%E4%BB%8E%E4%B8%9A%E7%A4%BE%E4%BF%9D%E8%AF%81%E6%98%8E.jpg
INFO: [ app_init ] --START--
INFO: Run Behavior\BuildLiteBehavior [ RunTime:0.000000s ]
INFO: [ app_init ] --END-- [ RunTime:0.000000s ]
ERR: 无法加载模块:Uploads

[ 2017-11-12T10:23:40+08:00 ] ::1 /Uploads/510107199511031271/%E5%AE%8B%E6%97%AD%E7%BC%98%E8%81%8C%E7%A7%B0%E8%AF%81.jpg
INFO: [ app_init ] --START--
INFO: Run Behavior\BuildLiteBehavior [ RunTime:0.000000s ]
INFO: [ app_init ] --END-- [ RunTime:0.000000s ]
ERR: 无法加载模块:Uploads

[ 2017-11-12T10:23:40+08:00 ] ::1 /Uploads/510107199511031271/%E5%AE%8B%E6%97%AD%E7%BC%98%E8%BA%AB%E4%BB%BD%E8%AF%81%E8%83%8C%E9%9D%A2.jpg
INFO: [ app_init ] --START--
INFO: Run Behavior\BuildLiteBehavior [ RunTime:0.000000s ]
INFO: [ app_init ] --END-- [ RunTime:0.001000s ]
ERR: 无法加载模块:Uploads

[ 2017-11-12T10:23:47+08:00 ] ::1 /Uploads/510107199511031272/zhouyi%E7%85%A7%E7%89%87.jpg
INFO: [ app_init ] --START--
INFO: Run Behavior\BuildLiteBehavior [ RunTime:0.000000s ]
INFO: [ app_init ] --END-- [ RunTime:0.000000s ]
ERR: 无法加载模块:Uploads

[ 2017-11-12T10:23:47+08:00 ] ::1 /Uploads/510107199511031272/zhouyi%E8%BA%AB%E4%BB%BD%E8%AF%81%E6%AD%A3%E9%9D%A2.jpg
INFO: [ app_init ] --START--
INFO: Run Behavior\BuildLiteBehavior [ RunTime:0.000000s ]
INFO: [ app_init ] --END-- [ RunTime:0.000000s ]
ERR: 无法加载模块:Uploads

[ 2017-11-12T10:23:47+08:00 ] ::1 /Uploads/510107199511031272/zhouyi%E8%BA%AB%E4%BB%BD%E8%AF%81%E8%83%8C%E9%9D%A2.jpg
INFO: [ app_init ] --START--
INFO: Run Behavior\BuildLiteBehavior [ RunTime:0.001000s ]
INFO: [ app_init ] --END-- [ RunTime:0.001000s ]
ERR: 无法加载模块:Uploads

[ 2017-11-12T10:23:47+08:00 ] ::1 /Uploads/510107199511031272/zhouyi%E4%BB%8E%E4%B8%9A%E7%A4%BE%E4%BF%9D%E8%AF%81%E6%98%8E.jpg
INFO: [ app_init ] --START--
INFO: Run Behavior\BuildLiteBehavior [ RunTime:0.000000s ]
INFO: [ app_init ] --END-- [ RunTime:0.000000s ]
ERR: 无法加载模块:Uploads

[ 2017-11-12T10:23:47+08:00 ] ::1 /Uploads/510107199511031272/zhouyi%E6%AF%95%E4%B8%9A%E8%AF%81.jpg
INFO: [ app_init ] --START--
INFO: Run Behavior\BuildLiteBehavior [ RunTime:0.000000s ]
INFO: [ app_init ] --END-- [ RunTime:0.000000s ]
ERR: 无法加载模块:Uploads

[ 2017-11-12T10:23:47+08:00 ] ::1 /Uploads/510107199511031272/zhouyi%E8%81%8C%E7%A7%B0%E8%AF%81.jpg
INFO: [ app_init ] --START--
INFO: Run Behavior\BuildLiteBehavior [ RunTime:0.000000s ]
INFO: [ app_init ] --END-- [ RunTime:0.000000s ]
ERR: 无法加载模块:Uploads

[ 2017-11-12T10:37:59+08:00 ] ::1 /Uploads/510107199511031272/zhouyi%E7%85%A7%E7%89%87.jpg
INFO: [ app_init ] --START--
INFO: Run Behavior\BuildLiteBehavior [ RunTime:0.000000s ]
INFO: [ app_init ] --END-- [ RunTime:0.001000s ]
ERR: 无法加载模块:Uploads

[ 2017-11-12T10:37:59+08:00 ] ::1 /Uploads/510107199511031272/zhouyi%E8%BA%AB%E4%BB%BD%E8%AF%81%E6%AD%A3%E9%9D%A2.jpg
INFO: [ app_init ] --START--
INFO: Run Behavior\BuildLiteBehavior [ RunTime:0.000000s ]
INFO: [ app_init ] --END-- [ RunTime:0.000000s ]
ERR: 无法加载模块:Uploads

[ 2017-11-12T10:37:59+08:00 ] ::1 /Uploads/510107199511031272/zhouyi%E8%BA%AB%E4%BB%BD%E8%AF%81%E8%83%8C%E9%9D%A2.jpg
INFO: [ app_init ] --START--
INFO: Run Behavior\BuildLiteBehavior [ RunTime:0.000000s ]
INFO: [ app_init ] --END-- [ RunTime:0.001000s ]
ERR: 无法加载模块:Uploads

[ 2017-11-12T10:37:59+08:00 ] ::1 /Uploads/510107199511031272/zhouyi%E6%AF%95%E4%B8%9A%E8%AF%81.jpg
INFO: [ app_init ] --START--
INFO: Run Behavior\BuildLiteBehavior [ RunTime:0.000000s ]
INFO: [ app_init ] --END-- [ RunTime:0.000000s ]
ERR: 无法加载模块:Uploads

[ 2017-11-12T10:37:59+08:00 ] ::1 /Uploads/510107199511031272/zhouyi%E4%BB%8E%E4%B8%9A%E7%A4%BE%E4%BF%9D%E8%AF%81%E6%98%8E.jpg
INFO: [ app_init ] --START--
INFO: Run Behavior\BuildLiteBehavior [ RunTime:0.000000s ]
INFO: [ app_init ] --END-- [ RunTime:0.001000s ]
ERR: 无法加载模块:Uploads

[ 2017-11-12T10:37:59+08:00 ] ::1 /Uploads/510107199511031272/zhouyi%E8%81%8C%E7%A7%B0%E8%AF%81.jpg
INFO: [ app_init ] --START--
INFO: Run Behavior\BuildLiteBehavior [ RunTime:0.000000s ]
INFO: [ app_init ] --END-- [ RunTime:0.000000s ]
ERR: 无法加载模块:Uploads

[ 2017-11-12T10:39:16+08:00 ] ::1 /Uploads/510107199511031273/%E5%91%A8%E5%A5%95%E8%BA%AB%E4%BB%BD%E8%AF%81%E6%AD%A3%E9%9D%A2.jpg
INFO: [ app_init ] --START--
INFO: Run Behavior\BuildLiteBehavior [ RunTime:0.000000s ]
INFO: [ app_init ] --END-- [ RunTime:0.000000s ]
ERR: 无法加载模块:Uploads

[ 2017-11-12T10:39:16+08:00 ] ::1 /Uploads/510107199511031273/%E5%91%A8%E5%A5%95%E8%81%8C%E7%A7%B0%E8%AF%81.jpg
INFO: [ app_init ] --START--
INFO: Run Behavior\BuildLiteBehavior [ RunTime:0.000000s ]
INFO: [ app_init ] --END-- [ RunTime:0.000000s ]
ERR: 无法加载模块:Uploads

[ 2017-11-12T10:39:16+08:00 ] ::1 /Uploads/510107199511031273/%E5%91%A8%E5%A5%95%E8%BA%AB%E4%BB%BD%E8%AF%81%E8%83%8C%E9%9D%A2.jpg
INFO: [ app_init ] --START--
INFO: Run Behavior\BuildLiteBehavior [ RunTime:0.000000s ]
INFO: [ app_init ] --END-- [ RunTime:0.000000s ]
ERR: 无法加载模块:Uploads

[ 2017-11-12T10:39:16+08:00 ] ::1 /Uploads/510107199511031273/%E5%91%A8%E5%A5%95%E4%BB%8E%E4%B8%9A%E7%A4%BE%E4%BF%9D%E8%AF%81%E6%98%8E.jpg
INFO: [ app_init ] --START--
INFO: Run Behavior\BuildLiteBehavior [ RunTime:0.000000s ]
INFO: [ app_init ] --END-- [ RunTime:0.001000s ]
ERR: 无法加载模块:Uploads

[ 2017-11-12T10:39:16+08:00 ] ::1 /Uploads/510107199511031273/%E5%91%A8%E5%A5%95%E6%AF%95%E4%B8%9A%E8%AF%81.jpg
INFO: [ app_init ] --START--
INFO: Run Behavior\BuildLiteBehavior [ RunTime:0.000000s ]
INFO: [ app_init ] --END-- [ RunTime:0.001000s ]
ERR: 无法加载模块:Uploads

[ 2017-11-12T10:39:29+08:00 ] ::1 /Application/Admin/Public/css/bootstrap.min.css.map
INFO: [ app_init ] --START--
INFO: Run Behavior\BuildLiteBehavior [ RunTime:0.000000s ]
INFO: [ app_init ] --END-- [ RunTime:0.001000s ]
ERR: 无法加载模块:Application

[ 2017-11-12T10:40:06+08:00 ] ::1 /Uploads//%E7%85%A7%E7%89%87.jpg
INFO: [ app_init ] --START--
INFO: Run Behavior\BuildLiteBehavior [ RunTime:0.000000s ]
INFO: [ app_init ] --END-- [ RunTime:0.000000s ]
ERR: 无法加载模块:Uploads

[ 2017-11-12T10:40:06+08:00 ] ::1 /Uploads//%E8%BA%AB%E4%BB%BD%E8%AF%81%E6%AD%A3%E9%9D%A2.jpg
INFO: [ app_init ] --START--
INFO: Run Behavior\BuildLiteBehavior [ RunTime:0.000000s ]
INFO: [ app_init ] --END-- [ RunTime:0.000000s ]
ERR: 无法加载模块:Uploads

[ 2017-11-12T10:40:06+08:00 ] ::1 /Uploads//%E8%BA%AB%E4%BB%BD%E8%AF%81%E8%83%8C%E9%9D%A2.jpg
INFO: [ app_init ] --START--
INFO: Run Behavior\BuildLiteBehavior [ RunTime:0.000000s ]
INFO: [ app_init ] --END-- [ RunTime:0.000000s ]
ERR: 无法加载模块:Uploads

[ 2017-11-12T10:40:06+08:00 ] ::1 /Uploads//%E6%AF%95%E4%B8%9A%E8%AF%81.jpg
INFO: [ app_init ] --START--
INFO: Run Behavior\BuildLiteBehavior [ RunTime:0.000000s ]
INFO: [ app_init ] --END-- [ RunTime:0.000000s ]
ERR: 无法加载模块:Uploads

[ 2017-11-12T10:40:06+08:00 ] ::1 /Uploads//%E4%BB%8E%E4%B8%9A%E7%A4%BE%E4%BF%9D%E8%AF%81%E6%98%8E.jpg
INFO: [ app_init ] --START--
INFO: Run Behavior\BuildLiteBehavior [ RunTime:0.000000s ]
INFO: [ app_init ] --END-- [ RunTime:0.000000s ]
ERR: 无法加载模块:Uploads

[ 2017-11-12T10:40:06+08:00 ] ::1 /Uploads//%E8%81%8C%E7%A7%B0%E8%AF%81.jpg
INFO: [ app_init ] --START--
INFO: Run Behavior\BuildLiteBehavior [ RunTime:0.000000s ]
INFO: [ app_init ] --END-- [ RunTime:0.001000s ]
ERR: 无法加载模块:Uploads

[ 2017-11-12T10:41:54+08:00 ] ::1 /Uploads/510107199511031273/%E5%91%A8%E5%A5%95%E8%BA%AB%E4%BB%BD%E8%AF%81%E6%AD%A3%E9%9D%A2.jpg
INFO: [ app_init ] --START--
INFO: Run Behavior\BuildLiteBehavior [ RunTime:0.000000s ]
INFO: [ app_init ] --END-- [ RunTime:0.000000s ]
ERR: 无法加载模块:Uploads

[ 2017-11-12T10:41:54+08:00 ] ::1 /Uploads/510107199511031273/%E5%91%A8%E5%A5%95%E8%BA%AB%E4%BB%BD%E8%AF%81%E8%83%8C%E9%9D%A2.jpg
INFO: [ app_init ] --START--
INFO: Run Behavior\BuildLiteBehavior [ RunTime:0.000000s ]
INFO: [ app_init ] --END-- [ RunTime:0.001000s ]
ERR: 无法加载模块:Uploads

[ 2017-11-12T10:41:54+08:00 ] ::1 /Uploads/510107199511031273/%E5%91%A8%E5%A5%95%E6%AF%95%E4%B8%9A%E8%AF%81.jpg
INFO: [ app_init ] --START--
INFO: Run Behavior\BuildLiteBehavior [ RunTime:0.000000s ]
INFO: [ app_init ] --END-- [ RunTime:0.001000s ]
ERR: 无法加载模块:Uploads

[ 2017-11-12T10:41:54+08:00 ] ::1 /Uploads/510107199511031273/%E5%91%A8%E5%A5%95%E8%81%8C%E7%A7%B0%E8%AF%81.jpg
INFO: [ app_init ] --START--
INFO: Run Behavior\BuildLiteBehavior [ RunTime:0.000000s ]
INFO: [ app_init ] --END-- [ RunTime:0.001000s ]
ERR: 无法加载模块:Uploads

[ 2017-11-12T10:41:54+08:00 ] ::1 /Uploads/510107199511031273/%E5%91%A8%E5%A5%95%E4%BB%8E%E4%B8%9A%E7%A4%BE%E4%BF%9D%E8%AF%81%E6%98%8E.jpg
INFO: [ app_init ] --START--
INFO: Run Behavior\BuildLiteBehavior [ RunTime:0.000000s ]
INFO: [ app_init ] --END-- [ RunTime:0.001000s ]
ERR: 无法加载模块:Uploads

[ 2017-11-12T10:41:57+08:00 ] ::1 /Uploads//%E7%85%A7%E7%89%87.jpg
INFO: [ app_init ] --START--
INFO: Run Behavior\BuildLiteBehavior [ RunTime:0.000000s ]
INFO: [ app_init ] --END-- [ RunTime:0.001000s ]
ERR: 无法加载模块:Uploads

[ 2017-11-12T10:41:57+08:00 ] ::1 /Uploads//%E6%AF%95%E4%B8%9A%E8%AF%81.jpg
INFO: [ app_init ] --START--
INFO: Run Behavior\BuildLiteBehavior [ RunTime:0.000000s ]
INFO: [ app_init ] --END-- [ RunTime:0.001000s ]
ERR: 无法加载模块:Uploads

[ 2017-11-12T10:41:57+08:00 ] ::1 /Uploads//%E8%BA%AB%E4%BB%BD%E8%AF%81%E8%83%8C%E9%9D%A2.jpg
INFO: [ app_init ] --START--
INFO: Run Behavior\BuildLiteBehavior [ RunTime:0.000000s ]
INFO: [ app_init ] --END-- [ RunTime:0.000000s ]
ERR: 无法加载模块:Uploads

[ 2017-11-12T10:41:57+08:00 ] ::1 /Uploads//%E8%BA%AB%E4%BB%BD%E8%AF%81%E6%AD%A3%E9%9D%A2.jpg
INFO: [ app_init ] --START--
INFO: Run Behavior\BuildLiteBehavior [ RunTime:0.000000s ]
INFO: [ app_init ] --END-- [ RunTime:0.000000s ]
ERR: 无法加载模块:Uploads

[ 2017-11-12T10:41:57+08:00 ] ::1 /Uploads//%E8%81%8C%E7%A7%B0%E8%AF%81.jpg
INFO: [ app_init ] --START--
INFO: Run Behavior\BuildLiteBehavior [ RunTime:0.000000s ]
INFO: [ app_init ] --END-- [ RunTime:0.000000s ]
ERR: 无法加载模块:Uploads

[ 2017-11-12T10:41:57+08:00 ] ::1 /Uploads//%E4%BB%8E%E4%B8%9A%E7%A4%BE%E4%BF%9D%E8%AF%81%E6%98%8E.jpg
INFO: [ app_init ] --START--
INFO: Run Behavior\BuildLiteBehavior [ RunTime:0.000000s ]
INFO: [ app_init ] --END-- [ RunTime:0.000000s ]
ERR: 无法加载模块:Uploads

[ 2017-11-12T10:44:05+08:00 ] ::1 /Uploads/510107199511031273/%E5%91%A8%E5%A5%95%E8%BA%AB%E4%BB%BD%E8%AF%81%E6%AD%A3%E9%9D%A2.jpg
INFO: [ app_init ] --START--
INFO: Run Behavior\BuildLiteBehavior [ RunTime:0.000000s ]
INFO: [ app_init ] --END-- [ RunTime:0.001001s ]
ERR: 无法加载模块:Uploads

[ 2017-11-12T10:44:05+08:00 ] ::1 /Uploads/510107199511031273/%E5%91%A8%E5%A5%95%E8%BA%AB%E4%BB%BD%E8%AF%81%E8%83%8C%E9%9D%A2.jpg
INFO: [ app_init ] --START--
INFO: Run Behavior\BuildLiteBehavior [ RunTime:0.000000s ]
INFO: [ app_init ] --END-- [ RunTime:0.000000s ]
ERR: 无法加载模块:Uploads

[ 2017-11-12T10:44:05+08:00 ] ::1 /Uploads/510107199511031273/%E5%91%A8%E5%A5%95%E6%AF%95%E4%B8%9A%E8%AF%81.jpg
INFO: [ app_init ] --START--
INFO: Run Behavior\BuildLiteBehavior [ RunTime:0.000000s ]
INFO: [ app_init ] --END-- [ RunTime:0.001001s ]
ERR: 无法加载模块:Uploads

[ 2017-11-12T10:44:05+08:00 ] ::1 /Uploads/510107199511031273/%E5%91%A8%E5%A5%95%E4%BB%8E%E4%B8%9A%E7%A4%BE%E4%BF%9D%E8%AF%81%E6%98%8E.jpg
INFO: [ app_init ] --START--
INFO: Run Behavior\BuildLiteBehavior [ RunTime:0.000000s ]
INFO: [ app_init ] --END-- [ RunTime:0.001001s ]
ERR: 无法加载模块:Uploads

[ 2017-11-12T10:44:05+08:00 ] ::1 /Uploads/510107199511031273/%E5%91%A8%E5%A5%95%E8%81%8C%E7%A7%B0%E8%AF%81.jpg
INFO: [ app_init ] --START--
INFO: Run Behavior\BuildLiteBehavior [ RunTime:0.000000s ]
INFO: [ app_init ] --END-- [ RunTime:0.000000s ]
ERR: 无法加载模块:Uploads

[ 2017-11-12T10:49:39+08:00 ] ::1 /Uploads/510107199511031273/%E5%91%A8%E5%A5%95%E8%BA%AB%E4%BB%BD%E8%AF%81%E6%AD%A3%E9%9D%A2.jpg
INFO: [ app_init ] --START--
INFO: Run Behavior\BuildLiteBehavior [ RunTime:0.000000s ]
INFO: [ app_init ] --END-- [ RunTime:0.000000s ]
ERR: 无法加载模块:Uploads

[ 2017-11-12T10:49:39+08:00 ] ::1 /Uploads/510107199511031273/%E5%91%A8%E5%A5%95%E8%BA%AB%E4%BB%BD%E8%AF%81%E8%83%8C%E9%9D%A2.jpg
INFO: [ app_init ] --START--
INFO: Run Behavior\BuildLiteBehavior [ RunTime:0.000000s ]
INFO: [ app_init ] --END-- [ RunTime:0.001000s ]
ERR: 无法加载模块:Uploads

[ 2017-11-12T10:49:39+08:00 ] ::1 /Uploads/510107199511031273/%E5%91%A8%E5%A5%95%E8%81%8C%E7%A7%B0%E8%AF%81.jpg
INFO: [ app_init ] --START--
INFO: Run Behavior\BuildLiteBehavior [ RunTime:0.000000s ]
INFO: [ app_init ] --END-- [ RunTime:0.000000s ]
ERR: 无法加载模块:Uploads

[ 2017-11-12T10:49:39+08:00 ] ::1 /Uploads/510107199511031273/%E5%91%A8%E5%A5%95%E4%BB%8E%E4%B8%9A%E7%A4%BE%E4%BF%9D%E8%AF%81%E6%98%8E.jpg
INFO: [ app_init ] --START--
INFO: Run Behavior\BuildLiteBehavior [ RunTime:0.000000s ]
INFO: [ app_init ] --END-- [ RunTime:0.000000s ]
ERR: 无法加载模块:Uploads

[ 2017-11-12T10:49:39+08:00 ] ::1 /Uploads/510107199511031273/%E5%91%A8%E5%A5%95%E6%AF%95%E4%B8%9A%E8%AF%81.jpg
INFO: [ app_init ] --START--
INFO: Run Behavior\BuildLiteBehavior [ RunTime:0.000000s ]
INFO: [ app_init ] --END-- [ RunTime:0.000000s ]
ERR: 无法加载模块:Uploads

[ 2017-11-12T10:49:41+08:00 ] ::1 /Uploads//%E8%BA%AB%E4%BB%BD%E8%AF%81%E6%AD%A3%E9%9D%A2.jpg
INFO: [ app_init ] --START--
INFO: Run Behavior\BuildLiteBehavior [ RunTime:0.000000s ]
INFO: [ app_init ] --END-- [ RunTime:0.000000s ]
ERR: 无法加载模块:Uploads

[ 2017-11-12T10:49:41+08:00 ] ::1 /Uploads//%E8%BA%AB%E4%BB%BD%E8%AF%81%E8%83%8C%E9%9D%A2.jpg
INFO: [ app_init ] --START--
INFO: Run Behavior\BuildLiteBehavior [ RunTime:0.000000s ]
INFO: [ app_init ] --END-- [ RunTime:0.000000s ]
ERR: 无法加载模块:Uploads

[ 2017-11-12T10:49:41+08:00 ] ::1 /Uploads//%E8%81%8C%E7%A7%B0%E8%AF%81.jpg
INFO: [ app_init ] --START--
INFO: Run Behavior\BuildLiteBehavior [ RunTime:0.000000s ]
INFO: [ app_init ] --END-- [ RunTime:0.000000s ]
ERR: 无法加载模块:Uploads

[ 2017-11-12T10:49:41+08:00 ] ::1 /Uploads//%E7%85%A7%E7%89%87.jpg
INFO: [ app_init ] --START--
INFO: Run Behavior\BuildLiteBehavior [ RunTime:0.000000s ]
INFO: [ app_init ] --END-- [ RunTime:0.000000s ]
ERR: 无法加载模块:Uploads

[ 2017-11-12T10:49:41+08:00 ] ::1 /Uploads//%E6%AF%95%E4%B8%9A%E8%AF%81.jpg
INFO: [ app_init ] --START--
INFO: Run Behavior\BuildLiteBehavior [ RunTime:0.000000s ]
INFO: [ app_init ] --END-- [ RunTime:0.000000s ]
ERR: 无法加载模块:Uploads

[ 2017-11-12T10:49:41+08:00 ] ::1 /Uploads//%E4%BB%8E%E4%B8%9A%E7%A4%BE%E4%BF%9D%E8%AF%81%E6%98%8E.jpg
INFO: [ app_init ] --START--
INFO: Run Behavior\BuildLiteBehavior [ RunTime:0.000000s ]
INFO: [ app_init ] --END-- [ RunTime:0.000000s ]
ERR: 无法加载模块:Uploads

[ 2017-11-12T10:50:09+08:00 ] ::1 /Uploads/510107199511031273/%E5%91%A8%E5%A5%95%E8%BA%AB%E4%BB%BD%E8%AF%81%E6%AD%A3%E9%9D%A2.jpg
INFO: [ app_init ] --START--
INFO: Run Behavior\BuildLiteBehavior [ RunTime:0.000000s ]
INFO: [ app_init ] --END-- [ RunTime:0.000000s ]
ERR: 无法加载模块:Uploads

[ 2017-11-12T10:50:09+08:00 ] ::1 /Uploads/510107199511031273/%E5%91%A8%E5%A5%95%E8%BA%AB%E4%BB%BD%E8%AF%81%E8%83%8C%E9%9D%A2.jpg
INFO: [ app_init ] --START--
INFO: Run Behavior\BuildLiteBehavior [ RunTime:0.000000s ]
INFO: [ app_init ] --END-- [ RunTime:0.000000s ]
ERR: 无法加载模块:Uploads

[ 2017-11-12T10:50:09+08:00 ] ::1 /Uploads/510107199511031273/%E5%91%A8%E5%A5%95%E6%AF%95%E4%B8%9A%E8%AF%81.jpg
INFO: [ app_init ] --START--
INFO: Run Behavior\BuildLiteBehavior [ RunTime:0.000000s ]
INFO: [ app_init ] --END-- [ RunTime:0.000000s ]
ERR: 无法加载模块:Uploads

[ 2017-11-12T10:50:09+08:00 ] ::1 /Uploads/510107199511031273/%E5%91%A8%E5%A5%95%E8%81%8C%E7%A7%B0%E8%AF%81.jpg
INFO: [ app_init ] --START--
INFO: Run Behavior\BuildLiteBehavior [ RunTime:0.000000s ]
INFO: [ app_init ] --END-- [ RunTime:0.001001s ]
ERR: 无法加载模块:Uploads

[ 2017-11-12T10:50:09+08:00 ] ::1 /Uploads/510107199511031273/%E5%91%A8%E5%A5%95%E4%BB%8E%E4%B8%9A%E7%A4%BE%E4%BF%9D%E8%AF%81%E6%98%8E.jpg
INFO: [ app_init ] --START--
INFO: Run Behavior\BuildLiteBehavior [ RunTime:0.000000s ]
INFO: [ app_init ] --END-- [ RunTime:0.003000s ]
ERR: 无法加载模块:Uploads

[ 2017-11-12T10:50:12+08:00 ] ::1 /Uploads//%E7%85%A7%E7%89%87.jpg
INFO: [ app_init ] --START--
INFO: Run Behavior\BuildLiteBehavior [ RunTime:0.000000s ]
INFO: [ app_init ] --END-- [ RunTime:0.000000s ]
ERR: 无法加载模块:Uploads

[ 2017-11-12T10:50:12+08:00 ] ::1 /Uploads//%E8%BA%AB%E4%BB%BD%E8%AF%81%E8%83%8C%E9%9D%A2.jpg
INFO: [ app_init ] --START--
INFO: Run Behavior\BuildLiteBehavior [ RunTime:0.000000s ]
INFO: [ app_init ] --END-- [ RunTime:0.000000s ]
ERR: 无法加载模块:Uploads

[ 2017-11-12T10:50:12+08:00 ] ::1 /Uploads//%E8%81%8C%E7%A7%B0%E8%AF%81.jpg
INFO: [ app_init ] --START--
INFO: Run Behavior\BuildLiteBehavior [ RunTime:0.000000s ]
INFO: [ app_init ] --END-- [ RunTime:0.000000s ]
ERR: 无法加载模块:Uploads

[ 2017-11-12T10:50:12+08:00 ] ::1 /Uploads//%E6%AF%95%E4%B8%9A%E8%AF%81.jpg
INFO: [ app_init ] --START--
INFO: Run Behavior\BuildLiteBehavior [ RunTime:0.000000s ]
INFO: [ app_init ] --END-- [ RunTime:0.001000s ]
ERR: 无法加载模块:Uploads

[ 2017-11-12T10:50:12+08:00 ] ::1 /Uploads//%E8%BA%AB%E4%BB%BD%E8%AF%81%E6%AD%A3%E9%9D%A2.jpg
INFO: [ app_init ] --START--
INFO: Run Behavior\BuildLiteBehavior [ RunTime:0.000000s ]
INFO: [ app_init ] --END-- [ RunTime:0.000000s ]
ERR: 无法加载模块:Uploads

[ 2017-11-12T10:50:12+08:00 ] ::1 /Uploads//%E4%BB%8E%E4%B8%9A%E7%A4%BE%E4%BF%9D%E8%AF%81%E6%98%8E.jpg
INFO: [ app_init ] --START--
INFO: Run Behavior\BuildLiteBehavior [ RunTime:0.000000s ]
INFO: [ app_init ] --END-- [ RunTime:0.000000s ]
ERR: 无法加载模块:Uploads

[ 2017-11-12T10:51:06+08:00 ] ::1 /Uploads/510107199511031273/%E5%91%A8%E5%A5%95%E8%BA%AB%E4%BB%BD%E8%AF%81%E6%AD%A3%E9%9D%A2.jpg
INFO: [ app_init ] --START--
INFO: Run Behavior\BuildLiteBehavior [ RunTime:0.000000s ]
INFO: [ app_init ] --END-- [ RunTime:0.000000s ]
ERR: 无法加载模块:Uploads

[ 2017-11-12T10:51:06+08:00 ] ::1 /Uploads/510107199511031273/%E5%91%A8%E5%A5%95%E8%BA%AB%E4%BB%BD%E8%AF%81%E8%83%8C%E9%9D%A2.jpg
INFO: [ app_init ] --START--
INFO: Run Behavior\BuildLiteBehavior [ RunTime:0.000000s ]
INFO: [ app_init ] --END-- [ RunTime:0.001000s ]
ERR: 无法加载模块:Uploads

[ 2017-11-12T10:51:06+08:00 ] ::1 /Uploads/510107199511031273/%E5%91%A8%E5%A5%95%E6%AF%95%E4%B8%9A%E8%AF%81.jpg
INFO: [ app_init ] --START--
INFO: Run Behavior\BuildLiteBehavior [ RunTime:0.000000s ]
INFO: [ app_init ] --END-- [ RunTime:0.000000s ]
ERR: 无法加载模块:Uploads

[ 2017-11-12T10:51:06+08:00 ] ::1 /Uploads/510107199511031273/%E5%91%A8%E5%A5%95%E4%BB%8E%E4%B8%9A%E7%A4%BE%E4%BF%9D%E8%AF%81%E6%98%8E.jpg
INFO: [ app_init ] --START--
INFO: Run Behavior\BuildLiteBehavior [ RunTime:0.000000s ]
INFO: [ app_init ] --END-- [ RunTime:0.000000s ]
ERR: 无法加载模块:Uploads

[ 2017-11-12T10:51:06+08:00 ] ::1 /Uploads/510107199511031273/%E5%91%A8%E5%A5%95%E8%81%8C%E7%A7%B0%E8%AF%81.jpg
INFO: [ app_init ] --START--
INFO: Run Behavior\BuildLiteBehavior [ RunTime:0.000000s ]
INFO: [ app_init ] --END-- [ RunTime:0.000000s ]
ERR: 无法加载模块:Uploads

[ 2017-11-12T10:56:19+08:00 ] ::1 /Uploads//%E7%85%A7%E7%89%87.jpg
INFO: [ app_init ] --START--
INFO: Run Behavior\BuildLiteBehavior [ RunTime:0.000000s ]
INFO: [ app_init ] --END-- [ RunTime:0.000000s ]
ERR: 无法加载模块:Uploads

[ 2017-11-12T10:56:19+08:00 ] ::1 /Uploads//%E8%BA%AB%E4%BB%BD%E8%AF%81%E6%AD%A3%E9%9D%A2.jpg
INFO: [ app_init ] --START--
INFO: Run Behavior\BuildLiteBehavior [ RunTime:0.000000s ]
INFO: [ app_init ] --END-- [ RunTime:0.000000s ]
ERR: 无法加载模块:Uploads

[ 2017-11-12T10:56:19+08:00 ] ::1 /Uploads//%E8%81%8C%E7%A7%B0%E8%AF%81.jpg
INFO: [ app_init ] --START--
INFO: Run Behavior\BuildLiteBehavior [ RunTime:0.000000s ]
INFO: [ app_init ] --END-- [ RunTime:0.000000s ]
ERR: 无法加载模块:Uploads

[ 2017-11-12T10:56:19+08:00 ] ::1 /Uploads//%E8%BA%AB%E4%BB%BD%E8%AF%81%E8%83%8C%E9%9D%A2.jpg
INFO: [ app_init ] --START--
INFO: Run Behavior\BuildLiteBehavior [ RunTime:0.000000s ]
INFO: [ app_init ] --END-- [ RunTime:0.000000s ]
ERR: 无法加载模块:Uploads

[ 2017-11-12T10:56:19+08:00 ] ::1 /Uploads//%E4%BB%8E%E4%B8%9A%E7%A4%BE%E4%BF%9D%E8%AF%81%E6%98%8E.jpg
INFO: [ app_init ] --START--
INFO: Run Behavior\BuildLiteBehavior [ RunTime:0.000000s ]
INFO: [ app_init ] --END-- [ RunTime:0.000000s ]
ERR: 无法加载模块:Uploads

[ 2017-11-12T10:56:19+08:00 ] ::1 /Uploads//%E6%AF%95%E4%B8%9A%E8%AF%81.jpg
INFO: [ app_init ] --START--
INFO: Run Behavior\BuildLiteBehavior [ RunTime:0.000000s ]
INFO: [ app_init ] --END-- [ RunTime:0.000000s ]
ERR: 无法加载模块:Uploads

[ 2017-11-12T10:56:40+08:00 ] ::1 /Uploads/510107199511031273/%E5%91%A8%E5%A5%95%E8%BA%AB%E4%BB%BD%E8%AF%81%E6%AD%A3%E9%9D%A2.jpg
INFO: [ app_init ] --START--
INFO: Run Behavior\BuildLiteBehavior [ RunTime:0.000000s ]
INFO: [ app_init ] --END-- [ RunTime:0.001000s ]
ERR: 无法加载模块:Uploads

[ 2017-11-12T10:56:40+08:00 ] ::1 /Uploads/510107199511031273/%E5%91%A8%E5%A5%95%E8%BA%AB%E4%BB%BD%E8%AF%81%E8%83%8C%E9%9D%A2.jpg
INFO: [ app_init ] --START--
INFO: Run Behavior\BuildLiteBehavior [ RunTime:0.000000s ]
INFO: [ app_init ] --END-- [ RunTime:0.001000s ]
ERR: 无法加载模块:Uploads

[ 2017-11-12T10:56:40+08:00 ] ::1 /Uploads/510107199511031273/%E5%91%A8%E5%A5%95%E6%AF%95%E4%B8%9A%E8%AF%81.jpg
INFO: [ app_init ] --START--
INFO: Run Behavior\BuildLiteBehavior [ RunTime:0.000000s ]
INFO: [ app_init ] --END-- [ RunTime:0.000000s ]
ERR: 无法加载模块:Uploads

[ 2017-11-12T10:56:40+08:00 ] ::1 /Uploads/510107199511031273/%E5%91%A8%E5%A5%95%E8%81%8C%E7%A7%B0%E8%AF%81.jpg
INFO: [ app_init ] --START--
INFO: Run Behavior\BuildLiteBehavior [ RunTime:0.000000s ]
INFO: [ app_init ] --END-- [ RunTime:0.001000s ]
ERR: 无法加载模块:Uploads

[ 2017-11-12T10:56:40+08:00 ] ::1 /Uploads/510107199511031273/%E5%91%A8%E5%A5%95%E4%BB%8E%E4%B8%9A%E7%A4%BE%E4%BF%9D%E8%AF%81%E6%98%8E.jpg
INFO: [ app_init ] --START--
INFO: Run Behavior\BuildLiteBehavior [ RunTime:0.000000s ]
INFO: [ app_init ] --END-- [ RunTime:0.000000s ]
ERR: 无法加载模块:Uploads

[ 2017-11-12T10:56:42+08:00 ] ::1 /Uploads//%E7%85%A7%E7%89%87.jpg
INFO: [ app_init ] --START--
INFO: Run Behavior\BuildLiteBehavior [ RunTime:0.000000s ]
INFO: [ app_init ] --END-- [ RunTime:0.000000s ]
ERR: 无法加载模块:Uploads

[ 2017-11-12T10:56:42+08:00 ] ::1 /Uploads//%E8%BA%AB%E4%BB%BD%E8%AF%81%E6%AD%A3%E9%9D%A2.jpg
INFO: [ app_init ] --START--
INFO: Run Behavior\BuildLiteBehavior [ RunTime:0.000000s ]
INFO: [ app_init ] --END-- [ RunTime:0.000000s ]
ERR: 无法加载模块:Uploads

[ 2017-11-12T10:56:42+08:00 ] ::1 /Uploads//%E6%AF%95%E4%B8%9A%E8%AF%81.jpg
INFO: [ app_init ] --START--
INFO: Run Behavior\BuildLiteBehavior [ RunTime:0.000000s ]
INFO: [ app_init ] --END-- [ RunTime:0.001000s ]
ERR: 无法加载模块:Uploads

[ 2017-11-12T10:56:42+08:00 ] ::1 /Uploads//%E8%81%8C%E7%A7%B0%E8%AF%81.jpg
INFO: [ app_init ] --START--
INFO: Run Behavior\BuildLiteBehavior [ RunTime:0.000000s ]
INFO: [ app_init ] --END-- [ RunTime:0.000000s ]
ERR: 无法加载模块:Uploads

[ 2017-11-12T10:56:42+08:00 ] ::1 /Uploads//%E8%BA%AB%E4%BB%BD%E8%AF%81%E8%83%8C%E9%9D%A2.jpg
INFO: [ app_init ] --START--
INFO: Run Behavior\BuildLiteBehavior [ RunTime:0.000000s ]
INFO: [ app_init ] --END-- [ RunTime:0.000000s ]
ERR: 无法加载模块:Uploads

[ 2017-11-12T10:56:42+08:00 ] ::1 /Uploads//%E4%BB%8E%E4%B8%9A%E7%A4%BE%E4%BF%9D%E8%AF%81%E6%98%8E.jpg
INFO: [ app_init ] --START--
INFO: Run Behavior\BuildLiteBehavior [ RunTime:0.000000s ]
INFO: [ app_init ] --END-- [ RunTime:0.000000s ]
ERR: 无法加载模块:Uploads

[ 2017-11-12T10:57:26+08:00 ] ::1 /Uploads/510107199511031273/%E5%91%A8%E5%A5%95%E8%BA%AB%E4%BB%BD%E8%AF%81%E6%AD%A3%E9%9D%A2.jpg
INFO: [ app_init ] --START--
INFO: Run Behavior\BuildLiteBehavior [ RunTime:0.000000s ]
INFO: [ app_init ] --END-- [ RunTime:0.000000s ]
ERR: 无法加载模块:Uploads

[ 2017-11-12T10:57:26+08:00 ] ::1 /Uploads/510107199511031273/%E5%91%A8%E5%A5%95%E6%AF%95%E4%B8%9A%E8%AF%81.jpg
INFO: [ app_init ] --START--
INFO: Run Behavior\BuildLiteBehavior [ RunTime:0.000000s ]
INFO: [ app_init ] --END-- [ RunTime:0.000000s ]
ERR: 无法加载模块:Uploads

[ 2017-11-12T10:57:26+08:00 ] ::1 /Uploads/510107199511031273/%E5%91%A8%E5%A5%95%E4%BB%8E%E4%B8%9A%E7%A4%BE%E4%BF%9D%E8%AF%81%E6%98%8E.jpg
INFO: [ app_init ] --START--
INFO: Run Behavior\BuildLiteBehavior [ RunTime:0.000000s ]
INFO: [ app_init ] --END-- [ RunTime:0.001000s ]
ERR: 无法加载模块:Uploads

[ 2017-11-12T10:57:26+08:00 ] ::1 /Uploads/510107199511031273/%E5%91%A8%E5%A5%95%E8%81%8C%E7%A7%B0%E8%AF%81.jpg
INFO: [ app_init ] --START--
INFO: Run Behavior\BuildLiteBehavior [ RunTime:0.000000s ]
INFO: [ app_init ] --END-- [ RunTime:0.000000s ]
ERR: 无法加载模块:Uploads

[ 2017-11-12T10:57:26+08:00 ] ::1 /Uploads/510107199511031273/%E5%91%A8%E5%A5%95%E8%BA%AB%E4%BB%BD%E8%AF%81%E8%83%8C%E9%9D%A2.jpg
INFO: [ app_init ] --START--
INFO: Run Behavior\BuildLiteBehavior [ RunTime:0.000000s ]
INFO: [ app_init ] --END-- [ RunTime:0.000000s ]
ERR: 无法加载模块:Uploads

[ 2017-11-12T11:00:21+08:00 ] ::1 /Uploads/510107199511031273/%E5%91%A8%E5%A5%95%E8%BA%AB%E4%BB%BD%E8%AF%81%E6%AD%A3%E9%9D%A2.jpg
INFO: [ app_init ] --START--
INFO: Run Behavior\BuildLiteBehavior [ RunTime:0.000000s ]
INFO: [ app_init ] --END-- [ RunTime:0.000000s ]
ERR: 无法加载模块:Uploads

[ 2017-11-12T11:00:21+08:00 ] ::1 /Uploads/510107199511031273/%E5%91%A8%E5%A5%95%E8%BA%AB%E4%BB%BD%E8%AF%81%E8%83%8C%E9%9D%A2.jpg
INFO: [ app_init ] --START--
INFO: Run Behavior\BuildLiteBehavior [ RunTime:0.000000s ]
INFO: [ app_init ] --END-- [ RunTime:0.001000s ]
ERR: 无法加载模块:Uploads

[ 2017-11-12T11:00:21+08:00 ] ::1 /Uploads/510107199511031273/%E5%91%A8%E5%A5%95%E8%81%8C%E7%A7%B0%E8%AF%81.jpg
INFO: [ app_init ] --START--
INFO: Run Behavior\BuildLiteBehavior [ RunTime:0.000000s ]
INFO: [ app_init ] --END-- [ RunTime:0.000000s ]
ERR: 无法加载模块:Uploads

[ 2017-11-12T11:00:21+08:00 ] ::1 /Uploads/510107199511031273/%E5%91%A8%E5%A5%95%E6%AF%95%E4%B8%9A%E8%AF%81.jpg
INFO: [ app_init ] --START--
INFO: Run Behavior\BuildLiteBehavior [ RunTime:0.000000s ]
INFO: [ app_init ] --END-- [ RunTime:0.000000s ]
ERR: 无法加载模块:Uploads

[ 2017-11-12T11:00:21+08:00 ] ::1 /Uploads/510107199511031273/%E5%91%A8%E5%A5%95%E4%BB%8E%E4%B8%9A%E7%A4%BE%E4%BF%9D%E8%AF%81%E6%98%8E.jpg
INFO: [ app_init ] --START--
INFO: Run Behavior\BuildLiteBehavior [ RunTime:0.000000s ]
INFO: [ app_init ] --END-- [ RunTime:0.001000s ]
ERR: 无法加载模块:Uploads

[ 2017-11-12T11:02:38+08:00 ] ::1 /Uploads/510107199511031273/%E5%91%A8%E5%A5%95%E8%BA%AB%E4%BB%BD%E8%AF%81%E6%AD%A3%E9%9D%A2.jpg
INFO: [ app_init ] --START--
INFO: Run Behavior\BuildLiteBehavior [ RunTime:0.000000s ]
INFO: [ app_init ] --END-- [ RunTime:0.000000s ]
ERR: 无法加载模块:Uploads

[ 2017-11-12T11:02:38+08:00 ] ::1 /Uploads/510107199511031273/%E5%91%A8%E5%A5%95%E8%BA%AB%E4%BB%BD%E8%AF%81%E8%83%8C%E9%9D%A2.jpg
INFO: [ app_init ] --START--
INFO: Run Behavior\BuildLiteBehavior [ RunTime:0.000000s ]
INFO: [ app_init ] --END-- [ RunTime:0.000000s ]
ERR: 无法加载模块:Uploads

[ 2017-11-12T11:02:38+08:00 ] ::1 /Uploads/510107199511031273/%E5%91%A8%E5%A5%95%E6%AF%95%E4%B8%9A%E8%AF%81.jpg
INFO: [ app_init ] --START--
INFO: Run Behavior\BuildLiteBehavior [ RunTime:0.000000s ]
INFO: [ app_init ] --END-- [ RunTime:0.000000s ]
ERR: 无法加载模块:Uploads

[ 2017-11-12T11:02:38+08:00 ] ::1 /Uploads/510107199511031273/%E5%91%A8%E5%A5%95%E8%81%8C%E7%A7%B0%E8%AF%81.jpg
INFO: [ app_init ] --START--
INFO: Run Behavior\BuildLiteBehavior [ RunTime:0.000000s ]
INFO: [ app_init ] --END-- [ RunTime:0.000000s ]
ERR: 无法加载模块:Uploads

[ 2017-11-12T11:02:38+08:00 ] ::1 /Uploads/510107199511031273/%E5%91%A8%E5%A5%95%E4%BB%8E%E4%B8%9A%E7%A4%BE%E4%BF%9D%E8%AF%81%E6%98%8E.jpg
INFO: [ app_init ] --START--
INFO: Run Behavior\BuildLiteBehavior [ RunTime:0.000000s ]
INFO: [ app_init ] --END-- [ RunTime:0.001000s ]
ERR: 无法加载模块:Uploads

[ 2017-11-12T11:10:13+08:00 ] ::1 /Uploads/510107199511031273/%E5%91%A8%E5%A5%95%E8%BA%AB%E4%BB%BD%E8%AF%81%E6%AD%A3%E9%9D%A2.jpg
INFO: [ app_init ] --START--
INFO: Run Behavior\BuildLiteBehavior [ RunTime:0.000000s ]
INFO: [ app_init ] --END-- [ RunTime:0.000000s ]
ERR: 无法加载模块:Uploads

[ 2017-11-12T11:10:13+08:00 ] ::1 /Uploads/510107199511031273/%E5%91%A8%E5%A5%95%E8%BA%AB%E4%BB%BD%E8%AF%81%E8%83%8C%E9%9D%A2.jpg
INFO: [ app_init ] --START--
INFO: Run Behavior\BuildLiteBehavior [ RunTime:0.000000s ]
INFO: [ app_init ] --END-- [ RunTime:0.000000s ]
ERR: 无法加载模块:Uploads

[ 2017-11-12T11:10:13+08:00 ] ::1 /Uploads/510107199511031273/%E5%91%A8%E5%A5%95%E6%AF%95%E4%B8%9A%E8%AF%81.jpg
INFO: [ app_init ] --START--
INFO: Run Behavior\BuildLiteBehavior [ RunTime:0.000000s ]
INFO: [ app_init ] --END-- [ RunTime:0.000000s ]
ERR: 无法加载模块:Uploads

[ 2017-11-12T11:10:13+08:00 ] ::1 /Uploads/510107199511031273/%E5%91%A8%E5%A5%95%E8%81%8C%E7%A7%B0%E8%AF%81.jpg
INFO: [ app_init ] --START--
INFO: Run Behavior\BuildLiteBehavior [ RunTime:0.000000s ]
INFO: [ app_init ] --END-- [ RunTime:0.001000s ]
ERR: 无法加载模块:Uploads

[ 2017-11-12T11:10:13+08:00 ] ::1 /Uploads/510107199511031273/%E5%91%A8%E5%A5%95%E4%BB%8E%E4%B8%9A%E7%A4%BE%E4%BF%9D%E8%AF%81%E6%98%8E.jpg
INFO: [ app_init ] --START--
INFO: Run Behavior\BuildLiteBehavior [ RunTime:0.000000s ]
INFO: [ app_init ] --END-- [ RunTime:0.001000s ]
ERR: 无法加载模块:Uploads

[ 2017-11-12T11:12:21+08:00 ] ::1 /Uploads/510107199511031273/%E5%91%A8%E5%A5%95%E8%BA%AB%E4%BB%BD%E8%AF%81%E6%AD%A3%E9%9D%A2.jpg
INFO: [ app_init ] --START--
INFO: Run Behavior\BuildLiteBehavior [ RunTime:0.000000s ]
INFO: [ app_init ] --END-- [ RunTime:0.001001s ]
ERR: 无法加载模块:Uploads

[ 2017-11-12T11:12:21+08:00 ] ::1 /Uploads/510107199511031273/%E5%91%A8%E5%A5%95%E8%BA%AB%E4%BB%BD%E8%AF%81%E8%83%8C%E9%9D%A2.jpg
INFO: [ app_init ] --START--
INFO: Run Behavior\BuildLiteBehavior [ RunTime:0.000000s ]
INFO: [ app_init ] --END-- [ RunTime:0.001000s ]
ERR: 无法加载模块:Uploads

[ 2017-11-12T11:12:21+08:00 ] ::1 /Uploads/510107199511031273/%E5%91%A8%E5%A5%95%E6%AF%95%E4%B8%9A%E8%AF%81.jpg
INFO: [ app_init ] --START--
INFO: Run Behavior\BuildLiteBehavior [ RunTime:0.000000s ]
INFO: [ app_init ] --END-- [ RunTime:0.000000s ]
ERR: 无法加载模块:Uploads

[ 2017-11-12T11:12:21+08:00 ] ::1 /Uploads/510107199511031273/%E5%91%A8%E5%A5%95%E4%BB%8E%E4%B8%9A%E7%A4%BE%E4%BF%9D%E8%AF%81%E6%98%8E.jpg
INFO: [ app_init ] --START--
INFO: Run Behavior\BuildLiteBehavior [ RunTime:0.000000s ]
INFO: [ app_init ] --END-- [ RunTime:0.000000s ]
ERR: 无法加载模块:Uploads

[ 2017-11-12T11:23:33+08:00 ] ::1 /Uploads/510107199511031273/%E5%91%A8%E5%A5%95%E8%BA%AB%E4%BB%BD%E8%AF%81%E6%AD%A3%E9%9D%A2.jpg
INFO: [ app_init ] --START--
INFO: Run Behavior\BuildLiteBehavior [ RunTime:0.000000s ]
INFO: [ app_init ] --END-- [ RunTime:0.000000s ]
ERR: 无法加载模块:Uploads

[ 2017-11-12T11:23:33+08:00 ] ::1 /Uploads/510107199511031273/%E5%91%A8%E5%A5%95%E8%BA%AB%E4%BB%BD%E8%AF%81%E8%83%8C%E9%9D%A2.jpg
INFO: [ app_init ] --START--
INFO: Run Behavior\BuildLiteBehavior [ RunTime:0.000000s ]
INFO: [ app_init ] --END-- [ RunTime:0.001000s ]
ERR: 无法加载模块:Uploads

[ 2017-11-12T11:23:33+08:00 ] ::1 /Uploads/510107199511031273/%E5%91%A8%E5%A5%95%E6%AF%95%E4%B8%9A%E8%AF%81.jpg
INFO: [ app_init ] --START--
INFO: Run Behavior\BuildLiteBehavior [ RunTime:0.000000s ]
INFO: [ app_init ] --END-- [ RunTime:0.000000s ]
ERR: 无法加载模块:Uploads

[ 2017-11-12T11:23:33+08:00 ] ::1 /Uploads/510107199511031273/%E5%91%A8%E5%A5%95%E8%81%8C%E7%A7%B0%E8%AF%81.jpg
INFO: [ app_init ] --START--
INFO: Run Behavior\BuildLiteBehavior [ RunTime:0.000000s ]
INFO: [ app_init ] --END-- [ RunTime:0.000000s ]
ERR: 无法加载模块:Uploads

[ 2017-11-12T11:23:33+08:00 ] ::1 /Uploads/510107199511031273/%E5%91%A8%E5%A5%95%E4%BB%8E%E4%B8%9A%E7%A4%BE%E4%BF%9D%E8%AF%81%E6%98%8E.jpg
INFO: [ app_init ] --START--
INFO: Run Behavior\BuildLiteBehavior [ RunTime:0.000000s ]
INFO: [ app_init ] --END-- [ RunTime:0.000000s ]
ERR: 无法加载模块:Uploads

[ 2017-11-12T11:23:52+08:00 ] ::1 /Uploads/510107199511031273/%E5%91%A8%E5%A5%95%E8%BA%AB%E4%BB%BD%E8%AF%81%E6%AD%A3%E9%9D%A2.jpg
INFO: [ app_init ] --START--
INFO: Run Behavior\BuildLiteBehavior [ RunTime:0.001000s ]
INFO: [ app_init ] --END-- [ RunTime:0.001000s ]
ERR: 无法加载模块:Uploads

[ 2017-11-12T11:23:52+08:00 ] ::1 /Uploads/510107199511031273/%E5%91%A8%E5%A5%95%E8%BA%AB%E4%BB%BD%E8%AF%81%E8%83%8C%E9%9D%A2.jpg
INFO: [ app_init ] --START--
INFO: Run Behavior\BuildLiteBehavior [ RunTime:0.000000s ]
INFO: [ app_init ] --END-- [ RunTime:0.000000s ]
ERR: 无法加载模块:Uploads

[ 2017-11-12T11:23:52+08:00 ] ::1 /Uploads/510107199511031273/%E5%91%A8%E5%A5%95%E6%AF%95%E4%B8%9A%E8%AF%81.jpg
INFO: [ app_init ] --START--
INFO: Run Behavior\BuildLiteBehavior [ RunTime:0.000000s ]
INFO: [ app_init ] --END-- [ RunTime:0.000000s ]
ERR: 无法加载模块:Uploads

[ 2017-11-12T11:23:52+08:00 ] ::1 /Uploads/510107199511031273/%E5%91%A8%E5%A5%95%E8%81%8C%E7%A7%B0%E8%AF%81.jpg
INFO: [ app_init ] --START--
INFO: Run Behavior\BuildLiteBehavior [ RunTime:0.000000s ]
INFO: [ app_init ] --END-- [ RunTime:0.000000s ]
ERR: 无法加载模块:Uploads

[ 2017-11-12T11:23:52+08:00 ] ::1 /Uploads/510107199511031273/%E5%91%A8%E5%A5%95%E4%BB%8E%E4%B8%9A%E7%A4%BE%E4%BF%9D%E8%AF%81%E6%98%8E.jpg
INFO: [ app_init ] --START--
INFO: Run Behavior\BuildLiteBehavior [ RunTime:0.000000s ]
INFO: [ app_init ] --END-- [ RunTime:0.001000s ]
ERR: 无法加载模块:Uploads

[ 2017-11-12T11:38:29+08:00 ] ::1 /Application/Admin/Publiccss/bootstrap.min.css
INFO: [ app_init ] --START--
INFO: Run Behavior\BuildLiteBehavior [ RunTime:0.000000s ]
INFO: [ app_init ] --END-- [ RunTime:0.001000s ]
ERR: 无法加载模块:Application

[ 2017-11-12T11:38:29+08:00 ] ::1 /Application/Admin/Publiccss/normalize.css
INFO: [ app_init ] --START--
INFO: Run Behavior\BuildLiteBehavior [ RunTime:0.000000s ]
INFO: [ app_init ] --END-- [ RunTime:0.000000s ]
ERR: 无法加载模块:Application

[ 2017-11-12T11:38:29+08:00 ] ::1 /Application/Admin/Publiccss/completer.css
INFO: [ app_init ] --START--
INFO: Run Behavior\BuildLiteBehavior [ RunTime:0.000000s ]
INFO: [ app_init ] --END-- [ RunTime:0.001000s ]
ERR: 无法加载模块:Application

[ 2017-11-12T11:38:29+08:00 ] ::1 /Application/Admin/Publiccss/validator.css
INFO: [ app_init ] --START--
INFO: Run Behavior\BuildLiteBehavior [ RunTime:0.000000s ]
INFO: [ app_init ] --END-- [ RunTime:0.000000s ]
ERR: 无法加载模块:Application

[ 2017-11-12T11:38:29+08:00 ] ::1 /Application/Admin/Publiccss/public.css
INFO: [ app_init ] --START--
INFO: Run Behavior\BuildLiteBehavior [ RunTime:0.000000s ]
INFO: [ app_init ] --END-- [ RunTime:0.000000s ]
ERR: 无法加载模块:Application

[ 2017-11-12T11:38:29+08:00 ] ::1 /Application/Admin/Publicjedate/skin/jedate.css
INFO: [ app_init ] --START--
INFO: Run Behavior\BuildLiteBehavior [ RunTime:0.000000s ]
INFO: [ app_init ] --END-- [ RunTime:0.000000s ]
ERR: 无法加载模块:Application

[ 2017-11-12T11:38:29+08:00 ] ::1 /Application/Admin/Publiccss/date.css
INFO: [ app_init ] --START--
INFO: Run Behavior\BuildLiteBehavior [ RunTime:0.000000s ]
INFO: [ app_init ] --END-- [ RunTime:0.000000s ]
ERR: 无法加载模块:Application

[ 2017-11-12T11:38:29+08:00 ] ::1 /Application/Admin/Publiccss/jquery-ui.css
INFO: [ app_init ] --START--
INFO: Run Behavior\BuildLiteBehavior [ RunTime:0.000000s ]
INFO: [ app_init ] --END-- [ RunTime:0.000000s ]
ERR: 无法加载模块:Application

[ 2017-11-12T11:38:29+08:00 ] ::1 /Application/Admin/Publiccss/index.css
INFO: [ app_init ] --START--
INFO: Run Behavior\BuildLiteBehavior [ RunTime:0.000000s ]
INFO: [ app_init ] --END-- [ RunTime:0.000000s ]
ERR: 无法加载模块:Application

[ 2017-11-12T11:38:29+08:00 ] ::1 /Application/Admin/Publiccss/magic-check.css
INFO: [ app_init ] --START--
INFO: Run Behavior\BuildLiteBehavior [ RunTime:0.000000s ]
INFO: [ app_init ] --END-- [ RunTime:0.000000s ]
ERR: 无法加载模块:Application

[ 2017-11-12T11:38:29+08:00 ] ::1 /Application/Admin/Publicjs/jquery-3.1.1.min.js
INFO: [ app_init ] --START--
INFO: Run Behavior\BuildLiteBehavior [ RunTime:0.000000s ]
INFO: [ app_init ] --END-- [ RunTime:0.001000s ]
ERR: 无法加载模块:Application

[ 2017-11-12T11:38:29+08:00 ] ::1 /Application/Admin/Publicjs/date.js
INFO: [ app_init ] --START--
INFO: Run Behavior\BuildLiteBehavior [ RunTime:0.000000s ]
INFO: [ app_init ] --END-- [ RunTime:0.000000s ]
ERR: 无法加载模块:Application

[ 2017-11-12T11:38:29+08:00 ] ::1 /Application/Admin/Publicjs/public.js
INFO: [ app_init ] --START--
INFO: Run Behavior\BuildLiteBehavior [ RunTime:0.000000s ]
INFO: [ app_init ] --END-- [ RunTime:0.001000s ]
ERR: 无法加载模块:Application

[ 2017-11-12T11:38:29+08:00 ] ::1 /Application/Admin/Publicjs/bootstrap.min.js
INFO: [ app_init ] --START--
INFO: Run Behavior\BuildLiteBehavior [ RunTime:0.000000s ]
INFO: [ app_init ] --END-- [ RunTime:0.001000s ]
ERR: 无法加载模块:Application

[ 2017-11-12T11:38:29+08:00 ] ::1 /Application/Admin/Publicjs/jquery-validate.js
INFO: [ app_init ] --START--
INFO: Run Behavior\BuildLiteBehavior [ RunTime:0.000000s ]
INFO: [ app_init ] --END-- [ RunTime:0.000000s ]
ERR: 无法加载模块:Application

[ 2017-11-12T11:38:29+08:00 ] ::1 /Application/Admin/Publicjs/validator.js
INFO: [ app_init ] --START--
INFO: Run Behavior\BuildLiteBehavior [ RunTime:0.000000s ]
INFO: [ app_init ] --END-- [ RunTime:0.001000s ]
ERR: 无法加载模块:Application

[ 2017-11-12T11:38:29+08:00 ] ::1 /Application/Admin/Publicjs/index.js
INFO: [ app_init ] --START--
INFO: Run Behavior\BuildLiteBehavior [ RunTime:0.000000s ]
INFO: [ app_init ] --END-- [ RunTime:0.000000s ]
ERR: 无法加载模块:Application

[ 2017-11-12T11:38:29+08:00 ] ::1 /Application/Admin/Publicimages/photo_icon.png
INFO: [ app_init ] --START--
INFO: Run Behavior\BuildLiteBehavior [ RunTime:0.000000s ]
INFO: [ app_init ] --END-- [ RunTime:0.000000s ]
ERR: 无法加载模块:Application

[ 2017-11-12T11:38:29+08:00 ] ::1 /Application/Admin/Publicjs/public.js
INFO: [ app_init ] --START--
INFO: Run Behavior\BuildLiteBehavior [ RunTime:0.000000s ]
INFO: [ app_init ] --END-- [ RunTime:0.000000s ]
ERR: 无法加载模块:Application

[ 2017-11-12T11:38:29+08:00 ] ::1 /Application/Admin/Publicjs/date.js
INFO: [ app_init ] --START--
INFO: Run Behavior\BuildLiteBehavior [ RunTime:0.000000s ]
INFO: [ app_init ] --END-- [ RunTime:0.000000s ]
ERR: 无法加载模块:Application

[ 2017-11-12T11:38:29+08:00 ] ::1 /Application/Admin/Publicjs/jquery-validate.js
INFO: [ app_init ] --START--
INFO: Run Behavior\BuildLiteBehavior [ RunTime:0.000000s ]
INFO: [ app_init ] --END-- [ RunTime:0.000000s ]
ERR: 无法加载模块:Application

[ 2017-11-12T11:38:29+08:00 ] ::1 /Application/Admin/Publicjs/validator.js
INFO: [ app_init ] --START--
INFO: Run Behavior\BuildLiteBehavior [ RunTime:0.000000s ]
INFO: [ app_init ] --END-- [ RunTime:0.000000s ]
ERR: 无法加载模块:Application

[ 2017-11-12T11:38:29+08:00 ] ::1 /Application/Admin/Publicjs/index.js
INFO: [ app_init ] --START--
INFO: Run Behavior\BuildLiteBehavior [ RunTime:0.000000s ]
INFO: [ app_init ] --END-- [ RunTime:0.001000s ]
ERR: 无法加载模块:Application

[ 2017-11-12T11:38:29+08:00 ] ::1 /Application/Admin/Publicjedate/jedate.js
INFO: [ app_init ] --START--
INFO: Run Behavior\BuildLiteBehavior [ RunTime:0.000000s ]
INFO: [ app_init ] --END-- [ RunTime:0.000000s ]
ERR: 无法加载模块:Application

[ 2017-11-12T11:38:29+08:00 ] ::1 /Application/Admin/Publicimages/photo_icon.png
INFO: [ app_init ] --START--
INFO: Run Behavior\BuildLiteBehavior [ RunTime:0.000000s ]
INFO: [ app_init ] --END-- [ RunTime:0.000000s ]
ERR: 无法加载模块:Application

[ 2017-11-12T11:40:39+08:00 ] ::1 /Application/Admin/Public/js/jquery-validate.js
INFO: [ app_init ] --START--
INFO: Run Behavior\BuildLiteBehavior [ RunTime:0.000000s ]
INFO: [ app_init ] --END-- [ RunTime:0.001000s ]
ERR: 无法加载模块:Application

[ 2017-11-12T11:40:39+08:00 ] ::1 /Application/Admin/Public/js/date.js
INFO: [ app_init ] --START--
INFO: Run Behavior\BuildLiteBehavior [ RunTime:0.000000s ]
INFO: [ app_init ] --END-- [ RunTime:0.001000s ]
ERR: 无法加载模块:Application

[ 2017-11-12T11:40:39+08:00 ] ::1 /Application/Admin/Publicimages/photo_icon.png
INFO: [ app_init ] --START--
INFO: Run Behavior\BuildLiteBehavior [ RunTime:0.000000s ]
INFO: [ app_init ] --END-- [ RunTime:0.000000s ]
ERR: 无法加载模块:Application

[ 2017-11-12T11:40:39+08:00 ] ::1 /Application/Admin/Public/js/date.js
INFO: [ app_init ] --START--
INFO: Run Behavior\BuildLiteBehavior [ RunTime:0.000000s ]
INFO: [ app_init ] --END-- [ RunTime:0.000000s ]
ERR: 无法加载模块:Application

[ 2017-11-12T11:40:39+08:00 ] ::1 /Application/Admin/Public/js/jquery-validate.js
INFO: [ app_init ] --START--
INFO: Run Behavior\BuildLiteBehavior [ RunTime:0.000000s ]
INFO: [ app_init ] --END-- [ RunTime:0.001000s ]
ERR: 无法加载模块:Application

[ 2017-11-12T11:40:39+08:00 ] ::1 /Application/Admin/Publicimages/photo_icon.png
INFO: [ app_init ] --START--
INFO: Run Behavior\BuildLiteBehavior [ RunTime:0.001000s ]
INFO: [ app_init ] --END-- [ RunTime:0.001000s ]
ERR: 无法加载模块:Application

[ 2017-11-12T11:46:23+08:00 ] ::1 /Application/Admin/Public/js/date.js
INFO: [ app_init ] --START--
INFO: Run Behavior\BuildLiteBehavior [ RunTime:0.000000s ]
INFO: [ app_init ] --END-- [ RunTime:0.001000s ]
ERR: 无法加载模块:Application

[ 2017-11-12T11:46:23+08:00 ] ::1 /Application/Admin/Public/js/jquery-validate.js
INFO: [ app_init ] --START--
INFO: Run Behavior\BuildLiteBehavior [ RunTime:0.000000s ]
INFO: [ app_init ] --END-- [ RunTime:0.000000s ]
ERR: 无法加载模块:Application

[ 2017-11-12T11:46:23+08:00 ] ::1 /Application/Admin/Publicimages/photo_icon.png
INFO: [ app_init ] --START--
INFO: Run Behavior\BuildLiteBehavior [ RunTime:0.000000s ]
INFO: [ app_init ] --END-- [ RunTime:0.001000s ]
ERR: 无法加载模块:Application

[ 2017-11-12T11:46:51+08:00 ] ::1 /Application/Admin/Public/css/bootstrap.min.css.map
INFO: [ app_init ] --START--
INFO: Run Behavior\BuildLiteBehavior [ RunTime:0.000000s ]
INFO: [ app_init ] --END-- [ RunTime:0.000000s ]
ERR: 无法加载模块:Application

[ 2017-11-12T11:47:30+08:00 ] ::1 /Application/Admin/Public/js/date.js
INFO: [ app_init ] --START--
INFO: Run Behavior\BuildLiteBehavior [ RunTime:0.000000s ]
INFO: [ app_init ] --END-- [ RunTime:0.000000s ]
ERR: 无法加载模块:Application

[ 2017-11-12T11:47:30+08:00 ] ::1 /Application/Admin/Public/js/jquery-validate.js
INFO: [ app_init ] --START--
INFO: Run Behavior\BuildLiteBehavior [ RunTime:0.000000s ]
INFO: [ app_init ] --END-- [ RunTime:0.000000s ]
ERR: 无法加载模块:Application

[ 2017-11-12T11:47:30+08:00 ] ::1 /Application/Admin/Publicimages/photo_icon.png
INFO: [ app_init ] --START--
INFO: Run Behavior\BuildLiteBehavior [ RunTime:0.000000s ]
INFO: [ app_init ] --END-- [ RunTime:0.001000s ]
ERR: 无法加载模块:Application

[ 2017-11-12T11:47:36+08:00 ] ::1 /Application/Admin/Public/js/date.js
INFO: [ app_init ] --START--
INFO: Run Behavior\BuildLiteBehavior [ RunTime:0.000000s ]
INFO: [ app_init ] --END-- [ RunTime:0.001000s ]
ERR: 无法加载模块:Application

[ 2017-11-12T11:47:36+08:00 ] ::1 /Application/Admin/Public/js/jquery-validate.js
INFO: [ app_init ] --START--
INFO: Run Behavior\BuildLiteBehavior [ RunTime:0.000000s ]
INFO: [ app_init ] --END-- [ RunTime:0.001000s ]
ERR: 无法加载模块:Application

[ 2017-11-12T11:47:36+08:00 ] ::1 /Application/Admin/Publicimages/photo_icon.png
INFO: [ app_init ] --START--
INFO: Run Behavior\BuildLiteBehavior [ RunTime:0.000000s ]
INFO: [ app_init ] --END-- [ RunTime:0.000000s ]
ERR: 无法加载模块:Application

[ 2017-11-12T11:48:27+08:00 ] ::1 /Application/Admin/Public/js/date.js
INFO: [ app_init ] --START--
INFO: Run Behavior\BuildLiteBehavior [ RunTime:0.000000s ]
INFO: [ app_init ] --END-- [ RunTime:0.000000s ]
ERR: 无法加载模块:Application

[ 2017-11-12T11:48:27+08:00 ] ::1 /Application/Admin/Public/js/jquery-validate.js
INFO: [ app_init ] --START--
INFO: Run Behavior\BuildLiteBehavior [ RunTime:0.000000s ]
INFO: [ app_init ] --END-- [ RunTime:0.001000s ]
ERR: 无法加载模块:Application

[ 2017-11-12T11:48:27+08:00 ] ::1 /Application/Admin/Publicimages/photo_icon.png
INFO: [ app_init ] --START--
INFO: Run Behavior\BuildLiteBehavior [ RunTime:0.000000s ]
INFO: [ app_init ] --END-- [ RunTime:0.001000s ]
ERR: 无法加载模块:Application

[ 2017-11-12T12:03:57+08:00 ] ::1 /Uploads/510107199511031271/%E5%AE%8B%E6%97%AD%E7%BC%98%E7%85%A7%E7%89%87.jpg
INFO: [ app_init ] --START--
INFO: Run Behavior\BuildLiteBehavior [ RunTime:0.000000s ]
INFO: [ app_init ] --END-- [ RunTime:0.000000s ]
ERR: 无法加载模块:Uploads

[ 2017-11-12T12:03:57+08:00 ] ::1 /Uploads/510107199511031271/%E5%AE%8B%E6%97%AD%E7%BC%98%E8%BA%AB%E4%BB%BD%E8%AF%81%E6%AD%A3%E9%9D%A2.jpg
INFO: [ app_init ] --START--
INFO: Run Behavior\BuildLiteBehavior [ RunTime:0.000000s ]
INFO: [ app_init ] --END-- [ RunTime:0.000000s ]
ERR: 无法加载模块:Uploads

[ 2017-11-12T12:03:57+08:00 ] ::1 /Uploads/510107199511031271/%E5%AE%8B%E6%97%AD%E7%BC%98%E8%BA%AB%E4%BB%BD%E8%AF%81%E8%83%8C%E9%9D%A2.jpg
INFO: [ app_init ] --START--
INFO: Run Behavior\BuildLiteBehavior [ RunTime:0.000000s ]
INFO: [ app_init ] --END-- [ RunTime:0.000000s ]
ERR: 无法加载模块:Uploads

[ 2017-11-12T12:03:57+08:00 ] ::1 /Uploads/510107199511031271/%E5%AE%8B%E6%97%AD%E7%BC%98%E6%AF%95%E4%B8%9A%E8%AF%81.jpg
INFO: [ app_init ] --START--
INFO: Run Behavior\BuildLiteBehavior [ RunTime:0.000000s ]
INFO: [ app_init ] --END-- [ RunTime:0.001000s ]
ERR: 无法加载模块:Uploads

[ 2017-11-12T12:03:57+08:00 ] ::1 /Uploads/510107199511031271/%E5%AE%8B%E6%97%AD%E7%BC%98%E4%BB%8E%E4%B8%9A%E7%A4%BE%E4%BF%9D%E8%AF%81%E6%98%8E.jpg
INFO: [ app_init ] --START--
INFO: Run Behavior\BuildLiteBehavior [ RunTime:0.000000s ]
INFO: [ app_init ] --END-- [ RunTime:0.000000s ]
ERR: 无法加载模块:Uploads

[ 2017-11-12T12:03:57+08:00 ] ::1 /Uploads/510107199511031271/%E5%AE%8B%E6%97%AD%E7%BC%98%E8%81%8C%E7%A7%B0%E8%AF%81.jpg
INFO: [ app_init ] --START--
INFO: Run Behavior\BuildLiteBehavior [ RunTime:0.000000s ]
INFO: [ app_init ] --END-- [ RunTime:0.001000s ]
ERR: 无法加载模块:Uploads

[ 2017-11-12T12:32:18+08:00 ] ::1 /Application/Admin/Public/js/date.js
INFO: [ app_init ] --START--
INFO: Run Behavior\BuildLiteBehavior [ RunTime:0.000000s ]
INFO: [ app_init ] --END-- [ RunTime:0.001000s ]
ERR: 无法加载模块:Application

[ 2017-11-12T12:32:18+08:00 ] ::1 /Application/Admin/Public/js/jquery-validate.js
INFO: [ app_init ] --START--
INFO: Run Behavior\BuildLiteBehavior [ RunTime:0.000000s ]
INFO: [ app_init ] --END-- [ RunTime:0.000000s ]
ERR: 无法加载模块:Application

[ 2017-11-12T12:32:18+08:00 ] ::1 /Application/Admin/Publicimages/photo_icon.png
INFO: [ app_init ] --START--
INFO: Run Behavior\BuildLiteBehavior [ RunTime:0.000000s ]
INFO: [ app_init ] --END-- [ RunTime:0.001000s ]
ERR: 无法加载模块:Application

[ 2017-11-12T12:32:57+08:00 ] ::1 /Uploads/510107199511031271/%E5%AE%8B%E6%97%AD%E7%BC%98%E7%85%A7%E7%89%87.jpg
INFO: [ app_init ] --START--
INFO: Run Behavior\BuildLiteBehavior [ RunTime:0.000000s ]
INFO: [ app_init ] --END-- [ RunTime:0.001001s ]
ERR: 无法加载模块:Uploads

[ 2017-11-12T12:32:57+08:00 ] ::1 /Uploads/510107199511031271/%E5%AE%8B%E6%97%AD%E7%BC%98%E8%BA%AB%E4%BB%BD%E8%AF%81%E6%AD%A3%E9%9D%A2.jpg
INFO: [ app_init ] --START--
INFO: Run Behavior\BuildLiteBehavior [ RunTime:0.000000s ]
INFO: [ app_init ] --END-- [ RunTime:0.000000s ]
ERR: 无法加载模块:Uploads

[ 2017-11-12T12:32:57+08:00 ] ::1 /Uploads/510107199511031271/%E5%AE%8B%E6%97%AD%E7%BC%98%E8%BA%AB%E4%BB%BD%E8%AF%81%E8%83%8C%E9%9D%A2.jpg
INFO: [ app_init ] --START--
INFO: Run Behavior\BuildLiteBehavior [ RunTime:0.000000s ]
INFO: [ app_init ] --END-- [ RunTime:0.000000s ]
ERR: 无法加载模块:Uploads

[ 2017-11-12T12:32:57+08:00 ] ::1 /Uploads/510107199511031271/%E5%AE%8B%E6%97%AD%E7%BC%98%E6%AF%95%E4%B8%9A%E8%AF%81.jpg
INFO: [ app_init ] --START--
INFO: Run Behavior\BuildLiteBehavior [ RunTime:0.000000s ]
INFO: [ app_init ] --END-- [ RunTime:0.000000s ]
ERR: 无法加载模块:Uploads

[ 2017-11-12T12:32:57+08:00 ] ::1 /Uploads/510107199511031271/%E5%AE%8B%E6%97%AD%E7%BC%98%E4%BB%8E%E4%B8%9A%E7%A4%BE%E4%BF%9D%E8%AF%81%E6%98%8E.jpg
INFO: [ app_init ] --START--
INFO: Run Behavior\BuildLiteBehavior [ RunTime:0.000000s ]
INFO: [ app_init ] --END-- [ RunTime:0.000000s ]
ERR: 无法加载模块:Uploads

[ 2017-11-12T12:32:57+08:00 ] ::1 /Uploads/510107199511031271/%E5%AE%8B%E6%97%AD%E7%BC%98%E8%81%8C%E7%A7%B0%E8%AF%81.jpg
INFO: [ app_init ] --START--
INFO: Run Behavior\BuildLiteBehavior [ RunTime:0.000000s ]
INFO: [ app_init ] --END-- [ RunTime:0.000000s ]
ERR: 无法加载模块:Uploads

[ 2017-11-12T12:49:23+08:00 ] ::1 /Application/Admin/Public/js/date.js
INFO: [ app_init ] --START--
INFO: Run Behavior\BuildLiteBehavior [ RunTime:0.000000s ]
INFO: [ app_init ] --END-- [ RunTime:0.000000s ]
ERR: 无法加载模块:Application

[ 2017-11-12T12:49:23+08:00 ] ::1 /Application/Admin/Public/js/jquery-validate.js
INFO: [ app_init ] --START--
INFO: Run Behavior\BuildLiteBehavior [ RunTime:0.000000s ]
INFO: [ app_init ] --END-- [ RunTime:0.000000s ]
ERR: 无法加载模块:Application

[ 2017-11-12T12:49:23+08:00 ] ::1 /Application/Admin/Publicimages/photo_icon.png
INFO: [ app_init ] --START--
INFO: Run Behavior\BuildLiteBehavior [ RunTime:0.000000s ]
INFO: [ app_init ] --END-- [ RunTime:0.001000s ]
ERR: 无法加载模块:Application

[ 2017-11-12T12:49:26+08:00 ] ::1 /Application/Admin/Public/css/bootstrap.min.css.map
INFO: [ app_init ] --START--
INFO: Run Behavior\BuildLiteBehavior [ RunTime:0.000000s ]
INFO: [ app_init ] --END-- [ RunTime:0.000000s ]
ERR: 无法加载模块:Application

[ 2017-11-12T12:50:02+08:00 ] ::1 /Application/Admin/Public/js/jquery-validate.js
INFO: [ app_init ] --START--
INFO: Run Behavior\BuildLiteBehavior [ RunTime:0.000000s ]
INFO: [ app_init ] --END-- [ RunTime:0.001000s ]
ERR: 无法加载模块:Application

[ 2017-11-12T12:50:02+08:00 ] ::1 /Application/Admin/Publicimages/photo_icon.png
INFO: [ app_init ] --START--
INFO: Run Behavior\BuildLiteBehavior [ RunTime:0.000000s ]
INFO: [ app_init ] --END-- [ RunTime:0.000000s ]
ERR: 无法加载模块:Application

[ 2017-11-12T12:50:02+08:00 ] ::1 /Application/Admin/Public/js/jquery-validate.js
INFO: [ app_init ] --START--
INFO: Run Behavior\BuildLiteBehavior [ RunTime:0.000000s ]
INFO: [ app_init ] --END-- [ RunTime:0.001000s ]
ERR: 无法加载模块:Application

[ 2017-11-12T12:50:02+08:00 ] ::1 /Application/Admin/Publicimages/photo_icon.png
INFO: [ app_init ] --START--
INFO: Run Behavior\BuildLiteBehavior [ RunTime:0.000000s ]
INFO: [ app_init ] --END-- [ RunTime:0.001000s ]
ERR: 无法加载模块:Application

[ 2017-11-12T12:50:02+08:00 ] ::1 /Application/Admin/Public/css/bootstrap.min.css.map
INFO: [ app_init ] --START--
INFO: Run Behavior\BuildLiteBehavior [ RunTime:0.000000s ]
INFO: [ app_init ] --END-- [ RunTime:0.000000s ]
ERR: 无法加载模块:Application

[ 2017-11-12T12:50:32+08:00 ] ::1 /Application/Admin/Publicimages/photo_icon.png
INFO: [ app_init ] --START--
INFO: Run Behavior\BuildLiteBehavior [ RunTime:0.000000s ]
INFO: [ app_init ] --END-- [ RunTime:0.000000s ]
ERR: 无法加载模块:Application

[ 2017-11-12T12:50:32+08:00 ] ::1 /Application/Admin/Publicimages/photo_icon.png
INFO: [ app_init ] --START--
INFO: Run Behavior\BuildLiteBehavior [ RunTime:0.000000s ]
INFO: [ app_init ] --END-- [ RunTime:0.001000s ]
ERR: 无法加载模块:Application

[ 2017-11-12T12:50:32+08:00 ] ::1 /Application/Admin/Public/css/bootstrap.min.css.map
INFO: [ app_init ] --START--
INFO: Run Behavior\BuildLiteBehavior [ RunTime:0.000000s ]
INFO: [ app_init ] --END-- [ RunTime:0.000000s ]
ERR: 无法加载模块:Application

[ 2017-11-12T12:51:34+08:00 ] ::1 /Application/Admin/Public/css/bootstrap.min.css.map
INFO: [ app_init ] --START--
INFO: Run Behavior\BuildLiteBehavior [ RunTime:0.000000s ]
INFO: [ app_init ] --END-- [ RunTime:0.000000s ]
ERR: 无法加载模块:Application

[ 2017-11-12T12:52:25+08:00 ] ::1 /Application/Admin/Public/css/bootstrap.min.css.map
INFO: [ app_init ] --START--
INFO: Run Behavior\BuildLiteBehavior [ RunTime:0.000000s ]
INFO: [ app_init ] --END-- [ RunTime:0.000000s ]
ERR: 无法加载模块:Application

[ 2017-11-12T16:43:54+08:00 ] ::1 /Application/Admin/Publicbootstrap/js/bootstrap.min.js
INFO: [ app_init ] --START--
INFO: Run Behavior\BuildLiteBehavior [ RunTime:0.000000s ]
INFO: [ app_init ] --END-- [ RunTime:0.001000s ]
ERR: 无法加载模块:Application

[ 2017-11-12T16:43:54+08:00 ] ::1 /Application/Admin/Publicjs/Particleground.js
INFO: [ app_init ] --START--
INFO: Run Behavior\BuildLiteBehavior [ RunTime:0.000000s ]
INFO: [ app_init ] --END-- [ RunTime:0.000000s ]
ERR: 无法加载模块:Application

[ 2017-11-12T16:43:54+08:00 ] ::1 /Application/Admin/Publicjs/jquery-validate.js
INFO: [ app_init ] --START--
INFO: Run Behavior\BuildLiteBehavior [ RunTime:0.000000s ]
INFO: [ app_init ] --END-- [ RunTime:0.001000s ]
ERR: 无法加载模块:Application

[ 2017-11-12T16:43:54+08:00 ] ::1 /Application/Admin/Publiccss/style.css
INFO: [ app_init ] --START--
INFO: Run Behavior\BuildLiteBehavior [ RunTime:0.000000s ]
INFO: [ app_init ] --END-- [ RunTime:0.000000s ]
ERR: 无法加载模块:Application

[ 2017-11-12T16:43:54+08:00 ] ::1 /Application/Admin/Publicjs/verificationNumbers.js
INFO: [ app_init ] --START--
INFO: Run Behavior\BuildLiteBehavior [ RunTime:0.000000s ]
INFO: [ app_init ] --END-- [ RunTime:0.001000s ]
ERR: 无法加载模块:Application

[ 2017-11-12T16:43:54+08:00 ] ::1 /Application/Admin/Publicjs/jquery-3.1.1.min.js
INFO: [ app_init ] --START--
INFO: Run Behavior\BuildLiteBehavior [ RunTime:0.000000s ]
INFO: [ app_init ] --END-- [ RunTime:0.000000s ]
ERR: 无法加载模块:Application

[ 2017-11-12T16:43:54+08:00 ] ::1 /Application/Admin/Publicbootstrap/js/bootstrap.min.js
INFO: [ app_init ] --START--
INFO: Run Behavior\BuildLiteBehavior [ RunTime:0.000000s ]
INFO: [ app_init ] --END-- [ RunTime:0.000000s ]
ERR: 无法加载模块:Application

[ 2017-11-12T16:43:54+08:00 ] ::1 /Application/Admin/Publicjs/verificationNumbers.js
INFO: [ app_init ] --START--
INFO: Run Behavior\BuildLiteBehavior [ RunTime:0.000000s ]
INFO: [ app_init ] --END-- [ RunTime:0.000000s ]
ERR: 无法加载模块:Application

[ 2017-11-12T16:43:54+08:00 ] ::1 /Application/Admin/Publicjs/Particleground.js
INFO: [ app_init ] --START--
INFO: Run Behavior\BuildLiteBehavior [ RunTime:0.000000s ]
INFO: [ app_init ] --END-- [ RunTime:0.000000s ]
ERR: 无法加载模块:Application

[ 2017-11-12T16:43:54+08:00 ] ::1 /Application/Admin/Publicjs/jquery-validate.js
INFO: [ app_init ] --START--
INFO: Run Behavior\BuildLiteBehavior [ RunTime:0.000000s ]
INFO: [ app_init ] --END-- [ RunTime:0.001001s ]
ERR: 无法加载模块:Application

[ 2017-11-12T16:43:54+08:00 ] ::1 /Application/Admin/Publiccss/style.css
INFO: [ app_init ] --START--
INFO: Run Behavior\BuildLiteBehavior [ RunTime:0.000000s ]
INFO: [ app_init ] --END-- [ RunTime:0.001000s ]
ERR: 无法加载模块:Application

[ 2017-11-12T18:06:02+08:00 ] ::1 /favicon.ico
INFO: [ app_init ] --START--
INFO: Run Behavior\BuildLiteBehavior [ RunTime:0.000000s ]
INFO: [ app_init ] --END-- [ RunTime:0.001000s ]
ERR: 无法加载模块:Favicon

[ 2017-11-12T20:19:07+08:00 ] ::1 /Uploads/510107199511031278/%E5%90%83%E9%B8%A1%E7%85%A7%E7%89%87.jpg
INFO: [ app_init ] --START--
INFO: Run Behavior\BuildLiteBehavior [ RunTime:0.000000s ]
INFO: [ app_init ] --END-- [ RunTime:0.000000s ]
ERR: 无法加载模块:Uploads

[ 2017-11-12T20:19:07+08:00 ] ::1 /Uploads/510107199511031278/%E5%90%83%E9%B8%A1%E8%BA%AB%E4%BB%BD%E8%AF%81%E6%AD%A3%E9%9D%A2.jpg
INFO: [ app_init ] --START--
INFO: Run Behavior\BuildLiteBehavior [ RunTime:0.001000s ]
INFO: [ app_init ] --END-- [ RunTime:0.001000s ]
ERR: 无法加载模块:Uploads

[ 2017-11-12T20:19:07+08:00 ] ::1 /Uploads/510107199511031278/%E5%90%83%E9%B8%A1%E8%BA%AB%E4%BB%BD%E8%AF%81%E8%83%8C%E9%9D%A2.jpg
INFO: [ app_init ] --START--
INFO: Run Behavior\BuildLiteBehavior [ RunTime:0.000000s ]
INFO: [ app_init ] --END-- [ RunTime:0.000000s ]
ERR: 无法加载模块:Uploads

[ 2017-11-12T20:19:07+08:00 ] ::1 /Uploads/510107199511031278/%E5%90%83%E9%B8%A1%E4%BB%8E%E4%B8%9A%E7%A4%BE%E4%BF%9D%E8%AF%81%E6%98%8E.jpg
INFO: [ app_init ] --START--
INFO: Run Behavior\BuildLiteBehavior [ RunTime:0.000000s ]
INFO: [ app_init ] --END-- [ RunTime:0.000000s ]
ERR: 无法加载模块:Uploads

[ 2017-11-12T20:19:07+08:00 ] ::1 /Uploads/510107199511031278/%E5%90%83%E9%B8%A1%E6%AF%95%E4%B8%9A%E8%AF%81.jpg
INFO: [ app_init ] --START--
INFO: Run Behavior\BuildLiteBehavior [ RunTime:0.000000s ]
INFO: [ app_init ] --END-- [ RunTime:0.000000s ]
ERR: 无法加载模块:Uploads

[ 2017-11-12T20:19:07+08:00 ] ::1 /Uploads/510107199511031278/%E5%90%83%E9%B8%A1%E8%81%8C%E7%A7%B0%E8%AF%81.jpg
INFO: [ app_init ] --START--
INFO: Run Behavior\BuildLiteBehavior [ RunTime:0.000000s ]
INFO: [ app_init ] --END-- [ RunTime:0.000000s ]
ERR: 无法加载模块:Uploads

[ 2017-11-12T21:36:07+08:00 ] ::1 /favicon.ico
INFO: [ app_init ] --START--
INFO: Run Behavior\BuildLiteBehavior [ RunTime:0.000000s ]
INFO: [ app_init ] --END-- [ RunTime:0.000000s ]
ERR: 无法加载模块:Favicon

[ 2017-11-12T21:36:40+08:00 ] ::1 /Uploads/510107199511031271/%E5%AE%8B%E6%97%AD%E7%BC%98.jpg
INFO: [ app_init ] --START--
INFO: Run Behavior\BuildLiteBehavior [ RunTime:0.000000s ]
INFO: [ app_init ] --END-- [ RunTime:0.001000s ]
ERR: 无法加载模块:Uploads

[ 2017-11-12T21:40:25+08:00 ] ::1 /Uploads/510107199511031271/%E5%AE%8B%E6%97%AD%E7%BC%98.jpg
INFO: [ app_init ] --START--
INFO: Run Behavior\BuildLiteBehavior [ RunTime:0.000000s ]
INFO: [ app_init ] --END-- [ RunTime:0.000000s ]
ERR: 无法加载模块:Uploads

[ 2017-11-12T21:40:55+08:00 ] ::1 /Uploads/510107199511031271/%E5%AE%8B%E6%97%AD%E7%BC%98.jpg
INFO: [ app_init ] --START--
INFO: Run Behavior\BuildLiteBehavior [ RunTime:0.000000s ]
INFO: [ app_init ] --END-- [ RunTime:0.001000s ]
ERR: 无法加载模块:Uploads

[ 2017-11-12T21:40:57+08:00 ] ::1 /Uploads/510107199511031271/%E5%AE%8B%E6%97%AD%E7%BC%98.jpg
INFO: [ app_init ] --START--
INFO: Run Behavior\BuildLiteBehavior [ RunTime:0.000000s ]
INFO: [ app_init ] --END-- [ RunTime:0.000000s ]
ERR: 无法加载模块:Uploads

[ 2017-11-12T21:40:58+08:00 ] ::1 /Uploads/510107199511031271/%E5%AE%8B%E6%97%AD%E7%BC%98.jpg
INFO: [ app_init ] --START--
INFO: Run Behavior\BuildLiteBehavior [ RunTime:0.000000s ]
INFO: [ app_init ] --END-- [ RunTime:0.000000s ]
ERR: 无法加载模块:Uploads

[ 2017-11-12T21:40:58+08:00 ] ::1 /Uploads/510107199511031271/%E5%AE%8B%E6%97%AD%E7%BC%98.jpg
INFO: [ app_init ] --START--
INFO: Run Behavior\BuildLiteBehavior [ RunTime:0.000000s ]
INFO: [ app_init ] --END-- [ RunTime:0.000000s ]
ERR: 无法加载模块:Uploads

[ 2017-11-12T21:40:58+08:00 ] ::1 /Uploads/510107199511031271/%E5%AE%8B%E6%97%AD%E7%BC%98.jpg
INFO: [ app_init ] --START--
INFO: Run Behavior\BuildLiteBehavior [ RunTime:0.000000s ]
INFO: [ app_init ] --END-- [ RunTime:0.001000s ]
ERR: 无法加载模块:Uploads

[ 2017-11-12T21:40:58+08:00 ] ::1 /Uploads/510107199511031271/%E5%AE%8B%E6%97%AD%E7%BC%98.jpg
INFO: [ app_init ] --START--
INFO: Run Behavior\BuildLiteBehavior [ RunTime:0.000000s ]
INFO: [ app_init ] --END-- [ RunTime:0.000000s ]
ERR: 无法加载模块:Uploads

[ 2017-11-12T21:41:21+08:00 ] ::1 /Uploads/510107199511031271/%E5%AE%8B%E6%97%AD%E7%BC%98.jpg
INFO: [ app_init ] --START--
INFO: Run Behavior\BuildLiteBehavior [ RunTime:0.000000s ]
INFO: [ app_init ] --END-- [ RunTime:0.000000s ]
ERR: 无法加载模块:Uploads

[ 2017-11-12T21:41:21+08:00 ] ::1 /Uploads/510107199511031271/%E5%AE%8B%E6%97%AD%E7%BC%98.jpg
INFO: [ app_init ] --START--
INFO: Run Behavior\BuildLiteBehavior [ RunTime:0.000000s ]
INFO: [ app_init ] --END-- [ RunTime:0.000000s ]
ERR: 无法加载模块:Uploads

[ 2017-11-12T21:41:21+08:00 ] ::1 /Uploads/510107199511031271/%E5%AE%8B%E6%97%AD%E7%BC%98.jpg
INFO: [ app_init ] --START--
INFO: Run Behavior\BuildLiteBehavior [ RunTime:0.000000s ]
INFO: [ app_init ] --END-- [ RunTime:0.001000s ]
ERR: 无法加载模块:Uploads

[ 2017-11-12T21:41:22+08:00 ] ::1 /Uploads/510107199511031271/%E5%AE%8B%E6%97%AD%E7%BC%98.jpg
INFO: [ app_init ] --START--
INFO: Run Behavior\BuildLiteBehavior [ RunTime:0.000000s ]
INFO: [ app_init ] --END-- [ RunTime:0.000000s ]
ERR: 无法加载模块:Uploads

[ 2017-11-12T21:42:17+08:00 ] ::1 /Uploads/510107199511031271/%E5%AE%8B%E6%97%AD%E7%BC%98.jpg
INFO: [ app_init ] --START--
INFO: Run Behavior\BuildLiteBehavior [ RunTime:0.000000s ]
INFO: [ app_init ] --END-- [ RunTime:0.000000s ]
ERR: 无法加载模块:Uploads

[ 2017-11-12T21:44:30+08:00 ] ::1 /Uploads/510107199511031271/%E5%AE%8B%E6%97%AD%E7%BC%98.jpg
INFO: [ app_init ] --START--
INFO: Run Behavior\BuildLiteBehavior [ RunTime:0.000000s ]
INFO: [ app_init ] --END-- [ RunTime:0.001000s ]
ERR: 无法加载模块:Uploads

[ 2017-11-12T21:44:58+08:00 ] ::1 /Uploads/510107199511031271/%E5%AE%8B%E6%97%AD%E7%BC%98.jpg
INFO: [ app_init ] --START--
INFO: Run Behavior\BuildLiteBehavior [ RunTime:0.000000s ]
INFO: [ app_init ] --END-- [ RunTime:0.000000s ]
ERR: 无法加载模块:Uploads

[ 2017-11-12T21:45:00+08:00 ] ::1 /Uploads/510107199511031271/%E5%AE%8B%E6%97%AD%E7%BC%98.jpg
INFO: [ app_init ] --START--
INFO: Run Behavior\BuildLiteBehavior [ RunTime:0.000000s ]
INFO: [ app_init ] --END-- [ RunTime:0.000000s ]
ERR: 无法加载模块:Uploads

[ 2017-11-12T21:45:01+08:00 ] ::1 /Uploads/510107199511031271/%E5%AE%8B%E6%97%AD%E7%BC%98.jpg
INFO: [ app_init ] --START--
INFO: Run Behavior\BuildLiteBehavior [ RunTime:0.000000s ]
INFO: [ app_init ] --END-- [ RunTime:0.000000s ]
ERR: 无法加载模块:Uploads

[ 2017-11-12T21:45:01+08:00 ] ::1 /Uploads/510107199511031271/%E5%AE%8B%E6%97%AD%E7%BC%98.jpg
INFO: [ app_init ] --START--
INFO: Run Behavior\BuildLiteBehavior [ RunTime:0.000000s ]
INFO: [ app_init ] --END-- [ RunTime:0.001000s ]
ERR: 无法加载模块:Uploads

[ 2017-11-12T21:45:01+08:00 ] ::1 /Uploads/510107199511031271/%E5%AE%8B%E6%97%AD%E7%BC%98.jpg
INFO: [ app_init ] --START--
INFO: Run Behavior\BuildLiteBehavior [ RunTime:0.000000s ]
INFO: [ app_init ] --END-- [ RunTime:0.001000s ]
ERR: 无法加载模块:Uploads

[ 2017-11-12T21:45:01+08:00 ] ::1 /Uploads/510107199511031271/%E5%AE%8B%E6%97%AD%E7%BC%98.jpg
INFO: [ app_init ] --START--
INFO: Run Behavior\BuildLiteBehavior [ RunTime:0.000000s ]
INFO: [ app_init ] --END-- [ RunTime:0.001000s ]
ERR: 无法加载模块:Uploads

[ 2017-11-12T21:45:02+08:00 ] ::1 /Uploads/510107199511031271/%E5%AE%8B%E6%97%AD%E7%BC%98.jpg
INFO: [ app_init ] --START--
INFO: Run Behavior\BuildLiteBehavior [ RunTime:0.000000s ]
INFO: [ app_init ] --END-- [ RunTime:0.001000s ]
ERR: 无法加载模块:Uploads

[ 2017-11-12T21:45:02+08:00 ] ::1 /Uploads/510107199511031271/%E5%AE%8B%E6%97%AD%E7%BC%98.jpg
INFO: [ app_init ] --START--
INFO: Run Behavior\BuildLiteBehavior [ RunTime:0.000000s ]
INFO: [ app_init ] --END-- [ RunTime:0.000000s ]
ERR: 无法加载模块:Uploads

[ 2017-11-12T21:45:03+08:00 ] ::1 /Uploads/510107199511031271/%E5%AE%8B%E6%97%AD%E7%BC%98.jpg
INFO: [ app_init ] --START--
INFO: Run Behavior\BuildLiteBehavior [ RunTime:0.000000s ]
INFO: [ app_init ] --END-- [ RunTime:0.000000s ]
ERR: 无法加载模块:Uploads

[ 2017-11-12T21:45:08+08:00 ] ::1 /Uploads/510107199511031271/%E5%AE%8B%E6%97%AD%E7%BC%98.jpg
INFO: [ app_init ] --START--
INFO: Run Behavior\BuildLiteBehavior [ RunTime:0.000000s ]
INFO: [ app_init ] --END-- [ RunTime:0.000000s ]
ERR: 无法加载模块:Uploads

[ 2017-11-12T21:45:58+08:00 ] ::1 /Uploads/510107199511031271/.jpg
INFO: [ app_init ] --START--
INFO: Run Behavior\BuildLiteBehavior [ RunTime:0.000000s ]
INFO: [ app_init ] --END-- [ RunTime:0.000000s ]
ERR: 无法加载模块:Uploads

[ 2017-11-12T21:45:59+08:00 ] ::1 /Uploads/510107199511031271/.jpg
INFO: [ app_init ] --START--
INFO: Run Behavior\BuildLiteBehavior [ RunTime:0.000000s ]
INFO: [ app_init ] --END-- [ RunTime:0.000000s ]
ERR: 无法加载模块:Uploads

[ 2017-11-12T22:04:47+08:00 ] ::1 /Uploads/510107199511031272/zhouyi%E7%85%A7%E7%89%87.jpg
INFO: [ app_init ] --START--
INFO: Run Behavior\BuildLiteBehavior [ RunTime:0.000000s ]
INFO: [ app_init ] --END-- [ RunTime:0.000000s ]
ERR: 无法加载模块:Uploads

[ 2017-11-12T22:11:15+08:00 ] ::1 /favicon.ico
INFO: [ app_init ] --START--
INFO: Run Behavior\BuildLiteBehavior [ RunTime:0.000000s ]
INFO: [ app_init ] --END-- [ RunTime:0.000000s ]
ERR: 无法加载模块:Favicon

