[ 2017-12-28T22:54:30+08:00 ] 127.0.0.1 /TPdemo/1/Uploads/622224197201131535/4.jpg
INFO: [ app_init ] --START--
INFO: Run Behavior\BuildLiteBehavior [ RunTime:0.000022s ]
INFO: [ app_init ] --END-- [ RunTime:0.000920s ]
ERR: 无法加载模块:Uploads

[ 2017-12-28T22:54:30+08:00 ] 127.0.0.1 /TPdemo/1/Uploads/622224197201131535/1.jpg
INFO: [ app_init ] --START--
INFO: Run Behavior\BuildLiteBehavior [ RunTime:0.000015s ]
INFO: [ app_init ] --END-- [ RunTime:0.000669s ]
ERR: 无法加载模块:Uploads

[ 2017-12-28T22:54:30+08:00 ] 127.0.0.1 /TPdemo/1/Uploads/622224197201131535/2.jpg
INFO: [ app_init ] --START--
INFO: Run Behavior\BuildLiteBehavior [ RunTime:0.000012s ]
INFO: [ app_init ] --END-- [ RunTime:0.000688s ]
ERR: 无法加载模块:Uploads

[ 2017-12-28T22:54:31+08:00 ] 127.0.0.1 /TPdemo/1/Uploads/622224197201131535/6.jpg
INFO: [ app_init ] --START--
INFO: Run Behavior\BuildLiteBehavior [ RunTime:0.000019s ]
INFO: [ app_init ] --END-- [ RunTime:0.000828s ]
ERR: 无法加载模块:Uploads

[ 2017-12-28T22:54:31+08:00 ] 127.0.0.1 /TPdemo/1/Uploads/622224197201131535/5.jpg
INFO: [ app_init ] --START--
INFO: Run Behavior\BuildLiteBehavior [ RunTime:0.000014s ]
INFO: [ app_init ] --END-- [ RunTime:0.000718s ]
ERR: 无法加载模块:Uploads

[ 2017-12-28T22:54:31+08:00 ] 127.0.0.1 /TPdemo/1/Uploads/622224197201131535/3.jpg
INFO: [ app_init ] --START--
INFO: Run Behavior\BuildLiteBehavior [ RunTime:0.000014s ]
INFO: [ app_init ] --END-- [ RunTime:0.000811s ]
ERR: 无法加载模块:Uploads

[ 2017-12-28T22:55:09+08:00 ] 127.0.0.1 /TPdemo/1/Uploads/620422198911226417/1.jpg
INFO: [ app_init ] --START--
INFO: Run Behavior\BuildLiteBehavior [ RunTime:0.000014s ]
INFO: [ app_init ] --END-- [ RunTime:0.000817s ]
ERR: 无法加载模块:Uploads

[ 2017-12-28T22:55:09+08:00 ] 127.0.0.1 /TPdemo/1/Uploads/620422198911226417/2.jpg
INFO: [ app_init ] --START--
INFO: Run Behavior\BuildLiteBehavior [ RunTime:0.000029s ]
INFO: [ app_init ] --END-- [ RunTime:0.001219s ]
ERR: 无法加载模块:Uploads

[ 2017-12-28T22:55:09+08:00 ] 127.0.0.1 /TPdemo/1/Uploads/620422198911226417/3.jpg
INFO: [ app_init ] --START--
INFO: Run Behavior\BuildLiteBehavior [ RunTime:0.000026s ]
INFO: [ app_init ] --END-- [ RunTime:0.001063s ]
ERR: 无法加载模块:Uploads

[ 2017-12-28T22:55:09+08:00 ] 127.0.0.1 /TPdemo/1/Uploads/620422198911226417/4.jpg
INFO: [ app_init ] --START--
INFO: Run Behavior\BuildLiteBehavior [ RunTime:0.000015s ]
INFO: [ app_init ] --END-- [ RunTime:0.000617s ]
ERR: 无法加载模块:Uploads

[ 2017-12-28T22:55:09+08:00 ] 127.0.0.1 /TPdemo/1/Uploads/620422198911226417/5.jpg
INFO: [ app_init ] --START--
INFO: Run Behavior\BuildLiteBehavior [ RunTime:0.000013s ]
INFO: [ app_init ] --END-- [ RunTime:0.000699s ]
ERR: 无法加载模块:Uploads

[ 2017-12-28T22:55:09+08:00 ] 127.0.0.1 /TPdemo/1/Uploads/620422198911226417/6.jpg
INFO: [ app_init ] --START--
INFO: Run Behavior\BuildLiteBehavior [ RunTime:0.000013s ]
INFO: [ app_init ] --END-- [ RunTime:0.000541s ]
ERR: 无法加载模块:Uploads

