[ 2017-11-13T13:08:27+08:00 ] ::1 /favicon.ico
INFO: [ app_init ] --START--
INFO: Run Behavior\BuildLiteBehavior [ RunTime:0.000000s ]
INFO: [ app_init ] --END-- [ RunTime:0.000000s ]
ERR: 无法加载模块:Favicon

[ 2017-11-13T13:16:01+08:00 ] ::1 /favicon.ico
INFO: [ app_init ] --START--
INFO: Run Behavior\BuildLiteBehavior [ RunTime:0.000000s ]
INFO: [ app_init ] --END-- [ RunTime:0.000000s ]
ERR: 无法加载模块:Favicon

[ 2017-11-13T13:21:06+08:00 ] ::1 /Application/Admin/Public/css/bootstrap.min.css.map
INFO: [ app_init ] --START--
INFO: Run Behavior\BuildLiteBehavior [ RunTime:0.000000s ]
INFO: [ app_init ] --END-- [ RunTime:0.000000s ]
ERR: 无法加载模块:Application

[ 2017-11-13T16:33:04+08:00 ] 127.0.0.1 /favicon.ico
INFO: [ app_init ] --START--
INFO: Run Behavior\BuildLiteBehavior [ RunTime:0.000000s ]
INFO: [ app_init ] --END-- [ RunTime:0.001000s ]
ERR: 无法加载模块:Favicon

[ 2017-11-13T16:33:04+08:00 ] 127.0.0.1 /favicon.ico
INFO: [ app_init ] --START--
INFO: Run Behavior\BuildLiteBehavior [ RunTime:0.000000s ]
INFO: [ app_init ] --END-- [ RunTime:0.000000s ]
ERR: 无法加载模块:Favicon

[ 2017-11-13T16:43:08+08:00 ] ::1 /favicon.ico
INFO: [ app_init ] --START--
INFO: Run Behavior\BuildLiteBehavior [ RunTime:0.000000s ]
INFO: [ app_init ] --END-- [ RunTime:0.000000s ]
ERR: 无法加载模块:Favicon

[ 2017-11-13T16:43:08+08:00 ] ::1 /favicon.ico
INFO: [ app_init ] --START--
INFO: Run Behavior\BuildLiteBehavior [ RunTime:0.000000s ]
INFO: [ app_init ] --END-- [ RunTime:0.000000s ]
ERR: 无法加载模块:Favicon

[ 2017-11-13T16:43:10+08:00 ] ::1 /favicon.ico
INFO: [ app_init ] --START--
INFO: Run Behavior\BuildLiteBehavior [ RunTime:0.000000s ]
INFO: [ app_init ] --END-- [ RunTime:0.002500s ]
ERR: 无法加载模块:Favicon

[ 2017-11-13T16:44:03+08:00 ] 127.0.0.1 /favicon.ico
INFO: [ app_init ] --START--
INFO: Run Behavior\BuildLiteBehavior [ RunTime:0.000000s ]
INFO: [ app_init ] --END-- [ RunTime:0.000000s ]
ERR: 无法加载模块:Favicon

[ 2017-11-13T16:44:03+08:00 ] 127.0.0.1 /favicon.ico
INFO: [ app_init ] --START--
INFO: Run Behavior\BuildLiteBehavior [ RunTime:0.000000s ]
INFO: [ app_init ] --END-- [ RunTime:0.000000s ]
ERR: 无法加载模块:Favicon

[ 2017-11-13T17:22:27+08:00 ] 127.0.0.1 /favicon.ico
INFO: [ app_init ] --START--
INFO: Run Behavior\BuildLiteBehavior [ RunTime:0.000000s ]
INFO: [ app_init ] --END-- [ RunTime:0.000000s ]
ERR: 无法加载模块:Favicon

[ 2017-11-13T17:22:27+08:00 ] 127.0.0.1 /favicon.ico
INFO: [ app_init ] --START--
INFO: Run Behavior\BuildLiteBehavior [ RunTime:0.000000s ]
INFO: [ app_init ] --END-- [ RunTime:0.000000s ]
ERR: 无法加载模块:Favicon

[ 2017-11-13T18:24:31+08:00 ] ::1 /last1.2/index.php/Home/Load/load.html
INFO: [ app_init ] --START--
INFO: Run Behavior\BuildLiteBehavior [ RunTime:0.000000s ]
INFO: [ app_init ] --END-- [ RunTime:0.000000s ]
ERR: 无法加载模块:Last1.2

[ 2017-11-13T18:28:05+08:00 ] ::1 /favicon.ico
INFO: [ app_init ] --START--
INFO: Run Behavior\BuildLiteBehavior [ RunTime:0.000000s ]
INFO: [ app_init ] --END-- [ RunTime:0.000000s ]
ERR: 无法加载模块:Favicon

[ 2017-11-13T18:31:54+08:00 ] ::1 /Uploads/510107199511031271/%E5%AE%8B%E6%97%AD%E7%BC%98%E4%BB%8E%E4%B8%9A%E7%A4%BE%E4%BF%9D%E8%AF%81%E6%98%8E.jpg
INFO: [ app_init ] --START--
INFO: Run Behavior\BuildLiteBehavior [ RunTime:0.000000s ]
INFO: [ app_init ] --END-- [ RunTime:0.000000s ]
ERR: 无法加载模块:Uploads

[ 2017-11-13T18:31:54+08:00 ] ::1 /Uploads/510107199511031271/%E5%AE%8B%E6%97%AD%E7%BC%98%E8%81%8C%E7%A7%B0%E8%AF%81.jpg
INFO: [ app_init ] --START--
INFO: Run Behavior\BuildLiteBehavior [ RunTime:0.000000s ]
INFO: [ app_init ] --END-- [ RunTime:0.001000s ]
ERR: 无法加载模块:Uploads

[ 2017-11-13T18:31:54+08:00 ] ::1 /Uploads/510107199511031271/%E5%AE%8B%E6%97%AD%E7%BC%98%E8%BA%AB%E4%BB%BD%E8%AF%81%E6%AD%A3%E9%9D%A2.jpg
INFO: [ app_init ] --START--
INFO: Run Behavior\BuildLiteBehavior [ RunTime:0.000000s ]
INFO: [ app_init ] --END-- [ RunTime:0.000000s ]
ERR: 无法加载模块:Uploads

[ 2017-11-13T18:31:54+08:00 ] ::1 /Uploads/510107199511031271/%E5%AE%8B%E6%97%AD%E7%BC%98%E6%AF%95%E4%B8%9A%E8%AF%81.jpg
INFO: [ app_init ] --START--
INFO: Run Behavior\BuildLiteBehavior [ RunTime:0.000000s ]
INFO: [ app_init ] --END-- [ RunTime:0.000000s ]
ERR: 无法加载模块:Uploads

[ 2017-11-13T18:31:54+08:00 ] ::1 /Uploads/510107199511031271/%E5%AE%8B%E6%97%AD%E7%BC%98%E8%BA%AB%E4%BB%BD%E8%AF%81%E8%83%8C%E9%9D%A2.jpg
INFO: [ app_init ] --START--
INFO: Run Behavior\BuildLiteBehavior [ RunTime:0.000000s ]
INFO: [ app_init ] --END-- [ RunTime:0.001000s ]
ERR: 无法加载模块:Uploads

[ 2017-11-13T18:32:53+08:00 ] ::1 /Uploads/510107199511031271/%E5%AE%8B%E6%97%AD%E7%BC%98%E8%BA%AB%E4%BB%BD%E8%AF%81%E6%AD%A3%E9%9D%A2.jpg
INFO: [ app_init ] --START--
INFO: Run Behavior\BuildLiteBehavior [ RunTime:0.000000s ]
INFO: [ app_init ] --END-- [ RunTime:0.000000s ]
ERR: 无法加载模块:Uploads

[ 2017-11-13T18:32:53+08:00 ] ::1 /Uploads/510107199511031271/%E5%AE%8B%E6%97%AD%E7%BC%98%E8%BA%AB%E4%BB%BD%E8%AF%81%E8%83%8C%E9%9D%A2.jpg
INFO: [ app_init ] --START--
INFO: Run Behavior\BuildLiteBehavior [ RunTime:0.000000s ]
INFO: [ app_init ] --END-- [ RunTime:0.000000s ]
ERR: 无法加载模块:Uploads

[ 2017-11-13T18:32:53+08:00 ] ::1 /Uploads/510107199511031271/%E5%AE%8B%E6%97%AD%E7%BC%98%E8%81%8C%E7%A7%B0%E8%AF%81.jpg
INFO: [ app_init ] --START--
INFO: Run Behavior\BuildLiteBehavior [ RunTime:0.000000s ]
INFO: [ app_init ] --END-- [ RunTime:0.000000s ]
ERR: 无法加载模块:Uploads

[ 2017-11-13T18:32:53+08:00 ] ::1 /Uploads/510107199511031271/%E5%AE%8B%E6%97%AD%E7%BC%98%E4%BB%8E%E4%B8%9A%E7%A4%BE%E4%BF%9D%E8%AF%81%E6%98%8E.jpg
INFO: [ app_init ] --START--
INFO: Run Behavior\BuildLiteBehavior [ RunTime:0.000000s ]
INFO: [ app_init ] --END-- [ RunTime:0.001000s ]
ERR: 无法加载模块:Uploads

[ 2017-11-13T18:35:29+08:00 ] ::1 /Uploads/510107199511031278/%E5%90%83%E9%B8%A1%E7%85%A7%E7%89%87.jpg
INFO: [ app_init ] --START--
INFO: Run Behavior\BuildLiteBehavior [ RunTime:0.000000s ]
INFO: [ app_init ] --END-- [ RunTime:0.000000s ]
ERR: 无法加载模块:Uploads

[ 2017-11-13T18:35:29+08:00 ] ::1 /Uploads/510107199511031278/%E5%90%83%E9%B8%A1%E8%BA%AB%E4%BB%BD%E8%AF%81%E6%AD%A3%E9%9D%A2.jpg
INFO: [ app_init ] --START--
INFO: Run Behavior\BuildLiteBehavior [ RunTime:0.000000s ]
INFO: [ app_init ] --END-- [ RunTime:0.000000s ]
ERR: 无法加载模块:Uploads

[ 2017-11-13T18:35:29+08:00 ] ::1 /Uploads/510107199511031278/%E5%90%83%E9%B8%A1%E8%81%8C%E7%A7%B0%E8%AF%81.jpg
INFO: [ app_init ] --START--
INFO: Run Behavior\BuildLiteBehavior [ RunTime:0.000000s ]
INFO: [ app_init ] --END-- [ RunTime:0.000000s ]
ERR: 无法加载模块:Uploads

[ 2017-11-13T18:35:29+08:00 ] ::1 /Uploads/510107199511031278/%E5%90%83%E9%B8%A1%E4%BB%8E%E4%B8%9A%E7%A4%BE%E4%BF%9D%E8%AF%81%E6%98%8E.jpg
INFO: [ app_init ] --START--
INFO: Run Behavior\BuildLiteBehavior [ RunTime:0.000000s ]
INFO: [ app_init ] --END-- [ RunTime:0.000000s ]
ERR: 无法加载模块:Uploads

[ 2017-11-13T18:35:29+08:00 ] ::1 /Uploads/510107199511031278/%E5%90%83%E9%B8%A1%E6%AF%95%E4%B8%9A%E8%AF%81.jpg
INFO: [ app_init ] --START--
INFO: Run Behavior\BuildLiteBehavior [ RunTime:0.000000s ]
INFO: [ app_init ] --END-- [ RunTime:0.000000s ]
ERR: 无法加载模块:Uploads

[ 2017-11-13T18:35:29+08:00 ] ::1 /Uploads/510107199511031278/%E5%90%83%E9%B8%A1%E8%BA%AB%E4%BB%BD%E8%AF%81%E8%83%8C%E9%9D%A2.jpg
INFO: [ app_init ] --START--
INFO: Run Behavior\BuildLiteBehavior [ RunTime:0.000000s ]
INFO: [ app_init ] --END-- [ RunTime:0.000000s ]
ERR: 无法加载模块:Uploads

[ 2017-11-13T18:40:06+08:00 ] ::1 /Uploads/510107199511031271/%E5%AE%8B%E6%97%AD%E7%BC%98%E8%BA%AB%E4%BB%BD%E8%AF%81%E6%AD%A3%E9%9D%A2.jpg
INFO: [ app_init ] --START--
INFO: Run Behavior\BuildLiteBehavior [ RunTime:0.000000s ]
INFO: [ app_init ] --END-- [ RunTime:0.000000s ]
ERR: 无法加载模块:Uploads

[ 2017-11-13T18:40:06+08:00 ] ::1 /Uploads/510107199511031271/%E5%AE%8B%E6%97%AD%E7%BC%98%E8%BA%AB%E4%BB%BD%E8%AF%81%E8%83%8C%E9%9D%A2.jpg
INFO: [ app_init ] --START--
INFO: Run Behavior\BuildLiteBehavior [ RunTime:0.000000s ]
INFO: [ app_init ] --END-- [ RunTime:0.000000s ]
ERR: 无法加载模块:Uploads

[ 2017-11-13T18:40:06+08:00 ] ::1 /Uploads/510107199511031271/%E5%AE%8B%E6%97%AD%E7%BC%98%E6%AF%95%E4%B8%9A%E8%AF%81.jpg
INFO: [ app_init ] --START--
INFO: Run Behavior\BuildLiteBehavior [ RunTime:0.000000s ]
INFO: [ app_init ] --END-- [ RunTime:0.000000s ]
ERR: 无法加载模块:Uploads

[ 2017-11-13T18:40:06+08:00 ] ::1 /Uploads/510107199511031271/%E5%AE%8B%E6%97%AD%E7%BC%98%E4%BB%8E%E4%B8%9A%E7%A4%BE%E4%BF%9D%E8%AF%81%E6%98%8E.jpg
INFO: [ app_init ] --START--
INFO: Run Behavior\BuildLiteBehavior [ RunTime:0.001000s ]
INFO: [ app_init ] --END-- [ RunTime:0.001000s ]
ERR: 无法加载模块:Uploads

[ 2017-11-13T18:40:06+08:00 ] ::1 /Uploads/510107199511031271/%E5%AE%8B%E6%97%AD%E7%BC%98%E8%81%8C%E7%A7%B0%E8%AF%81.jpg
INFO: [ app_init ] --START--
INFO: Run Behavior\BuildLiteBehavior [ RunTime:0.001000s ]
INFO: [ app_init ] --END-- [ RunTime:0.001000s ]
ERR: 无法加载模块:Uploads

[ 2017-11-13T18:40:43+08:00 ] ::1 /Uploads/510107199511031271/%E5%AE%8B%E6%97%AD%E7%BC%98%E8%BA%AB%E4%BB%BD%E8%AF%81%E6%AD%A3%E9%9D%A2.jpg
INFO: [ app_init ] --START--
INFO: Run Behavior\BuildLiteBehavior [ RunTime:0.000000s ]
INFO: [ app_init ] --END-- [ RunTime:0.001000s ]
ERR: 无法加载模块:Uploads

[ 2017-11-13T18:40:43+08:00 ] ::1 /Uploads/510107199511031271/%E5%AE%8B%E6%97%AD%E7%BC%98%E8%BA%AB%E4%BB%BD%E8%AF%81%E8%83%8C%E9%9D%A2.jpg
INFO: [ app_init ] --START--
INFO: Run Behavior\BuildLiteBehavior [ RunTime:0.000000s ]
INFO: [ app_init ] --END-- [ RunTime:0.001000s ]
ERR: 无法加载模块:Uploads

[ 2017-11-13T18:40:43+08:00 ] ::1 /Uploads/510107199511031271/%E5%AE%8B%E6%97%AD%E7%BC%98%E6%AF%95%E4%B8%9A%E8%AF%81.jpg
INFO: [ app_init ] --START--
INFO: Run Behavior\BuildLiteBehavior [ RunTime:0.000000s ]
INFO: [ app_init ] --END-- [ RunTime:0.000000s ]
ERR: 无法加载模块:Uploads

[ 2017-11-13T18:40:43+08:00 ] ::1 /Uploads/510107199511031271/%E5%AE%8B%E6%97%AD%E7%BC%98%E4%BB%8E%E4%B8%9A%E7%A4%BE%E4%BF%9D%E8%AF%81%E6%98%8E.jpg
INFO: [ app_init ] --START--
INFO: Run Behavior\BuildLiteBehavior [ RunTime:0.000000s ]
INFO: [ app_init ] --END-- [ RunTime:0.000000s ]
ERR: 无法加载模块:Uploads

[ 2017-11-13T18:40:43+08:00 ] ::1 /Uploads/510107199511031271/%E5%AE%8B%E6%97%AD%E7%BC%98%E8%81%8C%E7%A7%B0%E8%AF%81.jpg
INFO: [ app_init ] --START--
INFO: Run Behavior\BuildLiteBehavior [ RunTime:0.000000s ]
INFO: [ app_init ] --END-- [ RunTime:0.000000s ]
ERR: 无法加载模块:Uploads

[ 2017-11-13T20:47:13+08:00 ] ::1 /Uploads/956051036541402314/413001%E7%85%A7%E7%89%87.jpg
INFO: [ app_init ] --START--
INFO: Run Behavior\BuildLiteBehavior [ RunTime:0.000000s ]
INFO: [ app_init ] --END-- [ RunTime:0.001000s ]
ERR: 无法加载模块:Uploads

[ 2017-11-13T20:47:13+08:00 ] ::1 /Uploads/956051036541402314/413001%E6%AF%95%E4%B8%9A%E8%AF%81.jpg
INFO: [ app_init ] --START--
INFO: Run Behavior\BuildLiteBehavior [ RunTime:0.000000s ]
INFO: [ app_init ] --END-- [ RunTime:0.001000s ]
ERR: 无法加载模块:Uploads

[ 2017-11-13T20:47:13+08:00 ] ::1 /Uploads/956051036541402314/413001%E8%BA%AB%E4%BB%BD%E8%AF%81%E8%83%8C%E9%9D%A2.jpg
INFO: [ app_init ] --START--
INFO: Run Behavior\BuildLiteBehavior [ RunTime:0.000000s ]
INFO: [ app_init ] --END-- [ RunTime:0.001000s ]
ERR: 无法加载模块:Uploads

[ 2017-11-13T20:47:13+08:00 ] ::1 /Uploads/956051036541402314/413001%E8%BA%AB%E4%BB%BD%E8%AF%81%E6%AD%A3%E9%9D%A2.jpg
INFO: [ app_init ] --START--
INFO: Run Behavior\BuildLiteBehavior [ RunTime:0.000000s ]
INFO: [ app_init ] --END-- [ RunTime:0.000000s ]
ERR: 无法加载模块:Uploads

[ 2017-11-13T20:47:13+08:00 ] ::1 /Uploads/956051036541402314/413001%E8%81%8C%E7%A7%B0%E8%AF%81.jpg
INFO: [ app_init ] --START--
INFO: Run Behavior\BuildLiteBehavior [ RunTime:0.000000s ]
INFO: [ app_init ] --END-- [ RunTime:0.001000s ]
ERR: 无法加载模块:Uploads

[ 2017-11-13T20:47:13+08:00 ] ::1 /Uploads/956051036541402314/413001%E4%BB%8E%E4%B8%9A%E7%A4%BE%E4%BF%9D%E8%AF%81%E6%98%8E.jpg
INFO: [ app_init ] --START--
INFO: Run Behavior\BuildLiteBehavior [ RunTime:0.000000s ]
INFO: [ app_init ] --END-- [ RunTime:0.000000s ]
ERR: 无法加载模块:Uploads

[ 2017-11-13T20:47:19+08:00 ] ::1 /Uploads/896085717758201776/229551%E7%85%A7%E7%89%87.jpg
INFO: [ app_init ] --START--
INFO: Run Behavior\BuildLiteBehavior [ RunTime:0.000000s ]
INFO: [ app_init ] --END-- [ RunTime:0.001001s ]
ERR: 无法加载模块:Uploads

[ 2017-11-13T20:47:19+08:00 ] ::1 /Uploads/896085717758201776/229551%E8%BA%AB%E4%BB%BD%E8%AF%81%E6%AD%A3%E9%9D%A2.jpg
INFO: [ app_init ] --START--
INFO: Run Behavior\BuildLiteBehavior [ RunTime:0.000000s ]
INFO: [ app_init ] --END-- [ RunTime:0.000000s ]
ERR: 无法加载模块:Uploads

[ 2017-11-13T20:47:19+08:00 ] ::1 /Uploads/896085717758201776/229551%E8%81%8C%E7%A7%B0%E8%AF%81.jpg
INFO: [ app_init ] --START--
INFO: Run Behavior\BuildLiteBehavior [ RunTime:0.000000s ]
INFO: [ app_init ] --END-- [ RunTime:0.000000s ]
ERR: 无法加载模块:Uploads

[ 2017-11-13T20:47:19+08:00 ] ::1 /Uploads/896085717758201776/229551%E6%AF%95%E4%B8%9A%E8%AF%81.jpg
INFO: [ app_init ] --START--
INFO: Run Behavior\BuildLiteBehavior [ RunTime:0.000000s ]
INFO: [ app_init ] --END-- [ RunTime:0.000000s ]
ERR: 无法加载模块:Uploads

[ 2017-11-13T20:47:19+08:00 ] ::1 /Uploads/896085717758201776/229551%E8%BA%AB%E4%BB%BD%E8%AF%81%E8%83%8C%E9%9D%A2.jpg
INFO: [ app_init ] --START--
INFO: Run Behavior\BuildLiteBehavior [ RunTime:0.000000s ]
INFO: [ app_init ] --END-- [ RunTime:0.000000s ]
ERR: 无法加载模块:Uploads

[ 2017-11-13T20:47:19+08:00 ] ::1 /Uploads/896085717758201776/229551%E4%BB%8E%E4%B8%9A%E7%A4%BE%E4%BF%9D%E8%AF%81%E6%98%8E.jpg
INFO: [ app_init ] --START--
INFO: Run Behavior\BuildLiteBehavior [ RunTime:0.000000s ]
INFO: [ app_init ] --END-- [ RunTime:0.001000s ]
ERR: 无法加载模块:Uploads

[ 2017-11-13T20:47:23+08:00 ] ::1 /Uploads/837513383310616302/425788%E7%85%A7%E7%89%87.jpg
INFO: [ app_init ] --START--
INFO: Run Behavior\BuildLiteBehavior [ RunTime:0.000000s ]
INFO: [ app_init ] --END-- [ RunTime:0.001000s ]
ERR: 无法加载模块:Uploads

[ 2017-11-13T20:47:23+08:00 ] ::1 /Uploads/837513383310616302/425788%E8%81%8C%E7%A7%B0%E8%AF%81.jpg
INFO: [ app_init ] --START--
INFO: Run Behavior\BuildLiteBehavior [ RunTime:0.000000s ]
INFO: [ app_init ] --END-- [ RunTime:0.000000s ]
ERR: 无法加载模块:Uploads

[ 2017-11-13T20:47:23+08:00 ] ::1 /Uploads/837513383310616302/425788%E8%BA%AB%E4%BB%BD%E8%AF%81%E8%83%8C%E9%9D%A2.jpg
INFO: [ app_init ] --START--
INFO: Run Behavior\BuildLiteBehavior [ RunTime:0.000000s ]
INFO: [ app_init ] --END-- [ RunTime:0.000000s ]
ERR: 无法加载模块:Uploads

[ 2017-11-13T20:47:23+08:00 ] ::1 /Uploads/837513383310616302/425788%E6%AF%95%E4%B8%9A%E8%AF%81.jpg
INFO: [ app_init ] --START--
INFO: Run Behavior\BuildLiteBehavior [ RunTime:0.000000s ]
INFO: [ app_init ] --END-- [ RunTime:0.001000s ]
ERR: 无法加载模块:Uploads

[ 2017-11-13T20:47:23+08:00 ] ::1 /Uploads/837513383310616302/425788%E8%BA%AB%E4%BB%BD%E8%AF%81%E6%AD%A3%E9%9D%A2.jpg
INFO: [ app_init ] --START--
INFO: Run Behavior\BuildLiteBehavior [ RunTime:0.000000s ]
INFO: [ app_init ] --END-- [ RunTime:0.000000s ]
ERR: 无法加载模块:Uploads

[ 2017-11-13T20:47:23+08:00 ] ::1 /Uploads/837513383310616302/425788%E4%BB%8E%E4%B8%9A%E7%A4%BE%E4%BF%9D%E8%AF%81%E6%98%8E.jpg
INFO: [ app_init ] --START--
INFO: Run Behavior\BuildLiteBehavior [ RunTime:0.000000s ]
INFO: [ app_init ] --END-- [ RunTime:0.000000s ]
ERR: 无法加载模块:Uploads

[ 2017-11-13T20:47:28+08:00 ] ::1 /Uploads/913299667953238365/108387%E7%85%A7%E7%89%87.jpg
INFO: [ app_init ] --START--
INFO: Run Behavior\BuildLiteBehavior [ RunTime:0.000000s ]
INFO: [ app_init ] --END-- [ RunTime:0.001000s ]
ERR: 无法加载模块:Uploads

[ 2017-11-13T20:47:28+08:00 ] ::1 /Uploads/913299667953238365/108387%E4%BB%8E%E4%B8%9A%E7%A4%BE%E4%BF%9D%E8%AF%81%E6%98%8E.jpg
INFO: [ app_init ] --START--
INFO: Run Behavior\BuildLiteBehavior [ RunTime:0.000000s ]
INFO: [ app_init ] --END-- [ RunTime:0.001000s ]
ERR: 无法加载模块:Uploads

[ 2017-11-13T20:47:28+08:00 ] ::1 /Uploads/913299667953238365/108387%E6%AF%95%E4%B8%9A%E8%AF%81.jpg
INFO: [ app_init ] --START--
INFO: Run Behavior\BuildLiteBehavior [ RunTime:0.000000s ]
INFO: [ app_init ] --END-- [ RunTime:0.001000s ]
ERR: 无法加载模块:Uploads

[ 2017-11-13T20:47:28+08:00 ] ::1 /Uploads/913299667953238365/108387%E8%81%8C%E7%A7%B0%E8%AF%81.jpg
INFO: [ app_init ] --START--
INFO: Run Behavior\BuildLiteBehavior [ RunTime:0.000000s ]
INFO: [ app_init ] --END-- [ RunTime:0.000000s ]
ERR: 无法加载模块:Uploads

[ 2017-11-13T20:47:28+08:00 ] ::1 /Uploads/913299667953238365/108387%E8%BA%AB%E4%BB%BD%E8%AF%81%E6%AD%A3%E9%9D%A2.jpg
INFO: [ app_init ] --START--
INFO: Run Behavior\BuildLiteBehavior [ RunTime:0.000000s ]
INFO: [ app_init ] --END-- [ RunTime:0.000000s ]
ERR: 无法加载模块:Uploads

[ 2017-11-13T20:47:28+08:00 ] ::1 /Uploads/913299667953238365/108387%E8%BA%AB%E4%BB%BD%E8%AF%81%E8%83%8C%E9%9D%A2.jpg
INFO: [ app_init ] --START--
INFO: Run Behavior\BuildLiteBehavior [ RunTime:0.000000s ]
INFO: [ app_init ] --END-- [ RunTime:0.001000s ]
ERR: 无法加载模块:Uploads

[ 2017-11-13T20:47:32+08:00 ] ::1 /Uploads/229451213722598551/363836%E7%85%A7%E7%89%87.jpg
INFO: [ app_init ] --START--
INFO: Run Behavior\BuildLiteBehavior [ RunTime:0.000000s ]
INFO: [ app_init ] --END-- [ RunTime:0.000000s ]
ERR: 无法加载模块:Uploads

[ 2017-11-13T20:47:32+08:00 ] ::1 /Uploads/229451213722598551/363836%E8%BA%AB%E4%BB%BD%E8%AF%81%E6%AD%A3%E9%9D%A2.jpg
INFO: [ app_init ] --START--
INFO: Run Behavior\BuildLiteBehavior [ RunTime:0.000000s ]
INFO: [ app_init ] --END-- [ RunTime:0.000000s ]
ERR: 无法加载模块:Uploads

[ 2017-11-13T20:47:32+08:00 ] ::1 /Uploads/229451213722598551/363836%E8%BA%AB%E4%BB%BD%E8%AF%81%E8%83%8C%E9%9D%A2.jpg
INFO: [ app_init ] --START--
INFO: Run Behavior\BuildLiteBehavior [ RunTime:0.000000s ]
INFO: [ app_init ] --END-- [ RunTime:0.000000s ]
ERR: 无法加载模块:Uploads

[ 2017-11-13T20:47:32+08:00 ] ::1 /Uploads/229451213722598551/363836%E6%AF%95%E4%B8%9A%E8%AF%81.jpg
INFO: [ app_init ] --START--
INFO: Run Behavior\BuildLiteBehavior [ RunTime:0.000000s ]
INFO: [ app_init ] --END-- [ RunTime:0.001000s ]
ERR: 无法加载模块:Uploads

[ 2017-11-13T20:47:32+08:00 ] ::1 /Uploads/229451213722598551/363836%E4%BB%8E%E4%B8%9A%E7%A4%BE%E4%BF%9D%E8%AF%81%E6%98%8E.jpg
INFO: [ app_init ] --START--
INFO: Run Behavior\BuildLiteBehavior [ RunTime:0.000000s ]
INFO: [ app_init ] --END-- [ RunTime:0.000000s ]
ERR: 无法加载模块:Uploads

[ 2017-11-13T20:47:32+08:00 ] ::1 /Uploads/229451213722598551/363836%E8%81%8C%E7%A7%B0%E8%AF%81.jpg
INFO: [ app_init ] --START--
INFO: Run Behavior\BuildLiteBehavior [ RunTime:0.000000s ]
INFO: [ app_init ] --END-- [ RunTime:0.000000s ]
ERR: 无法加载模块:Uploads

[ 2017-11-13T20:47:36+08:00 ] ::1 /Uploads/918143397847613808/728949%E7%85%A7%E7%89%87.jpg
INFO: [ app_init ] --START--
INFO: Run Behavior\BuildLiteBehavior [ RunTime:0.000000s ]
INFO: [ app_init ] --END-- [ RunTime:0.000000s ]
ERR: 无法加载模块:Uploads

[ 2017-11-13T20:47:36+08:00 ] ::1 /Uploads/918143397847613808/728949%E8%BA%AB%E4%BB%BD%E8%AF%81%E6%AD%A3%E9%9D%A2.jpg
INFO: [ app_init ] --START--
INFO: Run Behavior\BuildLiteBehavior [ RunTime:0.000000s ]
INFO: [ app_init ] --END-- [ RunTime:0.001000s ]
ERR: 无法加载模块:Uploads

[ 2017-11-13T20:47:36+08:00 ] ::1 /Uploads/918143397847613808/728949%E8%81%8C%E7%A7%B0%E8%AF%81.jpg
INFO: [ app_init ] --START--
INFO: Run Behavior\BuildLiteBehavior [ RunTime:0.000000s ]
INFO: [ app_init ] --END-- [ RunTime:0.001000s ]
ERR: 无法加载模块:Uploads

[ 2017-11-13T20:47:36+08:00 ] ::1 /Uploads/918143397847613808/728949%E8%BA%AB%E4%BB%BD%E8%AF%81%E8%83%8C%E9%9D%A2.jpg
INFO: [ app_init ] --START--
INFO: Run Behavior\BuildLiteBehavior [ RunTime:0.000000s ]
INFO: [ app_init ] --END-- [ RunTime:0.001000s ]
ERR: 无法加载模块:Uploads

[ 2017-11-13T20:47:36+08:00 ] ::1 /Uploads/918143397847613808/728949%E6%AF%95%E4%B8%9A%E8%AF%81.jpg
INFO: [ app_init ] --START--
INFO: Run Behavior\BuildLiteBehavior [ RunTime:0.000000s ]
INFO: [ app_init ] --END-- [ RunTime:0.000000s ]
ERR: 无法加载模块:Uploads

[ 2017-11-13T20:47:36+08:00 ] ::1 /Uploads/918143397847613808/728949%E4%BB%8E%E4%B8%9A%E7%A4%BE%E4%BF%9D%E8%AF%81%E6%98%8E.jpg
INFO: [ app_init ] --START--
INFO: Run Behavior\BuildLiteBehavior [ RunTime:0.000000s ]
INFO: [ app_init ] --END-- [ RunTime:0.001000s ]
ERR: 无法加载模块:Uploads

[ 2017-11-13T20:47:44+08:00 ] ::1 /Uploads/711352307300454201/638219%E7%85%A7%E7%89%87.jpg
INFO: [ app_init ] --START--
INFO: Run Behavior\BuildLiteBehavior [ RunTime:0.000000s ]
INFO: [ app_init ] --END-- [ RunTime:0.001000s ]
ERR: 无法加载模块:Uploads

[ 2017-11-13T20:47:44+08:00 ] ::1 /Uploads/711352307300454201/638219%E8%BA%AB%E4%BB%BD%E8%AF%81%E6%AD%A3%E9%9D%A2.jpg
INFO: [ app_init ] --START--
INFO: Run Behavior\BuildLiteBehavior [ RunTime:0.000000s ]
INFO: [ app_init ] --END-- [ RunTime:0.000000s ]
ERR: 无法加载模块:Uploads

[ 2017-11-13T20:47:44+08:00 ] ::1 /Uploads/711352307300454201/638219%E8%BA%AB%E4%BB%BD%E8%AF%81%E8%83%8C%E9%9D%A2.jpg
INFO: [ app_init ] --START--
INFO: Run Behavior\BuildLiteBehavior [ RunTime:0.000000s ]
INFO: [ app_init ] --END-- [ RunTime:0.001000s ]
ERR: 无法加载模块:Uploads

[ 2017-11-13T20:47:44+08:00 ] ::1 /Uploads/711352307300454201/638219%E6%AF%95%E4%B8%9A%E8%AF%81.jpg
INFO: [ app_init ] --START--
INFO: Run Behavior\BuildLiteBehavior [ RunTime:0.000000s ]
INFO: [ app_init ] --END-- [ RunTime:0.000000s ]
ERR: 无法加载模块:Uploads

[ 2017-11-13T20:47:44+08:00 ] ::1 /Uploads/711352307300454201/638219%E4%BB%8E%E4%B8%9A%E7%A4%BE%E4%BF%9D%E8%AF%81%E6%98%8E.jpg
INFO: [ app_init ] --START--
INFO: Run Behavior\BuildLiteBehavior [ RunTime:0.000000s ]
INFO: [ app_init ] --END-- [ RunTime:0.001000s ]
ERR: 无法加载模块:Uploads

[ 2017-11-13T20:47:44+08:00 ] ::1 /Uploads/711352307300454201/638219%E8%81%8C%E7%A7%B0%E8%AF%81.jpg
INFO: [ app_init ] --START--
INFO: Run Behavior\BuildLiteBehavior [ RunTime:0.000000s ]
INFO: [ app_init ] --END-- [ RunTime:0.001000s ]
ERR: 无法加载模块:Uploads

[ 2017-11-13T20:47:48+08:00 ] ::1 /Uploads/150551992131769250/529216%E7%85%A7%E7%89%87.jpg
INFO: [ app_init ] --START--
INFO: Run Behavior\BuildLiteBehavior [ RunTime:0.000000s ]
INFO: [ app_init ] --END-- [ RunTime:0.000000s ]
ERR: 无法加载模块:Uploads

[ 2017-11-13T20:47:48+08:00 ] ::1 /Uploads/150551992131769250/529216%E8%81%8C%E7%A7%B0%E8%AF%81.jpg
INFO: [ app_init ] --START--
INFO: Run Behavior\BuildLiteBehavior [ RunTime:0.000000s ]
INFO: [ app_init ] --END-- [ RunTime:0.001000s ]
ERR: 无法加载模块:Uploads

[ 2017-11-13T20:47:48+08:00 ] ::1 /Uploads/150551992131769250/529216%E4%BB%8E%E4%B8%9A%E7%A4%BE%E4%BF%9D%E8%AF%81%E6%98%8E.jpg
INFO: [ app_init ] --START--
INFO: Run Behavior\BuildLiteBehavior [ RunTime:0.000000s ]
INFO: [ app_init ] --END-- [ RunTime:0.000000s ]
ERR: 无法加载模块:Uploads

[ 2017-11-13T20:47:48+08:00 ] ::1 /Uploads/150551992131769250/529216%E8%BA%AB%E4%BB%BD%E8%AF%81%E6%AD%A3%E9%9D%A2.jpg
INFO: [ app_init ] --START--
INFO: Run Behavior\BuildLiteBehavior [ RunTime:0.000000s ]
INFO: [ app_init ] --END-- [ RunTime:0.000000s ]
ERR: 无法加载模块:Uploads

[ 2017-11-13T20:47:48+08:00 ] ::1 /Uploads/150551992131769250/529216%E6%AF%95%E4%B8%9A%E8%AF%81.jpg
INFO: [ app_init ] --START--
INFO: Run Behavior\BuildLiteBehavior [ RunTime:0.000000s ]
INFO: [ app_init ] --END-- [ RunTime:0.001000s ]
ERR: 无法加载模块:Uploads

[ 2017-11-13T20:47:48+08:00 ] ::1 /Uploads/150551992131769250/529216%E8%BA%AB%E4%BB%BD%E8%AF%81%E8%83%8C%E9%9D%A2.jpg
INFO: [ app_init ] --START--
INFO: Run Behavior\BuildLiteBehavior [ RunTime:0.000000s ]
INFO: [ app_init ] --END-- [ RunTime:0.000000s ]
ERR: 无法加载模块:Uploads

[ 2017-11-13T20:47:53+08:00 ] ::1 /Uploads/275533586089483787/83485%E7%85%A7%E7%89%87.jpg
INFO: [ app_init ] --START--
INFO: Run Behavior\BuildLiteBehavior [ RunTime:0.000000s ]
INFO: [ app_init ] --END-- [ RunTime:0.000000s ]
ERR: 无法加载模块:Uploads

[ 2017-11-13T20:47:53+08:00 ] ::1 /Uploads/275533586089483787/83485%E8%81%8C%E7%A7%B0%E8%AF%81.jpg
INFO: [ app_init ] --START--
INFO: Run Behavior\BuildLiteBehavior [ RunTime:0.000000s ]
INFO: [ app_init ] --END-- [ RunTime:0.000000s ]
ERR: 无法加载模块:Uploads

[ 2017-11-13T20:47:53+08:00 ] ::1 /Uploads/275533586089483787/83485%E6%AF%95%E4%B8%9A%E8%AF%81.jpg
INFO: [ app_init ] --START--
INFO: Run Behavior\BuildLiteBehavior [ RunTime:0.000000s ]
INFO: [ app_init ] --END-- [ RunTime:0.000000s ]
ERR: 无法加载模块:Uploads

[ 2017-11-13T20:47:53+08:00 ] ::1 /Uploads/275533586089483787/83485%E8%BA%AB%E4%BB%BD%E8%AF%81%E8%83%8C%E9%9D%A2.jpg
INFO: [ app_init ] --START--
INFO: Run Behavior\BuildLiteBehavior [ RunTime:0.000000s ]
INFO: [ app_init ] --END-- [ RunTime:0.000000s ]
ERR: 无法加载模块:Uploads

[ 2017-11-13T20:47:53+08:00 ] ::1 /Uploads/275533586089483787/83485%E4%BB%8E%E4%B8%9A%E7%A4%BE%E4%BF%9D%E8%AF%81%E6%98%8E.jpg
INFO: [ app_init ] --START--
INFO: Run Behavior\BuildLiteBehavior [ RunTime:0.001000s ]
INFO: [ app_init ] --END-- [ RunTime:0.001000s ]
ERR: 无法加载模块:Uploads

[ 2017-11-13T20:47:53+08:00 ] ::1 /Uploads/275533586089483787/83485%E8%BA%AB%E4%BB%BD%E8%AF%81%E6%AD%A3%E9%9D%A2.jpg
INFO: [ app_init ] --START--
INFO: Run Behavior\BuildLiteBehavior [ RunTime:0.000000s ]
INFO: [ app_init ] --END-- [ RunTime:0.000000s ]
ERR: 无法加载模块:Uploads

[ 2017-11-13T20:47:58+08:00 ] ::1 /Uploads/817777595252453294/208600%E7%85%A7%E7%89%87.jpg
INFO: [ app_init ] --START--
INFO: Run Behavior\BuildLiteBehavior [ RunTime:0.000000s ]
INFO: [ app_init ] --END-- [ RunTime:0.001000s ]
ERR: 无法加载模块:Uploads

[ 2017-11-13T20:47:58+08:00 ] ::1 /Uploads/817777595252453294/208600%E8%81%8C%E7%A7%B0%E8%AF%81.jpg
INFO: [ app_init ] --START--
INFO: Run Behavior\BuildLiteBehavior [ RunTime:0.000000s ]
INFO: [ app_init ] --END-- [ RunTime:0.000000s ]
ERR: 无法加载模块:Uploads

[ 2017-11-13T20:47:58+08:00 ] ::1 /Uploads/817777595252453294/208600%E6%AF%95%E4%B8%9A%E8%AF%81.jpg
INFO: [ app_init ] --START--
INFO: Run Behavior\BuildLiteBehavior [ RunTime:0.000000s ]
INFO: [ app_init ] --END-- [ RunTime:0.001000s ]
ERR: 无法加载模块:Uploads

[ 2017-11-13T20:47:58+08:00 ] ::1 /Uploads/817777595252453294/208600%E4%BB%8E%E4%B8%9A%E7%A4%BE%E4%BF%9D%E8%AF%81%E6%98%8E.jpg
INFO: [ app_init ] --START--
INFO: Run Behavior\BuildLiteBehavior [ RunTime:0.000000s ]
INFO: [ app_init ] --END-- [ RunTime:0.000000s ]
ERR: 无法加载模块:Uploads

[ 2017-11-13T20:47:58+08:00 ] ::1 /Uploads/817777595252453294/208600%E8%BA%AB%E4%BB%BD%E8%AF%81%E6%AD%A3%E9%9D%A2.jpg
INFO: [ app_init ] --START--
INFO: Run Behavior\BuildLiteBehavior [ RunTime:0.000000s ]
INFO: [ app_init ] --END-- [ RunTime:0.000000s ]
ERR: 无法加载模块:Uploads

[ 2017-11-13T20:47:58+08:00 ] ::1 /Uploads/817777595252453294/208600%E8%BA%AB%E4%BB%BD%E8%AF%81%E8%83%8C%E9%9D%A2.jpg
INFO: [ app_init ] --START--
INFO: Run Behavior\BuildLiteBehavior [ RunTime:0.000000s ]
INFO: [ app_init ] --END-- [ RunTime:0.000000s ]
ERR: 无法加载模块:Uploads

[ 2017-11-13T20:48:02+08:00 ] ::1 /Uploads/816427895750686620/599391%E7%85%A7%E7%89%87.jpg
INFO: [ app_init ] --START--
INFO: Run Behavior\BuildLiteBehavior [ RunTime:0.000000s ]
INFO: [ app_init ] --END-- [ RunTime:0.001000s ]
ERR: 无法加载模块:Uploads

[ 2017-11-13T20:48:02+08:00 ] ::1 /Uploads/816427895750686620/599391%E8%BA%AB%E4%BB%BD%E8%AF%81%E6%AD%A3%E9%9D%A2.jpg
INFO: [ app_init ] --START--
INFO: Run Behavior\BuildLiteBehavior [ RunTime:0.000000s ]
INFO: [ app_init ] --END-- [ RunTime:0.000000s ]
ERR: 无法加载模块:Uploads

[ 2017-11-13T20:48:02+08:00 ] ::1 /Uploads/816427895750686620/599391%E4%BB%8E%E4%B8%9A%E7%A4%BE%E4%BF%9D%E8%AF%81%E6%98%8E.jpg
INFO: [ app_init ] --START--
INFO: Run Behavior\BuildLiteBehavior [ RunTime:0.000000s ]
INFO: [ app_init ] --END-- [ RunTime:0.000000s ]
ERR: 无法加载模块:Uploads

[ 2017-11-13T20:48:02+08:00 ] ::1 /Uploads/816427895750686620/599391%E8%81%8C%E7%A7%B0%E8%AF%81.jpg
INFO: [ app_init ] --START--
INFO: Run Behavior\BuildLiteBehavior [ RunTime:0.000000s ]
INFO: [ app_init ] --END-- [ RunTime:0.000000s ]
ERR: 无法加载模块:Uploads

[ 2017-11-13T20:48:02+08:00 ] ::1 /Uploads/816427895750686620/599391%E6%AF%95%E4%B8%9A%E8%AF%81.jpg
INFO: [ app_init ] --START--
INFO: Run Behavior\BuildLiteBehavior [ RunTime:0.000000s ]
INFO: [ app_init ] --END-- [ RunTime:0.000000s ]
ERR: 无法加载模块:Uploads

[ 2017-11-13T20:48:02+08:00 ] ::1 /Uploads/816427895750686620/599391%E8%BA%AB%E4%BB%BD%E8%AF%81%E8%83%8C%E9%9D%A2.jpg
INFO: [ app_init ] --START--
INFO: Run Behavior\BuildLiteBehavior [ RunTime:0.000000s ]
INFO: [ app_init ] --END-- [ RunTime:0.001000s ]
ERR: 无法加载模块:Uploads

[ 2017-11-13T20:48:10+08:00 ] ::1 /Uploads/215111894162622604/783922%E7%85%A7%E7%89%87.jpg
INFO: [ app_init ] --START--
INFO: Run Behavior\BuildLiteBehavior [ RunTime:0.000000s ]
INFO: [ app_init ] --END-- [ RunTime:0.000000s ]
ERR: 无法加载模块:Uploads

[ 2017-11-13T20:48:10+08:00 ] ::1 /Uploads/215111894162622604/783922%E8%BA%AB%E4%BB%BD%E8%AF%81%E6%AD%A3%E9%9D%A2.jpg
INFO: [ app_init ] --START--
INFO: Run Behavior\BuildLiteBehavior [ RunTime:0.000000s ]
INFO: [ app_init ] --END-- [ RunTime:0.000000s ]
ERR: 无法加载模块:Uploads

[ 2017-11-13T20:48:10+08:00 ] ::1 /Uploads/215111894162622604/783922%E8%BA%AB%E4%BB%BD%E8%AF%81%E8%83%8C%E9%9D%A2.jpg
INFO: [ app_init ] --START--
INFO: Run Behavior\BuildLiteBehavior [ RunTime:0.000000s ]
INFO: [ app_init ] --END-- [ RunTime:0.000000s ]
ERR: 无法加载模块:Uploads

[ 2017-11-13T20:48:10+08:00 ] ::1 /Uploads/215111894162622604/783922%E6%AF%95%E4%B8%9A%E8%AF%81.jpg
INFO: [ app_init ] --START--
INFO: Run Behavior\BuildLiteBehavior [ RunTime:0.000000s ]
INFO: [ app_init ] --END-- [ RunTime:0.000000s ]
ERR: 无法加载模块:Uploads

[ 2017-11-13T20:48:10+08:00 ] ::1 /Uploads/215111894162622604/783922%E8%81%8C%E7%A7%B0%E8%AF%81.jpg
INFO: [ app_init ] --START--
INFO: Run Behavior\BuildLiteBehavior [ RunTime:0.000000s ]
INFO: [ app_init ] --END-- [ RunTime:0.000000s ]
ERR: 无法加载模块:Uploads

[ 2017-11-13T20:48:10+08:00 ] ::1 /Uploads/215111894162622604/783922%E4%BB%8E%E4%B8%9A%E7%A4%BE%E4%BF%9D%E8%AF%81%E6%98%8E.jpg
INFO: [ app_init ] --START--
INFO: Run Behavior\BuildLiteBehavior [ RunTime:0.000000s ]
INFO: [ app_init ] --END-- [ RunTime:0.000000s ]
ERR: 无法加载模块:Uploads

[ 2017-11-13T20:48:14+08:00 ] ::1 /Uploads/559968767286723359/228008%E7%85%A7%E7%89%87.jpg
INFO: [ app_init ] --START--
INFO: Run Behavior\BuildLiteBehavior [ RunTime:0.000000s ]
INFO: [ app_init ] --END-- [ RunTime:0.000000s ]
ERR: 无法加载模块:Uploads

[ 2017-11-13T20:48:14+08:00 ] ::1 /Uploads/559968767286723359/228008%E8%BA%AB%E4%BB%BD%E8%AF%81%E6%AD%A3%E9%9D%A2.jpg
INFO: [ app_init ] --START--
INFO: Run Behavior\BuildLiteBehavior [ RunTime:0.000000s ]
INFO: [ app_init ] --END-- [ RunTime:0.000000s ]
ERR: 无法加载模块:Uploads

[ 2017-11-13T20:48:14+08:00 ] ::1 /Uploads/559968767286723359/228008%E8%BA%AB%E4%BB%BD%E8%AF%81%E8%83%8C%E9%9D%A2.jpg
INFO: [ app_init ] --START--
INFO: Run Behavior\BuildLiteBehavior [ RunTime:0.000000s ]
INFO: [ app_init ] --END-- [ RunTime:0.000000s ]
ERR: 无法加载模块:Uploads

[ 2017-11-13T20:48:14+08:00 ] ::1 /Uploads/559968767286723359/228008%E8%81%8C%E7%A7%B0%E8%AF%81.jpg
INFO: [ app_init ] --START--
INFO: Run Behavior\BuildLiteBehavior [ RunTime:0.000000s ]
INFO: [ app_init ] --END-- [ RunTime:0.001000s ]
ERR: 无法加载模块:Uploads

[ 2017-11-13T20:48:14+08:00 ] ::1 /Uploads/559968767286723359/228008%E4%BB%8E%E4%B8%9A%E7%A4%BE%E4%BF%9D%E8%AF%81%E6%98%8E.jpg
INFO: [ app_init ] --START--
INFO: Run Behavior\BuildLiteBehavior [ RunTime:0.000000s ]
INFO: [ app_init ] --END-- [ RunTime:0.001001s ]
ERR: 无法加载模块:Uploads

[ 2017-11-13T20:48:14+08:00 ] ::1 /Uploads/559968767286723359/228008%E6%AF%95%E4%B8%9A%E8%AF%81.jpg
INFO: [ app_init ] --START--
INFO: Run Behavior\BuildLiteBehavior [ RunTime:0.000000s ]
INFO: [ app_init ] --END-- [ RunTime:0.000000s ]
ERR: 无法加载模块:Uploads

[ 2017-11-13T20:48:18+08:00 ] ::1 /Uploads/292360316900365296/703501%E7%85%A7%E7%89%87.jpg
INFO: [ app_init ] --START--
INFO: Run Behavior\BuildLiteBehavior [ RunTime:0.000000s ]
INFO: [ app_init ] --END-- [ RunTime:0.000000s ]
ERR: 无法加载模块:Uploads

[ 2017-11-13T20:48:18+08:00 ] ::1 /Uploads/292360316900365296/703501%E8%81%8C%E7%A7%B0%E8%AF%81.jpg
INFO: [ app_init ] --START--
INFO: Run Behavior\BuildLiteBehavior [ RunTime:0.000000s ]
INFO: [ app_init ] --END-- [ RunTime:0.000000s ]
ERR: 无法加载模块:Uploads

[ 2017-11-13T20:48:18+08:00 ] ::1 /Uploads/292360316900365296/703501%E4%BB%8E%E4%B8%9A%E7%A4%BE%E4%BF%9D%E8%AF%81%E6%98%8E.jpg
INFO: [ app_init ] --START--
INFO: Run Behavior\BuildLiteBehavior [ RunTime:0.000000s ]
INFO: [ app_init ] --END-- [ RunTime:0.001000s ]
ERR: 无法加载模块:Uploads

[ 2017-11-13T20:48:18+08:00 ] ::1 /Uploads/292360316900365296/703501%E6%AF%95%E4%B8%9A%E8%AF%81.jpg
INFO: [ app_init ] --START--
INFO: Run Behavior\BuildLiteBehavior [ RunTime:0.000000s ]
INFO: [ app_init ] --END-- [ RunTime:0.001000s ]
ERR: 无法加载模块:Uploads

[ 2017-11-13T20:48:18+08:00 ] ::1 /Uploads/292360316900365296/703501%E8%BA%AB%E4%BB%BD%E8%AF%81%E6%AD%A3%E9%9D%A2.jpg
INFO: [ app_init ] --START--
INFO: Run Behavior\BuildLiteBehavior [ RunTime:0.000000s ]
INFO: [ app_init ] --END-- [ RunTime:0.001000s ]
ERR: 无法加载模块:Uploads

[ 2017-11-13T20:48:18+08:00 ] ::1 /Uploads/292360316900365296/703501%E8%BA%AB%E4%BB%BD%E8%AF%81%E8%83%8C%E9%9D%A2.jpg
INFO: [ app_init ] --START--
INFO: Run Behavior\BuildLiteBehavior [ RunTime:0.000000s ]
INFO: [ app_init ] --END-- [ RunTime:0.000000s ]
ERR: 无法加载模块:Uploads

[ 2017-11-13T20:48:22+08:00 ] ::1 /Uploads/815855910938016800/816638%E7%85%A7%E7%89%87.jpg
INFO: [ app_init ] --START--
INFO: Run Behavior\BuildLiteBehavior [ RunTime:0.000000s ]
INFO: [ app_init ] --END-- [ RunTime:0.001001s ]
ERR: 无法加载模块:Uploads

[ 2017-11-13T20:48:22+08:00 ] ::1 /Uploads/815855910938016800/816638%E8%81%8C%E7%A7%B0%E8%AF%81.jpg
INFO: [ app_init ] --START--
INFO: Run Behavior\BuildLiteBehavior [ RunTime:0.000000s ]
INFO: [ app_init ] --END-- [ RunTime:0.000000s ]
ERR: 无法加载模块:Uploads

[ 2017-11-13T20:48:22+08:00 ] ::1 /Uploads/815855910938016800/816638%E6%AF%95%E4%B8%9A%E8%AF%81.jpg
INFO: [ app_init ] --START--
INFO: Run Behavior\BuildLiteBehavior [ RunTime:0.000000s ]
INFO: [ app_init ] --END-- [ RunTime:0.000000s ]
ERR: 无法加载模块:Uploads

[ 2017-11-13T20:48:22+08:00 ] ::1 /Uploads/815855910938016800/816638%E4%BB%8E%E4%B8%9A%E7%A4%BE%E4%BF%9D%E8%AF%81%E6%98%8E.jpg
INFO: [ app_init ] --START--
INFO: Run Behavior\BuildLiteBehavior [ RunTime:0.000000s ]
INFO: [ app_init ] --END-- [ RunTime:0.000000s ]
ERR: 无法加载模块:Uploads

[ 2017-11-13T20:48:22+08:00 ] ::1 /Uploads/815855910938016800/816638%E8%BA%AB%E4%BB%BD%E8%AF%81%E6%AD%A3%E9%9D%A2.jpg
INFO: [ app_init ] --START--
INFO: Run Behavior\BuildLiteBehavior [ RunTime:0.000000s ]
INFO: [ app_init ] --END-- [ RunTime:0.000000s ]
ERR: 无法加载模块:Uploads

[ 2017-11-13T20:48:22+08:00 ] ::1 /Uploads/815855910938016800/816638%E8%BA%AB%E4%BB%BD%E8%AF%81%E8%83%8C%E9%9D%A2.jpg
INFO: [ app_init ] --START--
INFO: Run Behavior\BuildLiteBehavior [ RunTime:0.000000s ]
INFO: [ app_init ] --END-- [ RunTime:0.001000s ]
ERR: 无法加载模块:Uploads

[ 2017-11-13T20:48:30+08:00 ] ::1 /Uploads/760068552966161953/129496%E7%85%A7%E7%89%87.jpg
INFO: [ app_init ] --START--
INFO: Run Behavior\BuildLiteBehavior [ RunTime:0.000000s ]
INFO: [ app_init ] --END-- [ RunTime:0.001000s ]
ERR: 无法加载模块:Uploads

[ 2017-11-13T20:48:30+08:00 ] ::1 /Uploads/760068552966161953/129496%E8%BA%AB%E4%BB%BD%E8%AF%81%E6%AD%A3%E9%9D%A2.jpg
INFO: [ app_init ] --START--
INFO: Run Behavior\BuildLiteBehavior [ RunTime:0.000000s ]
INFO: [ app_init ] --END-- [ RunTime:0.001000s ]
ERR: 无法加载模块:Uploads

[ 2017-11-13T20:48:30+08:00 ] ::1 /Uploads/760068552966161953/129496%E4%BB%8E%E4%B8%9A%E7%A4%BE%E4%BF%9D%E8%AF%81%E6%98%8E.jpg
INFO: [ app_init ] --START--
INFO: Run Behavior\BuildLiteBehavior [ RunTime:0.000000s ]
INFO: [ app_init ] --END-- [ RunTime:0.000000s ]
ERR: 无法加载模块:Uploads

[ 2017-11-13T20:48:30+08:00 ] ::1 /Uploads/760068552966161953/129496%E8%BA%AB%E4%BB%BD%E8%AF%81%E8%83%8C%E9%9D%A2.jpg
INFO: [ app_init ] --START--
INFO: Run Behavior\BuildLiteBehavior [ RunTime:0.000000s ]
INFO: [ app_init ] --END-- [ RunTime:0.000000s ]
ERR: 无法加载模块:Uploads

[ 2017-11-13T20:48:30+08:00 ] ::1 /Uploads/760068552966161953/129496%E8%81%8C%E7%A7%B0%E8%AF%81.jpg
INFO: [ app_init ] --START--
INFO: Run Behavior\BuildLiteBehavior [ RunTime:0.000000s ]
INFO: [ app_init ] --END-- [ RunTime:0.001000s ]
ERR: 无法加载模块:Uploads

[ 2017-11-13T20:48:30+08:00 ] ::1 /Uploads/760068552966161953/129496%E6%AF%95%E4%B8%9A%E8%AF%81.jpg
INFO: [ app_init ] --START--
INFO: Run Behavior\BuildLiteBehavior [ RunTime:0.000000s ]
INFO: [ app_init ] --END-- [ RunTime:0.001000s ]
ERR: 无法加载模块:Uploads

[ 2017-11-13T20:53:47+08:00 ] ::1 /Uploads/510107199511031270/%E5%91%A8%E5%A5%95%E7%85%A7%E7%89%87.jpg
INFO: [ app_init ] --START--
INFO: Run Behavior\BuildLiteBehavior [ RunTime:0.000000s ]
INFO: [ app_init ] --END-- [ RunTime:0.000000s ]
ERR: 无法加载模块:Uploads

[ 2017-11-13T20:53:47+08:00 ] ::1 /Uploads/510107199511031270/%E5%91%A8%E5%A5%95%E8%BA%AB%E4%BB%BD%E8%AF%81%E8%83%8C%E9%9D%A2.jpg
INFO: [ app_init ] --START--
INFO: Run Behavior\BuildLiteBehavior [ RunTime:0.000000s ]
INFO: [ app_init ] --END-- [ RunTime:0.000000s ]
ERR: 无法加载模块:Uploads

[ 2017-11-13T20:53:47+08:00 ] ::1 /Uploads/510107199511031270/%E5%91%A8%E5%A5%95%E4%BB%8E%E4%B8%9A%E7%A4%BE%E4%BF%9D%E8%AF%81%E6%98%8E.jpg
INFO: [ app_init ] --START--
INFO: Run Behavior\BuildLiteBehavior [ RunTime:0.000000s ]
INFO: [ app_init ] --END-- [ RunTime:0.001000s ]
ERR: 无法加载模块:Uploads

[ 2017-11-13T20:53:47+08:00 ] ::1 /Uploads/510107199511031270/%E5%91%A8%E5%A5%95%E8%BA%AB%E4%BB%BD%E8%AF%81%E6%AD%A3%E9%9D%A2.jpg
INFO: [ app_init ] --START--
INFO: Run Behavior\BuildLiteBehavior [ RunTime:0.000000s ]
INFO: [ app_init ] --END-- [ RunTime:0.000000s ]
ERR: 无法加载模块:Uploads

[ 2017-11-13T20:53:47+08:00 ] ::1 /Uploads/510107199511031270/%E5%91%A8%E5%A5%95%E8%81%8C%E7%A7%B0%E8%AF%81.jpg
INFO: [ app_init ] --START--
INFO: Run Behavior\BuildLiteBehavior [ RunTime:0.000000s ]
INFO: [ app_init ] --END-- [ RunTime:0.001000s ]
ERR: 无法加载模块:Uploads

[ 2017-11-13T20:53:47+08:00 ] ::1 /Uploads/510107199511031270/%E5%91%A8%E5%A5%95%E6%AF%95%E4%B8%9A%E8%AF%81.jpg
INFO: [ app_init ] --START--
INFO: Run Behavior\BuildLiteBehavior [ RunTime:0.000000s ]
INFO: [ app_init ] --END-- [ RunTime:0.000000s ]
ERR: 无法加载模块:Uploads

[ 2017-11-13T20:53:54+08:00 ] ::1 /Uploads/510107199511031271/%E5%91%A8%E5%A5%951%E7%85%A7%E7%89%87.jpg
INFO: [ app_init ] --START--
INFO: Run Behavior\BuildLiteBehavior [ RunTime:0.000000s ]
INFO: [ app_init ] --END-- [ RunTime:0.000000s ]
ERR: 无法加载模块:Uploads

[ 2017-11-13T20:53:54+08:00 ] ::1 /Uploads/510107199511031271/%E5%91%A8%E5%A5%951%E8%BA%AB%E4%BB%BD%E8%AF%81%E6%AD%A3%E9%9D%A2.jpg
INFO: [ app_init ] --START--
INFO: Run Behavior\BuildLiteBehavior [ RunTime:0.000000s ]
INFO: [ app_init ] --END-- [ RunTime:0.001000s ]
ERR: 无法加载模块:Uploads

[ 2017-11-13T20:53:54+08:00 ] ::1 /Uploads/510107199511031271/%E5%91%A8%E5%A5%951%E8%81%8C%E7%A7%B0%E8%AF%81.jpg
INFO: [ app_init ] --START--
INFO: Run Behavior\BuildLiteBehavior [ RunTime:0.000000s ]
INFO: [ app_init ] --END-- [ RunTime:0.000000s ]
ERR: 无法加载模块:Uploads

[ 2017-11-13T20:53:54+08:00 ] ::1 /Uploads/510107199511031271/%E5%91%A8%E5%A5%951%E4%BB%8E%E4%B8%9A%E7%A4%BE%E4%BF%9D%E8%AF%81%E6%98%8E.jpg
INFO: [ app_init ] --START--
INFO: Run Behavior\BuildLiteBehavior [ RunTime:0.000000s ]
INFO: [ app_init ] --END-- [ RunTime:0.000000s ]
ERR: 无法加载模块:Uploads

[ 2017-11-13T20:53:54+08:00 ] ::1 /Uploads/510107199511031271/%E5%91%A8%E5%A5%951%E8%BA%AB%E4%BB%BD%E8%AF%81%E8%83%8C%E9%9D%A2.jpg
INFO: [ app_init ] --START--
INFO: Run Behavior\BuildLiteBehavior [ RunTime:0.000000s ]
INFO: [ app_init ] --END-- [ RunTime:0.000000s ]
ERR: 无法加载模块:Uploads

[ 2017-11-13T20:53:54+08:00 ] ::1 /Uploads/510107199511031271/%E5%91%A8%E5%A5%951%E6%AF%95%E4%B8%9A%E8%AF%81.jpg
INFO: [ app_init ] --START--
INFO: Run Behavior\BuildLiteBehavior [ RunTime:0.000000s ]
INFO: [ app_init ] --END-- [ RunTime:0.001000s ]
ERR: 无法加载模块:Uploads

[ 2017-11-13T20:54:04+08:00 ] ::1 /Uploads/510107199511031272/%E5%91%A8%E5%A5%952%E7%85%A7%E7%89%87.jpg
INFO: [ app_init ] --START--
INFO: Run Behavior\BuildLiteBehavior [ RunTime:0.000000s ]
INFO: [ app_init ] --END-- [ RunTime:0.000000s ]
ERR: 无法加载模块:Uploads

[ 2017-11-13T20:54:04+08:00 ] ::1 /Uploads/510107199511031272/%E5%91%A8%E5%A5%952%E4%BB%8E%E4%B8%9A%E7%A4%BE%E4%BF%9D%E8%AF%81%E6%98%8E.jpg
INFO: [ app_init ] --START--
INFO: Run Behavior\BuildLiteBehavior [ RunTime:0.000000s ]
INFO: [ app_init ] --END-- [ RunTime:0.000000s ]
ERR: 无法加载模块:Uploads

[ 2017-11-13T20:54:04+08:00 ] ::1 /Uploads/510107199511031272/%E5%91%A8%E5%A5%952%E8%BA%AB%E4%BB%BD%E8%AF%81%E8%83%8C%E9%9D%A2.jpg
INFO: [ app_init ] --START--
INFO: Run Behavior\BuildLiteBehavior [ RunTime:0.000000s ]
INFO: [ app_init ] --END-- [ RunTime:0.000000s ]
ERR: 无法加载模块:Uploads

[ 2017-11-13T20:54:04+08:00 ] ::1 /Uploads/510107199511031272/%E5%91%A8%E5%A5%952%E8%BA%AB%E4%BB%BD%E8%AF%81%E6%AD%A3%E9%9D%A2.jpg
INFO: [ app_init ] --START--
INFO: Run Behavior\BuildLiteBehavior [ RunTime:0.000000s ]
INFO: [ app_init ] --END-- [ RunTime:0.001000s ]
ERR: 无法加载模块:Uploads

[ 2017-11-13T20:54:04+08:00 ] ::1 /Uploads/510107199511031272/%E5%91%A8%E5%A5%952%E6%AF%95%E4%B8%9A%E8%AF%81.jpg
INFO: [ app_init ] --START--
INFO: Run Behavior\BuildLiteBehavior [ RunTime:0.000000s ]
INFO: [ app_init ] --END-- [ RunTime:0.000000s ]
ERR: 无法加载模块:Uploads

[ 2017-11-13T20:54:04+08:00 ] ::1 /Uploads/510107199511031272/%E5%91%A8%E5%A5%952%E8%81%8C%E7%A7%B0%E8%AF%81.jpg
INFO: [ app_init ] --START--
INFO: Run Behavior\BuildLiteBehavior [ RunTime:0.000000s ]
INFO: [ app_init ] --END-- [ RunTime:0.000000s ]
ERR: 无法加载模块:Uploads

[ 2017-11-13T20:54:09+08:00 ] ::1 /Uploads/510107199511031273/%E5%91%A8%E5%A5%953%E7%85%A7%E7%89%87.jpg
INFO: [ app_init ] --START--
INFO: Run Behavior\BuildLiteBehavior [ RunTime:0.000000s ]
INFO: [ app_init ] --END-- [ RunTime:0.000000s ]
ERR: 无法加载模块:Uploads

[ 2017-11-13T20:54:09+08:00 ] ::1 /Uploads/510107199511031273/%E5%91%A8%E5%A5%953%E8%BA%AB%E4%BB%BD%E8%AF%81%E6%AD%A3%E9%9D%A2.jpg
INFO: [ app_init ] --START--
INFO: Run Behavior\BuildLiteBehavior [ RunTime:0.000000s ]
INFO: [ app_init ] --END-- [ RunTime:0.001000s ]
ERR: 无法加载模块:Uploads

[ 2017-11-13T20:54:09+08:00 ] ::1 /Uploads/510107199511031273/%E5%91%A8%E5%A5%953%E4%BB%8E%E4%B8%9A%E7%A4%BE%E4%BF%9D%E8%AF%81%E6%98%8E.jpg
INFO: [ app_init ] --START--
INFO: Run Behavior\BuildLiteBehavior [ RunTime:0.000000s ]
INFO: [ app_init ] --END-- [ RunTime:0.000000s ]
ERR: 无法加载模块:Uploads

[ 2017-11-13T20:54:09+08:00 ] ::1 /Uploads/510107199511031273/%E5%91%A8%E5%A5%953%E8%81%8C%E7%A7%B0%E8%AF%81.jpg
INFO: [ app_init ] --START--
INFO: Run Behavior\BuildLiteBehavior [ RunTime:0.000000s ]
INFO: [ app_init ] --END-- [ RunTime:0.000000s ]
ERR: 无法加载模块:Uploads

[ 2017-11-13T20:54:09+08:00 ] ::1 /Uploads/510107199511031273/%E5%91%A8%E5%A5%953%E6%AF%95%E4%B8%9A%E8%AF%81.jpg
INFO: [ app_init ] --START--
INFO: Run Behavior\BuildLiteBehavior [ RunTime:0.000000s ]
INFO: [ app_init ] --END-- [ RunTime:0.000000s ]
ERR: 无法加载模块:Uploads

[ 2017-11-13T20:54:09+08:00 ] ::1 /Uploads/510107199511031273/%E5%91%A8%E5%A5%953%E8%BA%AB%E4%BB%BD%E8%AF%81%E8%83%8C%E9%9D%A2.jpg
INFO: [ app_init ] --START--
INFO: Run Behavior\BuildLiteBehavior [ RunTime:0.000000s ]
INFO: [ app_init ] --END-- [ RunTime:0.000000s ]
ERR: 无法加载模块:Uploads

[ 2017-11-13T20:54:19+08:00 ] ::1 /Uploads/510107199511031274/%E5%91%A8%E5%A5%954%E7%85%A7%E7%89%87.jpg
INFO: [ app_init ] --START--
INFO: Run Behavior\BuildLiteBehavior [ RunTime:0.000000s ]
INFO: [ app_init ] --END-- [ RunTime:0.000000s ]
ERR: 无法加载模块:Uploads

[ 2017-11-13T20:54:19+08:00 ] ::1 /Uploads/510107199511031274/%E5%91%A8%E5%A5%954%E8%BA%AB%E4%BB%BD%E8%AF%81%E6%AD%A3%E9%9D%A2.jpg
INFO: [ app_init ] --START--
INFO: Run Behavior\BuildLiteBehavior [ RunTime:0.000000s ]
INFO: [ app_init ] --END-- [ RunTime:0.000000s ]
ERR: 无法加载模块:Uploads

[ 2017-11-13T20:54:19+08:00 ] ::1 /Uploads/510107199511031274/%E5%91%A8%E5%A5%954%E6%AF%95%E4%B8%9A%E8%AF%81.jpg
INFO: [ app_init ] --START--
INFO: Run Behavior\BuildLiteBehavior [ RunTime:0.000000s ]
INFO: [ app_init ] --END-- [ RunTime:0.000000s ]
ERR: 无法加载模块:Uploads

[ 2017-11-13T20:54:19+08:00 ] ::1 /Uploads/510107199511031274/%E5%91%A8%E5%A5%954%E8%BA%AB%E4%BB%BD%E8%AF%81%E8%83%8C%E9%9D%A2.jpg
INFO: [ app_init ] --START--
INFO: Run Behavior\BuildLiteBehavior [ RunTime:0.000000s ]
INFO: [ app_init ] --END-- [ RunTime:0.001000s ]
ERR: 无法加载模块:Uploads

[ 2017-11-13T20:54:19+08:00 ] ::1 /Uploads/510107199511031274/%E5%91%A8%E5%A5%954%E4%BB%8E%E4%B8%9A%E7%A4%BE%E4%BF%9D%E8%AF%81%E6%98%8E.jpg
INFO: [ app_init ] --START--
INFO: Run Behavior\BuildLiteBehavior [ RunTime:0.000000s ]
INFO: [ app_init ] --END-- [ RunTime:0.001000s ]
ERR: 无法加载模块:Uploads

[ 2017-11-13T20:54:19+08:00 ] ::1 /Uploads/510107199511031274/%E5%91%A8%E5%A5%954%E8%81%8C%E7%A7%B0%E8%AF%81.jpg
INFO: [ app_init ] --START--
INFO: Run Behavior\BuildLiteBehavior [ RunTime:0.000000s ]
INFO: [ app_init ] --END-- [ RunTime:0.001000s ]
ERR: 无法加载模块:Uploads

[ 2017-11-13T21:24:55+08:00 ] ::1 /favicon.ico
INFO: [ app_init ] --START--
INFO: Run Behavior\BuildLiteBehavior [ RunTime:0.000000s ]
INFO: [ app_init ] --END-- [ RunTime:0.000000s ]
ERR: 无法加载模块:Favicon

[ 2017-11-13T21:25:03+08:00 ] ::1 /favicon.ico
INFO: [ app_init ] --START--
INFO: Run Behavior\BuildLiteBehavior [ RunTime:0.000000s ]
INFO: [ app_init ] --END-- [ RunTime:0.000000s ]
ERR: 无法加载模块:Favicon

[ 2017-11-13T21:28:29+08:00 ] ::1 /favicon.ico
INFO: [ app_init ] --START--
INFO: Run Behavior\BuildLiteBehavior [ RunTime:0.000000s ]
INFO: [ app_init ] --END-- [ RunTime:0.000000s ]
ERR: 无法加载模块:Favicon

[ 2017-11-13T21:31:09+08:00 ] ::1 /favicon.ico
INFO: [ app_init ] --START--
INFO: Run Behavior\BuildLiteBehavior [ RunTime:0.000000s ]
INFO: [ app_init ] --END-- [ RunTime:0.001000s ]
ERR: 无法加载模块:Favicon

[ 2017-11-13T22:40:06+08:00 ] ::1 /index.php%EF%BC%9Fm=Admin&c=Exammanage&a=chengji
INFO: [ app_init ] --START--
INFO: Run Behavior\BuildLiteBehavior [ RunTime:0.000000s ]
INFO: [ app_init ] --END-- [ RunTime:0.001000s ]
ERR: 无法加载模块:Index

[ 2017-11-13T22:55:41+08:00 ] ::1 /Uploads/510107199511031274/%E5%91%A8%E5%A5%954%E7%85%A7%E7%89%87.jpg
INFO: [ app_init ] --START--
INFO: Run Behavior\BuildLiteBehavior [ RunTime:0.000000s ]
INFO: [ app_init ] --END-- [ RunTime:0.000000s ]
ERR: 无法加载模块:Uploads

[ 2017-11-13T22:56:02+08:00 ] ::1 /Uploads/510107199511031274/%E5%91%A8%E5%A5%954%E7%85%A7%E7%89%87.jpg
INFO: [ app_init ] --START--
INFO: Run Behavior\BuildLiteBehavior [ RunTime:0.000000s ]
INFO: [ app_init ] --END-- [ RunTime:0.000000s ]
ERR: 无法加载模块:Uploads

[ 2017-11-13T22:56:06+08:00 ] ::1 /Uploads/510107199511031274/%E5%91%A8%E5%A5%954%E7%85%A7%E7%89%87.jpg
INFO: [ app_init ] --START--
INFO: Run Behavior\BuildLiteBehavior [ RunTime:0.000000s ]
INFO: [ app_init ] --END-- [ RunTime:0.000000s ]
ERR: 无法加载模块:Uploads

[ 2017-11-13T22:57:46+08:00 ] ::1 /Uploads/956051036541402314/413001%E7%85%A7%E7%89%87.jpg
INFO: [ app_init ] --START--
INFO: Run Behavior\BuildLiteBehavior [ RunTime:0.000000s ]
INFO: [ app_init ] --END-- [ RunTime:0.000000s ]
ERR: 无法加载模块:Uploads

[ 2017-11-13T22:57:46+08:00 ] ::1 /Uploads/956051036541402314/413001%E8%BA%AB%E4%BB%BD%E8%AF%81%E6%AD%A3%E9%9D%A2.jpg
INFO: [ app_init ] --START--
INFO: Run Behavior\BuildLiteBehavior [ RunTime:0.000000s ]
INFO: [ app_init ] --END-- [ RunTime:0.000000s ]
ERR: 无法加载模块:Uploads

[ 2017-11-13T22:57:46+08:00 ] ::1 /Uploads/956051036541402314/413001%E8%81%8C%E7%A7%B0%E8%AF%81.jpg
INFO: [ app_init ] --START--
INFO: Run Behavior\BuildLiteBehavior [ RunTime:0.000000s ]
INFO: [ app_init ] --END-- [ RunTime:0.000000s ]
ERR: 无法加载模块:Uploads

[ 2017-11-13T22:57:46+08:00 ] ::1 /Uploads/956051036541402314/413001%E8%BA%AB%E4%BB%BD%E8%AF%81%E8%83%8C%E9%9D%A2.jpg
INFO: [ app_init ] --START--
INFO: Run Behavior\BuildLiteBehavior [ RunTime:0.000000s ]
INFO: [ app_init ] --END-- [ RunTime:0.000000s ]
ERR: 无法加载模块:Uploads

[ 2017-11-13T22:57:46+08:00 ] ::1 /Uploads/956051036541402314/413001%E6%AF%95%E4%B8%9A%E8%AF%81.jpg
INFO: [ app_init ] --START--
INFO: Run Behavior\BuildLiteBehavior [ RunTime:0.000000s ]
INFO: [ app_init ] --END-- [ RunTime:0.001000s ]
ERR: 无法加载模块:Uploads

[ 2017-11-13T22:57:46+08:00 ] ::1 /Uploads/956051036541402314/413001%E4%BB%8E%E4%B8%9A%E7%A4%BE%E4%BF%9D%E8%AF%81%E6%98%8E.jpg
INFO: [ app_init ] --START--
INFO: Run Behavior\BuildLiteBehavior [ RunTime:0.000000s ]
INFO: [ app_init ] --END-- [ RunTime:0.000000s ]
ERR: 无法加载模块:Uploads

