[ 2018-01-07T20:15:04+08:00 ] 127.0.0.1 /TPdemo/1/Uploads/2.png
INFO: [ app_init ] --START--
INFO: Run Behavior\BuildLiteBehavior [ RunTime:0.000027s ]
INFO: [ app_init ] --END-- [ RunTime:0.001044s ]
ERR: 无法加载模块:Uploads

[ 2018-01-07T20:30:37+08:00 ] 127.0.0.1 /TPdemo/1/Uploads/2.png
INFO: [ app_init ] --START--
INFO: Run Behavior\BuildLiteBehavior [ RunTime:0.000024s ]
INFO: [ app_init ] --END-- [ RunTime:0.001197s ]
ERR: 无法加载模块:Uploads

[ 2018-01-07T20:33:09+08:00 ] 127.0.0.1 /TPdemo/1/Uploads/2.png
INFO: [ app_init ] --START--
INFO: Run Behavior\BuildLiteBehavior [ RunTime:0.000021s ]
INFO: [ app_init ] --END-- [ RunTime:0.000856s ]
ERR: 无法加载模块:Uploads

[ 2018-01-07T20:33:32+08:00 ] 127.0.0.1 /TPdemo/1/Uploads/2.png
INFO: [ app_init ] --START--
INFO: Run Behavior\BuildLiteBehavior [ RunTime:0.000021s ]
INFO: [ app_init ] --END-- [ RunTime:0.001065s ]
ERR: 无法加载模块:Uploads

[ 2018-01-07T20:35:29+08:00 ] 127.0.0.1 /TPdemo/1/Uploads/2.png
INFO: [ app_init ] --START--
INFO: Run Behavior\BuildLiteBehavior [ RunTime:0.000025s ]
INFO: [ app_init ] --END-- [ RunTime:0.001067s ]
ERR: 无法加载模块:Uploads

[ 2018-01-07T20:37:36+08:00 ] 127.0.0.1 /TPdemo/1/Uploads/2.png
INFO: [ app_init ] --START--
INFO: Run Behavior\BuildLiteBehavior [ RunTime:0.000021s ]
INFO: [ app_init ] --END-- [ RunTime:0.000789s ]
ERR: 无法加载模块:Uploads

[ 2018-01-07T20:38:50+08:00 ] 127.0.0.1 /TPdemo/1/Uploads/2.png
INFO: [ app_init ] --START--
INFO: Run Behavior\BuildLiteBehavior [ RunTime:0.000024s ]
INFO: [ app_init ] --END-- [ RunTime:0.000735s ]
ERR: 无法加载模块:Uploads

[ 2018-01-07T20:38:58+08:00 ] 127.0.0.1 /TPdemo/1/Uploads/2.png
INFO: [ app_init ] --START--
INFO: Run Behavior\BuildLiteBehavior [ RunTime:0.000016s ]
INFO: [ app_init ] --END-- [ RunTime:0.000746s ]
ERR: 无法加载模块:Uploads

[ 2018-01-07T20:39:25+08:00 ] 127.0.0.1 /TPdemo/1/Uploads/2.png
INFO: [ app_init ] --START--
INFO: Run Behavior\BuildLiteBehavior [ RunTime:0.000025s ]
INFO: [ app_init ] --END-- [ RunTime:0.000953s ]
ERR: 无法加载模块:Uploads

[ 2018-01-07T20:39:47+08:00 ] 127.0.0.1 /TPdemo/1/Uploads/2.png
INFO: [ app_init ] --START--
INFO: Run Behavior\BuildLiteBehavior [ RunTime:0.000020s ]
INFO: [ app_init ] --END-- [ RunTime:0.001046s ]
ERR: 无法加载模块:Uploads

[ 2018-01-07T20:39:53+08:00 ] 127.0.0.1 /TPdemo/1/Uploads/2.png
INFO: [ app_init ] --START--
INFO: Run Behavior\BuildLiteBehavior [ RunTime:0.000026s ]
INFO: [ app_init ] --END-- [ RunTime:0.001044s ]
ERR: 无法加载模块:Uploads

[ 2018-01-07T20:41:17+08:00 ] 127.0.0.1 /TPdemo/1/Uploads/2.png
INFO: [ app_init ] --START--
INFO: Run Behavior\BuildLiteBehavior [ RunTime:0.000025s ]
INFO: [ app_init ] --END-- [ RunTime:0.001111s ]
ERR: 无法加载模块:Uploads

[ 2018-01-07T20:42:41+08:00 ] 127.0.0.1 /TPdemo/1/Uploads/2.png
INFO: [ app_init ] --START--
INFO: Run Behavior\BuildLiteBehavior [ RunTime:0.000025s ]
INFO: [ app_init ] --END-- [ RunTime:0.001213s ]
ERR: 无法加载模块:Uploads

[ 2018-01-07T20:43:03+08:00 ] 127.0.0.1 /TPdemo/1/Uploads/2.png
INFO: [ app_init ] --START--
INFO: Run Behavior\BuildLiteBehavior [ RunTime:0.000027s ]
INFO: [ app_init ] --END-- [ RunTime:0.001096s ]
ERR: 无法加载模块:Uploads

[ 2018-01-07T20:43:35+08:00 ] 127.0.0.1 /TPdemo/1/Uploads/2.png
INFO: [ app_init ] --START--
INFO: Run Behavior\BuildLiteBehavior [ RunTime:0.000026s ]
INFO: [ app_init ] --END-- [ RunTime:0.001045s ]
ERR: 无法加载模块:Uploads

[ 2018-01-07T20:44:03+08:00 ] 127.0.0.1 /TPdemo/1/Uploads/2.png
INFO: [ app_init ] --START--
INFO: Run Behavior\BuildLiteBehavior [ RunTime:0.000013s ]
INFO: [ app_init ] --END-- [ RunTime:0.000720s ]
ERR: 无法加载模块:Uploads

[ 2018-01-07T20:46:30+08:00 ] 127.0.0.1 /TPdemo/1/Uploads/2.png
INFO: [ app_init ] --START--
INFO: Run Behavior\BuildLiteBehavior [ RunTime:0.000020s ]
INFO: [ app_init ] --END-- [ RunTime:0.000953s ]
ERR: 无法加载模块:Uploads

[ 2018-01-07T20:46:36+08:00 ] 127.0.0.1 /TPdemo/1/Uploads/2.png
INFO: [ app_init ] --START--
INFO: Run Behavior\BuildLiteBehavior [ RunTime:0.000014s ]
INFO: [ app_init ] --END-- [ RunTime:0.000919s ]
ERR: 无法加载模块:Uploads

[ 2018-01-07T20:48:03+08:00 ] 127.0.0.1 /TPdemo/1/Uploads/2.png
INFO: [ app_init ] --START--
INFO: Run Behavior\BuildLiteBehavior [ RunTime:0.000023s ]
INFO: [ app_init ] --END-- [ RunTime:0.000709s ]
ERR: 无法加载模块:Uploads

[ 2018-01-07T20:48:43+08:00 ] 127.0.0.1 /TPdemo/1/Uploads/2.png
INFO: [ app_init ] --START--
INFO: Run Behavior\BuildLiteBehavior [ RunTime:0.000019s ]
INFO: [ app_init ] --END-- [ RunTime:0.000859s ]
ERR: 无法加载模块:Uploads

[ 2018-01-07T20:49:10+08:00 ] 127.0.0.1 /TPdemo/1/Uploads/2.png
INFO: [ app_init ] --START--
INFO: Run Behavior\BuildLiteBehavior [ RunTime:0.000024s ]
INFO: [ app_init ] --END-- [ RunTime:0.001013s ]
ERR: 无法加载模块:Uploads

