[ 2017-12-28T17:17:42+08:00 ] 127.0.0.1 /TPdemo/1/index.php/Admin/Load/load.html
INFO: [ app_init ] --START--
INFO: Run Behavior\BuildLiteBehavior [ RunTime:0.000036s ]
INFO: [ app_init ] --END-- [ RunTime:0.003366s ]
INFO: [ app_begin ] --START--
INFO: Run Behavior\ReadHtmlCacheBehavior [ RunTime:0.017949s ]
INFO: [ app_begin ] --END-- [ RunTime:0.018184s ]
INFO: [ view_parse ] --START--
INFO: [ template_filter ] --START--
INFO: Run Behavior\ContentReplaceBehavior [ RunTime:0.000254s ]
INFO: [ template_filter ] --END-- [ RunTime:0.000399s ]
INFO: Run Behavior\ParseTemplateBehavior [ RunTime:0.072680s ]
INFO: [ view_parse ] --END-- [ RunTime:0.072840s ]
INFO: [ view_filter ] --START--
INFO: Run Behavior\WriteHtmlCacheBehavior [ RunTime:0.017082s ]
INFO: [ view_filter ] --END-- [ RunTime:0.017269s ]
INFO: [ app_end ] --START--
INFO: Run Behavior\ShowPageTraceBehavior [ RunTime:0.012887s ]
INFO: [ app_end ] --END-- [ RunTime:0.013049s ]

[ 2017-12-28T17:17:59+08:00 ] 127.0.0.1 /TPdemo/1/index.php/Admin/Load/load.html
INFO: [ app_init ] --START--
INFO: Run Behavior\BuildLiteBehavior [ RunTime:0.000024s ]
INFO: [ app_init ] --END-- [ RunTime:0.000912s ]
INFO: [ app_begin ] --START--
INFO: Run Behavior\ReadHtmlCacheBehavior [ RunTime:0.000930s ]
INFO: [ app_begin ] --END-- [ RunTime:0.000993s ]
SQL: SHOW COLUMNS FROM `admin` [ RunTime:0.1604s ]
SQL: SELECT * FROM `admin` WHERE `username` = 'admin' AND `password` = '7e3c3eff9ce472cb3a6c373773a00cae' LIMIT 1   [ RunTime:0.0023s ]
INFO: [ view_parse ] --START--
INFO: [ template_filter ] --START--
INFO: Run Behavior\ContentReplaceBehavior [ RunTime:0.000063s ]
INFO: [ template_filter ] --END-- [ RunTime:0.000164s ]
INFO: Run Behavior\ParseTemplateBehavior [ RunTime:0.049959s ]
INFO: [ view_parse ] --END-- [ RunTime:0.050083s ]
INFO: [ view_filter ] --START--
INFO: Run Behavior\WriteHtmlCacheBehavior [ RunTime:0.002944s ]
INFO: [ view_filter ] --END-- [ RunTime:0.003105s ]
INFO: [ app_end ] --START--
INFO: Run Behavior\ShowPageTraceBehavior [ RunTime:0.001350s ]
INFO: [ app_end ] --END-- [ RunTime:0.001417s ]

[ 2017-12-28T17:18:02+08:00 ] 127.0.0.1 /TPdemo/1/index.php/Admin/Index/shenhe.html
INFO: [ app_init ] --START--
INFO: Run Behavior\BuildLiteBehavior [ RunTime:0.000081s ]
INFO: [ app_init ] --END-- [ RunTime:0.003101s ]
INFO: [ app_begin ] --START--
INFO: Run Behavior\ReadHtmlCacheBehavior [ RunTime:0.002340s ]
INFO: [ app_begin ] --END-- [ RunTime:0.002619s ]
SQL: SHOW COLUMNS FROM `user` [ RunTime:0.2402s ]
SQL: SELECT * FROM `user` WHERE `date` LIKE '%%' AND `real_account` LIKE '%%'  [ RunTime:0.0245s ]
NOTIC: [8] Undefined index: pass D:\phpStudy\WWW\TPdemo\1\Application\Admin\Controller\IndexController.class.php 第 74 行.
INFO: [ view_parse ] --START--
INFO: [ template_filter ] --START--
INFO: Run Behavior\ContentReplaceBehavior [ RunTime:0.000269s ]
INFO: [ template_filter ] --END-- [ RunTime:0.000366s ]
NOTIC: [2] Illegal string offset 'account' D:\phpStudy\WWW\TPdemo\1\Runtime\Cache\Admin\e17b5730c9867d0dd9d3bf627a20efb7.php 第 561 行.
NOTIC: [2] Illegal string offset 'real_account' D:\phpStudy\WWW\TPdemo\1\Runtime\Cache\Admin\e17b5730c9867d0dd9d3bf627a20efb7.php 第 562 行.
NOTIC: [2] Illegal string offset 'account' D:\phpStudy\WWW\TPdemo\1\Runtime\Cache\Admin\e17b5730c9867d0dd9d3bf627a20efb7.php 第 565 行.
NOTIC: [2] Illegal string offset 'pass' D:\phpStudy\WWW\TPdemo\1\Runtime\Cache\Admin\e17b5730c9867d0dd9d3bf627a20efb7.php 第 569 行.
NOTIC: [2] Illegal string offset 'pass' D:\phpStudy\WWW\TPdemo\1\Runtime\Cache\Admin\e17b5730c9867d0dd9d3bf627a20efb7.php 第 569 行.
NOTIC: [2] Illegal string offset 'reason' D:\phpStudy\WWW\TPdemo\1\Runtime\Cache\Admin\e17b5730c9867d0dd9d3bf627a20efb7.php 第 570 行.
NOTIC: [2] Illegal string offset 'account' D:\phpStudy\WWW\TPdemo\1\Runtime\Cache\Admin\e17b5730c9867d0dd9d3bf627a20efb7.php 第 572 行.
INFO: Run Behavior\ParseTemplateBehavior [ RunTime:0.144936s ]
INFO: [ view_parse ] --END-- [ RunTime:0.145038s ]
INFO: [ view_filter ] --START--
INFO: Run Behavior\WriteHtmlCacheBehavior [ RunTime:0.000807s ]
INFO: [ view_filter ] --END-- [ RunTime:0.000864s ]
INFO: [ app_end ] --START--
INFO: Run Behavior\ShowPageTraceBehavior [ RunTime:0.001226s ]
INFO: [ app_end ] --END-- [ RunTime:0.001353s ]

[ 2017-12-28T17:18:15+08:00 ] 127.0.0.1 /TPdemo/1/index.php/Admin/Exammanage/chengji.html
INFO: [ app_init ] --START--
INFO: Run Behavior\BuildLiteBehavior [ RunTime:0.000114s ]
INFO: [ app_init ] --END-- [ RunTime:0.002258s ]
INFO: [ app_begin ] --START--
INFO: Run Behavior\ReadHtmlCacheBehavior [ RunTime:0.003119s ]
INFO: [ app_begin ] --END-- [ RunTime:0.003385s ]
INFO: [ view_parse ] --START--
INFO: [ template_filter ] --START--
INFO: Run Behavior\ContentReplaceBehavior [ RunTime:0.000478s ]
INFO: [ template_filter ] --END-- [ RunTime:0.000682s ]
INFO: Run Behavior\ParseTemplateBehavior [ RunTime:0.079635s ]
INFO: [ view_parse ] --END-- [ RunTime:0.079807s ]
INFO: [ view_filter ] --START--
INFO: Run Behavior\WriteHtmlCacheBehavior [ RunTime:0.002114s ]
INFO: [ view_filter ] --END-- [ RunTime:0.002234s ]
INFO: [ app_end ] --START--
INFO: Run Behavior\ShowPageTraceBehavior [ RunTime:0.007251s ]
INFO: [ app_end ] --END-- [ RunTime:0.007702s ]

[ 2017-12-28T17:18:59+08:00 ] 127.0.0.1 /TPdemo/1/index.php/Admin/Exammanage/chengji.html
INFO: [ app_init ] --START--
INFO: Run Behavior\BuildLiteBehavior [ RunTime:0.000033s ]
INFO: [ app_init ] --END-- [ RunTime:0.001757s ]
INFO: [ app_begin ] --START--
INFO: Run Behavior\ReadHtmlCacheBehavior [ RunTime:0.003386s ]
INFO: [ app_begin ] --END-- [ RunTime:0.003637s ]
INFO: [ view_parse ] --START--
INFO: [ template_filter ] --START--
INFO: Run Behavior\ContentReplaceBehavior [ RunTime:0.000497s ]
INFO: [ template_filter ] --END-- [ RunTime:0.000676s ]
INFO: Run Behavior\ParseTemplateBehavior [ RunTime:0.039293s ]
INFO: [ view_parse ] --END-- [ RunTime:0.039466s ]
INFO: [ view_filter ] --START--
INFO: Run Behavior\WriteHtmlCacheBehavior [ RunTime:0.002040s ]
INFO: [ view_filter ] --END-- [ RunTime:0.002174s ]
NOTIC: [2] call_user_func() expects parameter 1 to be a valid callback, no array or string given D:\phpStudy\WWW\TPdemo\1\ThinkPHP\Library\Think\Upload.class.php 第 170 行.
NOTIC: [8] Use of undefined constant info - assumed 'info' D:\phpStudy\WWW\TPdemo\1\Application\Admin\Controller\ExammanageController.class.php 第 192 行.
ERR: Could not open ./Uploads/20171228/工作簿1.xlsx for reading! File does not exist.
NOTIC: [2] Cannot modify header information - headers already sent by (output started at D:\phpStudy\WWW\TPdemo\1\ThinkPHP\Library\Think\View.class.php:95) D:\phpStudy\WWW\TPdemo\1\ThinkPHP\Library\Think\Think.class.php 第 229 行.
NOTIC: [2] Cannot modify header information - headers already sent by (output started at D:\phpStudy\WWW\TPdemo\1\ThinkPHP\Library\Think\View.class.php:95) D:\phpStudy\WWW\TPdemo\1\ThinkPHP\Library\Think\Think.class.php 第 230 行.

[ 2017-12-28T17:20:10+08:00 ] 127.0.0.1 /TPdemo/1/index.php/Admin/Exammanage/chengji.html
INFO: [ app_init ] --START--
INFO: Run Behavior\BuildLiteBehavior [ RunTime:0.000052s ]
INFO: [ app_init ] --END-- [ RunTime:0.001891s ]
INFO: [ app_begin ] --START--
INFO: Run Behavior\ReadHtmlCacheBehavior [ RunTime:0.002173s ]
INFO: [ app_begin ] --END-- [ RunTime:0.002329s ]
INFO: [ view_parse ] --START--
INFO: [ template_filter ] --START--
INFO: Run Behavior\ContentReplaceBehavior [ RunTime:0.000412s ]
INFO: [ template_filter ] --END-- [ RunTime:0.000583s ]
INFO: Run Behavior\ParseTemplateBehavior [ RunTime:0.038401s ]
INFO: [ view_parse ] --END-- [ RunTime:0.038652s ]
INFO: [ view_filter ] --START--
INFO: Run Behavior\WriteHtmlCacheBehavior [ RunTime:0.004138s ]
INFO: [ view_filter ] --END-- [ RunTime:0.004348s ]
NOTIC: [8] Use of undefined constant info - assumed 'info' D:\phpStudy\WWW\TPdemo\1\Application\Admin\Controller\ExammanageController.class.php 第 192 行.
NOTIC: [2] Invalid argument supplied for foreach() D:\phpStudy\WWW\TPdemo\1\Application\Admin\Controller\ExammanageController.class.php 第 195 行.
NOTIC: [8] Undefined variable: savepath D:\phpStudy\WWW\TPdemo\1\Application\Admin\Controller\ExammanageController.class.php 第 201 行.
NOTIC: [8] Undefined variable: savename D:\phpStudy\WWW\TPdemo\1\Application\Admin\Controller\ExammanageController.class.php 第 201 行.
NOTIC: [8] Undefined variable: exts D:\phpStudy\WWW\TPdemo\1\Application\Admin\Controller\ExammanageController.class.php 第 203 行.
INFO: [ view_parse ] --START--
INFO: [ template_filter ] --START--
INFO: Run Behavior\ContentReplaceBehavior [ RunTime:0.000229s ]
INFO: [ template_filter ] --END-- [ RunTime:-0.053323s ]
INFO: Run Behavior\ParseTemplateBehavior [ RunTime:0.026176s ]
INFO: [ view_parse ] --END-- [ RunTime:-0.037429s ]
INFO: [ view_filter ] --START--
INFO: Run Behavior\WriteHtmlCacheBehavior [ RunTime:0.000030s ]
INFO: [ view_filter ] --END-- [ RunTime:-0.059313s ]
NOTIC: [2] Cannot modify header information - headers already sent by (output started at D:\phpStudy\WWW\TPdemo\1\ThinkPHP\Library\Think\View.class.php:95) D:\phpStudy\WWW\TPdemo\1\ThinkPHP\Library\Think\View.class.php 第 91 行.
NOTIC: [2] Cannot modify header information - headers already sent by (output started at D:\phpStudy\WWW\TPdemo\1\ThinkPHP\Library\Think\View.class.php:95) D:\phpStudy\WWW\TPdemo\1\ThinkPHP\Library\Think\View.class.php 第 92 行.
NOTIC: [2] Cannot modify header information - headers already sent by (output started at D:\phpStudy\WWW\TPdemo\1\ThinkPHP\Library\Think\View.class.php:95) D:\phpStudy\WWW\TPdemo\1\ThinkPHP\Library\Think\View.class.php 第 93 行.

[ 2017-12-28T17:20:16+08:00 ] 127.0.0.1 /TPdemo/1/index.php/Admin/Exammanage/chengji.html
INFO: [ app_init ] --START--
INFO: Run Behavior\BuildLiteBehavior [ RunTime:0.000047s ]
INFO: [ app_init ] --END-- [ RunTime:0.002445s ]
INFO: [ app_begin ] --START--
INFO: Run Behavior\ReadHtmlCacheBehavior [ RunTime:0.003394s ]
INFO: [ app_begin ] --END-- [ RunTime:0.003631s ]
INFO: [ view_parse ] --START--
INFO: [ template_filter ] --START--
INFO: Run Behavior\ContentReplaceBehavior [ RunTime:0.000420s ]
INFO: [ template_filter ] --END-- [ RunTime:0.000658s ]
INFO: Run Behavior\ParseTemplateBehavior [ RunTime:0.051309s ]
INFO: [ view_parse ] --END-- [ RunTime:0.051489s ]
INFO: [ view_filter ] --START--
INFO: Run Behavior\WriteHtmlCacheBehavior [ RunTime:0.003179s ]
INFO: [ view_filter ] --END-- [ RunTime:0.003312s ]
NOTIC: [8] Use of undefined constant info - assumed 'info' D:\phpStudy\WWW\TPdemo\1\Application\Admin\Controller\ExammanageController.class.php 第 192 行.
NOTIC: [2] Invalid argument supplied for foreach() D:\phpStudy\WWW\TPdemo\1\Application\Admin\Controller\ExammanageController.class.php 第 195 行.
NOTIC: [8] Undefined variable: savepath D:\phpStudy\WWW\TPdemo\1\Application\Admin\Controller\ExammanageController.class.php 第 201 行.
NOTIC: [8] Undefined variable: savename D:\phpStudy\WWW\TPdemo\1\Application\Admin\Controller\ExammanageController.class.php 第 201 行.
NOTIC: [8] Undefined variable: exts D:\phpStudy\WWW\TPdemo\1\Application\Admin\Controller\ExammanageController.class.php 第 203 行.
INFO: [ view_parse ] --START--
INFO: [ template_filter ] --START--
INFO: Run Behavior\ContentReplaceBehavior [ RunTime:0.000102s ]
INFO: [ template_filter ] --END-- [ RunTime:-0.062080s ]
INFO: Run Behavior\ParseTemplateBehavior [ RunTime:0.014877s ]
INFO: [ view_parse ] --END-- [ RunTime:-0.043420s ]
INFO: [ view_filter ] --START--
INFO: Run Behavior\WriteHtmlCacheBehavior [ RunTime:0.000019s ]
INFO: [ view_filter ] --END-- [ RunTime:-0.055078s ]
NOTIC: [2] Cannot modify header information - headers already sent by (output started at D:\phpStudy\WWW\TPdemo\1\ThinkPHP\Library\Think\View.class.php:95) D:\phpStudy\WWW\TPdemo\1\ThinkPHP\Library\Think\View.class.php 第 91 行.
NOTIC: [2] Cannot modify header information - headers already sent by (output started at D:\phpStudy\WWW\TPdemo\1\ThinkPHP\Library\Think\View.class.php:95) D:\phpStudy\WWW\TPdemo\1\ThinkPHP\Library\Think\View.class.php 第 92 行.
NOTIC: [2] Cannot modify header information - headers already sent by (output started at D:\phpStudy\WWW\TPdemo\1\ThinkPHP\Library\Think\View.class.php:95) D:\phpStudy\WWW\TPdemo\1\ThinkPHP\Library\Think\View.class.php 第 93 行.

[ 2017-12-28T17:20:28+08:00 ] 127.0.0.1 /TPdemo/1/index.php/Admin/Exammanage/chengji.html
INFO: [ app_init ] --START--
INFO: Run Behavior\BuildLiteBehavior [ RunTime:0.000035s ]
INFO: [ app_init ] --END-- [ RunTime:0.002738s ]
INFO: [ app_begin ] --START--
INFO: Run Behavior\ReadHtmlCacheBehavior [ RunTime:0.001353s ]
INFO: [ app_begin ] --END-- [ RunTime:0.001459s ]
INFO: [ view_parse ] --START--
INFO: [ template_filter ] --START--
INFO: Run Behavior\ContentReplaceBehavior [ RunTime:0.000185s ]
INFO: [ template_filter ] --END-- [ RunTime:0.000271s ]
INFO: Run Behavior\ParseTemplateBehavior [ RunTime:0.017210s ]
INFO: [ view_parse ] --END-- [ RunTime:0.017326s ]
INFO: [ view_filter ] --START--
INFO: Run Behavior\WriteHtmlCacheBehavior [ RunTime:0.002168s ]
INFO: [ view_filter ] --END-- [ RunTime:0.002219s ]
NOTIC: [2] call_user_func() expects parameter 1 to be a valid callback, no array or string given D:\phpStudy\WWW\TPdemo\1\ThinkPHP\Library\Think\Upload.class.php 第 170 行.
NOTIC: [8] Use of undefined constant info - assumed 'info' D:\phpStudy\WWW\TPdemo\1\Application\Admin\Controller\ExammanageController.class.php 第 192 行.
ERR: Could not open ./Uploads/20171228/工作簿1.xlsx for reading! File does not exist.
NOTIC: [2] Cannot modify header information - headers already sent by (output started at D:\phpStudy\WWW\TPdemo\1\ThinkPHP\Library\Think\View.class.php:95) D:\phpStudy\WWW\TPdemo\1\ThinkPHP\Library\Think\Think.class.php 第 229 行.
NOTIC: [2] Cannot modify header information - headers already sent by (output started at D:\phpStudy\WWW\TPdemo\1\ThinkPHP\Library\Think\View.class.php:95) D:\phpStudy\WWW\TPdemo\1\ThinkPHP\Library\Think\Think.class.php 第 230 行.

[ 2017-12-28T22:53:47+08:00 ] 127.0.0.1 /TPdemo/1/index.php/Admin/Load/load.html
INFO: [ app_init ] --START--
INFO: Run Behavior\BuildLiteBehavior [ RunTime:0.000015s ]
INFO: [ app_init ] --END-- [ RunTime:0.001078s ]
INFO: [ app_begin ] --START--
INFO: Run Behavior\ReadHtmlCacheBehavior [ RunTime:0.009686s ]
INFO: [ app_begin ] --END-- [ RunTime:0.009767s ]
INFO: [ view_parse ] --START--
INFO: [ template_filter ] --START--
INFO: Run Behavior\ContentReplaceBehavior [ RunTime:0.000075s ]
INFO: [ template_filter ] --END-- [ RunTime:0.000152s ]
INFO: Run Behavior\ParseTemplateBehavior [ RunTime:0.065190s ]
INFO: [ view_parse ] --END-- [ RunTime:0.065264s ]
INFO: [ view_filter ] --START--
INFO: Run Behavior\WriteHtmlCacheBehavior [ RunTime:0.012984s ]
INFO: [ view_filter ] --END-- [ RunTime:0.013032s ]
INFO: [ app_end ] --START--
INFO: Run Behavior\ShowPageTraceBehavior [ RunTime:0.013413s ]
INFO: [ app_end ] --END-- [ RunTime:0.013464s ]

[ 2017-12-28T22:54:02+08:00 ] 127.0.0.1 /TPdemo/1/index.php/Admin/Load/load.html
INFO: [ app_init ] --START--
INFO: Run Behavior\BuildLiteBehavior [ RunTime:0.000017s ]
INFO: [ app_init ] --END-- [ RunTime:0.000711s ]
INFO: [ app_begin ] --START--
INFO: Run Behavior\ReadHtmlCacheBehavior [ RunTime:0.001598s ]
INFO: [ app_begin ] --END-- [ RunTime:0.001714s ]
SQL: SHOW COLUMNS FROM `admin` [ RunTime:0.1199s ]
SQL: SELECT * FROM `admin` WHERE `username` = 'admin' AND `password` = '7e3c3eff9ce472cb3a6c373773a00cae' LIMIT 1   [ RunTime:0.0043s ]
INFO: [ view_parse ] --START--
INFO: [ template_filter ] --START--
INFO: Run Behavior\ContentReplaceBehavior [ RunTime:0.000063s ]
INFO: [ template_filter ] --END-- [ RunTime:0.000140s ]
INFO: Run Behavior\ParseTemplateBehavior [ RunTime:0.058176s ]
INFO: [ view_parse ] --END-- [ RunTime:0.058271s ]
INFO: [ view_filter ] --START--
INFO: Run Behavior\WriteHtmlCacheBehavior [ RunTime:0.001070s ]
INFO: [ view_filter ] --END-- [ RunTime:0.001118s ]
INFO: [ app_end ] --START--
INFO: Run Behavior\ShowPageTraceBehavior [ RunTime:0.001173s ]
INFO: [ app_end ] --END-- [ RunTime:0.001219s ]

[ 2017-12-28T22:54:04+08:00 ] 127.0.0.1 /TPdemo/1/index.php/Admin/Index/shenhe.html
INFO: [ app_init ] --START--
INFO: Run Behavior\BuildLiteBehavior [ RunTime:0.000017s ]
INFO: [ app_init ] --END-- [ RunTime:0.000952s ]
INFO: [ app_begin ] --START--
INFO: Run Behavior\ReadHtmlCacheBehavior [ RunTime:0.002113s ]
INFO: [ app_begin ] --END-- [ RunTime:0.002199s ]
SQL: SHOW COLUMNS FROM `user` [ RunTime:0.1162s ]
SQL: SELECT * FROM `user` WHERE `date` LIKE '%%' AND `real_account` LIKE '%%'  [ RunTime:0.0622s ]
NOTIC: [8] Undefined index: pass D:\phpStudy\WWW\TPdemo\1\Application\Admin\Controller\IndexController.class.php 第 74 行.
INFO: [ view_parse ] --START--
INFO: [ template_filter ] --START--
INFO: Run Behavior\ContentReplaceBehavior [ RunTime:0.000155s ]
INFO: [ template_filter ] --END-- [ RunTime:0.000213s ]
NOTIC: [2] Illegal string offset 'account' D:\phpStudy\WWW\TPdemo\1\Runtime\Cache\Admin\e17b5730c9867d0dd9d3bf627a20efb7.php 第 561 行.
NOTIC: [2] Illegal string offset 'real_account' D:\phpStudy\WWW\TPdemo\1\Runtime\Cache\Admin\e17b5730c9867d0dd9d3bf627a20efb7.php 第 562 行.
NOTIC: [2] Illegal string offset 'account' D:\phpStudy\WWW\TPdemo\1\Runtime\Cache\Admin\e17b5730c9867d0dd9d3bf627a20efb7.php 第 565 行.
NOTIC: [2] Illegal string offset 'pass' D:\phpStudy\WWW\TPdemo\1\Runtime\Cache\Admin\e17b5730c9867d0dd9d3bf627a20efb7.php 第 569 行.
NOTIC: [2] Illegal string offset 'pass' D:\phpStudy\WWW\TPdemo\1\Runtime\Cache\Admin\e17b5730c9867d0dd9d3bf627a20efb7.php 第 569 行.
NOTIC: [2] Illegal string offset 'reason' D:\phpStudy\WWW\TPdemo\1\Runtime\Cache\Admin\e17b5730c9867d0dd9d3bf627a20efb7.php 第 570 行.
NOTIC: [2] Illegal string offset 'account' D:\phpStudy\WWW\TPdemo\1\Runtime\Cache\Admin\e17b5730c9867d0dd9d3bf627a20efb7.php 第 572 行.
INFO: Run Behavior\ParseTemplateBehavior [ RunTime:0.184122s ]
INFO: [ view_parse ] --END-- [ RunTime:0.184178s ]
INFO: [ view_filter ] --START--
INFO: Run Behavior\WriteHtmlCacheBehavior [ RunTime:0.001065s ]
INFO: [ view_filter ] --END-- [ RunTime:0.001111s ]
INFO: [ app_end ] --START--
INFO: Run Behavior\ShowPageTraceBehavior [ RunTime:0.001679s ]
INFO: [ app_end ] --END-- [ RunTime:0.001754s ]

[ 2017-12-28T22:54:30+08:00 ] 127.0.0.1 /TPdemo/1/index.php/Admin/Index/checkuser.html
INFO: [ app_init ] --START--
INFO: Run Behavior\BuildLiteBehavior [ RunTime:0.000022s ]
INFO: [ app_init ] --END-- [ RunTime:0.001339s ]
INFO: [ app_begin ] --START--
INFO: Run Behavior\ReadHtmlCacheBehavior [ RunTime:0.001901s ]
INFO: [ app_begin ] --END-- [ RunTime:0.002005s ]
SQL: SHOW COLUMNS FROM `user` [ RunTime:0.0920s ]
SQL: SELECT MAX(id) AS tp_max FROM `user` WHERE `account` = 'wzh1122' LIMIT 1   [ RunTime:0.0039s ]
SQL: SELECT * FROM `user` WHERE `id` = 747  [ RunTime:0.0237s ]
INFO: [ view_parse ] --START--
INFO: [ template_filter ] --START--
INFO: Run Behavior\ContentReplaceBehavior [ RunTime:0.000244s ]
INFO: [ template_filter ] --END-- [ RunTime:0.000388s ]
INFO: Run Behavior\ParseTemplateBehavior [ RunTime:0.056676s ]
INFO: [ view_parse ] --END-- [ RunTime:0.056811s ]
INFO: [ view_filter ] --START--
INFO: Run Behavior\WriteHtmlCacheBehavior [ RunTime:0.003724s ]
INFO: [ view_filter ] --END-- [ RunTime:0.003883s ]
INFO: [ app_end ] --START--
INFO: Run Behavior\ShowPageTraceBehavior [ RunTime:0.006209s ]
INFO: [ app_end ] --END-- [ RunTime:0.006511s ]

[ 2017-12-28T22:54:51+08:00 ] 127.0.0.1 /TPdemo/1/index.php/Admin/Index/tijiao.html
INFO: [ app_init ] --START--
INFO: Run Behavior\BuildLiteBehavior [ RunTime:0.000013s ]
INFO: [ app_init ] --END-- [ RunTime:0.000754s ]
INFO: [ app_begin ] --START--
INFO: Run Behavior\ReadHtmlCacheBehavior [ RunTime:0.001008s ]
INFO: [ app_begin ] --END-- [ RunTime:0.001064s ]
SQL: SHOW COLUMNS FROM `user` [ RunTime:0.0120s ]
SQL: SELECT MAX(id) AS tp_max FROM `user` WHERE `account` = 'wzh1122' LIMIT 1   [ RunTime:0.0027s ]
SQL: UPDATE `user` SET `pass`='1' WHERE `id` = 747 AND `account` = 'wzh1122' [ RunTime:0.0007s ]
INFO: [ view_parse ] --START--
INFO: [ template_filter ] --START--
INFO: Run Behavior\ContentReplaceBehavior [ RunTime:0.000059s ]
INFO: [ template_filter ] --END-- [ RunTime:0.000129s ]
INFO: Run Behavior\ParseTemplateBehavior [ RunTime:0.010770s ]
INFO: [ view_parse ] --END-- [ RunTime:0.010832s ]
INFO: [ view_filter ] --START--
INFO: Run Behavior\WriteHtmlCacheBehavior [ RunTime:0.000676s ]
INFO: [ view_filter ] --END-- [ RunTime:0.000714s ]
INFO: [ app_end ] --START--
INFO: Run Behavior\ShowPageTraceBehavior [ RunTime:0.000991s ]
INFO: [ app_end ] --END-- [ RunTime:0.001030s ]

[ 2017-12-28T22:54:53+08:00 ] 127.0.0.1 /TPdemo/1/index.php/Admin/Index/shenhe.html
INFO: [ app_init ] --START--
INFO: Run Behavior\BuildLiteBehavior [ RunTime:0.000014s ]
INFO: [ app_init ] --END-- [ RunTime:0.000751s ]
INFO: [ app_begin ] --START--
INFO: Run Behavior\ReadHtmlCacheBehavior [ RunTime:0.000802s ]
INFO: [ app_begin ] --END-- [ RunTime:0.000855s ]
SQL: SHOW COLUMNS FROM `user` [ RunTime:0.0589s ]
SQL: SELECT * FROM `user` WHERE `date` LIKE '%%' AND `real_account` LIKE '%%'  [ RunTime:0.0119s ]
NOTIC: [8] Undefined index: pass D:\phpStudy\WWW\TPdemo\1\Application\Admin\Controller\IndexController.class.php 第 74 行.
INFO: [ view_parse ] --START--
INFO: [ template_filter ] --START--
INFO: Run Behavior\ContentReplaceBehavior [ RunTime:0.000124s ]
INFO: [ template_filter ] --END-- [ RunTime:0.000195s ]
NOTIC: [2] Illegal string offset 'account' D:\phpStudy\WWW\TPdemo\1\Runtime\Cache\Admin\e17b5730c9867d0dd9d3bf627a20efb7.php 第 561 行.
NOTIC: [2] Illegal string offset 'real_account' D:\phpStudy\WWW\TPdemo\1\Runtime\Cache\Admin\e17b5730c9867d0dd9d3bf627a20efb7.php 第 562 行.
NOTIC: [2] Illegal string offset 'account' D:\phpStudy\WWW\TPdemo\1\Runtime\Cache\Admin\e17b5730c9867d0dd9d3bf627a20efb7.php 第 565 行.
NOTIC: [2] Illegal string offset 'pass' D:\phpStudy\WWW\TPdemo\1\Runtime\Cache\Admin\e17b5730c9867d0dd9d3bf627a20efb7.php 第 569 行.
NOTIC: [2] Illegal string offset 'pass' D:\phpStudy\WWW\TPdemo\1\Runtime\Cache\Admin\e17b5730c9867d0dd9d3bf627a20efb7.php 第 569 行.
NOTIC: [2] Illegal string offset 'reason' D:\phpStudy\WWW\TPdemo\1\Runtime\Cache\Admin\e17b5730c9867d0dd9d3bf627a20efb7.php 第 570 行.
NOTIC: [2] Illegal string offset 'account' D:\phpStudy\WWW\TPdemo\1\Runtime\Cache\Admin\e17b5730c9867d0dd9d3bf627a20efb7.php 第 572 行.
INFO: Run Behavior\ParseTemplateBehavior [ RunTime:0.061708s ]
INFO: [ view_parse ] --END-- [ RunTime:0.061803s ]
INFO: [ view_filter ] --START--
INFO: Run Behavior\WriteHtmlCacheBehavior [ RunTime:0.000767s ]
INFO: [ view_filter ] --END-- [ RunTime:0.000821s ]
INFO: [ app_end ] --START--
INFO: Run Behavior\ShowPageTraceBehavior [ RunTime:0.001318s ]
INFO: [ app_end ] --END-- [ RunTime:0.001402s ]

[ 2017-12-28T22:55:09+08:00 ] 127.0.0.1 /TPdemo/1/index.php/Admin/Index/checkuser.html
INFO: [ app_init ] --START--
INFO: Run Behavior\BuildLiteBehavior [ RunTime:0.000020s ]
INFO: [ app_init ] --END-- [ RunTime:0.001159s ]
INFO: [ app_begin ] --START--
INFO: Run Behavior\ReadHtmlCacheBehavior [ RunTime:0.001423s ]
INFO: [ app_begin ] --END-- [ RunTime:0.001496s ]
SQL: SHOW COLUMNS FROM `user` [ RunTime:0.0835s ]
SQL: SELECT MAX(id) AS tp_max FROM `user` WHERE `account` = '渭川田家' LIMIT 1   [ RunTime:0.0049s ]
SQL: SELECT * FROM `user` WHERE `id` = 528  [ RunTime:0.0009s ]
INFO: [ view_parse ] --START--
INFO: [ template_filter ] --START--
INFO: Run Behavior\ContentReplaceBehavior [ RunTime:0.000140s ]
INFO: [ template_filter ] --END-- [ RunTime:0.000221s ]
INFO: Run Behavior\ParseTemplateBehavior [ RunTime:0.020943s ]
INFO: [ view_parse ] --END-- [ RunTime:0.021062s ]
INFO: [ view_filter ] --START--
INFO: Run Behavior\WriteHtmlCacheBehavior [ RunTime:0.001581s ]
INFO: [ view_filter ] --END-- [ RunTime:0.001661s ]
INFO: [ app_end ] --START--
INFO: Run Behavior\ShowPageTraceBehavior [ RunTime:0.002659s ]
INFO: [ app_end ] --END-- [ RunTime:0.002796s ]

